2025-03-02 13:28:31.309 [main] INFO  o.s.c.b.c.PropertySourceBootstrapConfiguration - [initialize,109] - Located property source: [BootstrapPropertySource {name='bootstrapProperties-pcmis-visual.yml,pcmis'}, BootstrapPropertySource {name='bootstrapProperties-pcmis-visual,pcmis'}, BootstrapPropertySource {name='bootstrapProperties-pcmis-visual.yaml,pcmis'}]
2025-03-02 13:28:31.315 [main] INFO  c.l.v.VisualApplication - [logStartupProfileInfo,640] - No active profile set, falling back to 1 default profile: "default"
2025-03-02 13:28:32.166 [main] INFO  o.s.c.c.s.GenericScope - [setSerializationId,283] - BeanFactory id=a015503d-d718-30b3-a6d0-1a15f32f084b
2025-03-02 13:28:32.527 [main] INFO  o.s.c.s.PostProcessorRegistrationDelegate$BeanPostProcessorChecker - [postProcessAfterInitialization,376] - Bean 'org.springframework.cloud.commons.config.CommonsConfigAutoConfiguration' of type [org.springframework.cloud.commons.config.CommonsConfigAutoConfiguration] is not eligible for getting processed by all BeanPostProcessors (for example: not eligible for auto-proxying)
2025-03-02 13:28:32.532 [main] INFO  o.s.c.s.PostProcessorRegistrationDelegate$BeanPostProcessorChecker - [postProcessAfterInitialization,376] - Bean 'org.springframework.cloud.client.loadbalancer.LoadBalancerDefaultMappingsProviderAutoConfiguration' of type [org.springframework.cloud.client.loadbalancer.LoadBalancerDefaultMappingsProviderAutoConfiguration] is not eligible for getting processed by all BeanPostProcessors (for example: not eligible for auto-proxying)
2025-03-02 13:28:32.532 [main] INFO  o.s.c.s.PostProcessorRegistrationDelegate$BeanPostProcessorChecker - [postProcessAfterInitialization,376] - Bean 'loadBalancerClientsDefaultsMappingsProvider' of type [org.springframework.cloud.client.loadbalancer.LoadBalancerDefaultMappingsProviderAutoConfiguration$$Lambda$552/0x0000000801035668] is not eligible for getting processed by all BeanPostProcessors (for example: not eligible for auto-proxying)
2025-03-02 13:28:32.536 [main] INFO  o.s.c.s.PostProcessorRegistrationDelegate$BeanPostProcessorChecker - [postProcessAfterInitialization,376] - Bean 'defaultsBindHandlerAdvisor' of type [org.springframework.cloud.commons.config.DefaultsBindHandlerAdvisor] is not eligible for getting processed by all BeanPostProcessors (for example: not eligible for auto-proxying)
2025-03-02 13:28:32.540 [main] INFO  o.s.c.s.PostProcessorRegistrationDelegate$BeanPostProcessorChecker - [postProcessAfterInitialization,376] - Bean 'spring.cloud.sentinel-com.alibaba.cloud.sentinel.SentinelProperties' of type [com.alibaba.cloud.sentinel.SentinelProperties] is not eligible for getting processed by all BeanPostProcessors (for example: not eligible for auto-proxying)
2025-03-02 13:28:32.543 [main] INFO  o.s.c.s.PostProcessorRegistrationDelegate$BeanPostProcessorChecker - [postProcessAfterInitialization,376] - Bean 'com.alibaba.cloud.sentinel.custom.SentinelAutoConfiguration' of type [com.alibaba.cloud.sentinel.custom.SentinelAutoConfiguration] is not eligible for getting processed by all BeanPostProcessors (for example: not eligible for auto-proxying)
2025-03-02 13:28:32.806 [main] INFO  o.s.b.w.e.t.TomcatWebServer - [initialize,108] - Tomcat initialized with port(s): 9030 (http)
2025-03-02 13:28:32.817 [main] INFO  o.a.c.h.Http11NioProtocol - [log,173] - Initializing ProtocolHandler ["http-nio-9030"]
2025-03-02 13:28:32.818 [main] INFO  o.a.c.c.StandardService - [log,173] - Starting service [Tomcat]
2025-03-02 13:28:32.818 [main] INFO  o.a.c.c.StandardEngine - [log,173] - Starting Servlet engine: [Apache Tomcat/9.0.58]
2025-03-02 13:28:33.025 [main] INFO  o.a.c.c.C.[.[.[/] - [log,173] - Initializing Spring embedded WebApplicationContext
2025-03-02 13:28:33.026 [main] INFO  o.s.b.w.s.c.ServletWebServerApplicationContext - [prepareWebApplicationContext,290] - Root WebApplicationContext: initialization completed in 1687 ms
2025-03-02 13:28:33.704 [main] INFO  c.a.c.s.SentinelWebMvcConfigurer - [addInterceptors,52] - [Sentinel Starter] register SentinelWebInterceptor with urlPatterns: [/**].
2025-03-02 13:28:35.125 [main] INFO  o.a.c.h.Http11NioProtocol - [log,173] - Starting ProtocolHandler ["http-nio-9030"]
2025-03-02 13:28:35.154 [main] INFO  o.s.b.w.e.t.TomcatWebServer - [start,220] - Tomcat started on port(s): 9030 (http) with context path ''
2025-03-02 13:28:35.163 [main] INFO  c.a.c.n.r.NacosServiceRegistry - [register,75] - nacos registry, pcmis pcmis-visual 172.22.71.182:9030 register finished
2025-03-02 13:28:35.611 [main] INFO  c.l.v.VisualApplication - [logStarted,61] - Started VisualApplication in 6.659 seconds (JVM running for 7.689)
2025-03-02 13:28:35.616 [main] INFO  c.a.c.n.r.NacosContextRefresher - [registerNacosListenersForApplications,105] - listening config: dataId=pcmis-visual.yml, group=pcmis
2025-03-02 13:28:35.616 [main] INFO  c.a.c.n.r.NacosContextRefresher - [registerNacosListenersForApplications,105] - listening config: dataId=pcmis-visual, group=pcmis
2025-03-02 13:28:35.618 [main] INFO  c.a.c.n.r.NacosContextRefresher - [registerNacosListenersForApplications,105] - listening config: dataId=pcmis-visual.yaml, group=pcmis
2025-03-02 14:13:14.129 [SpringApplicationShutdownHook] INFO  c.a.c.n.r.NacosServiceRegistry - [deregister,94] - De-registering from Nacos Server now...
2025-03-02 14:13:14.140 [SpringApplicationShutdownHook] INFO  c.a.c.n.r.NacosServiceRegistry - [deregister,114] - De-registration finished.
