2025-03-02 13:28:31.291 [main] DEBUG c.a.c.n.c.NacosPropertySourceBuilder - [loadNacosData,93] - Loading nacos data, dataId: 'pcmis-visual.yaml', group: 'pcmis', data: pcmis-visual:
  test:
    admin: jdsbbmq-new-visual
spring:
  cloud:
    sentinel:
      log:
        dir: ./logs/pcmis-visual-logs
        file: sentinel.log
        max-size: 10MB
        retention-days: 30
  datasource:
    driver-class-name: com.mysql.cj.jdbc.Driver
    url: jdbc:mysql://localhost:3306/pcmis?characterEncoding=utf8&serverTimezone=UTC
    username: root
    password: 2003
    type: com.alibaba.druid.pool.DruidDataSource

mybatis:
  config-location: classpath:mybatis.cfg.xml
  type-aliases-package: com.lzy.common.entity
  mapper-locations:
    - classpath:mapper/*.xml

mybatis-plus:
  mapper-locations: classpath:mapper/*.xml
  global-config:
    db-config:
      id-type: auto
      field-strategy: NOT_EMPTY
      db-type: MYSQL
  configuration:
    map-underscore-to-camel-case: true
    call-setters-on-nulls: true
    log-impl: org.apache.ibatis.logging.stdout.StdOutImpl
2025-03-02 13:28:31.775 [main] DEBUG o.a.i.l.LogFactory - [setImplementation,105] - Logging initialized using 'class org.apache.ibatis.logging.slf4j.Slf4jImpl' adapter.
2025-03-02 13:28:33.230 [main] DEBUG c.b.m.c.t.GlobalConfigUtils - [getGlobalConfig,106] - DeBug: MyBatis Plus Global configuration Initializing !
2025-03-02 13:28:33.239 [main] DEBUG c.b.m.c.MybatisConfiguration - [addMappedStatement,85] - addMappedStatement: com.baomidou.mybatisplus.core.mapper.SqlRunner.SelectList
2025-03-02 13:28:33.239 [main] DEBUG c.b.m.c.MybatisConfiguration - [addMappedStatement,85] - addMappedStatement: com.baomidou.mybatisplus.core.mapper.SqlRunner.SelectObjs
2025-03-02 13:28:33.240 [main] DEBUG c.b.m.c.MybatisConfiguration - [addMappedStatement,85] - addMappedStatement: com.baomidou.mybatisplus.core.mapper.SqlRunner.Insert
2025-03-02 13:28:33.240 [main] DEBUG c.b.m.c.MybatisConfiguration - [addMappedStatement,85] - addMappedStatement: com.baomidou.mybatisplus.core.mapper.SqlRunner.Update
2025-03-02 13:28:33.240 [main] DEBUG c.b.m.c.MybatisConfiguration - [addMappedStatement,85] - addMappedStatement: com.baomidou.mybatisplus.core.mapper.SqlRunner.Delete
2025-03-02 13:28:33.240 [main] DEBUG c.b.m.c.MybatisConfiguration - [addMappedStatement,85] - addMappedStatement: com.baomidou.mybatisplus.core.mapper.SqlRunner.Count
2025-03-02 13:28:33.418 [main] DEBUG c.b.m.c.MybatisConfiguration - [addMappedStatement,85] - addMappedStatement: com.lzy.visual.dao.CaseProcessMapper.insert
2025-03-02 13:28:33.422 [main] DEBUG c.b.m.c.MybatisConfiguration - [addMappedStatement,85] - addMappedStatement: com.lzy.visual.dao.CaseProcessMapper.delete
2025-03-02 13:28:33.425 [main] DEBUG c.b.m.c.MybatisConfiguration - [addMappedStatement,85] - addMappedStatement: com.lzy.visual.dao.CaseProcessMapper.deleteByMap
2025-03-02 13:28:33.454 [main] DEBUG c.b.m.c.MybatisConfiguration - [addMappedStatement,85] - addMappedStatement: com.lzy.visual.dao.CaseProcessMapper.deleteById
2025-03-02 13:28:33.456 [main] DEBUG c.b.m.c.MybatisConfiguration - [addMappedStatement,85] - addMappedStatement: com.lzy.visual.dao.CaseProcessMapper.deleteBatchIds
2025-03-02 13:28:33.459 [main] DEBUG c.b.m.c.MybatisConfiguration - [addMappedStatement,85] - addMappedStatement: com.lzy.visual.dao.CaseProcessMapper.update
2025-03-02 13:28:33.462 [main] DEBUG c.b.m.c.MybatisConfiguration - [addMappedStatement,85] - addMappedStatement: com.lzy.visual.dao.CaseProcessMapper.updateById
2025-03-02 13:28:33.463 [main] DEBUG c.b.m.c.MybatisConfiguration - [addMappedStatement,85] - addMappedStatement: com.lzy.visual.dao.CaseProcessMapper.selectById
2025-03-02 13:28:33.465 [main] DEBUG c.b.m.c.MybatisConfiguration - [addMappedStatement,85] - addMappedStatement: com.lzy.visual.dao.CaseProcessMapper.selectBatchIds
2025-03-02 13:28:33.469 [main] DEBUG c.b.m.c.MybatisConfiguration - [addMappedStatement,85] - addMappedStatement: com.lzy.visual.dao.CaseProcessMapper.selectByMap
2025-03-02 13:28:33.472 [main] DEBUG c.b.m.c.MybatisConfiguration - [addMappedStatement,85] - addMappedStatement: com.lzy.visual.dao.CaseProcessMapper.selectOne
2025-03-02 13:28:33.475 [main] DEBUG c.b.m.c.MybatisConfiguration - [addMappedStatement,85] - addMappedStatement: com.lzy.visual.dao.CaseProcessMapper.selectCount
2025-03-02 13:28:33.478 [main] DEBUG c.b.m.c.MybatisConfiguration - [addMappedStatement,85] - addMappedStatement: com.lzy.visual.dao.CaseProcessMapper.selectMaps
2025-03-02 13:28:33.481 [main] DEBUG c.b.m.c.MybatisConfiguration - [addMappedStatement,85] - addMappedStatement: com.lzy.visual.dao.CaseProcessMapper.selectMapsPage
2025-03-02 13:28:33.483 [main] DEBUG c.b.m.c.MybatisConfiguration - [addMappedStatement,85] - addMappedStatement: com.lzy.visual.dao.CaseProcessMapper.selectObjs
2025-03-02 13:28:33.486 [main] DEBUG c.b.m.c.MybatisConfiguration - [addMappedStatement,85] - addMappedStatement: com.lzy.visual.dao.CaseProcessMapper.selectList
2025-03-02 13:28:33.488 [main] DEBUG c.b.m.c.MybatisConfiguration - [addMappedStatement,85] - addMappedStatement: com.lzy.visual.dao.CaseProcessMapper.selectPage
2025-03-02 13:28:33.730 [main] DEBUG _.s.w.s.H.Mappings - [detectHandlerMethods,295] - 
	c.l.v.c.HelloWorldController:
	{GET [/visual1/getUserConfigTest]}: getUserConfigTest()
2025-03-02 13:28:33.732 [main] DEBUG _.s.w.s.H.Mappings - [detectHandlerMethods,295] - 
	o.s.b.a.w.s.e.BasicErrorController:
	{ [/error]}: error(HttpServletRequest)
	{ [/error], produces [text/html]}: errorHtml(HttpServletRequest,HttpServletResponse)
2025-03-02 13:28:33.758 [main] DEBUG _.s.w.s.H.Mappings - [detectHandlers,86] - 'beanNameHandlerMapping' {}
2025-03-02 13:28:33.772 [main] DEBUG _.s.w.s.H.Mappings - [logMappings,177] - 'resourceHandlerMapping' {/webjars/**=ResourceHttpRequestHandler [classpath [META-INF/resources/webjars/]], /**=ResourceHttpRequestHandler [classpath [META-INF/resources/], classpath [resources/], classpath [static/], classpath [public/], ServletContext [/]]}
2025-03-02 13:28:34.380 [main] DEBUG i.n.u.i.l.InternalLoggerFactory - [useSlf4JLoggerFactory,63] - Using SLF4J as the default logging framework
2025-03-02 13:28:34.381 [main] DEBUG i.n.u.ResourceLeakDetector - [<clinit>,129] - -Dio.netty.leakDetection.level: simple
2025-03-02 13:28:34.381 [main] DEBUG i.n.u.ResourceLeakDetector - [<clinit>,130] - -Dio.netty.leakDetection.targetRecords: 4
2025-03-02 13:28:36.147 [nacos.publisher-com.alibaba.nacos.client.naming.event.InstancesChangeEvent] DEBUG c.a.n.c.n.NotifyCenter - [notifySubscriber,193] - [NotifyCenter] the com.alibaba.nacos.client.naming.event.InstancesChangeEvent@7c893ea5 will received by com.alibaba.nacos.client.naming.event.InstancesChangeNotifier@2c0fefac
