2025-03-03 09:09:30.892 [main] INFO  o.s.c.b.c.PropertySourceBootstrapConfiguration - [initialize,109] - Located property source: [BootstrapPropertySource {name='bootstrapProperties-pcmis-visual.yml,pcmis'}, BootstrapPropertySource {name='bootstrapProperties-pcmis-visual,pcmis'}, BootstrapPropertySource {name='bootstrapProperties-pcmis-visual.yaml,pcmis'}]
2025-03-03 09:09:30.902 [main] INFO  c.l.v.VisualApplication - [logStartupProfileInfo,640] - No active profile set, falling back to 1 default profile: "default"
2025-03-03 09:09:31.771 [main] INFO  o.s.c.c.s.GenericScope - [setSerializationId,283] - BeanFactory id=a015503d-d718-30b3-a6d0-1a15f32f084b
2025-03-03 09:09:32.156 [main] INFO  o.s.c.s.PostProcessorRegistrationDelegate$BeanPostProcessorChecker - [postProcessAfterInitialization,376] - Bean 'org.springframework.cloud.commons.config.CommonsConfigAutoConfiguration' of type [org.springframework.cloud.commons.config.CommonsConfigAutoConfiguration] is not eligible for getting processed by all BeanPostProcessors (for example: not eligible for auto-proxying)
2025-03-03 09:09:32.159 [main] INFO  o.s.c.s.PostProcessorRegistrationDelegate$BeanPostProcessorChecker - [postProcessAfterInitialization,376] - Bean 'org.springframework.cloud.client.loadbalancer.LoadBalancerDefaultMappingsProviderAutoConfiguration' of type [org.springframework.cloud.client.loadbalancer.LoadBalancerDefaultMappingsProviderAutoConfiguration] is not eligible for getting processed by all BeanPostProcessors (for example: not eligible for auto-proxying)
2025-03-03 09:09:32.160 [main] INFO  o.s.c.s.PostProcessorRegistrationDelegate$BeanPostProcessorChecker - [postProcessAfterInitialization,376] - Bean 'loadBalancerClientsDefaultsMappingsProvider' of type [org.springframework.cloud.client.loadbalancer.LoadBalancerDefaultMappingsProviderAutoConfiguration$$Lambda$552/0x000000080103ca78] is not eligible for getting processed by all BeanPostProcessors (for example: not eligible for auto-proxying)
2025-03-03 09:09:32.162 [main] INFO  o.s.c.s.PostProcessorRegistrationDelegate$BeanPostProcessorChecker - [postProcessAfterInitialization,376] - Bean 'defaultsBindHandlerAdvisor' of type [org.springframework.cloud.commons.config.DefaultsBindHandlerAdvisor] is not eligible for getting processed by all BeanPostProcessors (for example: not eligible for auto-proxying)
2025-03-03 09:09:32.171 [main] INFO  o.s.c.s.PostProcessorRegistrationDelegate$BeanPostProcessorChecker - [postProcessAfterInitialization,376] - Bean 'spring.cloud.sentinel-com.alibaba.cloud.sentinel.SentinelProperties' of type [com.alibaba.cloud.sentinel.SentinelProperties] is not eligible for getting processed by all BeanPostProcessors (for example: not eligible for auto-proxying)
2025-03-03 09:09:32.173 [main] INFO  o.s.c.s.PostProcessorRegistrationDelegate$BeanPostProcessorChecker - [postProcessAfterInitialization,376] - Bean 'com.alibaba.cloud.sentinel.custom.SentinelAutoConfiguration' of type [com.alibaba.cloud.sentinel.custom.SentinelAutoConfiguration] is not eligible for getting processed by all BeanPostProcessors (for example: not eligible for auto-proxying)
2025-03-03 09:09:32.444 [main] INFO  o.s.b.w.e.t.TomcatWebServer - [initialize,108] - Tomcat initialized with port(s): 9030 (http)
2025-03-03 09:09:32.456 [main] INFO  o.a.c.h.Http11NioProtocol - [log,173] - Initializing ProtocolHandler ["http-nio-9030"]
2025-03-03 09:09:32.457 [main] INFO  o.a.c.c.StandardService - [log,173] - Starting service [Tomcat]
2025-03-03 09:09:32.457 [main] INFO  o.a.c.c.StandardEngine - [log,173] - Starting Servlet engine: [Apache Tomcat/9.0.58]
2025-03-03 09:09:32.662 [main] INFO  o.a.c.c.C.[.[.[/] - [log,173] - Initializing Spring embedded WebApplicationContext
2025-03-03 09:09:32.663 [main] INFO  o.s.b.w.s.c.ServletWebServerApplicationContext - [prepareWebApplicationContext,290] - Root WebApplicationContext: initialization completed in 1735 ms
2025-03-03 09:09:33.351 [main] INFO  c.a.c.s.SentinelWebMvcConfigurer - [addInterceptors,52] - [Sentinel Starter] register SentinelWebInterceptor with urlPatterns: [/**].
2025-03-03 09:09:34.861 [main] INFO  o.a.c.h.Http11NioProtocol - [log,173] - Starting ProtocolHandler ["http-nio-9030"]
2025-03-03 09:09:34.890 [main] INFO  o.s.b.w.e.t.TomcatWebServer - [start,220] - Tomcat started on port(s): 9030 (http) with context path ''
2025-03-03 09:09:34.902 [main] INFO  c.a.c.n.r.NacosServiceRegistry - [register,75] - nacos registry, pcmis pcmis-visual 172.22.71.182:9030 register finished
2025-03-03 09:09:35.421 [main] INFO  c.l.v.VisualApplication - [logStarted,61] - Started VisualApplication in 6.978 seconds (JVM running for 8.211)
2025-03-03 09:09:35.425 [main] INFO  c.a.c.n.r.NacosContextRefresher - [registerNacosListenersForApplications,105] - listening config: dataId=pcmis-visual.yml, group=pcmis
2025-03-03 09:09:35.426 [main] INFO  c.a.c.n.r.NacosContextRefresher - [registerNacosListenersForApplications,105] - listening config: dataId=pcmis-visual, group=pcmis
2025-03-03 09:09:35.428 [main] INFO  c.a.c.n.r.NacosContextRefresher - [registerNacosListenersForApplications,105] - listening config: dataId=pcmis-visual.yaml, group=pcmis
2025-03-03 10:06:32.152 [com.alibaba.nacos.client.Worker.longPolling.fixed-localhost_8848-pcmis] INFO  o.s.c.b.c.PropertySourceBootstrapConfiguration - [initialize,109] - Located property source: [BootstrapPropertySource {name='bootstrapProperties-pcmis-visual.yml,pcmis'}, BootstrapPropertySource {name='bootstrapProperties-pcmis-visual,pcmis'}, BootstrapPropertySource {name='bootstrapProperties-pcmis-visual.yaml,pcmis'}]
2025-03-03 10:06:32.155 [com.alibaba.nacos.client.Worker.longPolling.fixed-localhost_8848-pcmis] INFO  o.s.b.SpringApplication - [logStartupProfileInfo,640] - No active profile set, falling back to 1 default profile: "default"
2025-03-03 10:06:32.168 [com.alibaba.nacos.client.Worker.longPolling.fixed-localhost_8848-pcmis] INFO  o.s.b.SpringApplication - [logStarted,61] - Started application in 0.617 seconds (JVM running for 3424.958)
2025-03-03 10:06:32.247 [com.alibaba.nacos.client.Worker.longPolling.fixed-localhost_8848-pcmis] INFO  o.s.c.e.e.RefreshEventListener - [handle,73] - Refresh keys changed: [spring.redis.cache.type, spring.redis.cache.redis.time-to-live, spring.redis.database, spring.redis.password, spring.redis.jedis.pool.max-wait, spring.redis.host, spring.redis.port, spring.redis.cache.cache-names, spring.redis.jedis.pool.min-idle, spring.redis.jedis.pool.max-idle, spring.redis.timeout, spring.redis.jedis.pool.max-active]
2025-03-03 10:11:52.457 [SpringApplicationShutdownHook] INFO  c.a.c.n.r.NacosServiceRegistry - [deregister,94] - De-registering from Nacos Server now...
2025-03-03 10:11:52.459 [SpringApplicationShutdownHook] INFO  c.a.c.n.r.NacosServiceRegistry - [deregister,114] - De-registration finished.
2025-03-03 10:12:44.525 [main] INFO  o.s.c.b.c.PropertySourceBootstrapConfiguration - [initialize,109] - Located property source: [BootstrapPropertySource {name='bootstrapProperties-pcmis-visual.yml,pcmis'}, BootstrapPropertySource {name='bootstrapProperties-pcmis-visual,pcmis'}, BootstrapPropertySource {name='bootstrapProperties-pcmis-visual.yaml,pcmis'}]
2025-03-03 10:12:44.531 [main] INFO  c.l.v.VisualApplication - [logStartupProfileInfo,640] - No active profile set, falling back to 1 default profile: "default"
2025-03-03 10:12:45.213 [main] INFO  o.s.d.r.c.RepositoryConfigurationDelegate - [multipleStoresDetected,262] - Multiple Spring Data modules found, entering strict repository configuration mode!
2025-03-03 10:12:45.217 [main] INFO  o.s.d.r.c.RepositoryConfigurationDelegate - [registerRepositoriesIn,132] - Bootstrapping Spring Data Redis repositories in DEFAULT mode.
2025-03-03 10:12:45.248 [main] INFO  o.s.d.r.c.RepositoryConfigurationDelegate - [registerRepositoriesIn,201] - Finished Spring Data repository scanning in 10 ms. Found 0 Redis repository interfaces.
2025-03-03 10:12:45.468 [main] INFO  o.s.c.c.s.GenericScope - [setSerializationId,283] - BeanFactory id=eb357ddf-0b19-32e4-9d58-cec1c9815559
2025-03-03 10:12:45.861 [main] INFO  o.s.c.s.PostProcessorRegistrationDelegate$BeanPostProcessorChecker - [postProcessAfterInitialization,376] - Bean 'org.springframework.cloud.commons.config.CommonsConfigAutoConfiguration' of type [org.springframework.cloud.commons.config.CommonsConfigAutoConfiguration] is not eligible for getting processed by all BeanPostProcessors (for example: not eligible for auto-proxying)
2025-03-03 10:12:45.865 [main] INFO  o.s.c.s.PostProcessorRegistrationDelegate$BeanPostProcessorChecker - [postProcessAfterInitialization,376] - Bean 'org.springframework.cloud.client.loadbalancer.LoadBalancerDefaultMappingsProviderAutoConfiguration' of type [org.springframework.cloud.client.loadbalancer.LoadBalancerDefaultMappingsProviderAutoConfiguration] is not eligible for getting processed by all BeanPostProcessors (for example: not eligible for auto-proxying)
2025-03-03 10:12:45.866 [main] INFO  o.s.c.s.PostProcessorRegistrationDelegate$BeanPostProcessorChecker - [postProcessAfterInitialization,376] - Bean 'loadBalancerClientsDefaultsMappingsProvider' of type [org.springframework.cloud.client.loadbalancer.LoadBalancerDefaultMappingsProviderAutoConfiguration$$Lambda$599/0x00000008010734b8] is not eligible for getting processed by all BeanPostProcessors (for example: not eligible for auto-proxying)
2025-03-03 10:12:45.869 [main] INFO  o.s.c.s.PostProcessorRegistrationDelegate$BeanPostProcessorChecker - [postProcessAfterInitialization,376] - Bean 'defaultsBindHandlerAdvisor' of type [org.springframework.cloud.commons.config.DefaultsBindHandlerAdvisor] is not eligible for getting processed by all BeanPostProcessors (for example: not eligible for auto-proxying)
2025-03-03 10:12:45.874 [main] INFO  o.s.c.s.PostProcessorRegistrationDelegate$BeanPostProcessorChecker - [postProcessAfterInitialization,376] - Bean 'spring.cloud.sentinel-com.alibaba.cloud.sentinel.SentinelProperties' of type [com.alibaba.cloud.sentinel.SentinelProperties] is not eligible for getting processed by all BeanPostProcessors (for example: not eligible for auto-proxying)
2025-03-03 10:12:45.878 [main] INFO  o.s.c.s.PostProcessorRegistrationDelegate$BeanPostProcessorChecker - [postProcessAfterInitialization,376] - Bean 'com.alibaba.cloud.sentinel.custom.SentinelAutoConfiguration' of type [com.alibaba.cloud.sentinel.custom.SentinelAutoConfiguration] is not eligible for getting processed by all BeanPostProcessors (for example: not eligible for auto-proxying)
2025-03-03 10:12:46.200 [main] INFO  o.s.b.w.e.t.TomcatWebServer - [initialize,108] - Tomcat initialized with port(s): 9030 (http)
2025-03-03 10:12:46.212 [main] INFO  o.a.c.h.Http11NioProtocol - [log,173] - Initializing ProtocolHandler ["http-nio-9030"]
2025-03-03 10:12:46.213 [main] INFO  o.a.c.c.StandardService - [log,173] - Starting service [Tomcat]
2025-03-03 10:12:46.213 [main] INFO  o.a.c.c.StandardEngine - [log,173] - Starting Servlet engine: [Apache Tomcat/9.0.58]
2025-03-03 10:12:46.424 [main] INFO  o.a.c.c.C.[.[.[/] - [log,173] - Initializing Spring embedded WebApplicationContext
2025-03-03 10:12:46.424 [main] INFO  o.s.b.w.s.c.ServletWebServerApplicationContext - [prepareWebApplicationContext,290] - Root WebApplicationContext: initialization completed in 1871 ms
2025-03-03 10:12:47.275 [main] INFO  c.a.c.s.SentinelWebMvcConfigurer - [addInterceptors,52] - [Sentinel Starter] register SentinelWebInterceptor with urlPatterns: [/**].
2025-03-03 10:12:48.787 [main] INFO  o.a.c.h.Http11NioProtocol - [log,173] - Starting ProtocolHandler ["http-nio-9030"]
2025-03-03 10:12:48.815 [main] INFO  o.s.b.w.e.t.TomcatWebServer - [start,220] - Tomcat started on port(s): 9030 (http) with context path ''
2025-03-03 10:12:48.825 [main] INFO  c.a.c.n.r.NacosServiceRegistry - [register,75] - nacos registry, pcmis pcmis-visual 172.22.71.182:9030 register finished
2025-03-03 10:12:49.281 [main] INFO  c.l.v.VisualApplication - [logStarted,61] - Started VisualApplication in 6.844 seconds (JVM running for 7.79)
2025-03-03 10:12:49.286 [main] INFO  c.a.c.n.r.NacosContextRefresher - [registerNacosListenersForApplications,105] - listening config: dataId=pcmis-visual.yml, group=pcmis
2025-03-03 10:12:49.287 [main] INFO  c.a.c.n.r.NacosContextRefresher - [registerNacosListenersForApplications,105] - listening config: dataId=pcmis-visual, group=pcmis
2025-03-03 10:12:49.288 [main] INFO  c.a.c.n.r.NacosContextRefresher - [registerNacosListenersForApplications,105] - listening config: dataId=pcmis-visual.yaml, group=pcmis
2025-03-03 10:13:08.181 [SpringApplicationShutdownHook] INFO  c.a.c.n.r.NacosServiceRegistry - [deregister,94] - De-registering from Nacos Server now...
2025-03-03 10:13:08.184 [SpringApplicationShutdownHook] INFO  c.a.c.n.r.NacosServiceRegistry - [deregister,114] - De-registration finished.
2025-03-03 14:52:15.728 [main] INFO  o.s.c.b.c.PropertySourceBootstrapConfiguration - [initialize,109] - Located property source: [BootstrapPropertySource {name='bootstrapProperties-pcmis-visual.yml,pcmis'}, BootstrapPropertySource {name='bootstrapProperties-pcmis-visual,pcmis'}, BootstrapPropertySource {name='bootstrapProperties-pcmis-visual.yaml,pcmis'}]
2025-03-03 14:52:15.734 [main] INFO  c.l.v.VisualApplication - [logStartupProfileInfo,640] - No active profile set, falling back to 1 default profile: "default"
2025-03-03 14:52:16.533 [main] INFO  o.s.d.r.c.RepositoryConfigurationDelegate - [multipleStoresDetected,262] - Multiple Spring Data modules found, entering strict repository configuration mode!
2025-03-03 14:52:16.537 [main] INFO  o.s.d.r.c.RepositoryConfigurationDelegate - [registerRepositoriesIn,132] - Bootstrapping Spring Data Redis repositories in DEFAULT mode.
2025-03-03 14:52:16.563 [main] INFO  o.s.d.r.c.RepositoryConfigurationDelegate - [registerRepositoriesIn,201] - Finished Spring Data repository scanning in 10 ms. Found 0 Redis repository interfaces.
2025-03-03 14:52:16.789 [main] INFO  o.s.c.c.s.GenericScope - [setSerializationId,283] - BeanFactory id=eb357ddf-0b19-32e4-9d58-cec1c9815559
2025-03-03 14:52:17.209 [main] INFO  o.s.c.s.PostProcessorRegistrationDelegate$BeanPostProcessorChecker - [postProcessAfterInitialization,376] - Bean 'org.springframework.cloud.commons.config.CommonsConfigAutoConfiguration' of type [org.springframework.cloud.commons.config.CommonsConfigAutoConfiguration] is not eligible for getting processed by all BeanPostProcessors (for example: not eligible for auto-proxying)
2025-03-03 14:52:17.213 [main] INFO  o.s.c.s.PostProcessorRegistrationDelegate$BeanPostProcessorChecker - [postProcessAfterInitialization,376] - Bean 'org.springframework.cloud.client.loadbalancer.LoadBalancerDefaultMappingsProviderAutoConfiguration' of type [org.springframework.cloud.client.loadbalancer.LoadBalancerDefaultMappingsProviderAutoConfiguration] is not eligible for getting processed by all BeanPostProcessors (for example: not eligible for auto-proxying)
2025-03-03 14:52:17.214 [main] INFO  o.s.c.s.PostProcessorRegistrationDelegate$BeanPostProcessorChecker - [postProcessAfterInitialization,376] - Bean 'loadBalancerClientsDefaultsMappingsProvider' of type [org.springframework.cloud.client.loadbalancer.LoadBalancerDefaultMappingsProviderAutoConfiguration$$Lambda$599/0x0000000801076668] is not eligible for getting processed by all BeanPostProcessors (for example: not eligible for auto-proxying)
2025-03-03 14:52:17.217 [main] INFO  o.s.c.s.PostProcessorRegistrationDelegate$BeanPostProcessorChecker - [postProcessAfterInitialization,376] - Bean 'defaultsBindHandlerAdvisor' of type [org.springframework.cloud.commons.config.DefaultsBindHandlerAdvisor] is not eligible for getting processed by all BeanPostProcessors (for example: not eligible for auto-proxying)
2025-03-03 14:52:17.222 [main] INFO  o.s.c.s.PostProcessorRegistrationDelegate$BeanPostProcessorChecker - [postProcessAfterInitialization,376] - Bean 'spring.cloud.sentinel-com.alibaba.cloud.sentinel.SentinelProperties' of type [com.alibaba.cloud.sentinel.SentinelProperties] is not eligible for getting processed by all BeanPostProcessors (for example: not eligible for auto-proxying)
2025-03-03 14:52:17.225 [main] INFO  o.s.c.s.PostProcessorRegistrationDelegate$BeanPostProcessorChecker - [postProcessAfterInitialization,376] - Bean 'com.alibaba.cloud.sentinel.custom.SentinelAutoConfiguration' of type [com.alibaba.cloud.sentinel.custom.SentinelAutoConfiguration] is not eligible for getting processed by all BeanPostProcessors (for example: not eligible for auto-proxying)
2025-03-03 14:52:17.529 [main] INFO  o.s.b.w.e.t.TomcatWebServer - [initialize,108] - Tomcat initialized with port(s): 9030 (http)
2025-03-03 14:52:17.540 [main] INFO  o.a.c.h.Http11NioProtocol - [log,173] - Initializing ProtocolHandler ["http-nio-9030"]
2025-03-03 14:52:17.540 [main] INFO  o.a.c.c.StandardService - [log,173] - Starting service [Tomcat]
2025-03-03 14:52:17.541 [main] INFO  o.a.c.c.StandardEngine - [log,173] - Starting Servlet engine: [Apache Tomcat/9.0.58]
2025-03-03 14:52:17.748 [main] INFO  o.a.c.c.C.[.[.[/] - [log,173] - Initializing Spring embedded WebApplicationContext
2025-03-03 14:52:17.748 [main] INFO  o.s.b.w.s.c.ServletWebServerApplicationContext - [prepareWebApplicationContext,290] - Root WebApplicationContext: initialization completed in 1991 ms
2025-03-03 14:52:18.678 [main] INFO  c.a.c.s.SentinelWebMvcConfigurer - [addInterceptors,52] - [Sentinel Starter] register SentinelWebInterceptor with urlPatterns: [/**].
2025-03-03 14:52:20.262 [main] INFO  o.a.c.h.Http11NioProtocol - [log,173] - Starting ProtocolHandler ["http-nio-9030"]
2025-03-03 14:52:20.296 [main] INFO  o.s.b.w.e.t.TomcatWebServer - [start,220] - Tomcat started on port(s): 9030 (http) with context path ''
2025-03-03 14:52:20.309 [main] INFO  c.a.c.n.r.NacosServiceRegistry - [register,75] - nacos registry, pcmis pcmis-visual 172.22.71.182:9030 register finished
2025-03-03 14:52:20.832 [main] INFO  c.l.v.VisualApplication - [logStarted,61] - Started VisualApplication in 7.455 seconds (JVM running for 8.48)
2025-03-03 14:52:20.837 [main] INFO  c.a.c.n.r.NacosContextRefresher - [registerNacosListenersForApplications,105] - listening config: dataId=pcmis-visual.yml, group=pcmis
2025-03-03 14:52:20.838 [main] INFO  c.a.c.n.r.NacosContextRefresher - [registerNacosListenersForApplications,105] - listening config: dataId=pcmis-visual, group=pcmis
2025-03-03 14:52:20.840 [main] INFO  c.a.c.n.r.NacosContextRefresher - [registerNacosListenersForApplications,105] - listening config: dataId=pcmis-visual.yaml, group=pcmis
2025-03-03 16:34:56.236 [SpringApplicationShutdownHook] INFO  c.a.c.n.r.NacosServiceRegistry - [deregister,94] - De-registering from Nacos Server now...
2025-03-03 16:34:56.240 [SpringApplicationShutdownHook] INFO  c.a.c.n.r.NacosServiceRegistry - [deregister,114] - De-registration finished.
2025-03-03 16:35:38.307 [main] INFO  o.s.c.b.c.PropertySourceBootstrapConfiguration - [initialize,109] - Located property source: [BootstrapPropertySource {name='bootstrapProperties-pcmis-visual.yml,pcmis'}, BootstrapPropertySource {name='bootstrapProperties-pcmis-visual,pcmis'}, BootstrapPropertySource {name='bootstrapProperties-pcmis-visual.yaml,pcmis'}]
2025-03-03 16:35:38.312 [main] INFO  c.l.v.VisualApplication - [logStartupProfileInfo,640] - No active profile set, falling back to 1 default profile: "default"
2025-03-03 16:35:38.998 [main] INFO  o.s.d.r.c.RepositoryConfigurationDelegate - [multipleStoresDetected,262] - Multiple Spring Data modules found, entering strict repository configuration mode!
2025-03-03 16:35:39.001 [main] INFO  o.s.d.r.c.RepositoryConfigurationDelegate - [registerRepositoriesIn,132] - Bootstrapping Spring Data Redis repositories in DEFAULT mode.
2025-03-03 16:35:39.028 [main] INFO  o.s.d.r.c.RepositoryConfigurationDelegate - [registerRepositoriesIn,201] - Finished Spring Data repository scanning in 11 ms. Found 0 Redis repository interfaces.
2025-03-03 16:35:39.271 [main] INFO  o.s.c.c.s.GenericScope - [setSerializationId,283] - BeanFactory id=f8095b59-60ff-3709-abde-967d0d326dfe
2025-03-03 16:35:39.632 [main] INFO  o.s.c.s.PostProcessorRegistrationDelegate$BeanPostProcessorChecker - [postProcessAfterInitialization,376] - Bean 'org.springframework.cloud.commons.config.CommonsConfigAutoConfiguration' of type [org.springframework.cloud.commons.config.CommonsConfigAutoConfiguration] is not eligible for getting processed by all BeanPostProcessors (for example: not eligible for auto-proxying)
2025-03-03 16:35:39.636 [main] INFO  o.s.c.s.PostProcessorRegistrationDelegate$BeanPostProcessorChecker - [postProcessAfterInitialization,376] - Bean 'org.springframework.cloud.client.loadbalancer.LoadBalancerDefaultMappingsProviderAutoConfiguration' of type [org.springframework.cloud.client.loadbalancer.LoadBalancerDefaultMappingsProviderAutoConfiguration] is not eligible for getting processed by all BeanPostProcessors (for example: not eligible for auto-proxying)
2025-03-03 16:35:39.637 [main] INFO  o.s.c.s.PostProcessorRegistrationDelegate$BeanPostProcessorChecker - [postProcessAfterInitialization,376] - Bean 'loadBalancerClientsDefaultsMappingsProvider' of type [org.springframework.cloud.client.loadbalancer.LoadBalancerDefaultMappingsProviderAutoConfiguration$$Lambda$599/0x0000000801076a78] is not eligible for getting processed by all BeanPostProcessors (for example: not eligible for auto-proxying)
2025-03-03 16:35:39.640 [main] INFO  o.s.c.s.PostProcessorRegistrationDelegate$BeanPostProcessorChecker - [postProcessAfterInitialization,376] - Bean 'defaultsBindHandlerAdvisor' of type [org.springframework.cloud.commons.config.DefaultsBindHandlerAdvisor] is not eligible for getting processed by all BeanPostProcessors (for example: not eligible for auto-proxying)
2025-03-03 16:35:39.644 [main] INFO  o.s.c.s.PostProcessorRegistrationDelegate$BeanPostProcessorChecker - [postProcessAfterInitialization,376] - Bean 'spring.cloud.sentinel-com.alibaba.cloud.sentinel.SentinelProperties' of type [com.alibaba.cloud.sentinel.SentinelProperties] is not eligible for getting processed by all BeanPostProcessors (for example: not eligible for auto-proxying)
2025-03-03 16:35:39.647 [main] INFO  o.s.c.s.PostProcessorRegistrationDelegate$BeanPostProcessorChecker - [postProcessAfterInitialization,376] - Bean 'com.alibaba.cloud.sentinel.custom.SentinelAutoConfiguration' of type [com.alibaba.cloud.sentinel.custom.SentinelAutoConfiguration] is not eligible for getting processed by all BeanPostProcessors (for example: not eligible for auto-proxying)
2025-03-03 16:35:39.938 [main] INFO  o.s.b.w.e.t.TomcatWebServer - [initialize,108] - Tomcat initialized with port(s): 9030 (http)
2025-03-03 16:35:39.949 [main] INFO  o.a.c.h.Http11NioProtocol - [log,173] - Initializing ProtocolHandler ["http-nio-9030"]
2025-03-03 16:35:39.950 [main] INFO  o.a.c.c.StandardService - [log,173] - Starting service [Tomcat]
2025-03-03 16:35:39.950 [main] INFO  o.a.c.c.StandardEngine - [log,173] - Starting Servlet engine: [Apache Tomcat/9.0.58]
2025-03-03 16:35:40.155 [main] INFO  o.a.c.c.C.[.[.[/] - [log,173] - Initializing Spring embedded WebApplicationContext
2025-03-03 16:35:40.155 [main] INFO  o.s.b.w.s.c.ServletWebServerApplicationContext - [prepareWebApplicationContext,290] - Root WebApplicationContext: initialization completed in 1821 ms
2025-03-03 16:35:40.948 [main] INFO  c.a.c.s.SentinelWebMvcConfigurer - [addInterceptors,52] - [Sentinel Starter] register SentinelWebInterceptor with urlPatterns: [/**].
2025-03-03 16:35:42.400 [main] INFO  o.a.c.h.Http11NioProtocol - [log,173] - Starting ProtocolHandler ["http-nio-9030"]
2025-03-03 16:35:42.430 [main] INFO  o.s.b.w.e.t.TomcatWebServer - [start,220] - Tomcat started on port(s): 9030 (http) with context path ''
2025-03-03 16:35:42.441 [main] INFO  c.a.c.n.r.NacosServiceRegistry - [register,75] - nacos registry, pcmis pcmis-visual 172.22.71.182:9030 register finished
2025-03-03 16:35:42.895 [main] INFO  c.l.v.VisualApplication - [logStarted,61] - Started VisualApplication in 6.796 seconds (JVM running for 7.754)
2025-03-03 16:35:42.900 [main] INFO  c.a.c.n.r.NacosContextRefresher - [registerNacosListenersForApplications,105] - listening config: dataId=pcmis-visual.yml, group=pcmis
2025-03-03 16:35:42.901 [main] INFO  c.a.c.n.r.NacosContextRefresher - [registerNacosListenersForApplications,105] - listening config: dataId=pcmis-visual, group=pcmis
2025-03-03 16:35:42.903 [main] INFO  c.a.c.n.r.NacosContextRefresher - [registerNacosListenersForApplications,105] - listening config: dataId=pcmis-visual.yaml, group=pcmis
2025-03-03 17:10:10.597 [SpringApplicationShutdownHook] INFO  c.a.c.n.r.NacosServiceRegistry - [deregister,94] - De-registering from Nacos Server now...
2025-03-03 17:10:10.600 [SpringApplicationShutdownHook] INFO  c.a.c.n.r.NacosServiceRegistry - [deregister,114] - De-registration finished.
