2025-03-02 08:39:43.070 [main] INFO  o.s.c.b.c.PropertySourceBootstrapConfiguration - [initialize,109] - Located property source: [BootstrapPropertySource {name='bootstrapProperties-pcmis-case.yml,pcmis'}, BootstrapPropertySource {name='bootstrapProperties-pcmis-case,pcmis'}, BootstrapPropertySource {name='bootstrapProperties-pcmis-case.yaml,pcmis'}]
2025-03-02 08:39:43.075 [main] INFO  c.l._.CaseApplication - [logStartupProfileInfo,640] - No active profile set, falling back to 1 default profile: "default"
2025-03-02 08:39:43.688 [main] INFO  o.s.c.c.s.GenericScope - [setSerializationId,283] - BeanFactory id=848c257f-e260-3064-8708-1830f3ca372b
2025-03-02 08:39:43.888 [main] INFO  o.s.c.s.PostProcessorRegistrationDelegate$BeanPostProcessorChecker - [postProcessAfterInitialization,376] - Bean 'org.springframework.cloud.commons.config.CommonsConfigAutoConfiguration' of type [org.springframework.cloud.commons.config.CommonsConfigAutoConfiguration] is not eligible for getting processed by all BeanPostProcessors (for example: not eligible for auto-proxying)
2025-03-02 08:39:43.891 [main] INFO  o.s.c.s.PostProcessorRegistrationDelegate$BeanPostProcessorChecker - [postProcessAfterInitialization,376] - Bean 'org.springframework.cloud.client.loadbalancer.LoadBalancerDefaultMappingsProviderAutoConfiguration' of type [org.springframework.cloud.client.loadbalancer.LoadBalancerDefaultMappingsProviderAutoConfiguration] is not eligible for getting processed by all BeanPostProcessors (for example: not eligible for auto-proxying)
2025-03-02 08:39:43.892 [main] INFO  o.s.c.s.PostProcessorRegistrationDelegate$BeanPostProcessorChecker - [postProcessAfterInitialization,376] - Bean 'loadBalancerClientsDefaultsMappingsProvider' of type [org.springframework.cloud.client.loadbalancer.LoadBalancerDefaultMappingsProviderAutoConfiguration$$Lambda$500/0x0000000800fda580] is not eligible for getting processed by all BeanPostProcessors (for example: not eligible for auto-proxying)
2025-03-02 08:39:43.894 [main] INFO  o.s.c.s.PostProcessorRegistrationDelegate$BeanPostProcessorChecker - [postProcessAfterInitialization,376] - Bean 'defaultsBindHandlerAdvisor' of type [org.springframework.cloud.commons.config.DefaultsBindHandlerAdvisor] is not eligible for getting processed by all BeanPostProcessors (for example: not eligible for auto-proxying)
2025-03-02 08:39:43.898 [main] INFO  o.s.c.s.PostProcessorRegistrationDelegate$BeanPostProcessorChecker - [postProcessAfterInitialization,376] - Bean 'spring.cloud.sentinel-com.alibaba.cloud.sentinel.SentinelProperties' of type [com.alibaba.cloud.sentinel.SentinelProperties] is not eligible for getting processed by all BeanPostProcessors (for example: not eligible for auto-proxying)
2025-03-02 08:39:43.900 [main] INFO  o.s.c.s.PostProcessorRegistrationDelegate$BeanPostProcessorChecker - [postProcessAfterInitialization,376] - Bean 'com.alibaba.cloud.sentinel.custom.SentinelAutoConfiguration' of type [com.alibaba.cloud.sentinel.custom.SentinelAutoConfiguration] is not eligible for getting processed by all BeanPostProcessors (for example: not eligible for auto-proxying)
2025-03-02 08:39:44.156 [main] INFO  o.s.b.w.e.t.TomcatWebServer - [initialize,108] - Tomcat initialized with port(s): 9090 (http)
2025-03-02 08:39:44.167 [main] INFO  o.a.c.h.Http11NioProtocol - [log,173] - Initializing ProtocolHandler ["http-nio-9090"]
2025-03-02 08:39:44.168 [main] INFO  o.a.c.c.StandardService - [log,173] - Starting service [Tomcat]
2025-03-02 08:39:44.168 [main] INFO  o.a.c.c.StandardEngine - [log,173] - Starting Servlet engine: [Apache Tomcat/9.0.58]
2025-03-02 08:39:44.348 [main] INFO  o.a.c.c.C.[.[.[/] - [log,173] - Initializing Spring embedded WebApplicationContext
2025-03-02 08:39:44.348 [main] INFO  o.s.b.w.s.c.ServletWebServerApplicationContext - [prepareWebApplicationContext,290] - Root WebApplicationContext: initialization completed in 1261 ms
2025-03-02 08:39:44.696 [main] INFO  c.a.c.s.SentinelWebMvcConfigurer - [addInterceptors,52] - [Sentinel Starter] register SentinelWebInterceptor with urlPatterns: [/**].
2025-03-02 08:39:45.291 [main] INFO  c.a.d.s.b.a.DruidDataSourceAutoConfigure - [dataSource,56] - Init DruidDataSource
2025-03-02 08:39:45.341 [main] INFO  o.a.c.c.StandardService - [log,173] - Stopping service [Tomcat]
2025-03-02 08:39:45.366 [main] INFO  o.s.b.a.l.ConditionEvaluationReportLoggingListener - [logMessage,136] - 

Error starting ApplicationContext. To display the conditions report re-run your application with 'debug' enabled.
2025-03-02 08:42:47.010 [main] INFO  o.s.c.b.c.PropertySourceBootstrapConfiguration - [initialize,109] - Located property source: [BootstrapPropertySource {name='bootstrapProperties-pcmis-case.yml,pcmis'}, BootstrapPropertySource {name='bootstrapProperties-pcmis-case,pcmis'}, BootstrapPropertySource {name='bootstrapProperties-pcmis-case.yaml,pcmis'}]
2025-03-02 08:42:47.015 [main] INFO  c.l._.CaseApplication - [logStartupProfileInfo,640] - No active profile set, falling back to 1 default profile: "default"
2025-03-02 08:42:47.630 [main] INFO  o.s.c.c.s.GenericScope - [setSerializationId,283] - BeanFactory id=848c257f-e260-3064-8708-1830f3ca372b
2025-03-02 08:42:47.823 [main] INFO  o.s.c.s.PostProcessorRegistrationDelegate$BeanPostProcessorChecker - [postProcessAfterInitialization,376] - Bean 'org.springframework.cloud.commons.config.CommonsConfigAutoConfiguration' of type [org.springframework.cloud.commons.config.CommonsConfigAutoConfiguration] is not eligible for getting processed by all BeanPostProcessors (for example: not eligible for auto-proxying)
2025-03-02 08:42:47.826 [main] INFO  o.s.c.s.PostProcessorRegistrationDelegate$BeanPostProcessorChecker - [postProcessAfterInitialization,376] - Bean 'org.springframework.cloud.client.loadbalancer.LoadBalancerDefaultMappingsProviderAutoConfiguration' of type [org.springframework.cloud.client.loadbalancer.LoadBalancerDefaultMappingsProviderAutoConfiguration] is not eligible for getting processed by all BeanPostProcessors (for example: not eligible for auto-proxying)
2025-03-02 08:42:47.827 [main] INFO  o.s.c.s.PostProcessorRegistrationDelegate$BeanPostProcessorChecker - [postProcessAfterInitialization,376] - Bean 'loadBalancerClientsDefaultsMappingsProvider' of type [org.springframework.cloud.client.loadbalancer.LoadBalancerDefaultMappingsProviderAutoConfiguration$$Lambda$500/0x0000000800fd9af0] is not eligible for getting processed by all BeanPostProcessors (for example: not eligible for auto-proxying)
2025-03-02 08:42:47.829 [main] INFO  o.s.c.s.PostProcessorRegistrationDelegate$BeanPostProcessorChecker - [postProcessAfterInitialization,376] - Bean 'defaultsBindHandlerAdvisor' of type [org.springframework.cloud.commons.config.DefaultsBindHandlerAdvisor] is not eligible for getting processed by all BeanPostProcessors (for example: not eligible for auto-proxying)
2025-03-02 08:42:47.833 [main] INFO  o.s.c.s.PostProcessorRegistrationDelegate$BeanPostProcessorChecker - [postProcessAfterInitialization,376] - Bean 'spring.cloud.sentinel-com.alibaba.cloud.sentinel.SentinelProperties' of type [com.alibaba.cloud.sentinel.SentinelProperties] is not eligible for getting processed by all BeanPostProcessors (for example: not eligible for auto-proxying)
2025-03-02 08:42:47.835 [main] INFO  o.s.c.s.PostProcessorRegistrationDelegate$BeanPostProcessorChecker - [postProcessAfterInitialization,376] - Bean 'com.alibaba.cloud.sentinel.custom.SentinelAutoConfiguration' of type [com.alibaba.cloud.sentinel.custom.SentinelAutoConfiguration] is not eligible for getting processed by all BeanPostProcessors (for example: not eligible for auto-proxying)
2025-03-02 08:42:48.081 [main] INFO  o.s.b.w.e.t.TomcatWebServer - [initialize,108] - Tomcat initialized with port(s): 9090 (http)
2025-03-02 08:42:48.092 [main] INFO  o.a.c.h.Http11NioProtocol - [log,173] - Initializing ProtocolHandler ["http-nio-9090"]
2025-03-02 08:42:48.093 [main] INFO  o.a.c.c.StandardService - [log,173] - Starting service [Tomcat]
2025-03-02 08:42:48.093 [main] INFO  o.a.c.c.StandardEngine - [log,173] - Starting Servlet engine: [Apache Tomcat/9.0.58]
2025-03-02 08:42:48.268 [main] INFO  o.a.c.c.C.[.[.[/] - [log,173] - Initializing Spring embedded WebApplicationContext
2025-03-02 08:42:48.269 [main] INFO  o.s.b.w.s.c.ServletWebServerApplicationContext - [prepareWebApplicationContext,290] - Root WebApplicationContext: initialization completed in 1241 ms
2025-03-02 08:42:48.636 [main] INFO  c.a.c.s.SentinelWebMvcConfigurer - [addInterceptors,52] - [Sentinel Starter] register SentinelWebInterceptor with urlPatterns: [/**].
2025-03-02 08:42:49.231 [main] INFO  c.a.d.s.b.a.DruidDataSourceAutoConfigure - [dataSource,56] - Init DruidDataSource
2025-03-02 08:42:49.277 [main] INFO  o.a.c.c.StandardService - [log,173] - Stopping service [Tomcat]
2025-03-02 08:42:49.300 [main] INFO  o.s.b.a.l.ConditionEvaluationReportLoggingListener - [logMessage,136] - 

Error starting ApplicationContext. To display the conditions report re-run your application with 'debug' enabled.
2025-03-02 08:45:19.990 [main] INFO  o.s.c.b.c.PropertySourceBootstrapConfiguration - [initialize,109] - Located property source: [BootstrapPropertySource {name='bootstrapProperties-pcmis-case.yml,pcmis'}, BootstrapPropertySource {name='bootstrapProperties-pcmis-case,pcmis'}, BootstrapPropertySource {name='bootstrapProperties-pcmis-case.yaml,pcmis'}]
2025-03-02 08:45:19.995 [main] INFO  c.l._.CaseApplication - [logStartupProfileInfo,640] - No active profile set, falling back to 1 default profile: "default"
2025-03-02 08:45:20.628 [main] INFO  o.s.c.c.s.GenericScope - [setSerializationId,283] - BeanFactory id=848c257f-e260-3064-8708-1830f3ca372b
2025-03-02 08:45:20.823 [main] INFO  o.s.c.s.PostProcessorRegistrationDelegate$BeanPostProcessorChecker - [postProcessAfterInitialization,376] - Bean 'org.springframework.cloud.commons.config.CommonsConfigAutoConfiguration' of type [org.springframework.cloud.commons.config.CommonsConfigAutoConfiguration] is not eligible for getting processed by all BeanPostProcessors (for example: not eligible for auto-proxying)
2025-03-02 08:45:20.826 [main] INFO  o.s.c.s.PostProcessorRegistrationDelegate$BeanPostProcessorChecker - [postProcessAfterInitialization,376] - Bean 'org.springframework.cloud.client.loadbalancer.LoadBalancerDefaultMappingsProviderAutoConfiguration' of type [org.springframework.cloud.client.loadbalancer.LoadBalancerDefaultMappingsProviderAutoConfiguration] is not eligible for getting processed by all BeanPostProcessors (for example: not eligible for auto-proxying)
2025-03-02 08:45:20.827 [main] INFO  o.s.c.s.PostProcessorRegistrationDelegate$BeanPostProcessorChecker - [postProcessAfterInitialization,376] - Bean 'loadBalancerClientsDefaultsMappingsProvider' of type [org.springframework.cloud.client.loadbalancer.LoadBalancerDefaultMappingsProviderAutoConfiguration$$Lambda$500/0x0000000800fd9af0] is not eligible for getting processed by all BeanPostProcessors (for example: not eligible for auto-proxying)
2025-03-02 08:45:20.830 [main] INFO  o.s.c.s.PostProcessorRegistrationDelegate$BeanPostProcessorChecker - [postProcessAfterInitialization,376] - Bean 'defaultsBindHandlerAdvisor' of type [org.springframework.cloud.commons.config.DefaultsBindHandlerAdvisor] is not eligible for getting processed by all BeanPostProcessors (for example: not eligible for auto-proxying)
2025-03-02 08:45:20.835 [main] INFO  o.s.c.s.PostProcessorRegistrationDelegate$BeanPostProcessorChecker - [postProcessAfterInitialization,376] - Bean 'spring.cloud.sentinel-com.alibaba.cloud.sentinel.SentinelProperties' of type [com.alibaba.cloud.sentinel.SentinelProperties] is not eligible for getting processed by all BeanPostProcessors (for example: not eligible for auto-proxying)
2025-03-02 08:45:20.837 [main] INFO  o.s.c.s.PostProcessorRegistrationDelegate$BeanPostProcessorChecker - [postProcessAfterInitialization,376] - Bean 'com.alibaba.cloud.sentinel.custom.SentinelAutoConfiguration' of type [com.alibaba.cloud.sentinel.custom.SentinelAutoConfiguration] is not eligible for getting processed by all BeanPostProcessors (for example: not eligible for auto-proxying)
2025-03-02 08:45:21.090 [main] INFO  o.s.b.w.e.t.TomcatWebServer - [initialize,108] - Tomcat initialized with port(s): 9090 (http)
2025-03-02 08:45:21.101 [main] INFO  o.a.c.h.Http11NioProtocol - [log,173] - Initializing ProtocolHandler ["http-nio-9090"]
2025-03-02 08:45:21.101 [main] INFO  o.a.c.c.StandardService - [log,173] - Starting service [Tomcat]
2025-03-02 08:45:21.101 [main] INFO  o.a.c.c.StandardEngine - [log,173] - Starting Servlet engine: [Apache Tomcat/9.0.58]
2025-03-02 08:45:21.281 [main] INFO  o.a.c.c.C.[.[.[/] - [log,173] - Initializing Spring embedded WebApplicationContext
2025-03-02 08:45:21.281 [main] INFO  o.s.b.w.s.c.ServletWebServerApplicationContext - [prepareWebApplicationContext,290] - Root WebApplicationContext: initialization completed in 1273 ms
2025-03-02 08:45:21.634 [main] INFO  c.a.c.s.SentinelWebMvcConfigurer - [addInterceptors,52] - [Sentinel Starter] register SentinelWebInterceptor with urlPatterns: [/**].
2025-03-02 08:45:22.231 [main] INFO  c.a.d.s.b.a.DruidDataSourceAutoConfigure - [dataSource,56] - Init DruidDataSource
2025-03-02 08:45:22.276 [main] INFO  o.a.c.c.StandardService - [log,173] - Stopping service [Tomcat]
2025-03-02 08:45:22.298 [main] INFO  o.s.b.a.l.ConditionEvaluationReportLoggingListener - [logMessage,136] - 

Error starting ApplicationContext. To display the conditions report re-run your application with 'debug' enabled.
2025-03-02 08:46:07.764 [main] INFO  o.s.c.b.c.PropertySourceBootstrapConfiguration - [initialize,109] - Located property source: [BootstrapPropertySource {name='bootstrapProperties-pcmis-case.yml,pcmis'}, BootstrapPropertySource {name='bootstrapProperties-pcmis-case,pcmis'}, BootstrapPropertySource {name='bootstrapProperties-pcmis-case.yaml,pcmis'}]
2025-03-02 08:46:07.769 [main] INFO  c.l._.CaseApplication - [logStartupProfileInfo,640] - No active profile set, falling back to 1 default profile: "default"
2025-03-02 08:46:08.369 [main] INFO  o.s.c.c.s.GenericScope - [setSerializationId,283] - BeanFactory id=848c257f-e260-3064-8708-1830f3ca372b
2025-03-02 08:46:08.560 [main] INFO  o.s.c.s.PostProcessorRegistrationDelegate$BeanPostProcessorChecker - [postProcessAfterInitialization,376] - Bean 'org.springframework.cloud.commons.config.CommonsConfigAutoConfiguration' of type [org.springframework.cloud.commons.config.CommonsConfigAutoConfiguration] is not eligible for getting processed by all BeanPostProcessors (for example: not eligible for auto-proxying)
2025-03-02 08:46:08.563 [main] INFO  o.s.c.s.PostProcessorRegistrationDelegate$BeanPostProcessorChecker - [postProcessAfterInitialization,376] - Bean 'org.springframework.cloud.client.loadbalancer.LoadBalancerDefaultMappingsProviderAutoConfiguration' of type [org.springframework.cloud.client.loadbalancer.LoadBalancerDefaultMappingsProviderAutoConfiguration] is not eligible for getting processed by all BeanPostProcessors (for example: not eligible for auto-proxying)
2025-03-02 08:46:08.564 [main] INFO  o.s.c.s.PostProcessorRegistrationDelegate$BeanPostProcessorChecker - [postProcessAfterInitialization,376] - Bean 'loadBalancerClientsDefaultsMappingsProvider' of type [org.springframework.cloud.client.loadbalancer.LoadBalancerDefaultMappingsProviderAutoConfiguration$$Lambda$500/0x0000000800fd9f50] is not eligible for getting processed by all BeanPostProcessors (for example: not eligible for auto-proxying)
2025-03-02 08:46:08.566 [main] INFO  o.s.c.s.PostProcessorRegistrationDelegate$BeanPostProcessorChecker - [postProcessAfterInitialization,376] - Bean 'defaultsBindHandlerAdvisor' of type [org.springframework.cloud.commons.config.DefaultsBindHandlerAdvisor] is not eligible for getting processed by all BeanPostProcessors (for example: not eligible for auto-proxying)
2025-03-02 08:46:08.570 [main] INFO  o.s.c.s.PostProcessorRegistrationDelegate$BeanPostProcessorChecker - [postProcessAfterInitialization,376] - Bean 'spring.cloud.sentinel-com.alibaba.cloud.sentinel.SentinelProperties' of type [com.alibaba.cloud.sentinel.SentinelProperties] is not eligible for getting processed by all BeanPostProcessors (for example: not eligible for auto-proxying)
2025-03-02 08:46:08.572 [main] INFO  o.s.c.s.PostProcessorRegistrationDelegate$BeanPostProcessorChecker - [postProcessAfterInitialization,376] - Bean 'com.alibaba.cloud.sentinel.custom.SentinelAutoConfiguration' of type [com.alibaba.cloud.sentinel.custom.SentinelAutoConfiguration] is not eligible for getting processed by all BeanPostProcessors (for example: not eligible for auto-proxying)
2025-03-02 08:46:08.820 [main] INFO  o.s.b.w.e.t.TomcatWebServer - [initialize,108] - Tomcat initialized with port(s): 9090 (http)
2025-03-02 08:46:08.831 [main] INFO  o.a.c.h.Http11NioProtocol - [log,173] - Initializing ProtocolHandler ["http-nio-9090"]
2025-03-02 08:46:08.831 [main] INFO  o.a.c.c.StandardService - [log,173] - Starting service [Tomcat]
2025-03-02 08:46:08.832 [main] INFO  o.a.c.c.StandardEngine - [log,173] - Starting Servlet engine: [Apache Tomcat/9.0.58]
2025-03-02 08:46:09.017 [main] INFO  o.a.c.c.C.[.[.[/] - [log,173] - Initializing Spring embedded WebApplicationContext
2025-03-02 08:46:09.017 [main] INFO  o.s.b.w.s.c.ServletWebServerApplicationContext - [prepareWebApplicationContext,290] - Root WebApplicationContext: initialization completed in 1236 ms
2025-03-02 08:46:09.392 [main] INFO  c.a.c.s.SentinelWebMvcConfigurer - [addInterceptors,52] - [Sentinel Starter] register SentinelWebInterceptor with urlPatterns: [/**].
2025-03-02 08:46:09.992 [main] INFO  c.a.d.s.b.a.DruidDataSourceAutoConfigure - [dataSource,56] - Init DruidDataSource
2025-03-02 08:46:10.037 [main] INFO  o.a.c.c.StandardService - [log,173] - Stopping service [Tomcat]
2025-03-02 08:46:10.058 [main] INFO  o.s.b.a.l.ConditionEvaluationReportLoggingListener - [logMessage,136] - 

Error starting ApplicationContext. To display the conditions report re-run your application with 'debug' enabled.
2025-03-02 08:46:47.334 [main] INFO  o.s.c.b.c.PropertySourceBootstrapConfiguration - [initialize,109] - Located property source: [BootstrapPropertySource {name='bootstrapProperties-pcmis-case.yml,pcmis'}, BootstrapPropertySource {name='bootstrapProperties-pcmis-case,pcmis'}, BootstrapPropertySource {name='bootstrapProperties-pcmis-case.yaml,pcmis'}]
2025-03-02 08:46:47.339 [main] INFO  c.l._.CaseApplication - [logStartupProfileInfo,640] - No active profile set, falling back to 1 default profile: "default"
2025-03-02 08:46:47.956 [main] INFO  o.s.c.c.s.GenericScope - [setSerializationId,283] - BeanFactory id=848c257f-e260-3064-8708-1830f3ca372b
2025-03-02 08:46:48.155 [main] INFO  o.s.c.s.PostProcessorRegistrationDelegate$BeanPostProcessorChecker - [postProcessAfterInitialization,376] - Bean 'org.springframework.cloud.commons.config.CommonsConfigAutoConfiguration' of type [org.springframework.cloud.commons.config.CommonsConfigAutoConfiguration] is not eligible for getting processed by all BeanPostProcessors (for example: not eligible for auto-proxying)
2025-03-02 08:46:48.159 [main] INFO  o.s.c.s.PostProcessorRegistrationDelegate$BeanPostProcessorChecker - [postProcessAfterInitialization,376] - Bean 'org.springframework.cloud.client.loadbalancer.LoadBalancerDefaultMappingsProviderAutoConfiguration' of type [org.springframework.cloud.client.loadbalancer.LoadBalancerDefaultMappingsProviderAutoConfiguration] is not eligible for getting processed by all BeanPostProcessors (for example: not eligible for auto-proxying)
2025-03-02 08:46:48.159 [main] INFO  o.s.c.s.PostProcessorRegistrationDelegate$BeanPostProcessorChecker - [postProcessAfterInitialization,376] - Bean 'loadBalancerClientsDefaultsMappingsProvider' of type [org.springframework.cloud.client.loadbalancer.LoadBalancerDefaultMappingsProviderAutoConfiguration$$Lambda$500/0x0000000800fd9f50] is not eligible for getting processed by all BeanPostProcessors (for example: not eligible for auto-proxying)
2025-03-02 08:46:48.162 [main] INFO  o.s.c.s.PostProcessorRegistrationDelegate$BeanPostProcessorChecker - [postProcessAfterInitialization,376] - Bean 'defaultsBindHandlerAdvisor' of type [org.springframework.cloud.commons.config.DefaultsBindHandlerAdvisor] is not eligible for getting processed by all BeanPostProcessors (for example: not eligible for auto-proxying)
2025-03-02 08:46:48.166 [main] INFO  o.s.c.s.PostProcessorRegistrationDelegate$BeanPostProcessorChecker - [postProcessAfterInitialization,376] - Bean 'spring.cloud.sentinel-com.alibaba.cloud.sentinel.SentinelProperties' of type [com.alibaba.cloud.sentinel.SentinelProperties] is not eligible for getting processed by all BeanPostProcessors (for example: not eligible for auto-proxying)
2025-03-02 08:46:48.168 [main] INFO  o.s.c.s.PostProcessorRegistrationDelegate$BeanPostProcessorChecker - [postProcessAfterInitialization,376] - Bean 'com.alibaba.cloud.sentinel.custom.SentinelAutoConfiguration' of type [com.alibaba.cloud.sentinel.custom.SentinelAutoConfiguration] is not eligible for getting processed by all BeanPostProcessors (for example: not eligible for auto-proxying)
2025-03-02 08:46:48.426 [main] INFO  o.s.b.w.e.t.TomcatWebServer - [initialize,108] - Tomcat initialized with port(s): 9090 (http)
2025-03-02 08:46:48.437 [main] INFO  o.a.c.h.Http11NioProtocol - [log,173] - Initializing ProtocolHandler ["http-nio-9090"]
2025-03-02 08:46:48.437 [main] INFO  o.a.c.c.StandardService - [log,173] - Starting service [Tomcat]
2025-03-02 08:46:48.437 [main] INFO  o.a.c.c.StandardEngine - [log,173] - Starting Servlet engine: [Apache Tomcat/9.0.58]
2025-03-02 08:46:48.607 [main] INFO  o.a.c.c.C.[.[.[/] - [log,173] - Initializing Spring embedded WebApplicationContext
2025-03-02 08:46:48.608 [main] INFO  o.s.b.w.s.c.ServletWebServerApplicationContext - [prepareWebApplicationContext,290] - Root WebApplicationContext: initialization completed in 1256 ms
2025-03-02 08:46:48.971 [main] INFO  c.a.c.s.SentinelWebMvcConfigurer - [addInterceptors,52] - [Sentinel Starter] register SentinelWebInterceptor with urlPatterns: [/**].
2025-03-02 08:46:49.563 [main] INFO  c.a.d.s.b.a.DruidDataSourceAutoConfigure - [dataSource,56] - Init DruidDataSource
2025-03-02 08:46:49.609 [main] INFO  o.a.c.c.StandardService - [log,173] - Stopping service [Tomcat]
2025-03-02 08:46:49.633 [main] INFO  o.s.b.a.l.ConditionEvaluationReportLoggingListener - [logMessage,136] - 

Error starting ApplicationContext. To display the conditions report re-run your application with 'debug' enabled.
2025-03-02 08:47:23.845 [main] INFO  o.s.c.b.c.PropertySourceBootstrapConfiguration - [initialize,109] - Located property source: [BootstrapPropertySource {name='bootstrapProperties-pcmis-case.yml,pcmis'}, BootstrapPropertySource {name='bootstrapProperties-pcmis-case,pcmis'}, BootstrapPropertySource {name='bootstrapProperties-pcmis-case.yaml,pcmis'}]
2025-03-02 08:47:23.850 [main] INFO  c.l._.CaseApplication - [logStartupProfileInfo,640] - No active profile set, falling back to 1 default profile: "default"
2025-03-02 08:47:24.461 [main] INFO  o.s.c.c.s.GenericScope - [setSerializationId,283] - BeanFactory id=848c257f-e260-3064-8708-1830f3ca372b
2025-03-02 08:47:24.663 [main] INFO  o.s.c.s.PostProcessorRegistrationDelegate$BeanPostProcessorChecker - [postProcessAfterInitialization,376] - Bean 'org.springframework.cloud.commons.config.CommonsConfigAutoConfiguration' of type [org.springframework.cloud.commons.config.CommonsConfigAutoConfiguration] is not eligible for getting processed by all BeanPostProcessors (for example: not eligible for auto-proxying)
2025-03-02 08:47:24.666 [main] INFO  o.s.c.s.PostProcessorRegistrationDelegate$BeanPostProcessorChecker - [postProcessAfterInitialization,376] - Bean 'org.springframework.cloud.client.loadbalancer.LoadBalancerDefaultMappingsProviderAutoConfiguration' of type [org.springframework.cloud.client.loadbalancer.LoadBalancerDefaultMappingsProviderAutoConfiguration] is not eligible for getting processed by all BeanPostProcessors (for example: not eligible for auto-proxying)
2025-03-02 08:47:24.666 [main] INFO  o.s.c.s.PostProcessorRegistrationDelegate$BeanPostProcessorChecker - [postProcessAfterInitialization,376] - Bean 'loadBalancerClientsDefaultsMappingsProvider' of type [org.springframework.cloud.client.loadbalancer.LoadBalancerDefaultMappingsProviderAutoConfiguration$$Lambda$500/0x0000000800fd9d38] is not eligible for getting processed by all BeanPostProcessors (for example: not eligible for auto-proxying)
2025-03-02 08:47:24.669 [main] INFO  o.s.c.s.PostProcessorRegistrationDelegate$BeanPostProcessorChecker - [postProcessAfterInitialization,376] - Bean 'defaultsBindHandlerAdvisor' of type [org.springframework.cloud.commons.config.DefaultsBindHandlerAdvisor] is not eligible for getting processed by all BeanPostProcessors (for example: not eligible for auto-proxying)
2025-03-02 08:47:24.673 [main] INFO  o.s.c.s.PostProcessorRegistrationDelegate$BeanPostProcessorChecker - [postProcessAfterInitialization,376] - Bean 'spring.cloud.sentinel-com.alibaba.cloud.sentinel.SentinelProperties' of type [com.alibaba.cloud.sentinel.SentinelProperties] is not eligible for getting processed by all BeanPostProcessors (for example: not eligible for auto-proxying)
2025-03-02 08:47:24.675 [main] INFO  o.s.c.s.PostProcessorRegistrationDelegate$BeanPostProcessorChecker - [postProcessAfterInitialization,376] - Bean 'com.alibaba.cloud.sentinel.custom.SentinelAutoConfiguration' of type [com.alibaba.cloud.sentinel.custom.SentinelAutoConfiguration] is not eligible for getting processed by all BeanPostProcessors (for example: not eligible for auto-proxying)
2025-03-02 08:47:24.929 [main] INFO  o.s.b.w.e.t.TomcatWebServer - [initialize,108] - Tomcat initialized with port(s): 9090 (http)
2025-03-02 08:47:24.941 [main] INFO  o.a.c.h.Http11NioProtocol - [log,173] - Initializing ProtocolHandler ["http-nio-9090"]
2025-03-02 08:47:24.942 [main] INFO  o.a.c.c.StandardService - [log,173] - Starting service [Tomcat]
2025-03-02 08:47:24.942 [main] INFO  o.a.c.c.StandardEngine - [log,173] - Starting Servlet engine: [Apache Tomcat/9.0.58]
2025-03-02 08:47:25.144 [main] INFO  o.a.c.c.C.[.[.[/] - [log,173] - Initializing Spring embedded WebApplicationContext
2025-03-02 08:47:25.144 [main] INFO  o.s.b.w.s.c.ServletWebServerApplicationContext - [prepareWebApplicationContext,290] - Root WebApplicationContext: initialization completed in 1281 ms
2025-03-02 08:47:25.510 [main] INFO  c.a.c.s.SentinelWebMvcConfigurer - [addInterceptors,52] - [Sentinel Starter] register SentinelWebInterceptor with urlPatterns: [/**].
2025-03-02 08:47:26.105 [main] INFO  c.a.d.s.b.a.DruidDataSourceAutoConfigure - [dataSource,56] - Init DruidDataSource
2025-03-02 08:47:26.150 [main] INFO  o.a.c.c.StandardService - [log,173] - Stopping service [Tomcat]
2025-03-02 08:47:26.171 [main] INFO  o.s.b.a.l.ConditionEvaluationReportLoggingListener - [logMessage,136] - 

Error starting ApplicationContext. To display the conditions report re-run your application with 'debug' enabled.
2025-03-02 08:47:39.815 [main] INFO  o.s.c.b.c.PropertySourceBootstrapConfiguration - [initialize,109] - Located property source: [BootstrapPropertySource {name='bootstrapProperties-pcmis-case.yml,pcmis'}, BootstrapPropertySource {name='bootstrapProperties-pcmis-case,pcmis'}, BootstrapPropertySource {name='bootstrapProperties-pcmis-case.yaml,pcmis'}]
2025-03-02 08:47:39.821 [main] INFO  c.l._.CaseApplication - [logStartupProfileInfo,640] - No active profile set, falling back to 1 default profile: "default"
2025-03-02 08:47:40.452 [main] INFO  o.s.c.c.s.GenericScope - [setSerializationId,283] - BeanFactory id=848c257f-e260-3064-8708-1830f3ca372b
2025-03-02 08:47:40.651 [main] INFO  o.s.c.s.PostProcessorRegistrationDelegate$BeanPostProcessorChecker - [postProcessAfterInitialization,376] - Bean 'org.springframework.cloud.commons.config.CommonsConfigAutoConfiguration' of type [org.springframework.cloud.commons.config.CommonsConfigAutoConfiguration] is not eligible for getting processed by all BeanPostProcessors (for example: not eligible for auto-proxying)
2025-03-02 08:47:40.654 [main] INFO  o.s.c.s.PostProcessorRegistrationDelegate$BeanPostProcessorChecker - [postProcessAfterInitialization,376] - Bean 'org.springframework.cloud.client.loadbalancer.LoadBalancerDefaultMappingsProviderAutoConfiguration' of type [org.springframework.cloud.client.loadbalancer.LoadBalancerDefaultMappingsProviderAutoConfiguration] is not eligible for getting processed by all BeanPostProcessors (for example: not eligible for auto-proxying)
2025-03-02 08:47:40.655 [main] INFO  o.s.c.s.PostProcessorRegistrationDelegate$BeanPostProcessorChecker - [postProcessAfterInitialization,376] - Bean 'loadBalancerClientsDefaultsMappingsProvider' of type [org.springframework.cloud.client.loadbalancer.LoadBalancerDefaultMappingsProviderAutoConfiguration$$Lambda$500/0x0000000800fd9af0] is not eligible for getting processed by all BeanPostProcessors (for example: not eligible for auto-proxying)
2025-03-02 08:47:40.658 [main] INFO  o.s.c.s.PostProcessorRegistrationDelegate$BeanPostProcessorChecker - [postProcessAfterInitialization,376] - Bean 'defaultsBindHandlerAdvisor' of type [org.springframework.cloud.commons.config.DefaultsBindHandlerAdvisor] is not eligible for getting processed by all BeanPostProcessors (for example: not eligible for auto-proxying)
2025-03-02 08:47:40.662 [main] INFO  o.s.c.s.PostProcessorRegistrationDelegate$BeanPostProcessorChecker - [postProcessAfterInitialization,376] - Bean 'spring.cloud.sentinel-com.alibaba.cloud.sentinel.SentinelProperties' of type [com.alibaba.cloud.sentinel.SentinelProperties] is not eligible for getting processed by all BeanPostProcessors (for example: not eligible for auto-proxying)
2025-03-02 08:47:40.664 [main] INFO  o.s.c.s.PostProcessorRegistrationDelegate$BeanPostProcessorChecker - [postProcessAfterInitialization,376] - Bean 'com.alibaba.cloud.sentinel.custom.SentinelAutoConfiguration' of type [com.alibaba.cloud.sentinel.custom.SentinelAutoConfiguration] is not eligible for getting processed by all BeanPostProcessors (for example: not eligible for auto-proxying)
2025-03-02 08:47:40.918 [main] INFO  o.s.b.w.e.t.TomcatWebServer - [initialize,108] - Tomcat initialized with port(s): 9090 (http)
2025-03-02 08:47:40.929 [main] INFO  o.a.c.h.Http11NioProtocol - [log,173] - Initializing ProtocolHandler ["http-nio-9090"]
2025-03-02 08:47:40.930 [main] INFO  o.a.c.c.StandardService - [log,173] - Starting service [Tomcat]
2025-03-02 08:47:40.930 [main] INFO  o.a.c.c.StandardEngine - [log,173] - Starting Servlet engine: [Apache Tomcat/9.0.58]
2025-03-02 08:47:41.112 [main] INFO  o.a.c.c.C.[.[.[/] - [log,173] - Initializing Spring embedded WebApplicationContext
2025-03-02 08:47:41.112 [main] INFO  o.s.b.w.s.c.ServletWebServerApplicationContext - [prepareWebApplicationContext,290] - Root WebApplicationContext: initialization completed in 1275 ms
2025-03-02 08:47:41.466 [main] INFO  c.a.c.s.SentinelWebMvcConfigurer - [addInterceptors,52] - [Sentinel Starter] register SentinelWebInterceptor with urlPatterns: [/**].
2025-03-02 08:47:42.076 [main] INFO  c.a.d.s.b.a.DruidDataSourceAutoConfigure - [dataSource,56] - Init DruidDataSource
2025-03-02 08:47:42.125 [main] INFO  o.a.c.c.StandardService - [log,173] - Stopping service [Tomcat]
2025-03-02 08:47:42.148 [main] INFO  o.s.b.a.l.ConditionEvaluationReportLoggingListener - [logMessage,136] - 

Error starting ApplicationContext. To display the conditions report re-run your application with 'debug' enabled.
2025-03-02 08:48:28.330 [main] INFO  o.s.c.b.c.PropertySourceBootstrapConfiguration - [initialize,109] - Located property source: [BootstrapPropertySource {name='bootstrapProperties-pcmis-case.yml,pcmis'}, BootstrapPropertySource {name='bootstrapProperties-pcmis-case,pcmis'}, BootstrapPropertySource {name='bootstrapProperties-pcmis-case.yaml,pcmis'}]
2025-03-02 08:48:28.336 [main] INFO  c.l._.CaseApplication - [logStartupProfileInfo,640] - No active profile set, falling back to 1 default profile: "default"
2025-03-02 08:48:28.969 [main] INFO  o.s.c.c.s.GenericScope - [setSerializationId,283] - BeanFactory id=848c257f-e260-3064-8708-1830f3ca372b
2025-03-02 08:48:29.167 [main] INFO  o.s.c.s.PostProcessorRegistrationDelegate$BeanPostProcessorChecker - [postProcessAfterInitialization,376] - Bean 'org.springframework.cloud.commons.config.CommonsConfigAutoConfiguration' of type [org.springframework.cloud.commons.config.CommonsConfigAutoConfiguration] is not eligible for getting processed by all BeanPostProcessors (for example: not eligible for auto-proxying)
2025-03-02 08:48:29.171 [main] INFO  o.s.c.s.PostProcessorRegistrationDelegate$BeanPostProcessorChecker - [postProcessAfterInitialization,376] - Bean 'org.springframework.cloud.client.loadbalancer.LoadBalancerDefaultMappingsProviderAutoConfiguration' of type [org.springframework.cloud.client.loadbalancer.LoadBalancerDefaultMappingsProviderAutoConfiguration] is not eligible for getting processed by all BeanPostProcessors (for example: not eligible for auto-proxying)
2025-03-02 08:48:29.171 [main] INFO  o.s.c.s.PostProcessorRegistrationDelegate$BeanPostProcessorChecker - [postProcessAfterInitialization,376] - Bean 'loadBalancerClientsDefaultsMappingsProvider' of type [org.springframework.cloud.client.loadbalancer.LoadBalancerDefaultMappingsProviderAutoConfiguration$$Lambda$500/0x0000000800fdafa0] is not eligible for getting processed by all BeanPostProcessors (for example: not eligible for auto-proxying)
2025-03-02 08:48:29.174 [main] INFO  o.s.c.s.PostProcessorRegistrationDelegate$BeanPostProcessorChecker - [postProcessAfterInitialization,376] - Bean 'defaultsBindHandlerAdvisor' of type [org.springframework.cloud.commons.config.DefaultsBindHandlerAdvisor] is not eligible for getting processed by all BeanPostProcessors (for example: not eligible for auto-proxying)
2025-03-02 08:48:29.178 [main] INFO  o.s.c.s.PostProcessorRegistrationDelegate$BeanPostProcessorChecker - [postProcessAfterInitialization,376] - Bean 'spring.cloud.sentinel-com.alibaba.cloud.sentinel.SentinelProperties' of type [com.alibaba.cloud.sentinel.SentinelProperties] is not eligible for getting processed by all BeanPostProcessors (for example: not eligible for auto-proxying)
2025-03-02 08:48:29.180 [main] INFO  o.s.c.s.PostProcessorRegistrationDelegate$BeanPostProcessorChecker - [postProcessAfterInitialization,376] - Bean 'com.alibaba.cloud.sentinel.custom.SentinelAutoConfiguration' of type [com.alibaba.cloud.sentinel.custom.SentinelAutoConfiguration] is not eligible for getting processed by all BeanPostProcessors (for example: not eligible for auto-proxying)
2025-03-02 08:48:29.458 [main] INFO  o.s.b.w.e.t.TomcatWebServer - [initialize,108] - Tomcat initialized with port(s): 9090 (http)
2025-03-02 08:48:29.469 [main] INFO  o.a.c.h.Http11NioProtocol - [log,173] - Initializing ProtocolHandler ["http-nio-9090"]
2025-03-02 08:48:29.470 [main] INFO  o.a.c.c.StandardService - [log,173] - Starting service [Tomcat]
2025-03-02 08:48:29.470 [main] INFO  o.a.c.c.StandardEngine - [log,173] - Starting Servlet engine: [Apache Tomcat/9.0.58]
2025-03-02 08:48:29.641 [main] INFO  o.a.c.c.C.[.[.[/] - [log,173] - Initializing Spring embedded WebApplicationContext
2025-03-02 08:48:29.641 [main] INFO  o.s.b.w.s.c.ServletWebServerApplicationContext - [prepareWebApplicationContext,290] - Root WebApplicationContext: initialization completed in 1292 ms
2025-03-02 08:48:30.019 [main] INFO  c.a.c.s.SentinelWebMvcConfigurer - [addInterceptors,52] - [Sentinel Starter] register SentinelWebInterceptor with urlPatterns: [/**].
2025-03-02 08:48:30.613 [main] INFO  c.a.d.s.b.a.DruidDataSourceAutoConfigure - [dataSource,56] - Init DruidDataSource
2025-03-02 08:48:30.660 [main] INFO  o.a.c.c.StandardService - [log,173] - Stopping service [Tomcat]
2025-03-02 08:48:30.680 [main] INFO  o.s.b.a.l.ConditionEvaluationReportLoggingListener - [logMessage,136] - 

Error starting ApplicationContext. To display the conditions report re-run your application with 'debug' enabled.
2025-03-02 08:48:46.946 [main] INFO  o.s.c.b.c.PropertySourceBootstrapConfiguration - [initialize,109] - Located property source: [BootstrapPropertySource {name='bootstrapProperties-pcmis-case.yml,pcmis'}, BootstrapPropertySource {name='bootstrapProperties-pcmis-case,pcmis'}, BootstrapPropertySource {name='bootstrapProperties-pcmis-case.yaml,pcmis'}]
2025-03-02 08:48:46.952 [main] INFO  c.l._.CaseApplication - [logStartupProfileInfo,640] - No active profile set, falling back to 1 default profile: "default"
2025-03-02 08:48:47.583 [main] INFO  o.s.c.c.s.GenericScope - [setSerializationId,283] - BeanFactory id=848c257f-e260-3064-8708-1830f3ca372b
2025-03-02 08:48:47.783 [main] INFO  o.s.c.s.PostProcessorRegistrationDelegate$BeanPostProcessorChecker - [postProcessAfterInitialization,376] - Bean 'org.springframework.cloud.commons.config.CommonsConfigAutoConfiguration' of type [org.springframework.cloud.commons.config.CommonsConfigAutoConfiguration] is not eligible for getting processed by all BeanPostProcessors (for example: not eligible for auto-proxying)
2025-03-02 08:48:47.786 [main] INFO  o.s.c.s.PostProcessorRegistrationDelegate$BeanPostProcessorChecker - [postProcessAfterInitialization,376] - Bean 'org.springframework.cloud.client.loadbalancer.LoadBalancerDefaultMappingsProviderAutoConfiguration' of type [org.springframework.cloud.client.loadbalancer.LoadBalancerDefaultMappingsProviderAutoConfiguration] is not eligible for getting processed by all BeanPostProcessors (for example: not eligible for auto-proxying)
2025-03-02 08:48:47.787 [main] INFO  o.s.c.s.PostProcessorRegistrationDelegate$BeanPostProcessorChecker - [postProcessAfterInitialization,376] - Bean 'loadBalancerClientsDefaultsMappingsProvider' of type [org.springframework.cloud.client.loadbalancer.LoadBalancerDefaultMappingsProviderAutoConfiguration$$Lambda$500/0x0000000800fd9af0] is not eligible for getting processed by all BeanPostProcessors (for example: not eligible for auto-proxying)
2025-03-02 08:48:47.789 [main] INFO  o.s.c.s.PostProcessorRegistrationDelegate$BeanPostProcessorChecker - [postProcessAfterInitialization,376] - Bean 'defaultsBindHandlerAdvisor' of type [org.springframework.cloud.commons.config.DefaultsBindHandlerAdvisor] is not eligible for getting processed by all BeanPostProcessors (for example: not eligible for auto-proxying)
2025-03-02 08:48:47.793 [main] INFO  o.s.c.s.PostProcessorRegistrationDelegate$BeanPostProcessorChecker - [postProcessAfterInitialization,376] - Bean 'spring.cloud.sentinel-com.alibaba.cloud.sentinel.SentinelProperties' of type [com.alibaba.cloud.sentinel.SentinelProperties] is not eligible for getting processed by all BeanPostProcessors (for example: not eligible for auto-proxying)
2025-03-02 08:48:47.796 [main] INFO  o.s.c.s.PostProcessorRegistrationDelegate$BeanPostProcessorChecker - [postProcessAfterInitialization,376] - Bean 'com.alibaba.cloud.sentinel.custom.SentinelAutoConfiguration' of type [com.alibaba.cloud.sentinel.custom.SentinelAutoConfiguration] is not eligible for getting processed by all BeanPostProcessors (for example: not eligible for auto-proxying)
2025-03-02 08:48:48.060 [main] INFO  o.s.b.w.e.t.TomcatWebServer - [initialize,108] - Tomcat initialized with port(s): 9090 (http)
2025-03-02 08:48:48.071 [main] INFO  o.a.c.h.Http11NioProtocol - [log,173] - Initializing ProtocolHandler ["http-nio-9090"]
2025-03-02 08:48:48.071 [main] INFO  o.a.c.c.StandardService - [log,173] - Starting service [Tomcat]
2025-03-02 08:48:48.071 [main] INFO  o.a.c.c.StandardEngine - [log,173] - Starting Servlet engine: [Apache Tomcat/9.0.58]
2025-03-02 08:48:48.254 [main] INFO  o.a.c.c.C.[.[.[/] - [log,173] - Initializing Spring embedded WebApplicationContext
2025-03-02 08:48:48.254 [main] INFO  o.s.b.w.s.c.ServletWebServerApplicationContext - [prepareWebApplicationContext,290] - Root WebApplicationContext: initialization completed in 1289 ms
2025-03-02 08:48:48.632 [main] INFO  c.a.c.s.SentinelWebMvcConfigurer - [addInterceptors,52] - [Sentinel Starter] register SentinelWebInterceptor with urlPatterns: [/**].
2025-03-02 08:48:49.240 [main] INFO  c.a.d.s.b.a.DruidDataSourceAutoConfigure - [dataSource,56] - Init DruidDataSource
2025-03-02 08:48:49.289 [main] INFO  o.a.c.c.StandardService - [log,173] - Stopping service [Tomcat]
2025-03-02 08:48:49.312 [main] INFO  o.s.b.a.l.ConditionEvaluationReportLoggingListener - [logMessage,136] - 

Error starting ApplicationContext. To display the conditions report re-run your application with 'debug' enabled.
2025-03-02 08:51:04.754 [main] INFO  o.s.c.b.c.PropertySourceBootstrapConfiguration - [initialize,109] - Located property source: [BootstrapPropertySource {name='bootstrapProperties-pcmis-case.yml,pcmis'}, BootstrapPropertySource {name='bootstrapProperties-pcmis-case,pcmis'}, BootstrapPropertySource {name='bootstrapProperties-pcmis-case.yaml,pcmis'}]
2025-03-02 08:51:04.759 [main] INFO  c.l._.CaseApplication - [logStartupProfileInfo,640] - No active profile set, falling back to 1 default profile: "default"
2025-03-02 08:51:05.376 [main] INFO  o.s.c.c.s.GenericScope - [setSerializationId,283] - BeanFactory id=848c257f-e260-3064-8708-1830f3ca372b
2025-03-02 08:51:05.571 [main] INFO  o.s.c.s.PostProcessorRegistrationDelegate$BeanPostProcessorChecker - [postProcessAfterInitialization,376] - Bean 'org.springframework.cloud.commons.config.CommonsConfigAutoConfiguration' of type [org.springframework.cloud.commons.config.CommonsConfigAutoConfiguration] is not eligible for getting processed by all BeanPostProcessors (for example: not eligible for auto-proxying)
2025-03-02 08:51:05.574 [main] INFO  o.s.c.s.PostProcessorRegistrationDelegate$BeanPostProcessorChecker - [postProcessAfterInitialization,376] - Bean 'org.springframework.cloud.client.loadbalancer.LoadBalancerDefaultMappingsProviderAutoConfiguration' of type [org.springframework.cloud.client.loadbalancer.LoadBalancerDefaultMappingsProviderAutoConfiguration] is not eligible for getting processed by all BeanPostProcessors (for example: not eligible for auto-proxying)
2025-03-02 08:51:05.574 [main] INFO  o.s.c.s.PostProcessorRegistrationDelegate$BeanPostProcessorChecker - [postProcessAfterInitialization,376] - Bean 'loadBalancerClientsDefaultsMappingsProvider' of type [org.springframework.cloud.client.loadbalancer.LoadBalancerDefaultMappingsProviderAutoConfiguration$$Lambda$500/0x0000000800fdb138] is not eligible for getting processed by all BeanPostProcessors (for example: not eligible for auto-proxying)
2025-03-02 08:51:05.577 [main] INFO  o.s.c.s.PostProcessorRegistrationDelegate$BeanPostProcessorChecker - [postProcessAfterInitialization,376] - Bean 'defaultsBindHandlerAdvisor' of type [org.springframework.cloud.commons.config.DefaultsBindHandlerAdvisor] is not eligible for getting processed by all BeanPostProcessors (for example: not eligible for auto-proxying)
2025-03-02 08:51:05.580 [main] INFO  o.s.c.s.PostProcessorRegistrationDelegate$BeanPostProcessorChecker - [postProcessAfterInitialization,376] - Bean 'spring.cloud.sentinel-com.alibaba.cloud.sentinel.SentinelProperties' of type [com.alibaba.cloud.sentinel.SentinelProperties] is not eligible for getting processed by all BeanPostProcessors (for example: not eligible for auto-proxying)
2025-03-02 08:51:05.582 [main] INFO  o.s.c.s.PostProcessorRegistrationDelegate$BeanPostProcessorChecker - [postProcessAfterInitialization,376] - Bean 'com.alibaba.cloud.sentinel.custom.SentinelAutoConfiguration' of type [com.alibaba.cloud.sentinel.custom.SentinelAutoConfiguration] is not eligible for getting processed by all BeanPostProcessors (for example: not eligible for auto-proxying)
2025-03-02 08:51:05.833 [main] INFO  o.s.b.w.e.t.TomcatWebServer - [initialize,108] - Tomcat initialized with port(s): 9090 (http)
2025-03-02 08:51:05.844 [main] INFO  o.a.c.h.Http11NioProtocol - [log,173] - Initializing ProtocolHandler ["http-nio-9090"]
2025-03-02 08:51:05.844 [main] INFO  o.a.c.c.StandardService - [log,173] - Starting service [Tomcat]
2025-03-02 08:51:05.844 [main] INFO  o.a.c.c.StandardEngine - [log,173] - Starting Servlet engine: [Apache Tomcat/9.0.58]
2025-03-02 08:51:06.025 [main] INFO  o.a.c.c.C.[.[.[/] - [log,173] - Initializing Spring embedded WebApplicationContext
2025-03-02 08:51:06.025 [main] INFO  o.s.b.w.s.c.ServletWebServerApplicationContext - [prepareWebApplicationContext,290] - Root WebApplicationContext: initialization completed in 1253 ms
2025-03-02 08:51:06.376 [main] INFO  c.a.c.s.SentinelWebMvcConfigurer - [addInterceptors,52] - [Sentinel Starter] register SentinelWebInterceptor with urlPatterns: [/**].
2025-03-02 08:51:06.973 [main] INFO  c.a.d.s.b.a.DruidDataSourceAutoConfigure - [dataSource,56] - Init DruidDataSource
2025-03-02 08:51:07.017 [main] INFO  o.a.c.c.StandardService - [log,173] - Stopping service [Tomcat]
2025-03-02 08:51:07.038 [main] INFO  o.s.b.a.l.ConditionEvaluationReportLoggingListener - [logMessage,136] - 

Error starting ApplicationContext. To display the conditions report re-run your application with 'debug' enabled.
2025-03-02 08:52:32.973 [main] INFO  o.s.c.b.c.PropertySourceBootstrapConfiguration - [initialize,109] - Located property source: [BootstrapPropertySource {name='bootstrapProperties-pcmis-case.yml,pcmis'}, BootstrapPropertySource {name='bootstrapProperties-pcmis-case,pcmis'}, BootstrapPropertySource {name='bootstrapProperties-pcmis-case.yaml,pcmis'}]
2025-03-02 08:52:32.978 [main] INFO  c.l._.CaseApplication - [logStartupProfileInfo,640] - No active profile set, falling back to 1 default profile: "default"
2025-03-02 08:52:33.582 [main] INFO  o.s.c.c.s.GenericScope - [setSerializationId,283] - BeanFactory id=848c257f-e260-3064-8708-1830f3ca372b
2025-03-02 08:52:33.780 [main] INFO  o.s.c.s.PostProcessorRegistrationDelegate$BeanPostProcessorChecker - [postProcessAfterInitialization,376] - Bean 'org.springframework.cloud.commons.config.CommonsConfigAutoConfiguration' of type [org.springframework.cloud.commons.config.CommonsConfigAutoConfiguration] is not eligible for getting processed by all BeanPostProcessors (for example: not eligible for auto-proxying)
2025-03-02 08:52:33.783 [main] INFO  o.s.c.s.PostProcessorRegistrationDelegate$BeanPostProcessorChecker - [postProcessAfterInitialization,376] - Bean 'org.springframework.cloud.client.loadbalancer.LoadBalancerDefaultMappingsProviderAutoConfiguration' of type [org.springframework.cloud.client.loadbalancer.LoadBalancerDefaultMappingsProviderAutoConfiguration] is not eligible for getting processed by all BeanPostProcessors (for example: not eligible for auto-proxying)
2025-03-02 08:52:33.784 [main] INFO  o.s.c.s.PostProcessorRegistrationDelegate$BeanPostProcessorChecker - [postProcessAfterInitialization,376] - Bean 'loadBalancerClientsDefaultsMappingsProvider' of type [org.springframework.cloud.client.loadbalancer.LoadBalancerDefaultMappingsProviderAutoConfiguration$$Lambda$500/0x0000000800fda788] is not eligible for getting processed by all BeanPostProcessors (for example: not eligible for auto-proxying)
2025-03-02 08:52:33.787 [main] INFO  o.s.c.s.PostProcessorRegistrationDelegate$BeanPostProcessorChecker - [postProcessAfterInitialization,376] - Bean 'defaultsBindHandlerAdvisor' of type [org.springframework.cloud.commons.config.DefaultsBindHandlerAdvisor] is not eligible for getting processed by all BeanPostProcessors (for example: not eligible for auto-proxying)
2025-03-02 08:52:33.791 [main] INFO  o.s.c.s.PostProcessorRegistrationDelegate$BeanPostProcessorChecker - [postProcessAfterInitialization,376] - Bean 'spring.cloud.sentinel-com.alibaba.cloud.sentinel.SentinelProperties' of type [com.alibaba.cloud.sentinel.SentinelProperties] is not eligible for getting processed by all BeanPostProcessors (for example: not eligible for auto-proxying)
2025-03-02 08:52:33.793 [main] INFO  o.s.c.s.PostProcessorRegistrationDelegate$BeanPostProcessorChecker - [postProcessAfterInitialization,376] - Bean 'com.alibaba.cloud.sentinel.custom.SentinelAutoConfiguration' of type [com.alibaba.cloud.sentinel.custom.SentinelAutoConfiguration] is not eligible for getting processed by all BeanPostProcessors (for example: not eligible for auto-proxying)
2025-03-02 08:52:34.042 [main] INFO  o.s.b.w.e.t.TomcatWebServer - [initialize,108] - Tomcat initialized with port(s): 9090 (http)
2025-03-02 08:52:34.053 [main] INFO  o.a.c.h.Http11NioProtocol - [log,173] - Initializing ProtocolHandler ["http-nio-9090"]
2025-03-02 08:52:34.053 [main] INFO  o.a.c.c.StandardService - [log,173] - Starting service [Tomcat]
2025-03-02 08:52:34.054 [main] INFO  o.a.c.c.StandardEngine - [log,173] - Starting Servlet engine: [Apache Tomcat/9.0.58]
2025-03-02 08:52:34.226 [main] INFO  o.a.c.c.C.[.[.[/] - [log,173] - Initializing Spring embedded WebApplicationContext
2025-03-02 08:52:34.227 [main] INFO  o.s.b.w.s.c.ServletWebServerApplicationContext - [prepareWebApplicationContext,290] - Root WebApplicationContext: initialization completed in 1237 ms
2025-03-02 08:52:34.589 [main] INFO  c.a.c.s.SentinelWebMvcConfigurer - [addInterceptors,52] - [Sentinel Starter] register SentinelWebInterceptor with urlPatterns: [/**].
2025-03-02 08:52:35.201 [main] INFO  c.a.d.s.b.a.DruidDataSourceAutoConfigure - [dataSource,56] - Init DruidDataSource
2025-03-02 08:52:35.247 [main] INFO  o.a.c.c.StandardService - [log,173] - Stopping service [Tomcat]
2025-03-02 08:52:35.269 [main] INFO  o.s.b.a.l.ConditionEvaluationReportLoggingListener - [logMessage,136] - 

Error starting ApplicationContext. To display the conditions report re-run your application with 'debug' enabled.
2025-03-02 08:52:53.953 [main] INFO  o.s.c.b.c.PropertySourceBootstrapConfiguration - [initialize,109] - Located property source: [BootstrapPropertySource {name='bootstrapProperties-pcmis-case.yml,pcmis'}, BootstrapPropertySource {name='bootstrapProperties-pcmis-case,pcmis'}, BootstrapPropertySource {name='bootstrapProperties-pcmis-case.yaml,pcmis'}]
2025-03-02 08:52:53.958 [main] INFO  c.l._.CaseApplication - [logStartupProfileInfo,640] - No active profile set, falling back to 1 default profile: "default"
2025-03-02 08:52:54.561 [main] INFO  o.s.c.c.s.GenericScope - [setSerializationId,283] - BeanFactory id=848c257f-e260-3064-8708-1830f3ca372b
2025-03-02 08:52:54.760 [main] INFO  o.s.c.s.PostProcessorRegistrationDelegate$BeanPostProcessorChecker - [postProcessAfterInitialization,376] - Bean 'org.springframework.cloud.commons.config.CommonsConfigAutoConfiguration' of type [org.springframework.cloud.commons.config.CommonsConfigAutoConfiguration] is not eligible for getting processed by all BeanPostProcessors (for example: not eligible for auto-proxying)
2025-03-02 08:52:54.764 [main] INFO  o.s.c.s.PostProcessorRegistrationDelegate$BeanPostProcessorChecker - [postProcessAfterInitialization,376] - Bean 'org.springframework.cloud.client.loadbalancer.LoadBalancerDefaultMappingsProviderAutoConfiguration' of type [org.springframework.cloud.client.loadbalancer.LoadBalancerDefaultMappingsProviderAutoConfiguration] is not eligible for getting processed by all BeanPostProcessors (for example: not eligible for auto-proxying)
2025-03-02 08:52:54.765 [main] INFO  o.s.c.s.PostProcessorRegistrationDelegate$BeanPostProcessorChecker - [postProcessAfterInitialization,376] - Bean 'loadBalancerClientsDefaultsMappingsProvider' of type [org.springframework.cloud.client.loadbalancer.LoadBalancerDefaultMappingsProviderAutoConfiguration$$Lambda$500/0x0000000800fdafa0] is not eligible for getting processed by all BeanPostProcessors (for example: not eligible for auto-proxying)
2025-03-02 08:52:54.767 [main] INFO  o.s.c.s.PostProcessorRegistrationDelegate$BeanPostProcessorChecker - [postProcessAfterInitialization,376] - Bean 'defaultsBindHandlerAdvisor' of type [org.springframework.cloud.commons.config.DefaultsBindHandlerAdvisor] is not eligible for getting processed by all BeanPostProcessors (for example: not eligible for auto-proxying)
2025-03-02 08:52:54.771 [main] INFO  o.s.c.s.PostProcessorRegistrationDelegate$BeanPostProcessorChecker - [postProcessAfterInitialization,376] - Bean 'spring.cloud.sentinel-com.alibaba.cloud.sentinel.SentinelProperties' of type [com.alibaba.cloud.sentinel.SentinelProperties] is not eligible for getting processed by all BeanPostProcessors (for example: not eligible for auto-proxying)
2025-03-02 08:52:54.774 [main] INFO  o.s.c.s.PostProcessorRegistrationDelegate$BeanPostProcessorChecker - [postProcessAfterInitialization,376] - Bean 'com.alibaba.cloud.sentinel.custom.SentinelAutoConfiguration' of type [com.alibaba.cloud.sentinel.custom.SentinelAutoConfiguration] is not eligible for getting processed by all BeanPostProcessors (for example: not eligible for auto-proxying)
2025-03-02 08:52:55.029 [main] INFO  o.s.b.w.e.t.TomcatWebServer - [initialize,108] - Tomcat initialized with port(s): 9090 (http)
2025-03-02 08:52:55.039 [main] INFO  o.a.c.h.Http11NioProtocol - [log,173] - Initializing ProtocolHandler ["http-nio-9090"]
2025-03-02 08:52:55.040 [main] INFO  o.a.c.c.StandardService - [log,173] - Starting service [Tomcat]
2025-03-02 08:52:55.040 [main] INFO  o.a.c.c.StandardEngine - [log,173] - Starting Servlet engine: [Apache Tomcat/9.0.58]
2025-03-02 08:52:55.223 [main] INFO  o.a.c.c.C.[.[.[/] - [log,173] - Initializing Spring embedded WebApplicationContext
2025-03-02 08:52:55.223 [main] INFO  o.s.b.w.s.c.ServletWebServerApplicationContext - [prepareWebApplicationContext,290] - Root WebApplicationContext: initialization completed in 1253 ms
2025-03-02 08:52:55.578 [main] INFO  c.a.c.s.SentinelWebMvcConfigurer - [addInterceptors,52] - [Sentinel Starter] register SentinelWebInterceptor with urlPatterns: [/**].
2025-03-02 08:52:56.183 [main] INFO  c.a.d.s.b.a.DruidDataSourceAutoConfigure - [dataSource,56] - Init DruidDataSource
2025-03-02 08:52:56.230 [main] INFO  o.a.c.c.StandardService - [log,173] - Stopping service [Tomcat]
2025-03-02 08:52:56.252 [main] INFO  o.s.b.a.l.ConditionEvaluationReportLoggingListener - [logMessage,136] - 

Error starting ApplicationContext. To display the conditions report re-run your application with 'debug' enabled.
2025-03-02 13:27:53.003 [main] INFO  o.s.c.b.c.PropertySourceBootstrapConfiguration - [initialize,109] - Located property source: [BootstrapPropertySource {name='bootstrapProperties-pcmis-case.yml,pcmis'}, BootstrapPropertySource {name='bootstrapProperties-pcmis-case,pcmis'}, BootstrapPropertySource {name='bootstrapProperties-pcmis-case.yaml,pcmis'}]
2025-03-02 13:27:53.009 [main] INFO  c.l._.CaseApplication - [logStartupProfileInfo,640] - No active profile set, falling back to 1 default profile: "default"
2025-03-02 13:27:53.843 [main] INFO  o.s.c.c.s.GenericScope - [setSerializationId,283] - BeanFactory id=05593205-79b2-31d5-9cdf-98be9902f3c7
2025-03-02 13:27:54.229 [main] INFO  o.s.c.s.PostProcessorRegistrationDelegate$BeanPostProcessorChecker - [postProcessAfterInitialization,376] - Bean 'org.springframework.cloud.commons.config.CommonsConfigAutoConfiguration' of type [org.springframework.cloud.commons.config.CommonsConfigAutoConfiguration] is not eligible for getting processed by all BeanPostProcessors (for example: not eligible for auto-proxying)
2025-03-02 13:27:54.232 [main] INFO  o.s.c.s.PostProcessorRegistrationDelegate$BeanPostProcessorChecker - [postProcessAfterInitialization,376] - Bean 'org.springframework.cloud.client.loadbalancer.LoadBalancerDefaultMappingsProviderAutoConfiguration' of type [org.springframework.cloud.client.loadbalancer.LoadBalancerDefaultMappingsProviderAutoConfiguration] is not eligible for getting processed by all BeanPostProcessors (for example: not eligible for auto-proxying)
2025-03-02 13:27:54.233 [main] INFO  o.s.c.s.PostProcessorRegistrationDelegate$BeanPostProcessorChecker - [postProcessAfterInitialization,376] - Bean 'loadBalancerClientsDefaultsMappingsProvider' of type [org.springframework.cloud.client.loadbalancer.LoadBalancerDefaultMappingsProviderAutoConfiguration$$Lambda$552/0x0000000801038a78] is not eligible for getting processed by all BeanPostProcessors (for example: not eligible for auto-proxying)
2025-03-02 13:27:54.235 [main] INFO  o.s.c.s.PostProcessorRegistrationDelegate$BeanPostProcessorChecker - [postProcessAfterInitialization,376] - Bean 'defaultsBindHandlerAdvisor' of type [org.springframework.cloud.commons.config.DefaultsBindHandlerAdvisor] is not eligible for getting processed by all BeanPostProcessors (for example: not eligible for auto-proxying)
2025-03-02 13:27:54.240 [main] INFO  o.s.c.s.PostProcessorRegistrationDelegate$BeanPostProcessorChecker - [postProcessAfterInitialization,376] - Bean 'spring.cloud.sentinel-com.alibaba.cloud.sentinel.SentinelProperties' of type [com.alibaba.cloud.sentinel.SentinelProperties] is not eligible for getting processed by all BeanPostProcessors (for example: not eligible for auto-proxying)
2025-03-02 13:27:54.242 [main] INFO  o.s.c.s.PostProcessorRegistrationDelegate$BeanPostProcessorChecker - [postProcessAfterInitialization,376] - Bean 'com.alibaba.cloud.sentinel.custom.SentinelAutoConfiguration' of type [com.alibaba.cloud.sentinel.custom.SentinelAutoConfiguration] is not eligible for getting processed by all BeanPostProcessors (for example: not eligible for auto-proxying)
2025-03-02 13:27:54.521 [main] INFO  o.s.b.w.e.t.TomcatWebServer - [initialize,108] - Tomcat initialized with port(s): 9090 (http)
2025-03-02 13:27:54.535 [main] INFO  o.a.c.h.Http11NioProtocol - [log,173] - Initializing ProtocolHandler ["http-nio-9090"]
2025-03-02 13:27:54.535 [main] INFO  o.a.c.c.StandardService - [log,173] - Starting service [Tomcat]
2025-03-02 13:27:54.535 [main] INFO  o.a.c.c.StandardEngine - [log,173] - Starting Servlet engine: [Apache Tomcat/9.0.58]
2025-03-02 13:27:54.760 [main] INFO  o.a.c.c.C.[.[.[/] - [log,173] - Initializing Spring embedded WebApplicationContext
2025-03-02 13:27:54.760 [main] INFO  o.s.b.w.s.c.ServletWebServerApplicationContext - [prepareWebApplicationContext,290] - Root WebApplicationContext: initialization completed in 1732 ms
2025-03-02 13:27:55.574 [main] INFO  c.a.c.s.SentinelWebMvcConfigurer - [addInterceptors,52] - [Sentinel Starter] register SentinelWebInterceptor with urlPatterns: [/**].
2025-03-02 13:27:57.183 [main] INFO  o.a.c.h.Http11NioProtocol - [log,173] - Starting ProtocolHandler ["http-nio-9090"]
2025-03-02 13:27:57.222 [main] INFO  o.s.b.w.e.t.TomcatWebServer - [start,220] - Tomcat started on port(s): 9090 (http) with context path ''
2025-03-02 13:27:57.234 [main] INFO  c.a.c.n.r.NacosServiceRegistry - [register,75] - nacos registry, pcmis pcmis-case 172.22.71.182:9090 register finished
2025-03-02 13:27:57.756 [main] INFO  c.l._.CaseApplication - [logStarted,61] - Started CaseApplication in 7.035 seconds (JVM running for 8.038)
2025-03-02 13:27:57.761 [main] INFO  c.a.c.n.r.NacosContextRefresher - [registerNacosListenersForApplications,105] - listening config: dataId=pcmis-case.yaml, group=pcmis
2025-03-02 13:27:57.762 [main] INFO  c.a.c.n.r.NacosContextRefresher - [registerNacosListenersForApplications,105] - listening config: dataId=pcmis-case.yml, group=pcmis
2025-03-02 13:27:57.763 [main] INFO  c.a.c.n.r.NacosContextRefresher - [registerNacosListenersForApplications,105] - listening config: dataId=pcmis-case, group=pcmis
2025-03-02 13:29:53.892 [http-nio-9090-exec-1] INFO  o.a.c.c.C.[.[.[/] - [log,173] - Initializing Spring DispatcherServlet 'dispatcherServlet'
2025-03-02 13:29:53.892 [http-nio-9090-exec-1] INFO  o.s.w.s.DispatcherServlet - [initServletBean,525] - Initializing Servlet 'dispatcherServlet'
2025-03-02 13:29:53.894 [http-nio-9090-exec-1] INFO  o.s.w.s.DispatcherServlet - [initServletBean,547] - Completed initialization in 2 ms
2025-03-02 13:29:54.162 [http-nio-9090-exec-1] INFO  c.a.d.p.DruidDataSource - [init,990] - {dataSource-1} inited
2025-03-02 14:13:14.203 [SpringApplicationShutdownHook] INFO  c.a.c.n.r.NacosServiceRegistry - [deregister,94] - De-registering from Nacos Server now...
2025-03-02 14:13:14.207 [SpringApplicationShutdownHook] INFO  c.a.c.n.r.NacosServiceRegistry - [deregister,114] - De-registration finished.
