2025-03-03 09:09:19.602 [main] INFO  o.s.c.b.c.PropertySourceBootstrapConfiguration - [initialize,109] - Located property source: [BootstrapPropertySource {name='bootstrapProperties-pcmis-case.yml,pcmis'}, BootstrapPropertySource {name='bootstrapProperties-pcmis-case,pcmis'}, BootstrapPropertySource {name='bootstrapProperties-pcmis-case.yaml,pcmis'}]
2025-03-03 09:09:19.617 [main] INFO  c.l._.CaseApplication - [logStartupProfileInfo,640] - No active profile set, falling back to 1 default profile: "default"
2025-03-03 09:09:20.899 [main] INFO  o.s.c.c.s.GenericScope - [setSerializationId,283] - BeanFactory id=05593205-79b2-31d5-9cdf-98be9902f3c7
2025-03-03 09:09:21.400 [main] INFO  o.s.c.s.PostProcessorRegistrationDelegate$BeanPostProcessorChecker - [postProcessAfterInitialization,376] - Bean 'org.springframework.cloud.commons.config.CommonsConfigAutoConfiguration' of type [org.springframework.cloud.commons.config.CommonsConfigAutoConfiguration] is not eligible for getting processed by all BeanPostProcessors (for example: not eligible for auto-proxying)
2025-03-03 09:09:21.406 [main] INFO  o.s.c.s.PostProcessorRegistrationDelegate$BeanPostProcessorChecker - [postProcessAfterInitialization,376] - Bean 'org.springframework.cloud.client.loadbalancer.LoadBalancerDefaultMappingsProviderAutoConfiguration' of type [org.springframework.cloud.client.loadbalancer.LoadBalancerDefaultMappingsProviderAutoConfiguration] is not eligible for getting processed by all BeanPostProcessors (for example: not eligible for auto-proxying)
2025-03-03 09:09:21.407 [main] INFO  o.s.c.s.PostProcessorRegistrationDelegate$BeanPostProcessorChecker - [postProcessAfterInitialization,376] - Bean 'loadBalancerClientsDefaultsMappingsProvider' of type [org.springframework.cloud.client.loadbalancer.LoadBalancerDefaultMappingsProviderAutoConfiguration$$Lambda$552/0x000000080103caa8] is not eligible for getting processed by all BeanPostProcessors (for example: not eligible for auto-proxying)
2025-03-03 09:09:21.411 [main] INFO  o.s.c.s.PostProcessorRegistrationDelegate$BeanPostProcessorChecker - [postProcessAfterInitialization,376] - Bean 'defaultsBindHandlerAdvisor' of type [org.springframework.cloud.commons.config.DefaultsBindHandlerAdvisor] is not eligible for getting processed by all BeanPostProcessors (for example: not eligible for auto-proxying)
2025-03-03 09:09:21.419 [main] INFO  o.s.c.s.PostProcessorRegistrationDelegate$BeanPostProcessorChecker - [postProcessAfterInitialization,376] - Bean 'spring.cloud.sentinel-com.alibaba.cloud.sentinel.SentinelProperties' of type [com.alibaba.cloud.sentinel.SentinelProperties] is not eligible for getting processed by all BeanPostProcessors (for example: not eligible for auto-proxying)
2025-03-03 09:09:21.423 [main] INFO  o.s.c.s.PostProcessorRegistrationDelegate$BeanPostProcessorChecker - [postProcessAfterInitialization,376] - Bean 'com.alibaba.cloud.sentinel.custom.SentinelAutoConfiguration' of type [com.alibaba.cloud.sentinel.custom.SentinelAutoConfiguration] is not eligible for getting processed by all BeanPostProcessors (for example: not eligible for auto-proxying)
2025-03-03 09:09:21.867 [main] INFO  o.s.b.w.e.t.TomcatWebServer - [initialize,108] - Tomcat initialized with port(s): 9090 (http)
2025-03-03 09:09:21.887 [main] INFO  o.a.c.h.Http11NioProtocol - [log,173] - Initializing ProtocolHandler ["http-nio-9090"]
2025-03-03 09:09:21.887 [main] INFO  o.a.c.c.StandardService - [log,173] - Starting service [Tomcat]
2025-03-03 09:09:21.888 [main] INFO  o.a.c.c.StandardEngine - [log,173] - Starting Servlet engine: [Apache Tomcat/9.0.58]
2025-03-03 09:09:22.187 [main] INFO  o.a.c.c.C.[.[.[/] - [log,173] - Initializing Spring embedded WebApplicationContext
2025-03-03 09:09:22.187 [main] INFO  o.s.b.w.s.c.ServletWebServerApplicationContext - [prepareWebApplicationContext,290] - Root WebApplicationContext: initialization completed in 2534 ms
2025-03-03 09:09:23.253 [main] INFO  c.a.c.s.SentinelWebMvcConfigurer - [addInterceptors,52] - [Sentinel Starter] register SentinelWebInterceptor with urlPatterns: [/**].
2025-03-03 09:09:25.359 [main] INFO  o.a.c.h.Http11NioProtocol - [log,173] - Starting ProtocolHandler ["http-nio-9090"]
2025-03-03 09:09:25.408 [main] INFO  o.s.b.w.e.t.TomcatWebServer - [start,220] - Tomcat started on port(s): 9090 (http) with context path ''
2025-03-03 09:09:25.433 [main] INFO  c.a.c.n.r.NacosServiceRegistry - [register,75] - nacos registry, pcmis pcmis-case 172.22.71.182:9090 register finished
2025-03-03 09:09:26.192 [main] INFO  c.l._.CaseApplication - [logStarted,61] - Started CaseApplication in 9.82 seconds (JVM running for 11.117)
2025-03-03 09:09:26.204 [main] INFO  c.a.c.n.r.NacosContextRefresher - [registerNacosListenersForApplications,105] - listening config: dataId=pcmis-case.yaml, group=pcmis
2025-03-03 09:09:26.205 [main] INFO  c.a.c.n.r.NacosContextRefresher - [registerNacosListenersForApplications,105] - listening config: dataId=pcmis-case.yml, group=pcmis
2025-03-03 09:09:26.207 [main] INFO  c.a.c.n.r.NacosContextRefresher - [registerNacosListenersForApplications,105] - listening config: dataId=pcmis-case, group=pcmis
2025-03-03 09:09:59.913 [http-nio-9090-exec-1] INFO  o.a.c.c.C.[.[.[/] - [log,173] - Initializing Spring DispatcherServlet 'dispatcherServlet'
2025-03-03 09:09:59.913 [http-nio-9090-exec-1] INFO  o.s.w.s.DispatcherServlet - [initServletBean,525] - Initializing Servlet 'dispatcherServlet'
2025-03-03 09:09:59.914 [http-nio-9090-exec-1] INFO  o.s.w.s.DispatcherServlet - [initServletBean,547] - Completed initialization in 1 ms
2025-03-03 09:31:15.688 [SpringApplicationShutdownHook] INFO  c.a.c.n.r.NacosServiceRegistry - [deregister,94] - De-registering from Nacos Server now...
2025-03-03 09:31:15.697 [SpringApplicationShutdownHook] INFO  c.a.c.n.r.NacosServiceRegistry - [deregister,114] - De-registration finished.
2025-03-03 09:31:38.270 [main] INFO  o.s.c.b.c.PropertySourceBootstrapConfiguration - [initialize,109] - Located property source: [BootstrapPropertySource {name='bootstrapProperties-pcmis-case.yml,pcmis'}, BootstrapPropertySource {name='bootstrapProperties-pcmis-case,pcmis'}, BootstrapPropertySource {name='bootstrapProperties-pcmis-case.yaml,pcmis'}]
2025-03-03 09:31:38.275 [main] INFO  c.l._.CaseApplication - [logStartupProfileInfo,640] - No active profile set, falling back to 1 default profile: "default"
2025-03-03 09:31:38.973 [main] INFO  o.s.d.r.c.RepositoryConfigurationDelegate - [multipleStoresDetected,262] - Multiple Spring Data modules found, entering strict repository configuration mode!
2025-03-03 09:31:38.977 [main] INFO  o.s.d.r.c.RepositoryConfigurationDelegate - [registerRepositoriesIn,132] - Bootstrapping Spring Data Redis repositories in DEFAULT mode.
2025-03-03 09:31:39.006 [main] INFO  o.s.d.r.c.RepositoryConfigurationDelegate - [registerRepositoriesIn,201] - Finished Spring Data repository scanning in 11 ms. Found 0 Redis repository interfaces.
2025-03-03 09:31:39.228 [main] INFO  o.s.c.c.s.GenericScope - [setSerializationId,283] - BeanFactory id=b4ce8600-113f-3fa0-a029-5cf99316bbe7
2025-03-03 09:31:39.650 [main] INFO  o.s.c.s.PostProcessorRegistrationDelegate$BeanPostProcessorChecker - [postProcessAfterInitialization,376] - Bean 'org.springframework.cloud.commons.config.CommonsConfigAutoConfiguration' of type [org.springframework.cloud.commons.config.CommonsConfigAutoConfiguration] is not eligible for getting processed by all BeanPostProcessors (for example: not eligible for auto-proxying)
2025-03-03 09:31:39.654 [main] INFO  o.s.c.s.PostProcessorRegistrationDelegate$BeanPostProcessorChecker - [postProcessAfterInitialization,376] - Bean 'org.springframework.cloud.client.loadbalancer.LoadBalancerDefaultMappingsProviderAutoConfiguration' of type [org.springframework.cloud.client.loadbalancer.LoadBalancerDefaultMappingsProviderAutoConfiguration] is not eligible for getting processed by all BeanPostProcessors (for example: not eligible for auto-proxying)
2025-03-03 09:31:39.654 [main] INFO  o.s.c.s.PostProcessorRegistrationDelegate$BeanPostProcessorChecker - [postProcessAfterInitialization,376] - Bean 'loadBalancerClientsDefaultsMappingsProvider' of type [org.springframework.cloud.client.loadbalancer.LoadBalancerDefaultMappingsProviderAutoConfiguration$$Lambda$599/0x0000000801077538] is not eligible for getting processed by all BeanPostProcessors (for example: not eligible for auto-proxying)
2025-03-03 09:31:39.657 [main] INFO  o.s.c.s.PostProcessorRegistrationDelegate$BeanPostProcessorChecker - [postProcessAfterInitialization,376] - Bean 'defaultsBindHandlerAdvisor' of type [org.springframework.cloud.commons.config.DefaultsBindHandlerAdvisor] is not eligible for getting processed by all BeanPostProcessors (for example: not eligible for auto-proxying)
2025-03-03 09:31:39.662 [main] INFO  o.s.c.s.PostProcessorRegistrationDelegate$BeanPostProcessorChecker - [postProcessAfterInitialization,376] - Bean 'spring.cloud.sentinel-com.alibaba.cloud.sentinel.SentinelProperties' of type [com.alibaba.cloud.sentinel.SentinelProperties] is not eligible for getting processed by all BeanPostProcessors (for example: not eligible for auto-proxying)
2025-03-03 09:31:39.665 [main] INFO  o.s.c.s.PostProcessorRegistrationDelegate$BeanPostProcessorChecker - [postProcessAfterInitialization,376] - Bean 'com.alibaba.cloud.sentinel.custom.SentinelAutoConfiguration' of type [com.alibaba.cloud.sentinel.custom.SentinelAutoConfiguration] is not eligible for getting processed by all BeanPostProcessors (for example: not eligible for auto-proxying)
2025-03-03 09:31:39.985 [main] INFO  o.s.b.w.e.t.TomcatWebServer - [initialize,108] - Tomcat initialized with port(s): 9090 (http)
2025-03-03 09:31:39.997 [main] INFO  o.a.c.h.Http11NioProtocol - [log,173] - Initializing ProtocolHandler ["http-nio-9090"]
2025-03-03 09:31:39.997 [main] INFO  o.a.c.c.StandardService - [log,173] - Starting service [Tomcat]
2025-03-03 09:31:39.997 [main] INFO  o.a.c.c.StandardEngine - [log,173] - Starting Servlet engine: [Apache Tomcat/9.0.58]
2025-03-03 09:31:40.203 [main] INFO  o.a.c.c.C.[.[.[/] - [log,173] - Initializing Spring embedded WebApplicationContext
2025-03-03 09:31:40.203 [main] INFO  o.s.b.w.s.c.ServletWebServerApplicationContext - [prepareWebApplicationContext,290] - Root WebApplicationContext: initialization completed in 1908 ms
2025-03-03 09:31:41.113 [main] INFO  c.a.c.s.SentinelWebMvcConfigurer - [addInterceptors,52] - [Sentinel Starter] register SentinelWebInterceptor with urlPatterns: [/**].
2025-03-03 09:31:42.611 [main] INFO  o.a.c.h.Http11NioProtocol - [log,173] - Starting ProtocolHandler ["http-nio-9090"]
2025-03-03 09:31:42.640 [main] INFO  o.s.b.w.e.t.TomcatWebServer - [start,220] - Tomcat started on port(s): 9090 (http) with context path ''
2025-03-03 09:31:42.651 [main] INFO  c.a.c.n.r.NacosServiceRegistry - [register,75] - nacos registry, pcmis pcmis-case 172.22.71.182:9090 register finished
2025-03-03 09:31:43.093 [main] INFO  c.l._.CaseApplication - [logStarted,61] - Started CaseApplication in 6.855 seconds (JVM running for 7.76)
2025-03-03 09:31:43.099 [main] INFO  c.a.c.n.r.NacosContextRefresher - [registerNacosListenersForApplications,105] - listening config: dataId=pcmis-case.yaml, group=pcmis
2025-03-03 09:31:43.100 [main] INFO  c.a.c.n.r.NacosContextRefresher - [registerNacosListenersForApplications,105] - listening config: dataId=pcmis-case.yml, group=pcmis
2025-03-03 09:31:43.100 [main] INFO  c.a.c.n.r.NacosContextRefresher - [registerNacosListenersForApplications,105] - listening config: dataId=pcmis-case, group=pcmis
2025-03-03 09:45:34.051 [http-nio-9090-exec-1] INFO  o.a.c.c.C.[.[.[/] - [log,173] - Initializing Spring DispatcherServlet 'dispatcherServlet'
2025-03-03 09:45:34.058 [http-nio-9090-exec-1] INFO  o.s.w.s.DispatcherServlet - [initServletBean,525] - Initializing Servlet 'dispatcherServlet'
2025-03-03 09:45:34.060 [http-nio-9090-exec-1] INFO  o.s.w.s.DispatcherServlet - [initServletBean,547] - Completed initialization in 1 ms
2025-03-03 09:59:29.511 [SpringApplicationShutdownHook] INFO  c.a.c.n.r.NacosServiceRegistry - [deregister,94] - De-registering from Nacos Server now...
2025-03-03 09:59:29.513 [SpringApplicationShutdownHook] INFO  c.a.c.n.r.NacosServiceRegistry - [deregister,114] - De-registration finished.
2025-03-03 09:59:43.564 [main] INFO  o.s.c.b.c.PropertySourceBootstrapConfiguration - [initialize,109] - Located property source: [BootstrapPropertySource {name='bootstrapProperties-pcmis-case.yml,pcmis'}, BootstrapPropertySource {name='bootstrapProperties-pcmis-case,pcmis'}, BootstrapPropertySource {name='bootstrapProperties-pcmis-case.yaml,pcmis'}]
2025-03-03 09:59:43.569 [main] INFO  c.l._.CaseApplication - [logStartupProfileInfo,640] - No active profile set, falling back to 1 default profile: "default"
2025-03-03 09:59:44.268 [main] INFO  o.s.d.r.c.RepositoryConfigurationDelegate - [multipleStoresDetected,262] - Multiple Spring Data modules found, entering strict repository configuration mode!
2025-03-03 09:59:44.272 [main] INFO  o.s.d.r.c.RepositoryConfigurationDelegate - [registerRepositoriesIn,132] - Bootstrapping Spring Data Redis repositories in DEFAULT mode.
2025-03-03 09:59:44.297 [main] INFO  o.s.d.r.c.RepositoryConfigurationDelegate - [registerRepositoriesIn,201] - Finished Spring Data repository scanning in 11 ms. Found 0 Redis repository interfaces.
2025-03-03 09:59:44.524 [main] INFO  o.s.c.c.s.GenericScope - [setSerializationId,283] - BeanFactory id=62bfa2c2-77f2-39c0-beba-b1839e8f34e5
2025-03-03 09:59:44.896 [main] INFO  o.s.c.s.PostProcessorRegistrationDelegate$BeanPostProcessorChecker - [postProcessAfterInitialization,376] - Bean 'org.springframework.cloud.commons.config.CommonsConfigAutoConfiguration' of type [org.springframework.cloud.commons.config.CommonsConfigAutoConfiguration] is not eligible for getting processed by all BeanPostProcessors (for example: not eligible for auto-proxying)
2025-03-03 09:59:44.900 [main] INFO  o.s.c.s.PostProcessorRegistrationDelegate$BeanPostProcessorChecker - [postProcessAfterInitialization,376] - Bean 'org.springframework.cloud.client.loadbalancer.LoadBalancerDefaultMappingsProviderAutoConfiguration' of type [org.springframework.cloud.client.loadbalancer.LoadBalancerDefaultMappingsProviderAutoConfiguration] is not eligible for getting processed by all BeanPostProcessors (for example: not eligible for auto-proxying)
2025-03-03 09:59:44.901 [main] INFO  o.s.c.s.PostProcessorRegistrationDelegate$BeanPostProcessorChecker - [postProcessAfterInitialization,376] - Bean 'loadBalancerClientsDefaultsMappingsProvider' of type [org.springframework.cloud.client.loadbalancer.LoadBalancerDefaultMappingsProviderAutoConfiguration$$Lambda$599/0x0000000801077b88] is not eligible for getting processed by all BeanPostProcessors (for example: not eligible for auto-proxying)
2025-03-03 09:59:44.904 [main] INFO  o.s.c.s.PostProcessorRegistrationDelegate$BeanPostProcessorChecker - [postProcessAfterInitialization,376] - Bean 'defaultsBindHandlerAdvisor' of type [org.springframework.cloud.commons.config.DefaultsBindHandlerAdvisor] is not eligible for getting processed by all BeanPostProcessors (for example: not eligible for auto-proxying)
2025-03-03 09:59:44.909 [main] INFO  o.s.c.s.PostProcessorRegistrationDelegate$BeanPostProcessorChecker - [postProcessAfterInitialization,376] - Bean 'spring.cloud.sentinel-com.alibaba.cloud.sentinel.SentinelProperties' of type [com.alibaba.cloud.sentinel.SentinelProperties] is not eligible for getting processed by all BeanPostProcessors (for example: not eligible for auto-proxying)
2025-03-03 09:59:44.913 [main] INFO  o.s.c.s.PostProcessorRegistrationDelegate$BeanPostProcessorChecker - [postProcessAfterInitialization,376] - Bean 'com.alibaba.cloud.sentinel.custom.SentinelAutoConfiguration' of type [com.alibaba.cloud.sentinel.custom.SentinelAutoConfiguration] is not eligible for getting processed by all BeanPostProcessors (for example: not eligible for auto-proxying)
2025-03-03 09:59:45.240 [main] INFO  o.s.b.w.e.t.TomcatWebServer - [initialize,108] - Tomcat initialized with port(s): 9090 (http)
2025-03-03 09:59:45.253 [main] INFO  o.a.c.h.Http11NioProtocol - [log,173] - Initializing ProtocolHandler ["http-nio-9090"]
2025-03-03 09:59:45.254 [main] INFO  o.a.c.c.StandardService - [log,173] - Starting service [Tomcat]
2025-03-03 09:59:45.255 [main] INFO  o.a.c.c.StandardEngine - [log,173] - Starting Servlet engine: [Apache Tomcat/9.0.58]
2025-03-03 09:59:45.481 [main] INFO  o.a.c.c.C.[.[.[/] - [log,173] - Initializing Spring embedded WebApplicationContext
2025-03-03 09:59:45.481 [main] INFO  o.s.b.w.s.c.ServletWebServerApplicationContext - [prepareWebApplicationContext,290] - Root WebApplicationContext: initialization completed in 1888 ms
2025-03-03 09:59:46.402 [main] INFO  c.a.c.s.SentinelWebMvcConfigurer - [addInterceptors,52] - [Sentinel Starter] register SentinelWebInterceptor with urlPatterns: [/**].
2025-03-03 09:59:47.886 [main] INFO  o.a.c.h.Http11NioProtocol - [log,173] - Starting ProtocolHandler ["http-nio-9090"]
2025-03-03 09:59:47.914 [main] INFO  o.s.b.w.e.t.TomcatWebServer - [start,220] - Tomcat started on port(s): 9090 (http) with context path ''
2025-03-03 09:59:47.924 [main] INFO  c.a.c.n.r.NacosServiceRegistry - [register,75] - nacos registry, pcmis pcmis-case 172.22.71.182:9090 register finished
2025-03-03 09:59:48.360 [main] INFO  c.l._.CaseApplication - [logStarted,61] - Started CaseApplication in 6.935 seconds (JVM running for 7.946)
2025-03-03 09:59:48.366 [main] INFO  c.a.c.n.r.NacosContextRefresher - [registerNacosListenersForApplications,105] - listening config: dataId=pcmis-case.yaml, group=pcmis
2025-03-03 09:59:48.367 [main] INFO  c.a.c.n.r.NacosContextRefresher - [registerNacosListenersForApplications,105] - listening config: dataId=pcmis-case.yml, group=pcmis
2025-03-03 09:59:48.367 [main] INFO  c.a.c.n.r.NacosContextRefresher - [registerNacosListenersForApplications,105] - listening config: dataId=pcmis-case, group=pcmis
2025-03-03 10:00:45.092 [http-nio-9090-exec-1] INFO  o.a.c.c.C.[.[.[/] - [log,173] - Initializing Spring DispatcherServlet 'dispatcherServlet'
2025-03-03 10:00:45.092 [http-nio-9090-exec-1] INFO  o.s.w.s.DispatcherServlet - [initServletBean,525] - Initializing Servlet 'dispatcherServlet'
2025-03-03 10:00:45.093 [http-nio-9090-exec-1] INFO  o.s.w.s.DispatcherServlet - [initServletBean,547] - Completed initialization in 1 ms
2025-03-03 10:01:38.388 [SpringApplicationShutdownHook] INFO  c.a.c.n.r.NacosServiceRegistry - [deregister,94] - De-registering from Nacos Server now...
2025-03-03 10:01:38.390 [SpringApplicationShutdownHook] INFO  c.a.c.n.r.NacosServiceRegistry - [deregister,114] - De-registration finished.
2025-03-03 10:01:48.769 [main] INFO  o.s.c.b.c.PropertySourceBootstrapConfiguration - [initialize,109] - Located property source: [BootstrapPropertySource {name='bootstrapProperties-pcmis-case.yml,pcmis'}, BootstrapPropertySource {name='bootstrapProperties-pcmis-case,pcmis'}, BootstrapPropertySource {name='bootstrapProperties-pcmis-case.yaml,pcmis'}]
2025-03-03 10:01:48.775 [main] INFO  c.l._.CaseApplication - [logStartupProfileInfo,640] - No active profile set, falling back to 1 default profile: "default"
2025-03-03 10:01:49.546 [main] INFO  o.s.d.r.c.RepositoryConfigurationDelegate - [multipleStoresDetected,262] - Multiple Spring Data modules found, entering strict repository configuration mode!
2025-03-03 10:01:49.550 [main] INFO  o.s.d.r.c.RepositoryConfigurationDelegate - [registerRepositoriesIn,132] - Bootstrapping Spring Data Redis repositories in DEFAULT mode.
2025-03-03 10:01:49.577 [main] INFO  o.s.d.r.c.RepositoryConfigurationDelegate - [registerRepositoriesIn,201] - Finished Spring Data repository scanning in 12 ms. Found 0 Redis repository interfaces.
2025-03-03 10:01:49.798 [main] INFO  o.s.c.c.s.GenericScope - [setSerializationId,283] - BeanFactory id=62bfa2c2-77f2-39c0-beba-b1839e8f34e5
2025-03-03 10:01:50.216 [main] INFO  o.s.c.s.PostProcessorRegistrationDelegate$BeanPostProcessorChecker - [postProcessAfterInitialization,376] - Bean 'org.springframework.cloud.commons.config.CommonsConfigAutoConfiguration' of type [org.springframework.cloud.commons.config.CommonsConfigAutoConfiguration] is not eligible for getting processed by all BeanPostProcessors (for example: not eligible for auto-proxying)
2025-03-03 10:01:50.221 [main] INFO  o.s.c.s.PostProcessorRegistrationDelegate$BeanPostProcessorChecker - [postProcessAfterInitialization,376] - Bean 'org.springframework.cloud.client.loadbalancer.LoadBalancerDefaultMappingsProviderAutoConfiguration' of type [org.springframework.cloud.client.loadbalancer.LoadBalancerDefaultMappingsProviderAutoConfiguration] is not eligible for getting processed by all BeanPostProcessors (for example: not eligible for auto-proxying)
2025-03-03 10:01:50.222 [main] INFO  o.s.c.s.PostProcessorRegistrationDelegate$BeanPostProcessorChecker - [postProcessAfterInitialization,376] - Bean 'loadBalancerClientsDefaultsMappingsProvider' of type [org.springframework.cloud.client.loadbalancer.LoadBalancerDefaultMappingsProviderAutoConfiguration$$Lambda$599/0x0000000801076a78] is not eligible for getting processed by all BeanPostProcessors (for example: not eligible for auto-proxying)
2025-03-03 10:01:50.226 [main] INFO  o.s.c.s.PostProcessorRegistrationDelegate$BeanPostProcessorChecker - [postProcessAfterInitialization,376] - Bean 'defaultsBindHandlerAdvisor' of type [org.springframework.cloud.commons.config.DefaultsBindHandlerAdvisor] is not eligible for getting processed by all BeanPostProcessors (for example: not eligible for auto-proxying)
2025-03-03 10:01:50.231 [main] INFO  o.s.c.s.PostProcessorRegistrationDelegate$BeanPostProcessorChecker - [postProcessAfterInitialization,376] - Bean 'spring.cloud.sentinel-com.alibaba.cloud.sentinel.SentinelProperties' of type [com.alibaba.cloud.sentinel.SentinelProperties] is not eligible for getting processed by all BeanPostProcessors (for example: not eligible for auto-proxying)
2025-03-03 10:01:50.235 [main] INFO  o.s.c.s.PostProcessorRegistrationDelegate$BeanPostProcessorChecker - [postProcessAfterInitialization,376] - Bean 'com.alibaba.cloud.sentinel.custom.SentinelAutoConfiguration' of type [com.alibaba.cloud.sentinel.custom.SentinelAutoConfiguration] is not eligible for getting processed by all BeanPostProcessors (for example: not eligible for auto-proxying)
2025-03-03 10:01:50.551 [main] INFO  o.s.b.w.e.t.TomcatWebServer - [initialize,108] - Tomcat initialized with port(s): 9090 (http)
2025-03-03 10:01:50.564 [main] INFO  o.a.c.h.Http11NioProtocol - [log,173] - Initializing ProtocolHandler ["http-nio-9090"]
2025-03-03 10:01:50.564 [main] INFO  o.a.c.c.StandardService - [log,173] - Starting service [Tomcat]
2025-03-03 10:01:50.565 [main] INFO  o.a.c.c.StandardEngine - [log,173] - Starting Servlet engine: [Apache Tomcat/9.0.58]
2025-03-03 10:01:50.788 [main] INFO  o.a.c.c.C.[.[.[/] - [log,173] - Initializing Spring embedded WebApplicationContext
2025-03-03 10:01:50.789 [main] INFO  o.s.b.w.s.c.ServletWebServerApplicationContext - [prepareWebApplicationContext,290] - Root WebApplicationContext: initialization completed in 1990 ms
2025-03-03 10:01:51.652 [main] INFO  c.a.c.s.SentinelWebMvcConfigurer - [addInterceptors,52] - [Sentinel Starter] register SentinelWebInterceptor with urlPatterns: [/**].
2025-03-03 10:01:53.101 [main] INFO  o.a.c.h.Http11NioProtocol - [log,173] - Starting ProtocolHandler ["http-nio-9090"]
2025-03-03 10:01:53.129 [main] INFO  o.s.b.w.e.t.TomcatWebServer - [start,220] - Tomcat started on port(s): 9090 (http) with context path ''
2025-03-03 10:01:53.138 [main] INFO  c.a.c.n.r.NacosServiceRegistry - [register,75] - nacos registry, pcmis pcmis-case 172.22.71.182:9090 register finished
2025-03-03 10:01:53.582 [main] INFO  c.l._.CaseApplication - [logStarted,61] - Started CaseApplication in 6.88 seconds (JVM running for 7.727)
2025-03-03 10:01:53.587 [main] INFO  c.a.c.n.r.NacosContextRefresher - [registerNacosListenersForApplications,105] - listening config: dataId=pcmis-case.yaml, group=pcmis
2025-03-03 10:01:53.588 [main] INFO  c.a.c.n.r.NacosContextRefresher - [registerNacosListenersForApplications,105] - listening config: dataId=pcmis-case.yml, group=pcmis
2025-03-03 10:01:53.589 [main] INFO  c.a.c.n.r.NacosContextRefresher - [registerNacosListenersForApplications,105] - listening config: dataId=pcmis-case, group=pcmis
2025-03-03 10:02:42.801 [http-nio-9090-exec-2] INFO  o.a.c.c.C.[.[.[/] - [log,173] - Initializing Spring DispatcherServlet 'dispatcherServlet'
2025-03-03 10:02:42.802 [http-nio-9090-exec-2] INFO  o.s.w.s.DispatcherServlet - [initServletBean,525] - Initializing Servlet 'dispatcherServlet'
2025-03-03 10:02:42.803 [http-nio-9090-exec-2] INFO  o.s.w.s.DispatcherServlet - [initServletBean,547] - Completed initialization in 1 ms
2025-03-03 10:05:29.662 [com.alibaba.nacos.client.Worker.longPolling.fixed-localhost_8848-pcmis] INFO  o.s.c.b.c.PropertySourceBootstrapConfiguration - [initialize,109] - Located property source: [BootstrapPropertySource {name='bootstrapProperties-pcmis-case.yml,pcmis'}, BootstrapPropertySource {name='bootstrapProperties-pcmis-case,pcmis'}, BootstrapPropertySource {name='bootstrapProperties-pcmis-case.yaml,pcmis'}]
2025-03-03 10:05:29.664 [com.alibaba.nacos.client.Worker.longPolling.fixed-localhost_8848-pcmis] INFO  o.s.b.SpringApplication - [logStartupProfileInfo,640] - No active profile set, falling back to 1 default profile: "default"
2025-03-03 10:05:29.674 [com.alibaba.nacos.client.Worker.longPolling.fixed-localhost_8848-pcmis] INFO  o.s.b.SpringApplication - [logStarted,61] - Started application in 0.525 seconds (JVM running for 223.819)
2025-03-03 10:05:29.724 [com.alibaba.nacos.client.Worker.longPolling.fixed-localhost_8848-pcmis] INFO  o.s.c.e.e.RefreshEventListener - [handle,73] - Refresh keys changed: []
2025-03-03 10:05:33.605 [SpringApplicationShutdownHook] INFO  c.a.c.n.r.NacosServiceRegistry - [deregister,94] - De-registering from Nacos Server now...
2025-03-03 10:05:33.608 [SpringApplicationShutdownHook] INFO  c.a.c.n.r.NacosServiceRegistry - [deregister,114] - De-registration finished.
2025-03-03 10:05:40.705 [main] INFO  o.s.c.b.c.PropertySourceBootstrapConfiguration - [initialize,109] - Located property source: [BootstrapPropertySource {name='bootstrapProperties-pcmis-case.yml,pcmis'}, BootstrapPropertySource {name='bootstrapProperties-pcmis-case,pcmis'}, BootstrapPropertySource {name='bootstrapProperties-pcmis-case.yaml,pcmis'}]
2025-03-03 10:05:40.710 [main] INFO  c.l._.CaseApplication - [logStartupProfileInfo,640] - No active profile set, falling back to 1 default profile: "default"
2025-03-03 10:05:41.373 [main] INFO  o.s.d.r.c.RepositoryConfigurationDelegate - [multipleStoresDetected,262] - Multiple Spring Data modules found, entering strict repository configuration mode!
2025-03-03 10:05:41.376 [main] INFO  o.s.d.r.c.RepositoryConfigurationDelegate - [registerRepositoriesIn,132] - Bootstrapping Spring Data Redis repositories in DEFAULT mode.
2025-03-03 10:05:41.401 [main] INFO  o.s.d.r.c.RepositoryConfigurationDelegate - [registerRepositoriesIn,201] - Finished Spring Data repository scanning in 10 ms. Found 0 Redis repository interfaces.
2025-03-03 10:05:41.609 [main] INFO  o.s.c.c.s.GenericScope - [setSerializationId,283] - BeanFactory id=62bfa2c2-77f2-39c0-beba-b1839e8f34e5
2025-03-03 10:05:41.981 [main] INFO  o.s.c.s.PostProcessorRegistrationDelegate$BeanPostProcessorChecker - [postProcessAfterInitialization,376] - Bean 'org.springframework.cloud.commons.config.CommonsConfigAutoConfiguration' of type [org.springframework.cloud.commons.config.CommonsConfigAutoConfiguration] is not eligible for getting processed by all BeanPostProcessors (for example: not eligible for auto-proxying)
2025-03-03 10:05:41.985 [main] INFO  o.s.c.s.PostProcessorRegistrationDelegate$BeanPostProcessorChecker - [postProcessAfterInitialization,376] - Bean 'org.springframework.cloud.client.loadbalancer.LoadBalancerDefaultMappingsProviderAutoConfiguration' of type [org.springframework.cloud.client.loadbalancer.LoadBalancerDefaultMappingsProviderAutoConfiguration] is not eligible for getting processed by all BeanPostProcessors (for example: not eligible for auto-proxying)
2025-03-03 10:05:41.986 [main] INFO  o.s.c.s.PostProcessorRegistrationDelegate$BeanPostProcessorChecker - [postProcessAfterInitialization,376] - Bean 'loadBalancerClientsDefaultsMappingsProvider' of type [org.springframework.cloud.client.loadbalancer.LoadBalancerDefaultMappingsProviderAutoConfiguration$$Lambda$599/0x0000000801076ee0] is not eligible for getting processed by all BeanPostProcessors (for example: not eligible for auto-proxying)
2025-03-03 10:05:41.988 [main] INFO  o.s.c.s.PostProcessorRegistrationDelegate$BeanPostProcessorChecker - [postProcessAfterInitialization,376] - Bean 'defaultsBindHandlerAdvisor' of type [org.springframework.cloud.commons.config.DefaultsBindHandlerAdvisor] is not eligible for getting processed by all BeanPostProcessors (for example: not eligible for auto-proxying)
2025-03-03 10:05:42.002 [main] INFO  o.s.c.s.PostProcessorRegistrationDelegate$BeanPostProcessorChecker - [postProcessAfterInitialization,376] - Bean 'spring.cloud.sentinel-com.alibaba.cloud.sentinel.SentinelProperties' of type [com.alibaba.cloud.sentinel.SentinelProperties] is not eligible for getting processed by all BeanPostProcessors (for example: not eligible for auto-proxying)
2025-03-03 10:05:42.006 [main] INFO  o.s.c.s.PostProcessorRegistrationDelegate$BeanPostProcessorChecker - [postProcessAfterInitialization,376] - Bean 'com.alibaba.cloud.sentinel.custom.SentinelAutoConfiguration' of type [com.alibaba.cloud.sentinel.custom.SentinelAutoConfiguration] is not eligible for getting processed by all BeanPostProcessors (for example: not eligible for auto-proxying)
2025-03-03 10:05:42.326 [main] INFO  o.s.b.w.e.t.TomcatWebServer - [initialize,108] - Tomcat initialized with port(s): 9090 (http)
2025-03-03 10:05:42.339 [main] INFO  o.a.c.h.Http11NioProtocol - [log,173] - Initializing ProtocolHandler ["http-nio-9090"]
2025-03-03 10:05:42.339 [main] INFO  o.a.c.c.StandardService - [log,173] - Starting service [Tomcat]
2025-03-03 10:05:42.340 [main] INFO  o.a.c.c.StandardEngine - [log,173] - Starting Servlet engine: [Apache Tomcat/9.0.58]
2025-03-03 10:05:42.570 [main] INFO  o.a.c.c.C.[.[.[/] - [log,173] - Initializing Spring embedded WebApplicationContext
2025-03-03 10:05:42.571 [main] INFO  o.s.b.w.s.c.ServletWebServerApplicationContext - [prepareWebApplicationContext,290] - Root WebApplicationContext: initialization completed in 1839 ms
2025-03-03 10:05:43.511 [main] INFO  c.a.c.s.SentinelWebMvcConfigurer - [addInterceptors,52] - [Sentinel Starter] register SentinelWebInterceptor with urlPatterns: [/**].
2025-03-03 10:05:44.990 [main] INFO  o.a.c.h.Http11NioProtocol - [log,173] - Starting ProtocolHandler ["http-nio-9090"]
2025-03-03 10:05:45.017 [main] INFO  o.s.b.w.e.t.TomcatWebServer - [start,220] - Tomcat started on port(s): 9090 (http) with context path ''
2025-03-03 10:05:45.027 [main] INFO  c.a.c.n.r.NacosServiceRegistry - [register,75] - nacos registry, pcmis pcmis-case 172.22.71.182:9090 register finished
2025-03-03 10:05:45.461 [main] INFO  c.l._.CaseApplication - [logStarted,61] - Started CaseApplication in 6.784 seconds (JVM running for 7.64)
2025-03-03 10:05:45.466 [main] INFO  c.a.c.n.r.NacosContextRefresher - [registerNacosListenersForApplications,105] - listening config: dataId=pcmis-case.yaml, group=pcmis
2025-03-03 10:05:45.466 [main] INFO  c.a.c.n.r.NacosContextRefresher - [registerNacosListenersForApplications,105] - listening config: dataId=pcmis-case.yml, group=pcmis
2025-03-03 10:05:45.467 [main] INFO  c.a.c.n.r.NacosContextRefresher - [registerNacosListenersForApplications,105] - listening config: dataId=pcmis-case, group=pcmis
2025-03-03 10:05:52.490 [http-nio-9090-exec-1] INFO  o.a.c.c.C.[.[.[/] - [log,173] - Initializing Spring DispatcherServlet 'dispatcherServlet'
2025-03-03 10:05:52.490 [http-nio-9090-exec-1] INFO  o.s.w.s.DispatcherServlet - [initServletBean,525] - Initializing Servlet 'dispatcherServlet'
2025-03-03 10:05:52.491 [http-nio-9090-exec-1] INFO  o.s.w.s.DispatcherServlet - [initServletBean,547] - Completed initialization in 1 ms
2025-03-03 10:11:52.406 [SpringApplicationShutdownHook] INFO  c.a.c.n.r.NacosServiceRegistry - [deregister,94] - De-registering from Nacos Server now...
2025-03-03 10:11:52.409 [SpringApplicationShutdownHook] INFO  c.a.c.n.r.NacosServiceRegistry - [deregister,114] - De-registration finished.
2025-03-03 10:12:24.745 [main] INFO  o.s.c.b.c.PropertySourceBootstrapConfiguration - [initialize,109] - Located property source: [BootstrapPropertySource {name='bootstrapProperties-pcmis-case.yml,pcmis'}, BootstrapPropertySource {name='bootstrapProperties-pcmis-case,pcmis'}, BootstrapPropertySource {name='bootstrapProperties-pcmis-case.yaml,pcmis'}]
2025-03-03 10:12:24.751 [main] INFO  c.l._.CaseApplication - [logStartupProfileInfo,640] - No active profile set, falling back to 1 default profile: "default"
2025-03-03 10:12:25.514 [main] INFO  o.s.d.r.c.RepositoryConfigurationDelegate - [multipleStoresDetected,262] - Multiple Spring Data modules found, entering strict repository configuration mode!
2025-03-03 10:12:25.519 [main] INFO  o.s.d.r.c.RepositoryConfigurationDelegate - [registerRepositoriesIn,132] - Bootstrapping Spring Data Redis repositories in DEFAULT mode.
2025-03-03 10:12:25.553 [main] INFO  o.s.d.r.c.RepositoryConfigurationDelegate - [registerRepositoriesIn,201] - Finished Spring Data repository scanning in 15 ms. Found 0 Redis repository interfaces.
2025-03-03 10:12:25.836 [main] INFO  o.s.c.c.s.GenericScope - [setSerializationId,283] - BeanFactory id=62bfa2c2-77f2-39c0-beba-b1839e8f34e5
2025-03-03 10:12:26.276 [main] INFO  o.s.c.s.PostProcessorRegistrationDelegate$BeanPostProcessorChecker - [postProcessAfterInitialization,376] - Bean 'org.springframework.cloud.commons.config.CommonsConfigAutoConfiguration' of type [org.springframework.cloud.commons.config.CommonsConfigAutoConfiguration] is not eligible for getting processed by all BeanPostProcessors (for example: not eligible for auto-proxying)
2025-03-03 10:12:26.283 [main] INFO  o.s.c.s.PostProcessorRegistrationDelegate$BeanPostProcessorChecker - [postProcessAfterInitialization,376] - Bean 'org.springframework.cloud.client.loadbalancer.LoadBalancerDefaultMappingsProviderAutoConfiguration' of type [org.springframework.cloud.client.loadbalancer.LoadBalancerDefaultMappingsProviderAutoConfiguration] is not eligible for getting processed by all BeanPostProcessors (for example: not eligible for auto-proxying)
2025-03-03 10:12:26.284 [main] INFO  o.s.c.s.PostProcessorRegistrationDelegate$BeanPostProcessorChecker - [postProcessAfterInitialization,376] - Bean 'loadBalancerClientsDefaultsMappingsProvider' of type [org.springframework.cloud.client.loadbalancer.LoadBalancerDefaultMappingsProviderAutoConfiguration$$Lambda$599/0x0000000801077948] is not eligible for getting processed by all BeanPostProcessors (for example: not eligible for auto-proxying)
2025-03-03 10:12:26.289 [main] INFO  o.s.c.s.PostProcessorRegistrationDelegate$BeanPostProcessorChecker - [postProcessAfterInitialization,376] - Bean 'defaultsBindHandlerAdvisor' of type [org.springframework.cloud.commons.config.DefaultsBindHandlerAdvisor] is not eligible for getting processed by all BeanPostProcessors (for example: not eligible for auto-proxying)
2025-03-03 10:12:26.298 [main] INFO  o.s.c.s.PostProcessorRegistrationDelegate$BeanPostProcessorChecker - [postProcessAfterInitialization,376] - Bean 'spring.cloud.sentinel-com.alibaba.cloud.sentinel.SentinelProperties' of type [com.alibaba.cloud.sentinel.SentinelProperties] is not eligible for getting processed by all BeanPostProcessors (for example: not eligible for auto-proxying)
2025-03-03 10:12:26.303 [main] INFO  o.s.c.s.PostProcessorRegistrationDelegate$BeanPostProcessorChecker - [postProcessAfterInitialization,376] - Bean 'com.alibaba.cloud.sentinel.custom.SentinelAutoConfiguration' of type [com.alibaba.cloud.sentinel.custom.SentinelAutoConfiguration] is not eligible for getting processed by all BeanPostProcessors (for example: not eligible for auto-proxying)
2025-03-03 10:12:26.716 [main] INFO  o.s.b.w.e.t.TomcatWebServer - [initialize,108] - Tomcat initialized with port(s): 9090 (http)
2025-03-03 10:12:26.728 [main] INFO  o.a.c.h.Http11NioProtocol - [log,173] - Initializing ProtocolHandler ["http-nio-9090"]
2025-03-03 10:12:26.729 [main] INFO  o.a.c.c.StandardService - [log,173] - Starting service [Tomcat]
2025-03-03 10:12:26.729 [main] INFO  o.a.c.c.StandardEngine - [log,173] - Starting Servlet engine: [Apache Tomcat/9.0.58]
2025-03-03 10:12:26.978 [main] INFO  o.a.c.c.C.[.[.[/] - [log,173] - Initializing Spring embedded WebApplicationContext
2025-03-03 10:12:26.978 [main] INFO  o.s.b.w.s.c.ServletWebServerApplicationContext - [prepareWebApplicationContext,290] - Root WebApplicationContext: initialization completed in 2204 ms
2025-03-03 10:12:28.046 [main] INFO  c.a.c.s.SentinelWebMvcConfigurer - [addInterceptors,52] - [Sentinel Starter] register SentinelWebInterceptor with urlPatterns: [/**].
2025-03-03 10:12:29.800 [main] INFO  o.a.c.h.Http11NioProtocol - [log,173] - Starting ProtocolHandler ["http-nio-9090"]
2025-03-03 10:12:29.829 [main] INFO  o.s.b.w.e.t.TomcatWebServer - [start,220] - Tomcat started on port(s): 9090 (http) with context path ''
2025-03-03 10:12:29.841 [main] INFO  c.a.c.n.r.NacosServiceRegistry - [register,75] - nacos registry, pcmis pcmis-case 172.22.71.182:9090 register finished
2025-03-03 10:12:30.347 [main] INFO  c.l._.CaseApplication - [logStarted,61] - Started CaseApplication in 8.088 seconds (JVM running for 9.108)
2025-03-03 10:12:30.354 [main] INFO  c.a.c.n.r.NacosContextRefresher - [registerNacosListenersForApplications,105] - listening config: dataId=pcmis-case.yaml, group=pcmis
2025-03-03 10:12:30.355 [main] INFO  c.a.c.n.r.NacosContextRefresher - [registerNacosListenersForApplications,105] - listening config: dataId=pcmis-case.yml, group=pcmis
2025-03-03 10:12:30.355 [main] INFO  c.a.c.n.r.NacosContextRefresher - [registerNacosListenersForApplications,105] - listening config: dataId=pcmis-case, group=pcmis
2025-03-03 10:13:08.164 [SpringApplicationShutdownHook] INFO  c.a.c.n.r.NacosServiceRegistry - [deregister,94] - De-registering from Nacos Server now...
2025-03-03 10:13:08.167 [SpringApplicationShutdownHook] INFO  c.a.c.n.r.NacosServiceRegistry - [deregister,114] - De-registration finished.
2025-03-03 14:52:05.130 [main] INFO  o.s.c.b.c.PropertySourceBootstrapConfiguration - [initialize,109] - Located property source: [BootstrapPropertySource {name='bootstrapProperties-pcmis-case.yml,pcmis'}, BootstrapPropertySource {name='bootstrapProperties-pcmis-case,pcmis'}, BootstrapPropertySource {name='bootstrapProperties-pcmis-case.yaml,pcmis'}]
2025-03-03 14:52:05.137 [main] INFO  c.l._.CaseApplication - [logStartupProfileInfo,640] - No active profile set, falling back to 1 default profile: "default"
2025-03-03 14:52:06.330 [main] INFO  o.s.d.r.c.RepositoryConfigurationDelegate - [multipleStoresDetected,262] - Multiple Spring Data modules found, entering strict repository configuration mode!
2025-03-03 14:52:06.335 [main] INFO  o.s.d.r.c.RepositoryConfigurationDelegate - [registerRepositoriesIn,132] - Bootstrapping Spring Data Redis repositories in DEFAULT mode.
2025-03-03 14:52:06.379 [main] INFO  o.s.d.r.c.RepositoryConfigurationDelegate - [registerRepositoriesIn,201] - Finished Spring Data repository scanning in 20 ms. Found 0 Redis repository interfaces.
2025-03-03 14:52:06.771 [main] INFO  o.s.c.c.s.GenericScope - [setSerializationId,283] - BeanFactory id=62bfa2c2-77f2-39c0-beba-b1839e8f34e5
2025-03-03 14:52:07.444 [main] INFO  o.s.c.s.PostProcessorRegistrationDelegate$BeanPostProcessorChecker - [postProcessAfterInitialization,376] - Bean 'org.springframework.cloud.commons.config.CommonsConfigAutoConfiguration' of type [org.springframework.cloud.commons.config.CommonsConfigAutoConfiguration] is not eligible for getting processed by all BeanPostProcessors (for example: not eligible for auto-proxying)
2025-03-03 14:52:07.452 [main] INFO  o.s.c.s.PostProcessorRegistrationDelegate$BeanPostProcessorChecker - [postProcessAfterInitialization,376] - Bean 'org.springframework.cloud.client.loadbalancer.LoadBalancerDefaultMappingsProviderAutoConfiguration' of type [org.springframework.cloud.client.loadbalancer.LoadBalancerDefaultMappingsProviderAutoConfiguration] is not eligible for getting processed by all BeanPostProcessors (for example: not eligible for auto-proxying)
2025-03-03 14:52:07.455 [main] INFO  o.s.c.s.PostProcessorRegistrationDelegate$BeanPostProcessorChecker - [postProcessAfterInitialization,376] - Bean 'loadBalancerClientsDefaultsMappingsProvider' of type [org.springframework.cloud.client.loadbalancer.LoadBalancerDefaultMappingsProviderAutoConfiguration$$Lambda$599/0x0000000801077538] is not eligible for getting processed by all BeanPostProcessors (for example: not eligible for auto-proxying)
2025-03-03 14:52:07.461 [main] INFO  o.s.c.s.PostProcessorRegistrationDelegate$BeanPostProcessorChecker - [postProcessAfterInitialization,376] - Bean 'defaultsBindHandlerAdvisor' of type [org.springframework.cloud.commons.config.DefaultsBindHandlerAdvisor] is not eligible for getting processed by all BeanPostProcessors (for example: not eligible for auto-proxying)
2025-03-03 14:52:07.469 [main] INFO  o.s.c.s.PostProcessorRegistrationDelegate$BeanPostProcessorChecker - [postProcessAfterInitialization,376] - Bean 'spring.cloud.sentinel-com.alibaba.cloud.sentinel.SentinelProperties' of type [com.alibaba.cloud.sentinel.SentinelProperties] is not eligible for getting processed by all BeanPostProcessors (for example: not eligible for auto-proxying)
2025-03-03 14:52:07.478 [main] INFO  o.s.c.s.PostProcessorRegistrationDelegate$BeanPostProcessorChecker - [postProcessAfterInitialization,376] - Bean 'com.alibaba.cloud.sentinel.custom.SentinelAutoConfiguration' of type [com.alibaba.cloud.sentinel.custom.SentinelAutoConfiguration] is not eligible for getting processed by all BeanPostProcessors (for example: not eligible for auto-proxying)
2025-03-03 14:52:08.004 [main] INFO  o.s.b.w.e.t.TomcatWebServer - [initialize,108] - Tomcat initialized with port(s): 9090 (http)
2025-03-03 14:52:08.024 [main] INFO  o.a.c.h.Http11NioProtocol - [log,173] - Initializing ProtocolHandler ["http-nio-9090"]
2025-03-03 14:52:08.024 [main] INFO  o.a.c.c.StandardService - [log,173] - Starting service [Tomcat]
2025-03-03 14:52:08.025 [main] INFO  o.a.c.c.StandardEngine - [log,173] - Starting Servlet engine: [Apache Tomcat/9.0.58]
2025-03-03 14:52:08.346 [main] INFO  o.a.c.c.C.[.[.[/] - [log,173] - Initializing Spring embedded WebApplicationContext
2025-03-03 14:52:08.347 [main] INFO  o.s.b.w.s.c.ServletWebServerApplicationContext - [prepareWebApplicationContext,290] - Root WebApplicationContext: initialization completed in 3174 ms
2025-03-03 14:52:09.536 [main] INFO  c.a.c.s.SentinelWebMvcConfigurer - [addInterceptors,52] - [Sentinel Starter] register SentinelWebInterceptor with urlPatterns: [/**].
2025-03-03 14:52:11.779 [main] INFO  o.a.c.h.Http11NioProtocol - [log,173] - Starting ProtocolHandler ["http-nio-9090"]
2025-03-03 14:52:11.812 [main] INFO  o.s.b.w.e.t.TomcatWebServer - [start,220] - Tomcat started on port(s): 9090 (http) with context path ''
2025-03-03 14:52:11.826 [main] INFO  c.a.c.n.r.NacosServiceRegistry - [register,75] - nacos registry, pcmis pcmis-case 172.22.71.182:9090 register finished
2025-03-03 14:52:12.459 [main] INFO  c.l._.CaseApplication - [logStarted,61] - Started CaseApplication in 10.34 seconds (JVM running for 11.514)
2025-03-03 14:52:12.466 [main] INFO  c.a.c.n.r.NacosContextRefresher - [registerNacosListenersForApplications,105] - listening config: dataId=pcmis-case.yaml, group=pcmis
2025-03-03 14:52:12.466 [main] INFO  c.a.c.n.r.NacosContextRefresher - [registerNacosListenersForApplications,105] - listening config: dataId=pcmis-case.yml, group=pcmis
2025-03-03 14:52:12.467 [main] INFO  c.a.c.n.r.NacosContextRefresher - [registerNacosListenersForApplications,105] - listening config: dataId=pcmis-case, group=pcmis
2025-03-03 14:53:11.253 [http-nio-9090-exec-1] INFO  o.a.c.c.C.[.[.[/] - [log,173] - Initializing Spring DispatcherServlet 'dispatcherServlet'
2025-03-03 14:53:11.254 [http-nio-9090-exec-1] INFO  o.s.w.s.DispatcherServlet - [initServletBean,525] - Initializing Servlet 'dispatcherServlet'
2025-03-03 14:53:11.255 [http-nio-9090-exec-1] INFO  o.s.w.s.DispatcherServlet - [initServletBean,547] - Completed initialization in 1 ms
2025-03-03 16:34:56.227 [SpringApplicationShutdownHook] INFO  c.a.c.n.r.NacosServiceRegistry - [deregister,94] - De-registering from Nacos Server now...
2025-03-03 16:34:56.240 [SpringApplicationShutdownHook] INFO  c.a.c.n.r.NacosServiceRegistry - [deregister,114] - De-registration finished.
2025-03-03 16:35:23.711 [main] INFO  o.s.c.b.c.PropertySourceBootstrapConfiguration - [initialize,109] - Located property source: [BootstrapPropertySource {name='bootstrapProperties-pcmis-case.yml,pcmis'}, BootstrapPropertySource {name='bootstrapProperties-pcmis-case,pcmis'}, BootstrapPropertySource {name='bootstrapProperties-pcmis-case.yaml,pcmis'}]
2025-03-03 16:35:23.724 [main] INFO  c.l._.CaseApplication - [logStartupProfileInfo,640] - No active profile set, falling back to 1 default profile: "default"
2025-03-03 16:35:24.859 [main] INFO  o.s.d.r.c.RepositoryConfigurationDelegate - [multipleStoresDetected,262] - Multiple Spring Data modules found, entering strict repository configuration mode!
2025-03-03 16:35:24.865 [main] INFO  o.s.d.r.c.RepositoryConfigurationDelegate - [registerRepositoriesIn,132] - Bootstrapping Spring Data Redis repositories in DEFAULT mode.
2025-03-03 16:35:24.900 [main] INFO  o.s.d.r.c.RepositoryConfigurationDelegate - [registerRepositoriesIn,201] - Finished Spring Data repository scanning in 13 ms. Found 0 Redis repository interfaces.
2025-03-03 16:35:25.225 [main] INFO  o.s.c.c.s.GenericScope - [setSerializationId,283] - BeanFactory id=62bfa2c2-77f2-39c0-beba-b1839e8f34e5
2025-03-03 16:35:25.693 [main] INFO  o.s.c.s.PostProcessorRegistrationDelegate$BeanPostProcessorChecker - [postProcessAfterInitialization,376] - Bean 'org.springframework.cloud.commons.config.CommonsConfigAutoConfiguration' of type [org.springframework.cloud.commons.config.CommonsConfigAutoConfiguration] is not eligible for getting processed by all BeanPostProcessors (for example: not eligible for auto-proxying)
2025-03-03 16:35:25.697 [main] INFO  o.s.c.s.PostProcessorRegistrationDelegate$BeanPostProcessorChecker - [postProcessAfterInitialization,376] - Bean 'org.springframework.cloud.client.loadbalancer.LoadBalancerDefaultMappingsProviderAutoConfiguration' of type [org.springframework.cloud.client.loadbalancer.LoadBalancerDefaultMappingsProviderAutoConfiguration] is not eligible for getting processed by all BeanPostProcessors (for example: not eligible for auto-proxying)
2025-03-03 16:35:25.698 [main] INFO  o.s.c.s.PostProcessorRegistrationDelegate$BeanPostProcessorChecker - [postProcessAfterInitialization,376] - Bean 'loadBalancerClientsDefaultsMappingsProvider' of type [org.springframework.cloud.client.loadbalancer.LoadBalancerDefaultMappingsProviderAutoConfiguration$$Lambda$599/0x0000000801076ee0] is not eligible for getting processed by all BeanPostProcessors (for example: not eligible for auto-proxying)
2025-03-03 16:35:25.701 [main] INFO  o.s.c.s.PostProcessorRegistrationDelegate$BeanPostProcessorChecker - [postProcessAfterInitialization,376] - Bean 'defaultsBindHandlerAdvisor' of type [org.springframework.cloud.commons.config.DefaultsBindHandlerAdvisor] is not eligible for getting processed by all BeanPostProcessors (for example: not eligible for auto-proxying)
2025-03-03 16:35:25.705 [main] INFO  o.s.c.s.PostProcessorRegistrationDelegate$BeanPostProcessorChecker - [postProcessAfterInitialization,376] - Bean 'spring.cloud.sentinel-com.alibaba.cloud.sentinel.SentinelProperties' of type [com.alibaba.cloud.sentinel.SentinelProperties] is not eligible for getting processed by all BeanPostProcessors (for example: not eligible for auto-proxying)
2025-03-03 16:35:25.709 [main] INFO  o.s.c.s.PostProcessorRegistrationDelegate$BeanPostProcessorChecker - [postProcessAfterInitialization,376] - Bean 'com.alibaba.cloud.sentinel.custom.SentinelAutoConfiguration' of type [com.alibaba.cloud.sentinel.custom.SentinelAutoConfiguration] is not eligible for getting processed by all BeanPostProcessors (for example: not eligible for auto-proxying)
2025-03-03 16:35:26.047 [main] INFO  o.s.b.w.e.t.TomcatWebServer - [initialize,108] - Tomcat initialized with port(s): 9090 (http)
2025-03-03 16:35:26.063 [main] INFO  o.a.c.h.Http11NioProtocol - [log,173] - Initializing ProtocolHandler ["http-nio-9090"]
2025-03-03 16:35:26.063 [main] INFO  o.a.c.c.StandardService - [log,173] - Starting service [Tomcat]
2025-03-03 16:35:26.064 [main] INFO  o.a.c.c.StandardEngine - [log,173] - Starting Servlet engine: [Apache Tomcat/9.0.58]
2025-03-03 16:35:26.331 [main] INFO  o.a.c.c.C.[.[.[/] - [log,173] - Initializing Spring embedded WebApplicationContext
2025-03-03 16:35:26.331 [main] INFO  o.s.b.w.s.c.ServletWebServerApplicationContext - [prepareWebApplicationContext,290] - Root WebApplicationContext: initialization completed in 2563 ms
2025-03-03 16:35:27.344 [main] INFO  c.a.c.s.SentinelWebMvcConfigurer - [addInterceptors,52] - [Sentinel Starter] register SentinelWebInterceptor with urlPatterns: [/**].
2025-03-03 16:35:29.289 [main] INFO  o.a.c.h.Http11NioProtocol - [log,173] - Starting ProtocolHandler ["http-nio-9090"]
2025-03-03 16:35:29.322 [main] INFO  o.s.b.w.e.t.TomcatWebServer - [start,220] - Tomcat started on port(s): 9090 (http) with context path ''
2025-03-03 16:35:29.333 [main] INFO  c.a.c.n.r.NacosServiceRegistry - [register,75] - nacos registry, pcmis pcmis-case 172.22.71.182:9090 register finished
2025-03-03 16:35:29.895 [main] INFO  c.l._.CaseApplication - [logStarted,61] - Started CaseApplication in 9.317 seconds (JVM running for 10.42)
2025-03-03 16:35:29.901 [main] INFO  c.a.c.n.r.NacosContextRefresher - [registerNacosListenersForApplications,105] - listening config: dataId=pcmis-case.yaml, group=pcmis
2025-03-03 16:35:29.902 [main] INFO  c.a.c.n.r.NacosContextRefresher - [registerNacosListenersForApplications,105] - listening config: dataId=pcmis-case.yml, group=pcmis
2025-03-03 16:35:29.903 [main] INFO  c.a.c.n.r.NacosContextRefresher - [registerNacosListenersForApplications,105] - listening config: dataId=pcmis-case, group=pcmis
2025-03-03 16:35:55.638 [http-nio-9090-exec-1] INFO  o.a.c.c.C.[.[.[/] - [log,173] - Initializing Spring DispatcherServlet 'dispatcherServlet'
2025-03-03 16:35:55.638 [http-nio-9090-exec-1] INFO  o.s.w.s.DispatcherServlet - [initServletBean,525] - Initializing Servlet 'dispatcherServlet'
2025-03-03 16:35:55.639 [http-nio-9090-exec-1] INFO  o.s.w.s.DispatcherServlet - [initServletBean,547] - Completed initialization in 1 ms
2025-03-03 16:36:35.988 [http-nio-9090-exec-3] INFO  c.a.d.p.DruidDataSource - [init,990] - {dataSource-1} inited
