2025-03-03 09:09:13.695 [main] INFO  o.s.c.b.c.PropertySourceBootstrapConfiguration - [initialize,109] - Located property source: [BootstrapPropertySource {name='bootstrapProperties-pcmis-user.yml,pcmis'}, BootstrapPropertySource {name='bootstrapProperties-pcmis-user,pcmis'}, BootstrapPropertySource {name='bootstrapProperties-pcmis-user.yaml,pcmis'}]
2025-03-03 09:09:13.707 [main] INFO  c.l.u.UserApplication - [logStartupProfileInfo,640] - No active profile set, falling back to 1 default profile: "default"
2025-03-03 09:09:14.788 [main] INFO  o.s.c.c.s.GenericScope - [setSerializationId,283] - BeanFactory id=135a5cf6-7dcc-37d0-9dfb-4ee0c5217670
2025-03-03 09:09:15.274 [main] INFO  o.s.c.s.PostProcessorRegistrationDelegate$BeanPostProcessorChecker - [postProcessAfterInitialization,376] - Bean 'org.springframework.cloud.commons.config.CommonsConfigAutoConfiguration' of type [org.springframework.cloud.commons.config.CommonsConfigAutoConfiguration] is not eligible for getting processed by all BeanPostProcessors (for example: not eligible for auto-proxying)
2025-03-03 09:09:15.279 [main] INFO  o.s.c.s.PostProcessorRegistrationDelegate$BeanPostProcessorChecker - [postProcessAfterInitialization,376] - Bean 'org.springframework.cloud.client.loadbalancer.LoadBalancerDefaultMappingsProviderAutoConfiguration' of type [org.springframework.cloud.client.loadbalancer.LoadBalancerDefaultMappingsProviderAutoConfiguration] is not eligible for getting processed by all BeanPostProcessors (for example: not eligible for auto-proxying)
2025-03-03 09:09:15.280 [main] INFO  o.s.c.s.PostProcessorRegistrationDelegate$BeanPostProcessorChecker - [postProcessAfterInitialization,376] - Bean 'loadBalancerClientsDefaultsMappingsProvider' of type [org.springframework.cloud.client.loadbalancer.LoadBalancerDefaultMappingsProviderAutoConfiguration$$Lambda$554/0x0000000801038240] is not eligible for getting processed by all BeanPostProcessors (for example: not eligible for auto-proxying)
2025-03-03 09:09:15.284 [main] INFO  o.s.c.s.PostProcessorRegistrationDelegate$BeanPostProcessorChecker - [postProcessAfterInitialization,376] - Bean 'defaultsBindHandlerAdvisor' of type [org.springframework.cloud.commons.config.DefaultsBindHandlerAdvisor] is not eligible for getting processed by all BeanPostProcessors (for example: not eligible for auto-proxying)
2025-03-03 09:09:15.290 [main] INFO  o.s.c.s.PostProcessorRegistrationDelegate$BeanPostProcessorChecker - [postProcessAfterInitialization,376] - Bean 'spring.cloud.sentinel-com.alibaba.cloud.sentinel.SentinelProperties' of type [com.alibaba.cloud.sentinel.SentinelProperties] is not eligible for getting processed by all BeanPostProcessors (for example: not eligible for auto-proxying)
2025-03-03 09:09:15.294 [main] INFO  o.s.c.s.PostProcessorRegistrationDelegate$BeanPostProcessorChecker - [postProcessAfterInitialization,376] - Bean 'com.alibaba.cloud.sentinel.custom.SentinelAutoConfiguration' of type [com.alibaba.cloud.sentinel.custom.SentinelAutoConfiguration] is not eligible for getting processed by all BeanPostProcessors (for example: not eligible for auto-proxying)
2025-03-03 09:09:15.728 [main] INFO  o.s.b.w.e.t.TomcatWebServer - [initialize,108] - Tomcat initialized with port(s): 9040 (http)
2025-03-03 09:09:15.747 [main] INFO  o.a.c.h.Http11NioProtocol - [log,173] - Initializing ProtocolHandler ["http-nio-9040"]
2025-03-03 09:09:15.748 [main] INFO  o.a.c.c.StandardService - [log,173] - Starting service [Tomcat]
2025-03-03 09:09:15.749 [main] INFO  o.a.c.c.StandardEngine - [log,173] - Starting Servlet engine: [Apache Tomcat/9.0.58]
2025-03-03 09:09:16.108 [main] INFO  o.a.c.c.C.[.[.[/] - [log,173] - Initializing Spring embedded WebApplicationContext
2025-03-03 09:09:16.109 [main] INFO  o.s.b.w.s.c.ServletWebServerApplicationContext - [prepareWebApplicationContext,290] - Root WebApplicationContext: initialization completed in 2370 ms
2025-03-03 09:09:16.452 [main] INFO  o.s.c.b.c.PropertySourceBootstrapConfiguration - [initialize,109] - Located property source: [BootstrapPropertySource {name='bootstrapProperties-pcmis-user.yml,pcmis'}, BootstrapPropertySource {name='bootstrapProperties-pcmis-user,pcmis'}, BootstrapPropertySource {name='bootstrapProperties-pcmis-user.yaml,pcmis'}]
2025-03-03 09:09:16.462 [main] INFO  c.l.u.UserApplication - [logStartupProfileInfo,640] - No active profile set, falling back to 1 default profile: "default"
2025-03-03 09:09:16.620 [main] INFO  o.s.c.o.FeignClientFactoryBean - [getTarget,418] - For 'pcmis-case' URL not provided. Will try picking an instance via load-balancing.
2025-03-03 09:09:17.430 [main] INFO  c.a.c.s.SentinelWebMvcConfigurer - [addInterceptors,52] - [Sentinel Starter] register SentinelWebInterceptor with urlPatterns: [/**].
2025-03-03 09:09:17.726 [main] INFO  o.s.c.c.s.GenericScope - [setSerializationId,283] - BeanFactory id=135a5cf6-7dcc-37d0-9dfb-4ee0c5217670
2025-03-03 09:09:18.312 [main] INFO  o.s.c.s.PostProcessorRegistrationDelegate$BeanPostProcessorChecker - [postProcessAfterInitialization,376] - Bean 'org.springframework.cloud.commons.config.CommonsConfigAutoConfiguration' of type [org.springframework.cloud.commons.config.CommonsConfigAutoConfiguration] is not eligible for getting processed by all BeanPostProcessors (for example: not eligible for auto-proxying)
2025-03-03 09:09:18.326 [main] INFO  o.s.c.s.PostProcessorRegistrationDelegate$BeanPostProcessorChecker - [postProcessAfterInitialization,376] - Bean 'org.springframework.cloud.client.loadbalancer.LoadBalancerDefaultMappingsProviderAutoConfiguration' of type [org.springframework.cloud.client.loadbalancer.LoadBalancerDefaultMappingsProviderAutoConfiguration] is not eligible for getting processed by all BeanPostProcessors (for example: not eligible for auto-proxying)
2025-03-03 09:09:18.328 [main] INFO  o.s.c.s.PostProcessorRegistrationDelegate$BeanPostProcessorChecker - [postProcessAfterInitialization,376] - Bean 'loadBalancerClientsDefaultsMappingsProvider' of type [org.springframework.cloud.client.loadbalancer.LoadBalancerDefaultMappingsProviderAutoConfiguration$$Lambda$554/0x000000080103ce70] is not eligible for getting processed by all BeanPostProcessors (for example: not eligible for auto-proxying)
2025-03-03 09:09:18.333 [main] INFO  o.s.c.s.PostProcessorRegistrationDelegate$BeanPostProcessorChecker - [postProcessAfterInitialization,376] - Bean 'defaultsBindHandlerAdvisor' of type [org.springframework.cloud.commons.config.DefaultsBindHandlerAdvisor] is not eligible for getting processed by all BeanPostProcessors (for example: not eligible for auto-proxying)
2025-03-03 09:09:18.342 [main] INFO  o.s.c.s.PostProcessorRegistrationDelegate$BeanPostProcessorChecker - [postProcessAfterInitialization,376] - Bean 'spring.cloud.sentinel-com.alibaba.cloud.sentinel.SentinelProperties' of type [com.alibaba.cloud.sentinel.SentinelProperties] is not eligible for getting processed by all BeanPostProcessors (for example: not eligible for auto-proxying)
2025-03-03 09:09:18.346 [main] INFO  o.s.c.s.PostProcessorRegistrationDelegate$BeanPostProcessorChecker - [postProcessAfterInitialization,376] - Bean 'com.alibaba.cloud.sentinel.custom.SentinelAutoConfiguration' of type [com.alibaba.cloud.sentinel.custom.SentinelAutoConfiguration] is not eligible for getting processed by all BeanPostProcessors (for example: not eligible for auto-proxying)
2025-03-03 09:09:18.812 [main] INFO  o.s.b.w.e.t.TomcatWebServer - [initialize,108] - Tomcat initialized with port(s): 9041 (http)
2025-03-03 09:09:18.838 [main] INFO  o.a.c.h.Http11NioProtocol - [log,173] - Initializing ProtocolHandler ["http-nio-9041"]
2025-03-03 09:09:18.839 [main] INFO  o.a.c.c.StandardService - [log,173] - Starting service [Tomcat]
2025-03-03 09:09:18.840 [main] INFO  o.a.c.c.StandardEngine - [log,173] - Starting Servlet engine: [Apache Tomcat/9.0.58]
2025-03-03 09:09:19.198 [main] INFO  o.a.c.c.C.[.[.[/] - [log,173] - Initializing Spring embedded WebApplicationContext
2025-03-03 09:09:19.198 [main] INFO  o.s.b.w.s.c.ServletWebServerApplicationContext - [prepareWebApplicationContext,290] - Root WebApplicationContext: initialization completed in 2693 ms
2025-03-03 09:09:19.661 [main] INFO  o.s.c.o.FeignClientFactoryBean - [getTarget,418] - For 'pcmis-case' URL not provided. Will try picking an instance via load-balancing.
2025-03-03 09:09:19.794 [main] INFO  o.a.c.h.Http11NioProtocol - [log,173] - Starting ProtocolHandler ["http-nio-9040"]
2025-03-03 09:09:19.835 [main] INFO  o.s.b.w.e.t.TomcatWebServer - [start,220] - Tomcat started on port(s): 9040 (http) with context path ''
2025-03-03 09:09:19.935 [main] INFO  c.a.c.n.r.NacosServiceRegistry - [register,75] - nacos registry, pcmis pcmis-user 172.22.71.182:9040 register finished
2025-03-03 09:09:20.506 [main] INFO  c.a.c.s.SentinelWebMvcConfigurer - [addInterceptors,52] - [Sentinel Starter] register SentinelWebInterceptor with urlPatterns: [/**].
2025-03-03 09:09:20.665 [main] INFO  c.l.u.UserApplication - [logStarted,61] - Started UserApplication in 10.37 seconds (JVM running for 11.446)
2025-03-03 09:09:20.674 [main] INFO  c.a.c.n.r.NacosContextRefresher - [registerNacosListenersForApplications,105] - listening config: dataId=pcmis-user.yml, group=pcmis
2025-03-03 09:09:20.676 [main] INFO  c.a.c.n.r.NacosContextRefresher - [registerNacosListenersForApplications,105] - listening config: dataId=pcmis-user.yaml, group=pcmis
2025-03-03 09:09:20.678 [main] INFO  c.a.c.n.r.NacosContextRefresher - [registerNacosListenersForApplications,105] - listening config: dataId=pcmis-user, group=pcmis
2025-03-03 09:09:22.758 [main] INFO  o.a.c.h.Http11NioProtocol - [log,173] - Starting ProtocolHandler ["http-nio-9041"]
2025-03-03 09:09:22.808 [main] INFO  o.s.b.w.e.t.TomcatWebServer - [start,220] - Tomcat started on port(s): 9041 (http) with context path ''
2025-03-03 09:09:22.822 [main] INFO  c.a.c.n.r.NacosServiceRegistry - [register,75] - nacos registry, pcmis pcmis-user 172.22.71.182:9041 register finished
2025-03-03 09:09:23.441 [main] INFO  c.l.u.UserApplication - [logStarted,61] - Started UserApplication in 9.984 seconds (JVM running for 11.211)
2025-03-03 09:09:23.447 [main] INFO  c.a.c.n.r.NacosContextRefresher - [registerNacosListenersForApplications,105] - listening config: dataId=pcmis-user.yml, group=pcmis
2025-03-03 09:09:23.449 [main] INFO  c.a.c.n.r.NacosContextRefresher - [registerNacosListenersForApplications,105] - listening config: dataId=pcmis-user.yaml, group=pcmis
2025-03-03 09:09:23.450 [main] INFO  c.a.c.n.r.NacosContextRefresher - [registerNacosListenersForApplications,105] - listening config: dataId=pcmis-user, group=pcmis
2025-03-03 09:09:59.531 [http-nio-9040-exec-1] INFO  o.a.c.c.C.[.[.[/] - [log,173] - Initializing Spring DispatcherServlet 'dispatcherServlet'
2025-03-03 09:09:59.531 [http-nio-9040-exec-1] INFO  o.s.w.s.DispatcherServlet - [initServletBean,525] - Initializing Servlet 'dispatcherServlet'
2025-03-03 09:09:59.532 [http-nio-9040-exec-1] INFO  o.s.w.s.DispatcherServlet - [initServletBean,547] - Completed initialization in 0 ms
2025-03-03 09:45:33.599 [http-nio-9041-exec-1] INFO  o.a.c.c.C.[.[.[/] - [log,173] - Initializing Spring DispatcherServlet 'dispatcherServlet'
2025-03-03 09:45:33.603 [http-nio-9041-exec-1] INFO  o.s.w.s.DispatcherServlet - [initServletBean,525] - Initializing Servlet 'dispatcherServlet'
2025-03-03 09:45:33.627 [http-nio-9041-exec-1] INFO  o.s.w.s.DispatcherServlet - [initServletBean,547] - Completed initialization in 24 ms
2025-03-03 10:07:09.901 [com.alibaba.nacos.client.Worker.longPolling.fixed-localhost_8848-pcmis] INFO  o.s.c.b.c.PropertySourceBootstrapConfiguration - [initialize,109] - Located property source: [BootstrapPropertySource {name='bootstrapProperties-pcmis-user.yml,pcmis'}, BootstrapPropertySource {name='bootstrapProperties-pcmis-user,pcmis'}, BootstrapPropertySource {name='bootstrapProperties-pcmis-user.yaml,pcmis'}]
2025-03-03 10:07:09.904 [com.alibaba.nacos.client.Worker.longPolling.fixed-localhost_8848-pcmis] INFO  o.s.b.SpringApplication - [logStartupProfileInfo,640] - No active profile set, falling back to 1 default profile: "default"
2025-03-03 10:07:09.914 [com.alibaba.nacos.client.Worker.longPolling.fixed-localhost_8848-pcmis] INFO  o.s.b.SpringApplication - [logStarted,61] - Started application in 0.599 seconds (JVM running for 3477.685)
2025-03-03 10:07:09.983 [com.alibaba.nacos.client.Worker.longPolling.fixed-localhost_8848-pcmis] INFO  o.s.c.e.e.RefreshEventListener - [handle,73] - Refresh keys changed: [spring.redis.cache.type, spring.redis.cache.redis.time-to-live, spring.redis.database, spring.redis.password, spring.redis.jedis.pool.max-wait, spring.redis.host, spring.redis.port, spring.redis.cache.cache-names, spring.redis.jedis.pool.min-idle, spring.redis.jedis.pool.max-idle, spring.redis.timeout, spring.redis.jedis.pool.max-active]
2025-03-03 10:07:10.170 [com.alibaba.nacos.client.Worker.longPolling.fixed-localhost_8848-pcmis] INFO  o.s.c.b.c.PropertySourceBootstrapConfiguration - [initialize,109] - Located property source: [BootstrapPropertySource {name='bootstrapProperties-pcmis-user.yml,pcmis'}, BootstrapPropertySource {name='bootstrapProperties-pcmis-user,pcmis'}, BootstrapPropertySource {name='bootstrapProperties-pcmis-user.yaml,pcmis'}]
2025-03-03 10:07:10.174 [com.alibaba.nacos.client.Worker.longPolling.fixed-localhost_8848-pcmis] INFO  o.s.b.SpringApplication - [logStartupProfileInfo,640] - No active profile set, falling back to 1 default profile: "default"
2025-03-03 10:07:10.188 [com.alibaba.nacos.client.Worker.longPolling.fixed-localhost_8848-pcmis] INFO  o.s.b.SpringApplication - [logStarted,61] - Started application in 0.694 seconds (JVM running for 3480.969)
2025-03-03 10:07:10.289 [com.alibaba.nacos.client.Worker.longPolling.fixed-localhost_8848-pcmis] INFO  o.s.c.e.e.RefreshEventListener - [handle,73] - Refresh keys changed: [spring.redis.cache.type, spring.redis.cache.redis.time-to-live, spring.redis.database, spring.redis.password, spring.redis.jedis.pool.max-wait, spring.redis.host, spring.redis.port, spring.redis.cache.cache-names, spring.redis.jedis.pool.min-idle, spring.redis.jedis.pool.max-idle, spring.redis.timeout, spring.redis.jedis.pool.max-active]
2025-03-03 10:11:52.388 [SpringApplicationShutdownHook] INFO  c.a.c.n.r.NacosServiceRegistry - [deregister,94] - De-registering from Nacos Server now...
2025-03-03 10:11:52.392 [SpringApplicationShutdownHook] INFO  c.a.c.n.r.NacosServiceRegistry - [deregister,114] - De-registration finished.
2025-03-03 10:11:52.492 [SpringApplicationShutdownHook] INFO  c.a.c.n.r.NacosServiceRegistry - [deregister,94] - De-registering from Nacos Server now...
2025-03-03 10:11:52.495 [SpringApplicationShutdownHook] INFO  c.a.c.n.r.NacosServiceRegistry - [deregister,114] - De-registration finished.
2025-03-03 10:12:17.713 [main] INFO  o.s.c.b.c.PropertySourceBootstrapConfiguration - [initialize,109] - Located property source: [BootstrapPropertySource {name='bootstrapProperties-pcmis-user.yml,pcmis'}, BootstrapPropertySource {name='bootstrapProperties-pcmis-user,pcmis'}, BootstrapPropertySource {name='bootstrapProperties-pcmis-user.yaml,pcmis'}]
2025-03-03 10:12:17.719 [main] INFO  c.l.u.UserApplication - [logStartupProfileInfo,640] - No active profile set, falling back to 1 default profile: "default"
2025-03-03 10:12:18.552 [main] INFO  o.s.d.r.c.RepositoryConfigurationDelegate - [multipleStoresDetected,262] - Multiple Spring Data modules found, entering strict repository configuration mode!
2025-03-03 10:12:18.556 [main] INFO  o.s.d.r.c.RepositoryConfigurationDelegate - [registerRepositoriesIn,132] - Bootstrapping Spring Data Redis repositories in DEFAULT mode.
2025-03-03 10:12:18.599 [main] INFO  o.s.d.r.c.RepositoryConfigurationDelegate - [registerRepositoriesIn,201] - Finished Spring Data repository scanning in 22 ms. Found 0 Redis repository interfaces.
2025-03-03 10:12:18.960 [main] INFO  o.s.c.c.s.GenericScope - [setSerializationId,283] - BeanFactory id=7fca3fc6-2b0d-38e4-b5cc-3e76df25b876
2025-03-03 10:12:19.510 [main] INFO  o.s.c.s.PostProcessorRegistrationDelegate$BeanPostProcessorChecker - [postProcessAfterInitialization,376] - Bean 'org.springframework.cloud.commons.config.CommonsConfigAutoConfiguration' of type [org.springframework.cloud.commons.config.CommonsConfigAutoConfiguration] is not eligible for getting processed by all BeanPostProcessors (for example: not eligible for auto-proxying)
2025-03-03 10:12:19.515 [main] INFO  o.s.c.s.PostProcessorRegistrationDelegate$BeanPostProcessorChecker - [postProcessAfterInitialization,376] - Bean 'org.springframework.cloud.client.loadbalancer.LoadBalancerDefaultMappingsProviderAutoConfiguration' of type [org.springframework.cloud.client.loadbalancer.LoadBalancerDefaultMappingsProviderAutoConfiguration] is not eligible for getting processed by all BeanPostProcessors (for example: not eligible for auto-proxying)
2025-03-03 10:12:19.517 [main] INFO  o.s.c.s.PostProcessorRegistrationDelegate$BeanPostProcessorChecker - [postProcessAfterInitialization,376] - Bean 'loadBalancerClientsDefaultsMappingsProvider' of type [org.springframework.cloud.client.loadbalancer.LoadBalancerDefaultMappingsProviderAutoConfiguration$$Lambda$601/0x0000000801077320] is not eligible for getting processed by all BeanPostProcessors (for example: not eligible for auto-proxying)
2025-03-03 10:12:19.520 [main] INFO  o.s.c.s.PostProcessorRegistrationDelegate$BeanPostProcessorChecker - [postProcessAfterInitialization,376] - Bean 'defaultsBindHandlerAdvisor' of type [org.springframework.cloud.commons.config.DefaultsBindHandlerAdvisor] is not eligible for getting processed by all BeanPostProcessors (for example: not eligible for auto-proxying)
2025-03-03 10:12:19.526 [main] INFO  o.s.c.s.PostProcessorRegistrationDelegate$BeanPostProcessorChecker - [postProcessAfterInitialization,376] - Bean 'spring.cloud.sentinel-com.alibaba.cloud.sentinel.SentinelProperties' of type [com.alibaba.cloud.sentinel.SentinelProperties] is not eligible for getting processed by all BeanPostProcessors (for example: not eligible for auto-proxying)
2025-03-03 10:12:19.530 [main] INFO  o.s.c.s.PostProcessorRegistrationDelegate$BeanPostProcessorChecker - [postProcessAfterInitialization,376] - Bean 'com.alibaba.cloud.sentinel.custom.SentinelAutoConfiguration' of type [com.alibaba.cloud.sentinel.custom.SentinelAutoConfiguration] is not eligible for getting processed by all BeanPostProcessors (for example: not eligible for auto-proxying)
2025-03-03 10:12:19.879 [main] INFO  o.s.b.w.e.t.TomcatWebServer - [initialize,108] - Tomcat initialized with port(s): 9040 (http)
2025-03-03 10:12:19.894 [main] INFO  o.a.c.h.Http11NioProtocol - [log,173] - Initializing ProtocolHandler ["http-nio-9040"]
2025-03-03 10:12:19.895 [main] INFO  o.a.c.c.StandardService - [log,173] - Starting service [Tomcat]
2025-03-03 10:12:19.895 [main] INFO  o.a.c.c.StandardEngine - [log,173] - Starting Servlet engine: [Apache Tomcat/9.0.58]
2025-03-03 10:12:20.061 [main] INFO  o.s.c.b.c.PropertySourceBootstrapConfiguration - [initialize,109] - Located property source: [BootstrapPropertySource {name='bootstrapProperties-pcmis-user.yml,pcmis'}, BootstrapPropertySource {name='bootstrapProperties-pcmis-user,pcmis'}, BootstrapPropertySource {name='bootstrapProperties-pcmis-user.yaml,pcmis'}]
2025-03-03 10:12:20.067 [main] INFO  c.l.u.UserApplication - [logStartupProfileInfo,640] - No active profile set, falling back to 1 default profile: "default"
2025-03-03 10:12:20.134 [main] INFO  o.a.c.c.C.[.[.[/] - [log,173] - Initializing Spring embedded WebApplicationContext
2025-03-03 10:12:20.134 [main] INFO  o.s.b.w.s.c.ServletWebServerApplicationContext - [prepareWebApplicationContext,290] - Root WebApplicationContext: initialization completed in 2388 ms
2025-03-03 10:12:20.460 [main] INFO  o.s.c.o.FeignClientFactoryBean - [getTarget,418] - For 'pcmis-case' URL not provided. Will try picking an instance via load-balancing.
2025-03-03 10:12:20.916 [main] INFO  o.s.d.r.c.RepositoryConfigurationDelegate - [multipleStoresDetected,262] - Multiple Spring Data modules found, entering strict repository configuration mode!
2025-03-03 10:12:20.920 [main] INFO  o.s.d.r.c.RepositoryConfigurationDelegate - [registerRepositoriesIn,132] - Bootstrapping Spring Data Redis repositories in DEFAULT mode.
2025-03-03 10:12:20.953 [main] INFO  o.s.d.r.c.RepositoryConfigurationDelegate - [registerRepositoriesIn,201] - Finished Spring Data repository scanning in 14 ms. Found 0 Redis repository interfaces.
2025-03-03 10:12:21.211 [main] INFO  o.s.c.c.s.GenericScope - [setSerializationId,283] - BeanFactory id=7fca3fc6-2b0d-38e4-b5cc-3e76df25b876
2025-03-03 10:12:21.378 [main] INFO  c.a.c.s.SentinelWebMvcConfigurer - [addInterceptors,52] - [Sentinel Starter] register SentinelWebInterceptor with urlPatterns: [/**].
2025-03-03 10:12:21.684 [main] INFO  o.s.c.s.PostProcessorRegistrationDelegate$BeanPostProcessorChecker - [postProcessAfterInitialization,376] - Bean 'org.springframework.cloud.commons.config.CommonsConfigAutoConfiguration' of type [org.springframework.cloud.commons.config.CommonsConfigAutoConfiguration] is not eligible for getting processed by all BeanPostProcessors (for example: not eligible for auto-proxying)
2025-03-03 10:12:21.689 [main] INFO  o.s.c.s.PostProcessorRegistrationDelegate$BeanPostProcessorChecker - [postProcessAfterInitialization,376] - Bean 'org.springframework.cloud.client.loadbalancer.LoadBalancerDefaultMappingsProviderAutoConfiguration' of type [org.springframework.cloud.client.loadbalancer.LoadBalancerDefaultMappingsProviderAutoConfiguration] is not eligible for getting processed by all BeanPostProcessors (for example: not eligible for auto-proxying)
2025-03-03 10:12:21.690 [main] INFO  o.s.c.s.PostProcessorRegistrationDelegate$BeanPostProcessorChecker - [postProcessAfterInitialization,376] - Bean 'loadBalancerClientsDefaultsMappingsProvider' of type [org.springframework.cloud.client.loadbalancer.LoadBalancerDefaultMappingsProviderAutoConfiguration$$Lambda$601/0x0000000801075a40] is not eligible for getting processed by all BeanPostProcessors (for example: not eligible for auto-proxying)
2025-03-03 10:12:21.694 [main] INFO  o.s.c.s.PostProcessorRegistrationDelegate$BeanPostProcessorChecker - [postProcessAfterInitialization,376] - Bean 'defaultsBindHandlerAdvisor' of type [org.springframework.cloud.commons.config.DefaultsBindHandlerAdvisor] is not eligible for getting processed by all BeanPostProcessors (for example: not eligible for auto-proxying)
2025-03-03 10:12:21.700 [main] INFO  o.s.c.s.PostProcessorRegistrationDelegate$BeanPostProcessorChecker - [postProcessAfterInitialization,376] - Bean 'spring.cloud.sentinel-com.alibaba.cloud.sentinel.SentinelProperties' of type [com.alibaba.cloud.sentinel.SentinelProperties] is not eligible for getting processed by all BeanPostProcessors (for example: not eligible for auto-proxying)
2025-03-03 10:12:21.705 [main] INFO  o.s.c.s.PostProcessorRegistrationDelegate$BeanPostProcessorChecker - [postProcessAfterInitialization,376] - Bean 'com.alibaba.cloud.sentinel.custom.SentinelAutoConfiguration' of type [com.alibaba.cloud.sentinel.custom.SentinelAutoConfiguration] is not eligible for getting processed by all BeanPostProcessors (for example: not eligible for auto-proxying)
2025-03-03 10:12:22.132 [main] INFO  o.s.b.w.e.t.TomcatWebServer - [initialize,108] - Tomcat initialized with port(s): 9041 (http)
2025-03-03 10:12:22.146 [main] INFO  o.a.c.h.Http11NioProtocol - [log,173] - Initializing ProtocolHandler ["http-nio-9041"]
2025-03-03 10:12:22.146 [main] INFO  o.a.c.c.StandardService - [log,173] - Starting service [Tomcat]
2025-03-03 10:12:22.146 [main] INFO  o.a.c.c.StandardEngine - [log,173] - Starting Servlet engine: [Apache Tomcat/9.0.58]
2025-03-03 10:12:22.397 [main] INFO  o.a.c.c.C.[.[.[/] - [log,173] - Initializing Spring embedded WebApplicationContext
2025-03-03 10:12:22.398 [main] INFO  o.s.b.w.s.c.ServletWebServerApplicationContext - [prepareWebApplicationContext,290] - Root WebApplicationContext: initialization completed in 2306 ms
2025-03-03 10:12:22.784 [main] INFO  o.s.c.o.FeignClientFactoryBean - [getTarget,418] - For 'pcmis-case' URL not provided. Will try picking an instance via load-balancing.
2025-03-03 10:12:23.290 [main] INFO  o.a.c.h.Http11NioProtocol - [log,173] - Starting ProtocolHandler ["http-nio-9040"]
2025-03-03 10:12:23.322 [main] INFO  o.s.b.w.e.t.TomcatWebServer - [start,220] - Tomcat started on port(s): 9040 (http) with context path ''
2025-03-03 10:12:23.334 [main] INFO  c.a.c.n.r.NacosServiceRegistry - [register,75] - nacos registry, pcmis pcmis-user 172.22.71.182:9040 register finished
2025-03-03 10:12:23.690 [main] INFO  c.a.c.s.SentinelWebMvcConfigurer - [addInterceptors,52] - [Sentinel Starter] register SentinelWebInterceptor with urlPatterns: [/**].
2025-03-03 10:12:23.909 [main] INFO  c.l.u.UserApplication - [logStarted,61] - Started UserApplication in 8.592 seconds (JVM running for 9.544)
2025-03-03 10:12:23.915 [main] INFO  c.a.c.n.r.NacosContextRefresher - [registerNacosListenersForApplications,105] - listening config: dataId=pcmis-user.yml, group=pcmis
2025-03-03 10:12:23.917 [main] INFO  c.a.c.n.r.NacosContextRefresher - [registerNacosListenersForApplications,105] - listening config: dataId=pcmis-user.yaml, group=pcmis
2025-03-03 10:12:23.918 [main] INFO  c.a.c.n.r.NacosContextRefresher - [registerNacosListenersForApplications,105] - listening config: dataId=pcmis-user, group=pcmis
2025-03-03 10:12:25.332 [main] INFO  o.a.c.h.Http11NioProtocol - [log,173] - Starting ProtocolHandler ["http-nio-9041"]
2025-03-03 10:12:25.363 [main] INFO  o.s.b.w.e.t.TomcatWebServer - [start,220] - Tomcat started on port(s): 9041 (http) with context path ''
2025-03-03 10:12:25.373 [main] INFO  c.a.c.n.r.NacosServiceRegistry - [register,75] - nacos registry, pcmis pcmis-user 172.22.71.182:9041 register finished
2025-03-03 10:12:25.929 [main] INFO  c.l.u.UserApplication - [logStarted,61] - Started UserApplication in 8.478 seconds (JVM running for 9.417)
2025-03-03 10:12:25.935 [main] INFO  c.a.c.n.r.NacosContextRefresher - [registerNacosListenersForApplications,105] - listening config: dataId=pcmis-user.yml, group=pcmis
2025-03-03 10:12:25.936 [main] INFO  c.a.c.n.r.NacosContextRefresher - [registerNacosListenersForApplications,105] - listening config: dataId=pcmis-user.yaml, group=pcmis
2025-03-03 10:12:25.937 [main] INFO  c.a.c.n.r.NacosContextRefresher - [registerNacosListenersForApplications,105] - listening config: dataId=pcmis-user, group=pcmis
2025-03-03 10:13:08.186 [SpringApplicationShutdownHook] INFO  c.a.c.n.r.NacosServiceRegistry - [deregister,94] - De-registering from Nacos Server now...
2025-03-03 10:13:08.189 [SpringApplicationShutdownHook] INFO  c.a.c.n.r.NacosServiceRegistry - [deregister,114] - De-registration finished.
2025-03-03 10:13:08.215 [SpringApplicationShutdownHook] INFO  c.a.c.n.r.NacosServiceRegistry - [deregister,94] - De-registering from Nacos Server now...
2025-03-03 10:13:08.217 [SpringApplicationShutdownHook] INFO  c.a.c.n.r.NacosServiceRegistry - [deregister,114] - De-registration finished.
2025-03-03 14:51:59.928 [main] INFO  o.s.c.b.c.PropertySourceBootstrapConfiguration - [initialize,109] - Located property source: [BootstrapPropertySource {name='bootstrapProperties-pcmis-user.yml,pcmis'}, BootstrapPropertySource {name='bootstrapProperties-pcmis-user,pcmis'}, BootstrapPropertySource {name='bootstrapProperties-pcmis-user.yaml,pcmis'}]
2025-03-03 14:51:59.938 [main] INFO  c.l.u.UserApplication - [logStartupProfileInfo,640] - No active profile set, falling back to 1 default profile: "default"
2025-03-03 14:52:00.814 [main] INFO  o.s.d.r.c.RepositoryConfigurationDelegate - [multipleStoresDetected,262] - Multiple Spring Data modules found, entering strict repository configuration mode!
2025-03-03 14:52:00.818 [main] INFO  o.s.d.r.c.RepositoryConfigurationDelegate - [registerRepositoriesIn,132] - Bootstrapping Spring Data Redis repositories in DEFAULT mode.
2025-03-03 14:52:00.849 [main] INFO  o.s.d.r.c.RepositoryConfigurationDelegate - [registerRepositoriesIn,201] - Finished Spring Data repository scanning in 14 ms. Found 0 Redis repository interfaces.
2025-03-03 14:52:01.170 [main] INFO  o.s.c.c.s.GenericScope - [setSerializationId,283] - BeanFactory id=7fca3fc6-2b0d-38e4-b5cc-3e76df25b876
2025-03-03 14:52:01.731 [main] INFO  o.s.c.s.PostProcessorRegistrationDelegate$BeanPostProcessorChecker - [postProcessAfterInitialization,376] - Bean 'org.springframework.cloud.commons.config.CommonsConfigAutoConfiguration' of type [org.springframework.cloud.commons.config.CommonsConfigAutoConfiguration] is not eligible for getting processed by all BeanPostProcessors (for example: not eligible for auto-proxying)
2025-03-03 14:52:01.738 [main] INFO  o.s.c.s.PostProcessorRegistrationDelegate$BeanPostProcessorChecker - [postProcessAfterInitialization,376] - Bean 'org.springframework.cloud.client.loadbalancer.LoadBalancerDefaultMappingsProviderAutoConfiguration' of type [org.springframework.cloud.client.loadbalancer.LoadBalancerDefaultMappingsProviderAutoConfiguration] is not eligible for getting processed by all BeanPostProcessors (for example: not eligible for auto-proxying)
2025-03-03 14:52:01.740 [main] INFO  o.s.c.s.PostProcessorRegistrationDelegate$BeanPostProcessorChecker - [postProcessAfterInitialization,376] - Bean 'loadBalancerClientsDefaultsMappingsProvider' of type [org.springframework.cloud.client.loadbalancer.LoadBalancerDefaultMappingsProviderAutoConfiguration$$Lambda$601/0x0000000801075c80] is not eligible for getting processed by all BeanPostProcessors (for example: not eligible for auto-proxying)
2025-03-03 14:52:01.746 [main] INFO  o.s.c.s.PostProcessorRegistrationDelegate$BeanPostProcessorChecker - [postProcessAfterInitialization,376] - Bean 'defaultsBindHandlerAdvisor' of type [org.springframework.cloud.commons.config.DefaultsBindHandlerAdvisor] is not eligible for getting processed by all BeanPostProcessors (for example: not eligible for auto-proxying)
2025-03-03 14:52:01.756 [main] INFO  o.s.c.s.PostProcessorRegistrationDelegate$BeanPostProcessorChecker - [postProcessAfterInitialization,376] - Bean 'spring.cloud.sentinel-com.alibaba.cloud.sentinel.SentinelProperties' of type [com.alibaba.cloud.sentinel.SentinelProperties] is not eligible for getting processed by all BeanPostProcessors (for example: not eligible for auto-proxying)
2025-03-03 14:52:01.762 [main] INFO  o.s.c.s.PostProcessorRegistrationDelegate$BeanPostProcessorChecker - [postProcessAfterInitialization,376] - Bean 'com.alibaba.cloud.sentinel.custom.SentinelAutoConfiguration' of type [com.alibaba.cloud.sentinel.custom.SentinelAutoConfiguration] is not eligible for getting processed by all BeanPostProcessors (for example: not eligible for auto-proxying)
2025-03-03 14:52:02.245 [main] INFO  o.s.b.w.e.t.TomcatWebServer - [initialize,108] - Tomcat initialized with port(s): 9040 (http)
2025-03-03 14:52:02.262 [main] INFO  o.a.c.h.Http11NioProtocol - [log,173] - Initializing ProtocolHandler ["http-nio-9040"]
2025-03-03 14:52:02.263 [main] INFO  o.a.c.c.StandardService - [log,173] - Starting service [Tomcat]
2025-03-03 14:52:02.263 [main] INFO  o.a.c.c.StandardEngine - [log,173] - Starting Servlet engine: [Apache Tomcat/9.0.58]
2025-03-03 14:52:02.483 [main] INFO  o.s.c.b.c.PropertySourceBootstrapConfiguration - [initialize,109] - Located property source: [BootstrapPropertySource {name='bootstrapProperties-pcmis-user.yml,pcmis'}, BootstrapPropertySource {name='bootstrapProperties-pcmis-user,pcmis'}, BootstrapPropertySource {name='bootstrapProperties-pcmis-user.yaml,pcmis'}]
2025-03-03 14:52:02.494 [main] INFO  c.l.u.UserApplication - [logStartupProfileInfo,640] - No active profile set, falling back to 1 default profile: "default"
2025-03-03 14:52:02.607 [main] INFO  o.a.c.c.C.[.[.[/] - [log,173] - Initializing Spring embedded WebApplicationContext
2025-03-03 14:52:02.607 [main] INFO  o.s.b.w.s.c.ServletWebServerApplicationContext - [prepareWebApplicationContext,290] - Root WebApplicationContext: initialization completed in 2642 ms
2025-03-03 14:52:02.992 [main] INFO  o.s.c.o.FeignClientFactoryBean - [getTarget,418] - For 'pcmis-case' URL not provided. Will try picking an instance via load-balancing.
2025-03-03 14:52:03.529 [main] INFO  o.s.d.r.c.RepositoryConfigurationDelegate - [multipleStoresDetected,262] - Multiple Spring Data modules found, entering strict repository configuration mode!
2025-03-03 14:52:03.535 [main] INFO  o.s.d.r.c.RepositoryConfigurationDelegate - [registerRepositoriesIn,132] - Bootstrapping Spring Data Redis repositories in DEFAULT mode.
2025-03-03 14:52:03.573 [main] INFO  o.s.d.r.c.RepositoryConfigurationDelegate - [registerRepositoriesIn,201] - Finished Spring Data repository scanning in 17 ms. Found 0 Redis repository interfaces.
2025-03-03 14:52:03.929 [main] INFO  o.s.c.c.s.GenericScope - [setSerializationId,283] - BeanFactory id=7fca3fc6-2b0d-38e4-b5cc-3e76df25b876
2025-03-03 14:52:04.025 [main] INFO  c.a.c.s.SentinelWebMvcConfigurer - [addInterceptors,52] - [Sentinel Starter] register SentinelWebInterceptor with urlPatterns: [/**].
2025-03-03 14:52:04.487 [main] INFO  o.s.c.s.PostProcessorRegistrationDelegate$BeanPostProcessorChecker - [postProcessAfterInitialization,376] - Bean 'org.springframework.cloud.commons.config.CommonsConfigAutoConfiguration' of type [org.springframework.cloud.commons.config.CommonsConfigAutoConfiguration] is not eligible for getting processed by all BeanPostProcessors (for example: not eligible for auto-proxying)
2025-03-03 14:52:04.495 [main] INFO  o.s.c.s.PostProcessorRegistrationDelegate$BeanPostProcessorChecker - [postProcessAfterInitialization,376] - Bean 'org.springframework.cloud.client.loadbalancer.LoadBalancerDefaultMappingsProviderAutoConfiguration' of type [org.springframework.cloud.client.loadbalancer.LoadBalancerDefaultMappingsProviderAutoConfiguration] is not eligible for getting processed by all BeanPostProcessors (for example: not eligible for auto-proxying)
2025-03-03 14:52:04.497 [main] INFO  o.s.c.s.PostProcessorRegistrationDelegate$BeanPostProcessorChecker - [postProcessAfterInitialization,376] - Bean 'loadBalancerClientsDefaultsMappingsProvider' of type [org.springframework.cloud.client.loadbalancer.LoadBalancerDefaultMappingsProviderAutoConfiguration$$Lambda$601/0x0000000801076a88] is not eligible for getting processed by all BeanPostProcessors (for example: not eligible for auto-proxying)
2025-03-03 14:52:04.501 [main] INFO  o.s.c.s.PostProcessorRegistrationDelegate$BeanPostProcessorChecker - [postProcessAfterInitialization,376] - Bean 'defaultsBindHandlerAdvisor' of type [org.springframework.cloud.commons.config.DefaultsBindHandlerAdvisor] is not eligible for getting processed by all BeanPostProcessors (for example: not eligible for auto-proxying)
2025-03-03 14:52:04.512 [main] INFO  o.s.c.s.PostProcessorRegistrationDelegate$BeanPostProcessorChecker - [postProcessAfterInitialization,376] - Bean 'spring.cloud.sentinel-com.alibaba.cloud.sentinel.SentinelProperties' of type [com.alibaba.cloud.sentinel.SentinelProperties] is not eligible for getting processed by all BeanPostProcessors (for example: not eligible for auto-proxying)
2025-03-03 14:52:04.521 [main] INFO  o.s.c.s.PostProcessorRegistrationDelegate$BeanPostProcessorChecker - [postProcessAfterInitialization,376] - Bean 'com.alibaba.cloud.sentinel.custom.SentinelAutoConfiguration' of type [com.alibaba.cloud.sentinel.custom.SentinelAutoConfiguration] is not eligible for getting processed by all BeanPostProcessors (for example: not eligible for auto-proxying)
2025-03-03 14:52:05.072 [main] INFO  o.s.b.w.e.t.TomcatWebServer - [initialize,108] - Tomcat initialized with port(s): 9041 (http)
2025-03-03 14:52:05.090 [main] INFO  o.a.c.h.Http11NioProtocol - [log,173] - Initializing ProtocolHandler ["http-nio-9041"]
2025-03-03 14:52:05.091 [main] INFO  o.a.c.c.StandardService - [log,173] - Starting service [Tomcat]
2025-03-03 14:52:05.091 [main] INFO  o.a.c.c.StandardEngine - [log,173] - Starting Servlet engine: [Apache Tomcat/9.0.58]
2025-03-03 14:52:05.401 [main] INFO  o.a.c.c.C.[.[.[/] - [log,173] - Initializing Spring embedded WebApplicationContext
2025-03-03 14:52:05.402 [main] INFO  o.s.b.w.s.c.ServletWebServerApplicationContext - [prepareWebApplicationContext,290] - Root WebApplicationContext: initialization completed in 2868 ms
2025-03-03 14:52:05.903 [main] INFO  o.s.c.o.FeignClientFactoryBean - [getTarget,418] - For 'pcmis-case' URL not provided. Will try picking an instance via load-balancing.
2025-03-03 14:52:06.486 [main] INFO  o.a.c.h.Http11NioProtocol - [log,173] - Starting ProtocolHandler ["http-nio-9040"]
2025-03-03 14:52:06.534 [main] INFO  o.s.b.w.e.t.TomcatWebServer - [start,220] - Tomcat started on port(s): 9040 (http) with context path ''
2025-03-03 14:52:06.647 [main] INFO  c.a.c.n.r.NacosServiceRegistry - [register,75] - nacos registry, pcmis pcmis-user 172.22.71.182:9040 register finished
2025-03-03 14:52:07.129 [main] INFO  c.a.c.s.SentinelWebMvcConfigurer - [addInterceptors,52] - [Sentinel Starter] register SentinelWebInterceptor with urlPatterns: [/**].
2025-03-03 14:52:07.440 [main] INFO  c.l.u.UserApplication - [logStarted,61] - Started UserApplication in 10.057 seconds (JVM running for 11.032)
2025-03-03 14:52:07.447 [main] INFO  c.a.c.n.r.NacosContextRefresher - [registerNacosListenersForApplications,105] - listening config: dataId=pcmis-user.yml, group=pcmis
2025-03-03 14:52:07.449 [main] INFO  c.a.c.n.r.NacosContextRefresher - [registerNacosListenersForApplications,105] - listening config: dataId=pcmis-user.yaml, group=pcmis
2025-03-03 14:52:07.451 [main] INFO  c.a.c.n.r.NacosContextRefresher - [registerNacosListenersForApplications,105] - listening config: dataId=pcmis-user, group=pcmis
2025-03-03 14:52:09.425 [main] INFO  o.a.c.h.Http11NioProtocol - [log,173] - Starting ProtocolHandler ["http-nio-9041"]
2025-03-03 14:52:09.467 [main] INFO  o.s.b.w.e.t.TomcatWebServer - [start,220] - Tomcat started on port(s): 9041 (http) with context path ''
2025-03-03 14:52:09.484 [main] INFO  c.a.c.n.r.NacosServiceRegistry - [register,75] - nacos registry, pcmis pcmis-user 172.22.71.182:9041 register finished
2025-03-03 14:52:10.217 [main] INFO  c.l.u.UserApplication - [logStarted,61] - Started UserApplication in 10.501 seconds (JVM running for 11.525)
2025-03-03 14:52:10.223 [main] INFO  c.a.c.n.r.NacosContextRefresher - [registerNacosListenersForApplications,105] - listening config: dataId=pcmis-user.yml, group=pcmis
2025-03-03 14:52:10.225 [main] INFO  c.a.c.n.r.NacosContextRefresher - [registerNacosListenersForApplications,105] - listening config: dataId=pcmis-user.yaml, group=pcmis
2025-03-03 14:52:10.227 [main] INFO  c.a.c.n.r.NacosContextRefresher - [registerNacosListenersForApplications,105] - listening config: dataId=pcmis-user, group=pcmis
2025-03-03 14:55:06.880 [http-nio-9040-exec-1] INFO  o.a.c.c.C.[.[.[/] - [log,173] - Initializing Spring DispatcherServlet 'dispatcherServlet'
2025-03-03 14:55:06.880 [http-nio-9040-exec-1] INFO  o.s.w.s.DispatcherServlet - [initServletBean,525] - Initializing Servlet 'dispatcherServlet'
2025-03-03 14:55:06.881 [http-nio-9040-exec-1] INFO  o.s.w.s.DispatcherServlet - [initServletBean,547] - Completed initialization in 1 ms
2025-03-03 14:57:20.513 [http-nio-9041-exec-1] INFO  o.a.c.c.C.[.[.[/] - [log,173] - Initializing Spring DispatcherServlet 'dispatcherServlet'
2025-03-03 14:57:20.514 [http-nio-9041-exec-1] INFO  o.s.w.s.DispatcherServlet - [initServletBean,525] - Initializing Servlet 'dispatcherServlet'
2025-03-03 14:57:20.515 [http-nio-9041-exec-1] INFO  o.s.w.s.DispatcherServlet - [initServletBean,547] - Completed initialization in 1 ms
2025-03-03 16:34:56.213 [SpringApplicationShutdownHook] INFO  c.a.c.n.r.NacosServiceRegistry - [deregister,94] - De-registering from Nacos Server now...
2025-03-03 16:34:56.213 [SpringApplicationShutdownHook] INFO  c.a.c.n.r.NacosServiceRegistry - [deregister,94] - De-registering from Nacos Server now...
2025-03-03 16:34:56.240 [SpringApplicationShutdownHook] INFO  c.a.c.n.r.NacosServiceRegistry - [deregister,114] - De-registration finished.
2025-03-03 16:34:56.240 [SpringApplicationShutdownHook] INFO  c.a.c.n.r.NacosServiceRegistry - [deregister,114] - De-registration finished.
2025-03-03 16:35:18.537 [main] INFO  o.s.c.b.c.PropertySourceBootstrapConfiguration - [initialize,109] - Located property source: [BootstrapPropertySource {name='bootstrapProperties-pcmis-user.yml,pcmis'}, BootstrapPropertySource {name='bootstrapProperties-pcmis-user,pcmis'}, BootstrapPropertySource {name='bootstrapProperties-pcmis-user.yaml,pcmis'}]
2025-03-03 16:35:18.543 [main] INFO  c.l.u.UserApplication - [logStartupProfileInfo,640] - No active profile set, falling back to 1 default profile: "default"
2025-03-03 16:35:19.383 [main] INFO  o.s.d.r.c.RepositoryConfigurationDelegate - [multipleStoresDetected,262] - Multiple Spring Data modules found, entering strict repository configuration mode!
2025-03-03 16:35:19.387 [main] INFO  o.s.d.r.c.RepositoryConfigurationDelegate - [registerRepositoriesIn,132] - Bootstrapping Spring Data Redis repositories in DEFAULT mode.
2025-03-03 16:35:19.426 [main] INFO  o.s.d.r.c.RepositoryConfigurationDelegate - [registerRepositoriesIn,201] - Finished Spring Data repository scanning in 22 ms. Found 0 Redis repository interfaces.
2025-03-03 16:35:19.758 [main] INFO  o.s.c.c.s.GenericScope - [setSerializationId,283] - BeanFactory id=0ba568cb-5e50-3eed-b61d-185ffde44eef
2025-03-03 16:35:20.300 [main] INFO  o.s.c.s.PostProcessorRegistrationDelegate$BeanPostProcessorChecker - [postProcessAfterInitialization,376] - Bean 'org.springframework.cloud.commons.config.CommonsConfigAutoConfiguration' of type [org.springframework.cloud.commons.config.CommonsConfigAutoConfiguration] is not eligible for getting processed by all BeanPostProcessors (for example: not eligible for auto-proxying)
2025-03-03 16:35:20.307 [main] INFO  o.s.c.s.PostProcessorRegistrationDelegate$BeanPostProcessorChecker - [postProcessAfterInitialization,376] - Bean 'org.springframework.cloud.client.loadbalancer.LoadBalancerDefaultMappingsProviderAutoConfiguration' of type [org.springframework.cloud.client.loadbalancer.LoadBalancerDefaultMappingsProviderAutoConfiguration] is not eligible for getting processed by all BeanPostProcessors (for example: not eligible for auto-proxying)
2025-03-03 16:35:20.310 [main] INFO  o.s.c.s.PostProcessorRegistrationDelegate$BeanPostProcessorChecker - [postProcessAfterInitialization,376] - Bean 'loadBalancerClientsDefaultsMappingsProvider' of type [org.springframework.cloud.client.loadbalancer.LoadBalancerDefaultMappingsProviderAutoConfiguration$$Lambda$601/0x000000080107c000] is not eligible for getting processed by all BeanPostProcessors (for example: not eligible for auto-proxying)
2025-03-03 16:35:20.315 [main] INFO  o.s.c.s.PostProcessorRegistrationDelegate$BeanPostProcessorChecker - [postProcessAfterInitialization,376] - Bean 'defaultsBindHandlerAdvisor' of type [org.springframework.cloud.commons.config.DefaultsBindHandlerAdvisor] is not eligible for getting processed by all BeanPostProcessors (for example: not eligible for auto-proxying)
2025-03-03 16:35:20.322 [main] INFO  o.s.c.s.PostProcessorRegistrationDelegate$BeanPostProcessorChecker - [postProcessAfterInitialization,376] - Bean 'spring.cloud.sentinel-com.alibaba.cloud.sentinel.SentinelProperties' of type [com.alibaba.cloud.sentinel.SentinelProperties] is not eligible for getting processed by all BeanPostProcessors (for example: not eligible for auto-proxying)
2025-03-03 16:35:20.328 [main] INFO  o.s.c.s.PostProcessorRegistrationDelegate$BeanPostProcessorChecker - [postProcessAfterInitialization,376] - Bean 'com.alibaba.cloud.sentinel.custom.SentinelAutoConfiguration' of type [com.alibaba.cloud.sentinel.custom.SentinelAutoConfiguration] is not eligible for getting processed by all BeanPostProcessors (for example: not eligible for auto-proxying)
2025-03-03 16:35:20.774 [main] INFO  o.s.b.w.e.t.TomcatWebServer - [initialize,108] - Tomcat initialized with port(s): 9040 (http)
2025-03-03 16:35:20.793 [main] INFO  o.a.c.h.Http11NioProtocol - [log,173] - Initializing ProtocolHandler ["http-nio-9040"]
2025-03-03 16:35:20.794 [main] INFO  o.a.c.c.StandardService - [log,173] - Starting service [Tomcat]
2025-03-03 16:35:20.795 [main] INFO  o.a.c.c.StandardEngine - [log,173] - Starting Servlet engine: [Apache Tomcat/9.0.58]
2025-03-03 16:35:20.866 [main] INFO  o.s.c.b.c.PropertySourceBootstrapConfiguration - [initialize,109] - Located property source: [BootstrapPropertySource {name='bootstrapProperties-pcmis-user.yml,pcmis'}, BootstrapPropertySource {name='bootstrapProperties-pcmis-user,pcmis'}, BootstrapPropertySource {name='bootstrapProperties-pcmis-user.yaml,pcmis'}]
2025-03-03 16:35:20.876 [main] INFO  c.l.u.UserApplication - [logStartupProfileInfo,640] - No active profile set, falling back to 1 default profile: "default"
2025-03-03 16:35:21.078 [main] INFO  o.a.c.c.C.[.[.[/] - [log,173] - Initializing Spring embedded WebApplicationContext
2025-03-03 16:35:21.078 [main] INFO  o.s.b.w.s.c.ServletWebServerApplicationContext - [prepareWebApplicationContext,290] - Root WebApplicationContext: initialization completed in 2513 ms
2025-03-03 16:35:21.948 [main] INFO  o.s.d.r.c.RepositoryConfigurationDelegate - [multipleStoresDetected,262] - Multiple Spring Data modules found, entering strict repository configuration mode!
2025-03-03 16:35:21.954 [main] INFO  o.s.d.r.c.RepositoryConfigurationDelegate - [registerRepositoriesIn,132] - Bootstrapping Spring Data Redis repositories in DEFAULT mode.
2025-03-03 16:35:22.008 [main] INFO  o.s.d.r.c.RepositoryConfigurationDelegate - [registerRepositoriesIn,201] - Finished Spring Data repository scanning in 22 ms. Found 0 Redis repository interfaces.
2025-03-03 16:35:22.012 [main] INFO  o.s.c.o.FeignClientFactoryBean - [getTarget,418] - For 'pcmis-case' URL not provided. Will try picking an instance via load-balancing.
2025-03-03 16:35:22.455 [main] INFO  o.s.c.c.s.GenericScope - [setSerializationId,283] - BeanFactory id=0ba568cb-5e50-3eed-b61d-185ffde44eef
2025-03-03 16:35:22.721 [main] INFO  c.a.c.s.SentinelWebMvcConfigurer - [addInterceptors,52] - [Sentinel Starter] register SentinelWebInterceptor with urlPatterns: [/**].
2025-03-03 16:35:23.079 [main] INFO  o.s.c.s.PostProcessorRegistrationDelegate$BeanPostProcessorChecker - [postProcessAfterInitialization,376] - Bean 'org.springframework.cloud.commons.config.CommonsConfigAutoConfiguration' of type [org.springframework.cloud.commons.config.CommonsConfigAutoConfiguration] is not eligible for getting processed by all BeanPostProcessors (for example: not eligible for auto-proxying)
2025-03-03 16:35:23.086 [main] INFO  o.s.c.s.PostProcessorRegistrationDelegate$BeanPostProcessorChecker - [postProcessAfterInitialization,376] - Bean 'org.springframework.cloud.client.loadbalancer.LoadBalancerDefaultMappingsProviderAutoConfiguration' of type [org.springframework.cloud.client.loadbalancer.LoadBalancerDefaultMappingsProviderAutoConfiguration] is not eligible for getting processed by all BeanPostProcessors (for example: not eligible for auto-proxying)
2025-03-03 16:35:23.088 [main] INFO  o.s.c.s.PostProcessorRegistrationDelegate$BeanPostProcessorChecker - [postProcessAfterInitialization,376] - Bean 'loadBalancerClientsDefaultsMappingsProvider' of type [org.springframework.cloud.client.loadbalancer.LoadBalancerDefaultMappingsProviderAutoConfiguration$$Lambda$601/0x0000000801077948] is not eligible for getting processed by all BeanPostProcessors (for example: not eligible for auto-proxying)
2025-03-03 16:35:23.094 [main] INFO  o.s.c.s.PostProcessorRegistrationDelegate$BeanPostProcessorChecker - [postProcessAfterInitialization,376] - Bean 'defaultsBindHandlerAdvisor' of type [org.springframework.cloud.commons.config.DefaultsBindHandlerAdvisor] is not eligible for getting processed by all BeanPostProcessors (for example: not eligible for auto-proxying)
2025-03-03 16:35:23.104 [main] INFO  o.s.c.s.PostProcessorRegistrationDelegate$BeanPostProcessorChecker - [postProcessAfterInitialization,376] - Bean 'spring.cloud.sentinel-com.alibaba.cloud.sentinel.SentinelProperties' of type [com.alibaba.cloud.sentinel.SentinelProperties] is not eligible for getting processed by all BeanPostProcessors (for example: not eligible for auto-proxying)
2025-03-03 16:35:23.110 [main] INFO  o.s.c.s.PostProcessorRegistrationDelegate$BeanPostProcessorChecker - [postProcessAfterInitialization,376] - Bean 'com.alibaba.cloud.sentinel.custom.SentinelAutoConfiguration' of type [com.alibaba.cloud.sentinel.custom.SentinelAutoConfiguration] is not eligible for getting processed by all BeanPostProcessors (for example: not eligible for auto-proxying)
2025-03-03 16:35:23.622 [main] INFO  o.s.b.w.e.t.TomcatWebServer - [initialize,108] - Tomcat initialized with port(s): 9041 (http)
2025-03-03 16:35:23.639 [main] INFO  o.a.c.h.Http11NioProtocol - [log,173] - Initializing ProtocolHandler ["http-nio-9041"]
2025-03-03 16:35:23.640 [main] INFO  o.a.c.c.StandardService - [log,173] - Starting service [Tomcat]
2025-03-03 16:35:23.641 [main] INFO  o.a.c.c.StandardEngine - [log,173] - Starting Servlet engine: [Apache Tomcat/9.0.58]
2025-03-03 16:35:23.969 [main] INFO  o.a.c.c.C.[.[.[/] - [log,173] - Initializing Spring embedded WebApplicationContext
2025-03-03 16:35:23.970 [main] INFO  o.s.b.w.s.c.ServletWebServerApplicationContext - [prepareWebApplicationContext,290] - Root WebApplicationContext: initialization completed in 3059 ms
2025-03-03 16:35:24.942 [main] INFO  o.s.c.o.FeignClientFactoryBean - [getTarget,418] - For 'pcmis-case' URL not provided. Will try picking an instance via load-balancing.
2025-03-03 16:35:25.048 [main] INFO  o.a.c.h.Http11NioProtocol - [log,173] - Starting ProtocolHandler ["http-nio-9040"]
2025-03-03 16:35:25.089 [main] INFO  o.s.b.w.e.t.TomcatWebServer - [start,220] - Tomcat started on port(s): 9040 (http) with context path ''
2025-03-03 16:35:25.104 [main] INFO  c.a.c.n.r.NacosServiceRegistry - [register,75] - nacos registry, pcmis pcmis-user 172.22.71.182:9040 register finished
2025-03-03 16:35:25.479 [main] INFO  c.a.c.s.SentinelWebMvcConfigurer - [addInterceptors,52] - [Sentinel Starter] register SentinelWebInterceptor with urlPatterns: [/**].
2025-03-03 16:35:25.674 [main] INFO  c.l.u.UserApplication - [logStarted,61] - Started UserApplication in 9.499 seconds (JVM running for 10.372)
2025-03-03 16:35:25.679 [main] INFO  c.a.c.n.r.NacosContextRefresher - [registerNacosListenersForApplications,105] - listening config: dataId=pcmis-user.yml, group=pcmis
2025-03-03 16:35:25.681 [main] INFO  c.a.c.n.r.NacosContextRefresher - [registerNacosListenersForApplications,105] - listening config: dataId=pcmis-user.yaml, group=pcmis
2025-03-03 16:35:25.682 [main] INFO  c.a.c.n.r.NacosContextRefresher - [registerNacosListenersForApplications,105] - listening config: dataId=pcmis-user, group=pcmis
2025-03-03 16:35:27.175 [main] INFO  o.a.c.h.Http11NioProtocol - [log,173] - Starting ProtocolHandler ["http-nio-9041"]
2025-03-03 16:35:27.223 [main] INFO  o.s.b.w.e.t.TomcatWebServer - [start,220] - Tomcat started on port(s): 9041 (http) with context path ''
2025-03-03 16:35:27.237 [main] INFO  c.a.c.n.r.NacosServiceRegistry - [register,75] - nacos registry, pcmis pcmis-user 172.22.71.182:9041 register finished
2025-03-03 16:35:27.816 [main] INFO  c.l.u.UserApplication - [logStarted,61] - Started UserApplication in 9.577 seconds (JVM running for 10.565)
2025-03-03 16:35:27.821 [main] INFO  c.a.c.n.r.NacosContextRefresher - [registerNacosListenersForApplications,105] - listening config: dataId=pcmis-user.yml, group=pcmis
2025-03-03 16:35:27.823 [main] INFO  c.a.c.n.r.NacosContextRefresher - [registerNacosListenersForApplications,105] - listening config: dataId=pcmis-user.yaml, group=pcmis
2025-03-03 16:35:27.824 [main] INFO  c.a.c.n.r.NacosContextRefresher - [registerNacosListenersForApplications,105] - listening config: dataId=pcmis-user, group=pcmis
2025-03-03 16:35:55.279 [http-nio-9040-exec-1] INFO  o.a.c.c.C.[.[.[/] - [log,173] - Initializing Spring DispatcherServlet 'dispatcherServlet'
2025-03-03 16:35:55.279 [http-nio-9040-exec-1] INFO  o.s.w.s.DispatcherServlet - [initServletBean,525] - Initializing Servlet 'dispatcherServlet'
2025-03-03 16:35:55.280 [http-nio-9040-exec-1] INFO  o.s.w.s.DispatcherServlet - [initServletBean,547] - Completed initialization in 1 ms
2025-03-03 16:36:00.861 [http-nio-9041-exec-1] INFO  o.a.c.c.C.[.[.[/] - [log,173] - Initializing Spring DispatcherServlet 'dispatcherServlet'
2025-03-03 16:36:00.861 [http-nio-9041-exec-1] INFO  o.s.w.s.DispatcherServlet - [initServletBean,525] - Initializing Servlet 'dispatcherServlet'
2025-03-03 16:36:00.862 [http-nio-9041-exec-1] INFO  o.s.w.s.DispatcherServlet - [initServletBean,547] - Completed initialization in 1 ms
2025-03-03 17:10:10.571 [SpringApplicationShutdownHook] INFO  c.a.c.n.r.NacosServiceRegistry - [deregister,94] - De-registering from Nacos Server now...
2025-03-03 17:10:10.576 [SpringApplicationShutdownHook] INFO  c.a.c.n.r.NacosServiceRegistry - [deregister,114] - De-registration finished.
2025-03-03 17:10:10.581 [SpringApplicationShutdownHook] INFO  c.a.c.n.r.NacosServiceRegistry - [deregister,94] - De-registering from Nacos Server now...
2025-03-03 17:10:10.585 [SpringApplicationShutdownHook] INFO  c.a.c.n.r.NacosServiceRegistry - [deregister,114] - De-registration finished.
