2025-03-05 13:09:26.350 [main] DEBUG c.a.c.n.c.NacosPropertySourceBuilder - [loadNacosData,93] - Loading nacos data, dataId: 'pcmis-project.yaml', group: 'pcmis', data: pcmis-project:
  test:
    admin: jdsbbmq-new-project
jwt:
  tokenHeader: Authorization
  secret: pcmisneu20217033liangzhaoyangjdsbbmq
  expiration: 604800
  prefix: Bearer
spring:
  mvc:
    pathmatch:
      matching-strategy: ant_path_matcher
  redis:
    database: 0
    port: 6379
    host: localhost
    password:
    jedis:
      pool:
        max-active: 8
        max-wait: -1
        max-idle: 8
        min-idle: 0
    timeout: 1200
    cache:
      redis:
        time-to-live: 1800s
      cache-names: menus_cache
      type: redis
  cloud:
    sentinel:
      log:
        dir: ./logs/pcmis-project-logs
        file: sentinel.log
        max-size: 10MB
        retention-days: 30
  datasource:
    driver-class-name: com.mysql.cj.jdbc.Driver
    url: jdbc:mysql://localhost:3306/pcmis?characterEncoding=utf8&serverTimezone=UTC
    username: root
    password: 2003
    type: com.alibaba.druid.pool.DruidDataSource

mybatis:
  config-location: classpath:mybatis.cfg.xml
  type-aliases-package: com.lzy.common.entity
  mapper-locations:
    - classpath:mapper/*.xml

mybatis-plus:
  mapper-locations: classpath:mapper/*.xml
  global-config:
    db-config:
      id-type: auto
      field-strategy: NOT_EMPTY
      db-type: MYSQL
  configuration:
    map-underscore-to-camel-case: true
    call-setters-on-nulls: true
    log-impl: org.apache.ibatis.logging.stdout.StdOutImpl

seata:
  tx-service-group: my_test_tx_group
  enabled: true
  registry:
    type: nacos
    nacos:
      application: pcmis-seata-server
      server-addr: localhost:8848
      group : pcmis
      namespace: pcmis

swagger:
  enable: true
  application-name: 项目管理接口
  application-version: 1.0
  application-description: 项目管理
2025-03-05 13:09:27.734 [main] DEBUG o.a.i.l.LogFactory - [setImplementation,105] - Logging initialized using 'class org.apache.ibatis.logging.slf4j.Slf4jImpl' adapter.
2025-03-05 13:09:29.042 [main] DEBUG i.n.u.i.l.InternalLoggerFactory - [useSlf4JLoggerFactory,63] - Using SLF4J as the default logging framework
2025-03-05 13:09:29.043 [main] DEBUG i.n.u.i.InternalThreadLocalMap - [<clinit>,86] - -Dio.netty.threadLocalMap.stringBuilder.initialSize: 1024
2025-03-05 13:09:29.043 [main] DEBUG i.n.u.i.InternalThreadLocalMap - [<clinit>,89] - -Dio.netty.threadLocalMap.stringBuilder.maxSize: 4096
2025-03-05 13:09:29.055 [main] DEBUG i.n.u.ResourceLeakDetector - [<clinit>,129] - -Dio.netty.leakDetection.level: simple
2025-03-05 13:09:29.055 [main] DEBUG i.n.u.ResourceLeakDetector - [<clinit>,130] - -Dio.netty.leakDetection.targetRecords: 4
2025-03-05 13:09:29.062 [main] DEBUG i.n.u.ResourceLeakDetectorFactory - [newResourceLeakDetector,196] - Loaded default ResourceLeakDetector: io.netty.util.ResourceLeakDetector@1b17d8ab
2025-03-05 13:09:29.100 [main] DEBUG i.n.u.i.PlatformDependent0 - [explicitNoUnsafeCause0,460] - -Dio.netty.noUnsafe: false
2025-03-05 13:09:29.100 [main] DEBUG i.n.u.i.PlatformDependent0 - [javaVersion0,954] - Java version: 18
2025-03-05 13:09:29.102 [main] DEBUG i.n.u.i.PlatformDependent0 - [<clinit>,135] - sun.misc.Unsafe.theUnsafe: available
2025-03-05 13:09:29.105 [main] DEBUG i.n.u.i.PlatformDependent0 - [<clinit>,159] - sun.misc.Unsafe.copyMemory: available
2025-03-05 13:09:29.106 [main] DEBUG i.n.u.i.PlatformDependent0 - [<clinit>,202] - java.nio.Buffer.address: available
2025-03-05 13:09:29.108 [main] DEBUG i.n.u.i.PlatformDependent0 - [<clinit>,285] - direct buffer constructor: unavailable: Reflective setAccessible(true) disabled
2025-03-05 13:09:29.109 [main] DEBUG i.n.u.i.PlatformDependent0 - [<clinit>,350] - java.nio.Bits.unaligned: available, true
2025-03-05 13:09:29.112 [main] DEBUG i.n.u.i.PlatformDependent0 - [<clinit>,417] - jdk.internal.misc.Unsafe.allocateUninitializedArray(int): unavailable: class io.netty.util.internal.PlatformDependent0$6 cannot access class jdk.internal.misc.Unsafe (in module java.base) because module java.base does not export jdk.internal.misc to unnamed module @291caca8
2025-03-05 13:09:29.114 [main] DEBUG i.n.u.i.PlatformDependent0 - [<clinit>,446] - java.nio.DirectByteBuffer.<init>(long, int): unavailable
2025-03-05 13:09:29.114 [main] DEBUG i.n.u.i.PlatformDependent - [unsafeUnavailabilityCause0,1116] - sun.misc.Unsafe: available
2025-03-05 13:09:29.115 [main] DEBUG i.n.u.i.PlatformDependent - [maxDirectMemory0,1218] - maxDirectMemory: 4123000832 bytes (maybe)
2025-03-05 13:09:29.116 [main] DEBUG i.n.u.i.PlatformDependent - [tmpdir0,1237] - -Dio.netty.tmpdir: C:\Users\33698\AppData\Local\Temp (java.io.tmpdir)
2025-03-05 13:09:29.116 [main] DEBUG i.n.u.i.PlatformDependent - [bitMode0,1316] - -Dio.netty.bitMode: 64 (sun.arch.data.model)
2025-03-05 13:09:29.117 [main] DEBUG i.n.u.i.PlatformDependent - [isWindows0,1076] - Platform: Windows
2025-03-05 13:09:29.118 [main] DEBUG i.n.u.i.PlatformDependent - [<clinit>,178] - -Dio.netty.maxDirectMemory: -1 bytes
2025-03-05 13:09:29.119 [main] DEBUG i.n.u.i.PlatformDependent - [<clinit>,185] - -Dio.netty.uninitializedArrayAllocationThreshold: -1
2025-03-05 13:09:29.121 [main] DEBUG i.n.u.i.CleanerJava9 - [<clinit>,71] - java.nio.ByteBuffer.cleaner(): available
2025-03-05 13:09:29.121 [main] DEBUG i.n.u.i.PlatformDependent - [<clinit>,205] - -Dio.netty.noPreferDirect: false
2025-03-05 13:09:29.138 [main] DEBUG i.n.u.i.PlatformDependent - [<clinit>,967] - org.jctools-core.MpscChunkedArrayQueue: available
2025-03-05 13:09:29.515 [main] DEBUG i.n.c.MultithreadEventLoopGroup - [<clinit>,44] - -Dio.netty.eventLoopThreads: 32
2025-03-05 13:09:29.543 [main] DEBUG i.n.c.n.NioEventLoop - [<clinit>,109] - -Dio.netty.noKeySetOptimization: false
2025-03-05 13:09:29.543 [main] DEBUG i.n.c.n.NioEventLoop - [<clinit>,110] - -Dio.netty.selectorAutoRebuildThreshold: 512
2025-03-05 13:09:31.592 [main] DEBUG c.b.m.c.t.GlobalConfigUtils - [getGlobalConfig,106] - DeBug: MyBatis Plus Global configuration Initializing !
2025-03-05 13:09:31.603 [main] DEBUG c.b.m.c.MybatisConfiguration - [addMappedStatement,85] - addMappedStatement: com.baomidou.mybatisplus.core.mapper.SqlRunner.SelectList
2025-03-05 13:09:31.603 [main] DEBUG c.b.m.c.MybatisConfiguration - [addMappedStatement,85] - addMappedStatement: com.baomidou.mybatisplus.core.mapper.SqlRunner.SelectObjs
2025-03-05 13:09:31.604 [main] DEBUG c.b.m.c.MybatisConfiguration - [addMappedStatement,85] - addMappedStatement: com.baomidou.mybatisplus.core.mapper.SqlRunner.Insert
2025-03-05 13:09:31.605 [main] DEBUG c.b.m.c.MybatisConfiguration - [addMappedStatement,85] - addMappedStatement: com.baomidou.mybatisplus.core.mapper.SqlRunner.Update
2025-03-05 13:09:31.605 [main] DEBUG c.b.m.c.MybatisConfiguration - [addMappedStatement,85] - addMappedStatement: com.baomidou.mybatisplus.core.mapper.SqlRunner.Delete
2025-03-05 13:09:31.605 [main] DEBUG c.b.m.c.MybatisConfiguration - [addMappedStatement,85] - addMappedStatement: com.baomidou.mybatisplus.core.mapper.SqlRunner.Count
2025-03-05 13:09:32.637 [main] DEBUG i.n.c.DefaultChannelId - [<clinit>,79] - -Dio.netty.processId: 38588 (auto-detected)
2025-03-05 13:09:32.639 [main] DEBUG i.netty.util.NetUtil - [<clinit>,135] - -Djava.net.preferIPv4Stack: false
2025-03-05 13:09:32.640 [main] DEBUG i.netty.util.NetUtil - [<clinit>,136] - -Djava.net.preferIPv6Addresses: false
2025-03-05 13:09:32.677 [main] DEBUG i.n.u.NetUtilInitializations - [determineLoopback,129] - Loopback interface: lo (Software Loopback Interface 1, 127.0.0.1)
2025-03-05 13:09:32.680 [main] DEBUG i.netty.util.NetUtil - [run,187] - Failed to get SOMAXCONN from sysctl and file \proc\sys\net\core\somaxconn. Default: 200
2025-03-05 13:09:32.836 [main] DEBUG i.n.c.DefaultChannelId - [<clinit>,101] - -Dio.netty.machineId: 70:9c:d1:ff:fe:09:d3:50 (auto-detected)
2025-03-05 13:09:32.917 [main] DEBUG i.n.b.PooledByteBufAllocator - [<clinit>,155] - -Dio.netty.allocator.numHeapArenas: 32
2025-03-05 13:09:32.918 [main] DEBUG i.n.b.PooledByteBufAllocator - [<clinit>,156] - -Dio.netty.allocator.numDirectArenas: 32
2025-03-05 13:09:32.918 [main] DEBUG i.n.b.PooledByteBufAllocator - [<clinit>,158] - -Dio.netty.allocator.pageSize: 8192
2025-03-05 13:09:32.918 [main] DEBUG i.n.b.PooledByteBufAllocator - [<clinit>,163] - -Dio.netty.allocator.maxOrder: 11
2025-03-05 13:09:32.918 [main] DEBUG i.n.b.PooledByteBufAllocator - [<clinit>,167] - -Dio.netty.allocator.chunkSize: 16777216
2025-03-05 13:09:32.918 [main] DEBUG i.n.b.PooledByteBufAllocator - [<clinit>,168] - -Dio.netty.allocator.smallCacheSize: 256
2025-03-05 13:09:32.919 [main] DEBUG i.n.b.PooledByteBufAllocator - [<clinit>,169] - -Dio.netty.allocator.normalCacheSize: 64
2025-03-05 13:09:32.919 [main] DEBUG i.n.b.PooledByteBufAllocator - [<clinit>,170] - -Dio.netty.allocator.maxCachedBufferCapacity: 32768
2025-03-05 13:09:32.919 [main] DEBUG i.n.b.PooledByteBufAllocator - [<clinit>,171] - -Dio.netty.allocator.cacheTrimInterval: 8192
2025-03-05 13:09:32.919 [main] DEBUG i.n.b.PooledByteBufAllocator - [<clinit>,172] - -Dio.netty.allocator.cacheTrimIntervalMillis: 0
2025-03-05 13:09:32.919 [main] DEBUG i.n.b.PooledByteBufAllocator - [<clinit>,173] - -Dio.netty.allocator.useCacheForAllThreads: true
2025-03-05 13:09:32.920 [main] DEBUG i.n.b.PooledByteBufAllocator - [<clinit>,174] - -Dio.netty.allocator.maxCachedByteBuffersPerChunk: 1023
2025-03-05 13:09:32.937 [main] DEBUG i.n.b.ByteBufUtil - [<clinit>,87] - -Dio.netty.allocator.type: pooled
2025-03-05 13:09:32.937 [main] DEBUG i.n.b.ByteBufUtil - [<clinit>,96] - -Dio.netty.threadLocalDirectBufferSize: 0
2025-03-05 13:09:32.938 [main] DEBUG i.n.b.ByteBufUtil - [<clinit>,99] - -Dio.netty.maxThreadLocalCharBufferSize: 16384
2025-03-05 13:09:32.982 [main] DEBUG i.n.util.Recycler - [<clinit>,85] - -Dio.netty.recycler.maxCapacityPerThread: 4096
2025-03-05 13:09:32.983 [main] DEBUG i.n.util.Recycler - [<clinit>,86] - -Dio.netty.recycler.ratio: 8
2025-03-05 13:09:32.983 [main] DEBUG i.n.util.Recycler - [<clinit>,87] - -Dio.netty.recycler.chunkSize: 32
2025-03-05 13:09:32.983 [main] DEBUG i.n.util.Recycler - [<clinit>,88] - -Dio.netty.recycler.blocking: false
2025-03-05 13:09:32.997 [NettyClientSelector_RMROLE_1_1] DEBUG i.n.b.AbstractByteBuf - [<clinit>,63] - -Dio.netty.buffer.checkAccessible: true
2025-03-05 13:09:32.997 [NettyClientSelector_RMROLE_1_1] DEBUG i.n.b.AbstractByteBuf - [<clinit>,64] - -Dio.netty.buffer.checkBounds: true
2025-03-05 13:09:32.997 [NettyClientSelector_RMROLE_1_1] DEBUG i.n.u.ResourceLeakDetectorFactory - [newResourceLeakDetector,196] - Loaded default ResourceLeakDetector: io.netty.util.ResourceLeakDetector@3292b52
2025-03-05 13:09:33.050 [NettyClientSelector_RMROLE_1_1] DEBUG i.s.c.r.n.AbstractNettyRemoting - [processMessage,268] - io.seata.core.rpc.netty.RmNettyRemotingClient@a5faae msgId:1, body:version=1.4.2,extraData=null,identified=true,resultCode=null,msg=null
2025-03-05 13:09:33.181 [main] DEBUG c.b.m.c.MybatisConfiguration - [addMappedStatement,85] - addMappedStatement: com.lzy.project.dao.ProjectMapper.insert
2025-03-05 13:09:33.188 [main] DEBUG c.b.m.c.MybatisConfiguration - [addMappedStatement,85] - addMappedStatement: com.lzy.project.dao.ProjectMapper.delete
2025-03-05 13:09:33.195 [main] DEBUG c.b.m.c.MybatisConfiguration - [addMappedStatement,85] - addMappedStatement: com.lzy.project.dao.ProjectMapper.deleteByMap
2025-03-05 13:09:33.243 [main] DEBUG c.b.m.c.MybatisConfiguration - [addMappedStatement,85] - addMappedStatement: com.lzy.project.dao.ProjectMapper.deleteById
2025-03-05 13:09:33.247 [main] DEBUG c.b.m.c.MybatisConfiguration - [addMappedStatement,85] - addMappedStatement: com.lzy.project.dao.ProjectMapper.deleteBatchIds
2025-03-05 13:09:33.254 [main] DEBUG c.b.m.c.MybatisConfiguration - [addMappedStatement,85] - addMappedStatement: com.lzy.project.dao.ProjectMapper.update
2025-03-05 13:09:33.258 [main] DEBUG c.b.m.c.MybatisConfiguration - [addMappedStatement,85] - addMappedStatement: com.lzy.project.dao.ProjectMapper.updateById
2025-03-05 13:09:33.259 [main] DEBUG c.b.m.c.MybatisConfiguration - [addMappedStatement,85] - addMappedStatement: com.lzy.project.dao.ProjectMapper.selectById
2025-03-05 13:09:33.262 [main] DEBUG c.b.m.c.MybatisConfiguration - [addMappedStatement,85] - addMappedStatement: com.lzy.project.dao.ProjectMapper.selectBatchIds
2025-03-05 13:09:33.265 [main] DEBUG c.b.m.c.MybatisConfiguration - [addMappedStatement,85] - addMappedStatement: com.lzy.project.dao.ProjectMapper.selectByMap
2025-03-05 13:09:33.268 [main] DEBUG c.b.m.c.MybatisConfiguration - [addMappedStatement,85] - addMappedStatement: com.lzy.project.dao.ProjectMapper.selectOne
2025-03-05 13:09:33.272 [main] DEBUG c.b.m.c.MybatisConfiguration - [addMappedStatement,85] - addMappedStatement: com.lzy.project.dao.ProjectMapper.selectCount
2025-03-05 13:09:33.275 [main] DEBUG c.b.m.c.MybatisConfiguration - [addMappedStatement,85] - addMappedStatement: com.lzy.project.dao.ProjectMapper.selectMaps
2025-03-05 13:09:33.278 [main] DEBUG c.b.m.c.MybatisConfiguration - [addMappedStatement,85] - addMappedStatement: com.lzy.project.dao.ProjectMapper.selectMapsPage
2025-03-05 13:09:33.282 [main] DEBUG c.b.m.c.MybatisConfiguration - [addMappedStatement,85] - addMappedStatement: com.lzy.project.dao.ProjectMapper.selectObjs
2025-03-05 13:09:33.286 [main] DEBUG c.b.m.c.MybatisConfiguration - [addMappedStatement,85] - addMappedStatement: com.lzy.project.dao.ProjectMapper.selectList
2025-03-05 13:09:33.291 [main] DEBUG c.b.m.c.MybatisConfiguration - [addMappedStatement,85] - addMappedStatement: com.lzy.project.dao.ProjectMapper.selectPage
2025-03-05 13:09:33.440 [nacos.publisher-com.alibaba.nacos.client.naming.event.InstancesChangeEvent] DEBUG c.a.n.c.n.NotifyCenter - [notifySubscriber,193] - [NotifyCenter] the com.alibaba.nacos.client.naming.event.InstancesChangeEvent@5f370a21 will received by com.alibaba.nacos.client.naming.event.InstancesChangeNotifier@11ca8f71
2025-03-05 13:09:33.742 [main] DEBUG _.s.w.s.H.Mappings - [detectHandlerMethods,295] - 
	c.l.p.c.HelloWorldController:
	{GET [/project1/getUserConfigTest]}: getUserConfigTest()
2025-03-05 13:09:33.744 [main] DEBUG _.s.w.s.H.Mappings - [detectHandlerMethods,295] - 
	s.d.o.w.OpenApiControllerWebMvc:
	{GET [/v3/api-docs], produces [application/json || application/hal+json]}: getDocumentation(String,HttpServletRequest)
2025-03-05 13:09:33.756 [main] DEBUG _.s.w.s.H.Mappings - [detectHandlerMethods,295] - 
	s.d.s.w.ApiResourceController:
	{GET [/swagger-resources], produces [application/json]}: swaggerResources()
	{GET [/swagger-resources/configuration/ui], produces [application/json]}: uiConfiguration()
	{GET [/swagger-resources/configuration/security], produces [application/json]}: securityConfiguration()
2025-03-05 13:09:33.759 [main] DEBUG _.s.w.s.H.Mappings - [detectHandlerMethods,295] - 
	s.d.s.w.Swagger2ControllerWebMvc:
	{GET [/v2/api-docs], produces [application/json || application/hal+json]}: getDocumentation(String,HttpServletRequest)
2025-03-05 13:09:33.767 [main] DEBUG _.s.w.s.H.Mappings - [detectHandlerMethods,295] - 
	o.s.b.a.w.s.e.BasicErrorController:
	{ [/error]}: error(HttpServletRequest)
	{ [/error], produces [text/html]}: errorHtml(HttpServletRequest,HttpServletResponse)
2025-03-05 13:09:34.409 [main] DEBUG _.s.w.s.H.Mappings - [logMappings,177] - 'viewControllerHandlerMapping' {/swagger-ui/=ParameterizableViewController [view="forward:/swagger-ui/index.html"]}
2025-03-05 13:09:34.413 [main] DEBUG _.s.w.s.H.Mappings - [detectHandlers,86] - 'beanNameHandlerMapping' {}
2025-03-05 13:09:34.431 [main] DEBUG _.s.w.s.H.Mappings - [logMappings,177] - 'resourceHandlerMapping' {/webjars/**=ResourceHttpRequestHandler [classpath [META-INF/resources/webjars/]], /**=ResourceHttpRequestHandler [classpath [META-INF/resources/], classpath [resources/], classpath [static/], classpath [public/], ServletContext [/]], /swagger-ui/**=ResourceHttpRequestHandler [classpath [META-INF/resources/webjars/springfox-swagger-ui/]]}
2025-03-05 13:09:36.888 [main] DEBUG s.d.s.w.p.DocumentationPluginsBootstrapper - [start,99] - Documentation plugins bootstrapped
2025-03-05 13:09:36.889 [main] DEBUG s.d.s.w.p.DocumentationPluginsBootstrapper - [bootstrapDocumentationPlugins,78] - Found 1 custom documentation plugin(s)
2025-03-05 13:09:36.906 [main] DEBUG s.d.s.w.p.DefaultRequestHandlerCombiner - [combine,49] - Total number of request handlers 8
2025-03-05 13:09:36.907 [main] DEBUG s.d.s.w.p.DefaultRequestHandlerCombiner - [combine,52] - Adding key: /error, WebMvcRequestHandler{requestMapping={ [/error]}, handlerMethod=org.springframework.boot.autoconfigure.web.servlet.error.BasicErrorController#error(HttpServletRequest), key=RequestHandlerKey{pathMappings=[/error], supportedMethods=[], supportedMediaTypes=[], producibleMediaTypes=[]}}
2025-03-05 13:09:36.907 [main] DEBUG s.d.s.w.p.DefaultRequestHandlerCombiner - [combine,52] - Adding key: /error, WebMvcRequestHandler{requestMapping={ [/error], produces [text/html]}, handlerMethod=org.springframework.boot.autoconfigure.web.servlet.error.BasicErrorController#errorHtml(HttpServletRequest, HttpServletResponse), key=RequestHandlerKey{pathMappings=[/error], supportedMethods=[], supportedMediaTypes=[], producibleMediaTypes=[text/html]}}
2025-03-05 13:09:36.907 [main] DEBUG s.d.s.w.p.DefaultRequestHandlerCombiner - [combine,52] - Adding key: /project1/getUserConfigTest, WebMvcRequestHandler{requestMapping={GET [/project1/getUserConfigTest]}, handlerMethod=com.lzy.project.controller.HelloWorldController#getUserConfigTest(), key=RequestHandlerKey{pathMappings=[/project1/getUserConfigTest], supportedMethods=[GET], supportedMediaTypes=[], producibleMediaTypes=[]}}
2025-03-05 13:09:36.907 [main] DEBUG s.d.s.w.p.DefaultRequestHandlerCombiner - [combine,52] - Adding key: /swagger-resources, WebMvcRequestHandler{requestMapping={GET [/swagger-resources], produces [application/json]}, handlerMethod=springfox.documentation.swagger.web.ApiResourceController#swaggerResources(), key=RequestHandlerKey{pathMappings=[/swagger-resources], supportedMethods=[GET], supportedMediaTypes=[], producibleMediaTypes=[application/json]}}
2025-03-05 13:09:36.907 [main] DEBUG s.d.s.w.p.DefaultRequestHandlerCombiner - [combine,52] - Adding key: /swagger-resources/configuration/security, WebMvcRequestHandler{requestMapping={GET [/swagger-resources/configuration/security], produces [application/json]}, handlerMethod=springfox.documentation.swagger.web.ApiResourceController#securityConfiguration(), key=RequestHandlerKey{pathMappings=[/swagger-resources/configuration/security], supportedMethods=[GET], supportedMediaTypes=[], producibleMediaTypes=[application/json]}}
2025-03-05 13:09:36.907 [main] DEBUG s.d.s.w.p.DefaultRequestHandlerCombiner - [combine,52] - Adding key: /swagger-resources/configuration/ui, WebMvcRequestHandler{requestMapping={GET [/swagger-resources/configuration/ui], produces [application/json]}, handlerMethod=springfox.documentation.swagger.web.ApiResourceController#uiConfiguration(), key=RequestHandlerKey{pathMappings=[/swagger-resources/configuration/ui], supportedMethods=[GET], supportedMediaTypes=[], producibleMediaTypes=[application/json]}}
2025-03-05 13:09:36.907 [main] DEBUG s.d.s.w.p.DefaultRequestHandlerCombiner - [combine,52] - Adding key: /v2/api-docs, WebMvcRequestHandler{requestMapping={GET [/v2/api-docs], produces [application/json || application/hal+json]}, handlerMethod=springfox.documentation.swagger2.web.Swagger2ControllerWebMvc#getDocumentation(String, HttpServletRequest), key=RequestHandlerKey{pathMappings=[/v2/api-docs], supportedMethods=[GET], supportedMediaTypes=[], producibleMediaTypes=[application/json, application/hal+json]}}
2025-03-05 13:09:36.908 [main] DEBUG s.d.s.w.p.DefaultRequestHandlerCombiner - [combine,52] - Adding key: /v3/api-docs, WebMvcRequestHandler{requestMapping={GET [/v3/api-docs], produces [application/json || application/hal+json]}, handlerMethod=springfox.documentation.oas.web.OpenApiControllerWebMvc#getDocumentation(String, HttpServletRequest), key=RequestHandlerKey{pathMappings=[/v3/api-docs], supportedMethods=[GET], supportedMediaTypes=[], producibleMediaTypes=[application/json, application/hal+json]}}
2025-03-05 13:09:36.917 [main] DEBUG s.d.s.w.p.DefaultRequestHandlerCombiner - [combine,59] - Combined number of request handlers 8
2025-03-05 13:09:36.919 [main] DEBUG s.d.s.w.s.ApiListingReferenceScanner - [scan,44] - Scanning for api listing references
2025-03-05 13:09:36.931 [main] DEBUG s.d.s.w.r.o.OperationModelsProvider - [collectFromReturnType,78] - Adding return parameter of type Ljava/util/Map<Ljava/lang/String;Ljava/lang/Object;>;
2025-03-05 13:09:36.933 [main] DEBUG s.d.s.w.r.o.OperationModelsProvider - [collectParameters,89] - Reading parameters models for handlerMethod |error|
2025-03-05 13:09:36.934 [main] DEBUG s.d.s.w.r.o.OperationModelsProvider - [collectParameters,109] - Finished reading parameters models for handlerMethod |error|
2025-03-05 13:09:36.936 [main] DEBUG s.d.s.r.o.SwaggerOperationModelsProvider - [collectApiResponses,84] - Reading parameters models for handlerMethod |error|
2025-03-05 13:09:36.941 [main] DEBUG s.d.s.DefaultModelProvider - [modelFor,87] - Skipping model of type Ljava/lang/Object; as its either a container type, map, enum or base type, or its already been handled
2025-03-05 13:09:36.941 [main] DEBUG s.d.s.w.s.ApiModelReader - [read,122] - Did not find any parameter models for java.util.Map<java.lang.String,java.lang.Object>
2025-03-05 13:09:36.941 [main] DEBUG s.d.s.DefaultModelDependencyProvider - [resolvedDependencies,103] - Marking base type Ljava/lang/Object; as seen
2025-03-05 13:09:36.943 [main] DEBUG s.d.s.w.r.o.OperationModelsProvider - [collectFromReturnType,78] - Adding return parameter of type Ljava/util/Map<Ljava/lang/String;Ljava/lang/Object;>;
2025-03-05 13:09:36.943 [main] DEBUG s.d.s.w.r.o.OperationModelsProvider - [collectParameters,89] - Reading parameters models for handlerMethod |error|
2025-03-05 13:09:36.943 [main] DEBUG s.d.s.w.r.o.OperationModelsProvider - [collectParameters,109] - Finished reading parameters models for handlerMethod |error|
2025-03-05 13:09:36.944 [main] DEBUG s.d.s.r.o.SwaggerOperationModelsProvider - [collectApiResponses,84] - Reading parameters models for handlerMethod |error|
2025-03-05 13:09:36.945 [main] DEBUG s.d.s.DefaultModelSpecificationProvider - [modelSpecificationsFor,89] - Skipping model of type Ljava/lang/Object; as its either a container type, map, enum or base type, or its already been handled
2025-03-05 13:09:36.953 [main] DEBUG s.d.s.TypeNameExtractor - [modelName,202] - Generated unique model named: Map, with model id: 0_0_java.util.Map<java.lang.String,java.lang.Object>
2025-03-05 13:09:36.953 [main] DEBUG s.d.s.TypeNameExtractor - [modelName,202] - Generated unique model named: Map, with model id: 0_0_java.util.Map<java.lang.String,java.lang.Object>
2025-03-05 13:09:36.963 [main] DEBUG s.d.s.w.r.o.OperationParameterReader - [readParameters,107] - Reading parameters for method error at path /error
2025-03-05 13:09:36.963 [main] DEBUG s.d.s.w.r.o.OperationParameterReader - [readParameters,111] - Processing parameter request
2025-03-05 13:09:36.966 [main] DEBUG s.d.s.TypeNameExtractor - [modelName,202] - Generated unique model named: Map, with model id: 0_0_java.util.Map<java.lang.String,java.lang.Object>
2025-03-05 13:09:36.967 [main] DEBUG s.d.s.w.r.o.OperationResponseClassReader - [apply,81] - Setting spring response class to: Map«string,object»
2025-03-05 13:09:36.967 [main] DEBUG s.d.s.TypeNameExtractor - [modelName,202] - Generated unique model named: Map, with model id: 0_0_java.util.Map<java.lang.String,java.lang.Object>
2025-03-05 13:09:36.967 [main] DEBUG s.d.s.TypeNameExtractor - [modelName,202] - Generated unique model named: Map, with model id: 0_0_java.util.Map<java.lang.String,java.lang.Object>
2025-03-05 13:09:36.968 [main] DEBUG s.d.s.TypeNameExtractor - [modelName,202] - Generated unique model named: Map, with model id: 0_0_java.util.Map<java.lang.String,java.lang.Object>
2025-03-05 13:09:36.968 [main] DEBUG s.d.s.r.o.SwaggerOperationResponseClassReader - [apply,85] - Setting response class to:Map«string,object»
2025-03-05 13:09:36.968 [main] DEBUG s.d.s.TypeNameExtractor - [modelName,202] - Generated unique model named: Map, with model id: 0_0_java.util.Map<java.lang.String,java.lang.Object>
2025-03-05 13:09:36.969 [main] DEBUG s.d.s.TypeNameExtractor - [modelName,202] - Generated unique model named: Map, with model id: 0_0_java.util.Map<java.lang.String,java.lang.Object>
2025-03-05 13:09:36.971 [main] DEBUG s.d.s.r.o.OperationAuthReader - [apply,68] - Authorization count 0 for method error
2025-03-05 13:09:36.974 [main] DEBUG s.d.s.r.o.OpenApiOperationAuthReader - [apply,68] - Authorization count 0 for method error
2025-03-05 13:09:36.980 [main] DEBUG s.d.s.TypeNameExtractor - [modelName,202] - Generated unique model named: Map, with model id: 0_0_java.util.Map<java.lang.String,java.lang.Object>
2025-03-05 13:09:36.980 [main] DEBUG s.d.s.TypeNameExtractor - [modelName,202] - Generated unique model named: Map, with model id: 0_0_java.util.Map<java.lang.String,java.lang.Object>
2025-03-05 13:09:36.980 [main] DEBUG s.d.s.w.r.o.OperationParameterReader - [readParameters,107] - Reading parameters for method error at path /error
2025-03-05 13:09:36.981 [main] DEBUG s.d.s.w.r.o.OperationParameterReader - [readParameters,111] - Processing parameter request
2025-03-05 13:09:36.981 [main] DEBUG s.d.s.TypeNameExtractor - [modelName,202] - Generated unique model named: Map, with model id: 0_0_java.util.Map<java.lang.String,java.lang.Object>
2025-03-05 13:09:36.981 [main] DEBUG s.d.s.w.r.o.OperationResponseClassReader - [apply,81] - Setting spring response class to: Map«string,object»
2025-03-05 13:09:36.981 [main] DEBUG s.d.s.TypeNameExtractor - [modelName,202] - Generated unique model named: Map, with model id: 0_0_java.util.Map<java.lang.String,java.lang.Object>
2025-03-05 13:09:36.982 [main] DEBUG s.d.s.TypeNameExtractor - [modelName,202] - Generated unique model named: Map, with model id: 0_0_java.util.Map<java.lang.String,java.lang.Object>
2025-03-05 13:09:36.982 [main] DEBUG s.d.s.TypeNameExtractor - [modelName,202] - Generated unique model named: Map, with model id: 0_0_java.util.Map<java.lang.String,java.lang.Object>
2025-03-05 13:09:36.982 [main] DEBUG s.d.s.r.o.SwaggerOperationResponseClassReader - [apply,85] - Setting response class to:Map«string,object»
2025-03-05 13:09:36.982 [main] DEBUG s.d.s.TypeNameExtractor - [modelName,202] - Generated unique model named: Map, with model id: 0_0_java.util.Map<java.lang.String,java.lang.Object>
2025-03-05 13:09:36.982 [main] DEBUG s.d.s.TypeNameExtractor - [modelName,202] - Generated unique model named: Map, with model id: 0_0_java.util.Map<java.lang.String,java.lang.Object>
2025-03-05 13:09:36.982 [main] DEBUG s.d.s.r.o.OperationAuthReader - [apply,68] - Authorization count 0 for method error
2025-03-05 13:09:36.983 [main] DEBUG s.d.s.r.o.OpenApiOperationAuthReader - [apply,68] - Authorization count 0 for method error
2025-03-05 13:09:36.983 [main] DEBUG s.d.s.TypeNameExtractor - [modelName,202] - Generated unique model named: Map, with model id: 0_0_java.util.Map<java.lang.String,java.lang.Object>
2025-03-05 13:09:36.983 [main] DEBUG s.d.s.TypeNameExtractor - [modelName,202] - Generated unique model named: Map, with model id: 0_0_java.util.Map<java.lang.String,java.lang.Object>
2025-03-05 13:09:36.983 [main] DEBUG s.d.s.w.r.o.OperationParameterReader - [readParameters,107] - Reading parameters for method error at path /error
2025-03-05 13:09:36.984 [main] DEBUG s.d.s.w.r.o.OperationParameterReader - [readParameters,111] - Processing parameter request
2025-03-05 13:09:36.984 [main] DEBUG s.d.s.TypeNameExtractor - [modelName,202] - Generated unique model named: Map, with model id: 0_0_java.util.Map<java.lang.String,java.lang.Object>
2025-03-05 13:09:36.984 [main] DEBUG s.d.s.w.r.o.OperationResponseClassReader - [apply,81] - Setting spring response class to: Map«string,object»
2025-03-05 13:09:36.984 [main] DEBUG s.d.s.TypeNameExtractor - [modelName,202] - Generated unique model named: Map, with model id: 0_0_java.util.Map<java.lang.String,java.lang.Object>
2025-03-05 13:09:36.984 [main] DEBUG s.d.s.TypeNameExtractor - [modelName,202] - Generated unique model named: Map, with model id: 0_0_java.util.Map<java.lang.String,java.lang.Object>
2025-03-05 13:09:36.984 [main] DEBUG s.d.s.TypeNameExtractor - [modelName,202] - Generated unique model named: Map, with model id: 0_0_java.util.Map<java.lang.String,java.lang.Object>
2025-03-05 13:09:36.985 [main] DEBUG s.d.s.r.o.SwaggerOperationResponseClassReader - [apply,85] - Setting response class to:Map«string,object»
2025-03-05 13:09:36.985 [main] DEBUG s.d.s.TypeNameExtractor - [modelName,202] - Generated unique model named: Map, with model id: 0_0_java.util.Map<java.lang.String,java.lang.Object>
2025-03-05 13:09:36.985 [main] DEBUG s.d.s.TypeNameExtractor - [modelName,202] - Generated unique model named: Map, with model id: 0_0_java.util.Map<java.lang.String,java.lang.Object>
2025-03-05 13:09:36.985 [main] DEBUG s.d.s.r.o.OperationAuthReader - [apply,68] - Authorization count 0 for method error
2025-03-05 13:09:36.985 [main] DEBUG s.d.s.r.o.OpenApiOperationAuthReader - [apply,68] - Authorization count 0 for method error
2025-03-05 13:09:36.986 [main] DEBUG s.d.s.TypeNameExtractor - [modelName,202] - Generated unique model named: Map, with model id: 0_0_java.util.Map<java.lang.String,java.lang.Object>
2025-03-05 13:09:36.986 [main] DEBUG s.d.s.TypeNameExtractor - [modelName,202] - Generated unique model named: Map, with model id: 0_0_java.util.Map<java.lang.String,java.lang.Object>
2025-03-05 13:09:36.986 [main] DEBUG s.d.s.w.r.o.OperationParameterReader - [readParameters,107] - Reading parameters for method error at path /error
2025-03-05 13:09:36.986 [main] DEBUG s.d.s.w.r.o.OperationParameterReader - [readParameters,111] - Processing parameter request
2025-03-05 13:09:36.987 [main] DEBUG s.d.s.TypeNameExtractor - [modelName,202] - Generated unique model named: Map, with model id: 0_0_java.util.Map<java.lang.String,java.lang.Object>
2025-03-05 13:09:36.987 [main] DEBUG s.d.s.w.r.o.OperationResponseClassReader - [apply,81] - Setting spring response class to: Map«string,object»
2025-03-05 13:09:36.987 [main] DEBUG s.d.s.TypeNameExtractor - [modelName,202] - Generated unique model named: Map, with model id: 0_0_java.util.Map<java.lang.String,java.lang.Object>
2025-03-05 13:09:36.987 [main] DEBUG s.d.s.TypeNameExtractor - [modelName,202] - Generated unique model named: Map, with model id: 0_0_java.util.Map<java.lang.String,java.lang.Object>
2025-03-05 13:09:36.987 [main] DEBUG s.d.s.TypeNameExtractor - [modelName,202] - Generated unique model named: Map, with model id: 0_0_java.util.Map<java.lang.String,java.lang.Object>
2025-03-05 13:09:36.988 [main] DEBUG s.d.s.r.o.SwaggerOperationResponseClassReader - [apply,85] - Setting response class to:Map«string,object»
2025-03-05 13:09:36.988 [main] DEBUG s.d.s.TypeNameExtractor - [modelName,202] - Generated unique model named: Map, with model id: 0_0_java.util.Map<java.lang.String,java.lang.Object>
2025-03-05 13:09:36.988 [main] DEBUG s.d.s.TypeNameExtractor - [modelName,202] - Generated unique model named: Map, with model id: 0_0_java.util.Map<java.lang.String,java.lang.Object>
2025-03-05 13:09:36.988 [main] DEBUG s.d.s.r.o.OperationAuthReader - [apply,68] - Authorization count 0 for method error
2025-03-05 13:09:36.988 [main] DEBUG s.d.s.r.o.OpenApiOperationAuthReader - [apply,68] - Authorization count 0 for method error
2025-03-05 13:09:36.989 [main] DEBUG s.d.s.TypeNameExtractor - [modelName,202] - Generated unique model named: Map, with model id: 0_0_java.util.Map<java.lang.String,java.lang.Object>
2025-03-05 13:09:36.989 [main] DEBUG s.d.s.TypeNameExtractor - [modelName,202] - Generated unique model named: Map, with model id: 0_0_java.util.Map<java.lang.String,java.lang.Object>
2025-03-05 13:09:36.990 [main] DEBUG s.d.s.w.r.o.OperationParameterReader - [readParameters,107] - Reading parameters for method error at path /error
2025-03-05 13:09:36.990 [main] DEBUG s.d.s.w.r.o.OperationParameterReader - [readParameters,111] - Processing parameter request
2025-03-05 13:09:36.990 [main] DEBUG s.d.s.TypeNameExtractor - [modelName,202] - Generated unique model named: Map, with model id: 0_0_java.util.Map<java.lang.String,java.lang.Object>
2025-03-05 13:09:36.990 [main] DEBUG s.d.s.w.r.o.OperationResponseClassReader - [apply,81] - Setting spring response class to: Map«string,object»
2025-03-05 13:09:36.991 [main] DEBUG s.d.s.TypeNameExtractor - [modelName,202] - Generated unique model named: Map, with model id: 0_0_java.util.Map<java.lang.String,java.lang.Object>
2025-03-05 13:09:36.991 [main] DEBUG s.d.s.TypeNameExtractor - [modelName,202] - Generated unique model named: Map, with model id: 0_0_java.util.Map<java.lang.String,java.lang.Object>
2025-03-05 13:09:36.991 [main] DEBUG s.d.s.TypeNameExtractor - [modelName,202] - Generated unique model named: Map, with model id: 0_0_java.util.Map<java.lang.String,java.lang.Object>
2025-03-05 13:09:36.992 [main] DEBUG s.d.s.r.o.SwaggerOperationResponseClassReader - [apply,85] - Setting response class to:Map«string,object»
2025-03-05 13:09:36.992 [main] DEBUG s.d.s.TypeNameExtractor - [modelName,202] - Generated unique model named: Map, with model id: 0_0_java.util.Map<java.lang.String,java.lang.Object>
2025-03-05 13:09:36.992 [main] DEBUG s.d.s.TypeNameExtractor - [modelName,202] - Generated unique model named: Map, with model id: 0_0_java.util.Map<java.lang.String,java.lang.Object>
2025-03-05 13:09:36.993 [main] DEBUG s.d.s.r.o.OperationAuthReader - [apply,68] - Authorization count 0 for method error
2025-03-05 13:09:36.993 [main] DEBUG s.d.s.r.o.OpenApiOperationAuthReader - [apply,68] - Authorization count 0 for method error
2025-03-05 13:09:36.994 [main] DEBUG s.d.s.TypeNameExtractor - [modelName,202] - Generated unique model named: Map, with model id: 0_0_java.util.Map<java.lang.String,java.lang.Object>
2025-03-05 13:09:36.994 [main] DEBUG s.d.s.TypeNameExtractor - [modelName,202] - Generated unique model named: Map, with model id: 0_0_java.util.Map<java.lang.String,java.lang.Object>
2025-03-05 13:09:36.994 [main] DEBUG s.d.s.w.r.o.OperationParameterReader - [readParameters,107] - Reading parameters for method error at path /error
2025-03-05 13:09:36.994 [main] DEBUG s.d.s.w.r.o.OperationParameterReader - [readParameters,111] - Processing parameter request
2025-03-05 13:09:36.995 [main] DEBUG s.d.s.TypeNameExtractor - [modelName,202] - Generated unique model named: Map, with model id: 0_0_java.util.Map<java.lang.String,java.lang.Object>
2025-03-05 13:09:36.995 [main] DEBUG s.d.s.w.r.o.OperationResponseClassReader - [apply,81] - Setting spring response class to: Map«string,object»
2025-03-05 13:09:36.995 [main] DEBUG s.d.s.TypeNameExtractor - [modelName,202] - Generated unique model named: Map, with model id: 0_0_java.util.Map<java.lang.String,java.lang.Object>
2025-03-05 13:09:36.995 [main] DEBUG s.d.s.TypeNameExtractor - [modelName,202] - Generated unique model named: Map, with model id: 0_0_java.util.Map<java.lang.String,java.lang.Object>
2025-03-05 13:09:36.996 [main] DEBUG s.d.s.TypeNameExtractor - [modelName,202] - Generated unique model named: Map, with model id: 0_0_java.util.Map<java.lang.String,java.lang.Object>
2025-03-05 13:09:36.996 [main] DEBUG s.d.s.r.o.SwaggerOperationResponseClassReader - [apply,85] - Setting response class to:Map«string,object»
2025-03-05 13:09:36.996 [main] DEBUG s.d.s.TypeNameExtractor - [modelName,202] - Generated unique model named: Map, with model id: 0_0_java.util.Map<java.lang.String,java.lang.Object>
2025-03-05 13:09:36.996 [main] DEBUG s.d.s.TypeNameExtractor - [modelName,202] - Generated unique model named: Map, with model id: 0_0_java.util.Map<java.lang.String,java.lang.Object>
2025-03-05 13:09:36.996 [main] DEBUG s.d.s.r.o.OperationAuthReader - [apply,68] - Authorization count 0 for method error
2025-03-05 13:09:36.997 [main] DEBUG s.d.s.r.o.OpenApiOperationAuthReader - [apply,68] - Authorization count 0 for method error
2025-03-05 13:09:36.997 [main] DEBUG s.d.s.TypeNameExtractor - [modelName,202] - Generated unique model named: Map, with model id: 0_0_java.util.Map<java.lang.String,java.lang.Object>
2025-03-05 13:09:36.997 [main] DEBUG s.d.s.TypeNameExtractor - [modelName,202] - Generated unique model named: Map, with model id: 0_0_java.util.Map<java.lang.String,java.lang.Object>
2025-03-05 13:09:36.998 [main] DEBUG s.d.s.w.r.o.OperationParameterReader - [readParameters,107] - Reading parameters for method error at path /error
2025-03-05 13:09:36.998 [main] DEBUG s.d.s.w.r.o.OperationParameterReader - [readParameters,111] - Processing parameter request
2025-03-05 13:09:36.999 [main] DEBUG s.d.s.TypeNameExtractor - [modelName,202] - Generated unique model named: Map, with model id: 0_0_java.util.Map<java.lang.String,java.lang.Object>
2025-03-05 13:09:36.999 [main] DEBUG s.d.s.w.r.o.OperationResponseClassReader - [apply,81] - Setting spring response class to: Map«string,object»
2025-03-05 13:09:36.999 [main] DEBUG s.d.s.TypeNameExtractor - [modelName,202] - Generated unique model named: Map, with model id: 0_0_java.util.Map<java.lang.String,java.lang.Object>
2025-03-05 13:09:36.999 [main] DEBUG s.d.s.TypeNameExtractor - [modelName,202] - Generated unique model named: Map, with model id: 0_0_java.util.Map<java.lang.String,java.lang.Object>
2025-03-05 13:09:36.999 [main] DEBUG s.d.s.TypeNameExtractor - [modelName,202] - Generated unique model named: Map, with model id: 0_0_java.util.Map<java.lang.String,java.lang.Object>
2025-03-05 13:09:36.999 [main] DEBUG s.d.s.r.o.SwaggerOperationResponseClassReader - [apply,85] - Setting response class to:Map«string,object»
2025-03-05 13:09:36.999 [main] DEBUG s.d.s.TypeNameExtractor - [modelName,202] - Generated unique model named: Map, with model id: 0_0_java.util.Map<java.lang.String,java.lang.Object>
2025-03-05 13:09:36.999 [main] DEBUG s.d.s.TypeNameExtractor - [modelName,202] - Generated unique model named: Map, with model id: 0_0_java.util.Map<java.lang.String,java.lang.Object>
2025-03-05 13:09:37.000 [main] DEBUG s.d.s.r.o.OperationAuthReader - [apply,68] - Authorization count 0 for method error
2025-03-05 13:09:37.000 [main] DEBUG s.d.s.r.o.OpenApiOperationAuthReader - [apply,68] - Authorization count 0 for method error
2025-03-05 13:09:37.000 [main] DEBUG s.d.s.TypeNameExtractor - [modelName,202] - Generated unique model named: Map, with model id: 0_0_java.util.Map<java.lang.String,java.lang.Object>
2025-03-05 13:09:37.000 [main] DEBUG s.d.s.TypeNameExtractor - [modelName,202] - Generated unique model named: Map, with model id: 0_0_java.util.Map<java.lang.String,java.lang.Object>
2025-03-05 13:09:37.001 [main] DEBUG s.d.s.w.r.o.OperationParameterReader - [readParameters,107] - Reading parameters for method error at path /error
2025-03-05 13:09:37.001 [main] DEBUG s.d.s.w.r.o.OperationParameterReader - [readParameters,111] - Processing parameter request
2025-03-05 13:09:37.001 [main] DEBUG s.d.s.TypeNameExtractor - [modelName,202] - Generated unique model named: Map, with model id: 0_0_java.util.Map<java.lang.String,java.lang.Object>
2025-03-05 13:09:37.001 [main] DEBUG s.d.s.w.r.o.OperationResponseClassReader - [apply,81] - Setting spring response class to: Map«string,object»
2025-03-05 13:09:37.002 [main] DEBUG s.d.s.TypeNameExtractor - [modelName,202] - Generated unique model named: Map, with model id: 0_0_java.util.Map<java.lang.String,java.lang.Object>
2025-03-05 13:09:37.002 [main] DEBUG s.d.s.TypeNameExtractor - [modelName,202] - Generated unique model named: Map, with model id: 0_0_java.util.Map<java.lang.String,java.lang.Object>
2025-03-05 13:09:37.002 [main] DEBUG s.d.s.TypeNameExtractor - [modelName,202] - Generated unique model named: Map, with model id: 0_0_java.util.Map<java.lang.String,java.lang.Object>
2025-03-05 13:09:37.002 [main] DEBUG s.d.s.r.o.SwaggerOperationResponseClassReader - [apply,85] - Setting response class to:Map«string,object»
2025-03-05 13:09:37.002 [main] DEBUG s.d.s.TypeNameExtractor - [modelName,202] - Generated unique model named: Map, with model id: 0_0_java.util.Map<java.lang.String,java.lang.Object>
2025-03-05 13:09:37.002 [main] DEBUG s.d.s.TypeNameExtractor - [modelName,202] - Generated unique model named: Map, with model id: 0_0_java.util.Map<java.lang.String,java.lang.Object>
2025-03-05 13:09:37.002 [main] DEBUG s.d.s.r.o.OperationAuthReader - [apply,68] - Authorization count 0 for method error
2025-03-05 13:09:37.003 [main] DEBUG s.d.s.r.o.OpenApiOperationAuthReader - [apply,68] - Authorization count 0 for method error
2025-03-05 13:09:37.014 [main] DEBUG s.d.s.w.r.o.OperationModelsProvider - [collectFromReturnType,78] - Adding return parameter of type Lorg/springframework/web/servlet/ModelAndView;
2025-03-05 13:09:37.014 [main] DEBUG s.d.s.w.r.o.OperationModelsProvider - [collectParameters,89] - Reading parameters models for handlerMethod |errorHtml|
2025-03-05 13:09:37.014 [main] DEBUG s.d.s.w.r.o.OperationModelsProvider - [collectParameters,109] - Finished reading parameters models for handlerMethod |errorHtml|
2025-03-05 13:09:37.014 [main] DEBUG s.d.s.r.o.SwaggerOperationModelsProvider - [collectApiResponses,84] - Reading parameters models for handlerMethod |errorHtml|
2025-03-05 13:09:37.018 [main] DEBUG s.d.s.p.OptimizedModelPropertiesProvider - [propertiesFor,175] - Reading property reference
2025-03-05 13:09:37.022 [main] DEBUG s.d.s.p.b.BeanModelProperty - [paramOrReturnType,54] - Evaluating unwrapped getter for member isReference
2025-03-05 13:09:37.023 [main] DEBUG s.d.s.p.ObjectMapperBeanPropertyNamingStrategy - [nameForSerialization,61] - Name 'reference' renamed to 'reference'
2025-03-05 13:09:37.024 [main] DEBUG s.d.s.p.OptimizedModelPropertiesProvider - [modelProperty,606] - Adding property reference to model
2025-03-05 13:09:37.024 [main] DEBUG s.d.s.p.b.BeanModelProperty - [paramOrReturnType,54] - Evaluating unwrapped getter for member isReference
2025-03-05 13:09:37.025 [main] DEBUG s.d.s.p.b.BeanModelProperty - [paramOrReturnType,54] - Evaluating unwrapped getter for member isReference
2025-03-05 13:09:37.025 [main] DEBUG s.d.s.p.b.BeanModelProperty - [paramOrReturnType,54] - Evaluating unwrapped getter for member isReference
2025-03-05 13:09:37.025 [main] DEBUG s.d.s.p.b.BeanModelProperty - [paramOrReturnType,54] - Evaluating unwrapped getter for member isReference
2025-03-05 13:09:37.027 [main] DEBUG s.d.s.p.OptimizedModelPropertiesProvider - [propertiesFor,175] - Reading property view
2025-03-05 13:09:37.028 [main] DEBUG s.d.s.p.b.BeanModelProperty - [paramOrReturnType,54] - Evaluating unwrapped getter for member getView
2025-03-05 13:09:37.028 [main] DEBUG s.d.s.p.ObjectMapperBeanPropertyNamingStrategy - [nameForSerialization,61] - Name 'view' renamed to 'view'
2025-03-05 13:09:37.028 [main] DEBUG s.d.s.p.OptimizedModelPropertiesProvider - [modelProperty,606] - Adding property view to model
2025-03-05 13:09:37.028 [main] DEBUG s.d.s.p.b.BeanModelProperty - [paramOrReturnType,54] - Evaluating unwrapped getter for member getView
2025-03-05 13:09:37.028 [main] DEBUG s.d.s.p.b.BeanModelProperty - [paramOrReturnType,54] - Evaluating unwrapped getter for member getView
2025-03-05 13:09:37.028 [main] DEBUG s.d.s.p.b.BeanModelProperty - [paramOrReturnType,54] - Evaluating unwrapped getter for member getView
2025-03-05 13:09:37.028 [main] DEBUG s.d.s.p.b.BeanModelProperty - [paramOrReturnType,54] - Evaluating unwrapped getter for member getView
2025-03-05 13:09:37.028 [main] DEBUG s.d.s.TypeNameExtractor - [modelName,202] - Generated unique model named: View, with model id: 1_0_org.springframework.web.servlet.View
2025-03-05 13:09:37.029 [main] DEBUG s.d.s.p.OptimizedModelPropertiesProvider - [propertiesFor,175] - Reading property viewName
2025-03-05 13:09:37.029 [main] DEBUG s.d.s.p.b.BeanModelProperty - [paramOrReturnType,54] - Evaluating unwrapped getter for member getViewName
2025-03-05 13:09:37.029 [main] DEBUG s.d.s.p.ObjectMapperBeanPropertyNamingStrategy - [nameForSerialization,61] - Name 'viewName' renamed to 'viewName'
2025-03-05 13:09:37.029 [main] DEBUG s.d.s.p.OptimizedModelPropertiesProvider - [modelProperty,606] - Adding property viewName to model
2025-03-05 13:09:37.029 [main] DEBUG s.d.s.p.b.BeanModelProperty - [paramOrReturnType,54] - Evaluating unwrapped getter for member getViewName
2025-03-05 13:09:37.029 [main] DEBUG s.d.s.p.b.BeanModelProperty - [paramOrReturnType,54] - Evaluating unwrapped getter for member getViewName
2025-03-05 13:09:37.029 [main] DEBUG s.d.s.p.b.BeanModelProperty - [paramOrReturnType,54] - Evaluating unwrapped getter for member getViewName
2025-03-05 13:09:37.029 [main] DEBUG s.d.s.p.b.BeanModelProperty - [paramOrReturnType,54] - Evaluating unwrapped getter for member getViewName
2025-03-05 13:09:37.029 [main] DEBUG s.d.s.p.OptimizedModelPropertiesProvider - [propertiesFor,175] - Reading property model
2025-03-05 13:09:37.030 [main] DEBUG s.d.s.p.b.BeanModelProperty - [paramOrReturnType,54] - Evaluating unwrapped getter for member getModel
2025-03-05 13:09:37.030 [main] DEBUG s.d.s.p.ObjectMapperBeanPropertyNamingStrategy - [nameForSerialization,61] - Name 'model' renamed to 'model'
2025-03-05 13:09:37.030 [main] DEBUG s.d.s.p.OptimizedModelPropertiesProvider - [modelProperty,606] - Adding property model to model
2025-03-05 13:09:37.030 [main] DEBUG s.d.s.p.b.BeanModelProperty - [paramOrReturnType,54] - Evaluating unwrapped getter for member getModel
2025-03-05 13:09:37.030 [main] DEBUG s.d.s.p.b.BeanModelProperty - [paramOrReturnType,54] - Evaluating unwrapped getter for member getModel
2025-03-05 13:09:37.030 [main] DEBUG s.d.s.p.b.BeanModelProperty - [paramOrReturnType,54] - Evaluating unwrapped getter for member getModel
2025-03-05 13:09:37.030 [main] DEBUG s.d.s.p.b.BeanModelProperty - [paramOrReturnType,54] - Evaluating unwrapped getter for member getModel
2025-03-05 13:09:37.031 [main] DEBUG s.d.s.p.OptimizedModelPropertiesProvider - [propertiesFor,175] - Reading property modelMap
2025-03-05 13:09:37.031 [main] DEBUG s.d.s.p.b.BeanModelProperty - [paramOrReturnType,54] - Evaluating unwrapped getter for member getModelMap
2025-03-05 13:09:37.031 [main] DEBUG s.d.s.p.ObjectMapperBeanPropertyNamingStrategy - [nameForSerialization,61] - Name 'modelMap' renamed to 'modelMap'
2025-03-05 13:09:37.031 [main] DEBUG s.d.s.p.OptimizedModelPropertiesProvider - [modelProperty,606] - Adding property modelMap to model
2025-03-05 13:09:37.031 [main] DEBUG s.d.s.p.b.BeanModelProperty - [paramOrReturnType,54] - Evaluating unwrapped getter for member getModelMap
2025-03-05 13:09:37.031 [main] DEBUG s.d.s.p.b.BeanModelProperty - [paramOrReturnType,54] - Evaluating unwrapped getter for member getModelMap
2025-03-05 13:09:37.031 [main] DEBUG s.d.s.p.b.BeanModelProperty - [paramOrReturnType,54] - Evaluating unwrapped getter for member getModelMap
2025-03-05 13:09:37.031 [main] DEBUG s.d.s.p.b.BeanModelProperty - [paramOrReturnType,54] - Evaluating unwrapped getter for member getModelMap
2025-03-05 13:09:37.031 [main] DEBUG s.d.s.TypeNameExtractor - [modelName,202] - Generated unique model named: ModelMap, with model id: 1_0_org.springframework.ui.ModelMap
2025-03-05 13:09:37.031 [main] DEBUG s.d.s.TypeNameExtractor - [modelName,202] - Generated unique model named: ModelMap, with model id: 1_0_org.springframework.ui.ModelMap
2025-03-05 13:09:37.031 [main] DEBUG s.d.s.p.OptimizedModelPropertiesProvider - [propertiesFor,175] - Reading property status
2025-03-05 13:09:37.032 [main] DEBUG s.d.s.p.b.BeanModelProperty - [paramOrReturnType,54] - Evaluating unwrapped getter for member getStatus
2025-03-05 13:09:37.032 [main] DEBUG s.d.s.p.ObjectMapperBeanPropertyNamingStrategy - [nameForSerialization,61] - Name 'status' renamed to 'status'
2025-03-05 13:09:37.032 [main] DEBUG s.d.s.p.OptimizedModelPropertiesProvider - [modelProperty,606] - Adding property status to model
2025-03-05 13:09:37.032 [main] DEBUG s.d.s.p.b.BeanModelProperty - [paramOrReturnType,54] - Evaluating unwrapped getter for member getStatus
2025-03-05 13:09:37.032 [main] DEBUG s.d.s.p.b.BeanModelProperty - [paramOrReturnType,54] - Evaluating unwrapped getter for member getStatus
2025-03-05 13:09:37.032 [main] DEBUG s.d.s.p.b.BeanModelProperty - [paramOrReturnType,54] - Evaluating unwrapped getter for member getStatus
2025-03-05 13:09:37.032 [main] DEBUG s.d.s.p.b.BeanModelProperty - [paramOrReturnType,54] - Evaluating unwrapped getter for member getStatus
2025-03-05 13:09:37.035 [main] DEBUG s.d.s.p.OptimizedModelPropertiesProvider - [propertiesFor,175] - Reading property empty
2025-03-05 13:09:37.035 [main] DEBUG s.d.s.p.b.BeanModelProperty - [paramOrReturnType,54] - Evaluating unwrapped getter for member isEmpty
2025-03-05 13:09:37.035 [main] DEBUG s.d.s.p.ObjectMapperBeanPropertyNamingStrategy - [nameForSerialization,61] - Name 'empty' renamed to 'empty'
2025-03-05 13:09:37.035 [main] DEBUG s.d.s.p.OptimizedModelPropertiesProvider - [modelProperty,606] - Adding property empty to model
2025-03-05 13:09:37.035 [main] DEBUG s.d.s.p.b.BeanModelProperty - [paramOrReturnType,54] - Evaluating unwrapped getter for member isEmpty
2025-03-05 13:09:37.035 [main] DEBUG s.d.s.p.b.BeanModelProperty - [paramOrReturnType,54] - Evaluating unwrapped getter for member isEmpty
2025-03-05 13:09:37.036 [main] DEBUG s.d.s.p.b.BeanModelProperty - [paramOrReturnType,54] - Evaluating unwrapped getter for member isEmpty
2025-03-05 13:09:37.036 [main] DEBUG s.d.s.p.b.BeanModelProperty - [paramOrReturnType,54] - Evaluating unwrapped getter for member isEmpty
2025-03-05 13:09:37.036 [main] DEBUG s.d.s.DefaultModelProvider - [reflectionBasedModel,113] - Inferred 7 properties. Properties found reference, view, viewName, model, modelMap, empty, status
2025-03-05 13:09:37.036 [main] DEBUG s.d.s.TypeNameExtractor - [modelName,202] - Generated unique model named: ModelAndView, with model id: 1_0_org.springframework.web.servlet.ModelAndView
2025-03-05 13:09:37.038 [main] DEBUG s.d.s.w.s.ApiModelReader - [read,113] - Generated parameter model id: org.springframework.web.servlet.ModelAndView, name: ModelAndView
2025-03-05 13:09:37.038 [main] DEBUG s.d.s.TypeNameExtractor - [modelName,202] - Generated unique model named: ModelAndView, with model id: 1_0_org.springframework.web.servlet.ModelAndView
2025-03-05 13:09:37.038 [main] DEBUG s.d.s.TypeNameExtractor - [modelName,202] - Generated unique model named: ModelMap, with model id: 1_0_org.springframework.ui.ModelMap
2025-03-05 13:09:37.038 [main] DEBUG s.d.s.TypeNameExtractor - [modelName,202] - Generated unique model named: View, with model id: 1_0_org.springframework.web.servlet.View
2025-03-05 13:09:37.038 [main] DEBUG s.d.s.DefaultModelDependencyProvider - [resolvedPropertiesAndFields,169] - Adding type Lorg/springframework/ui/ModelMap; for parameter modelMap
2025-03-05 13:09:37.039 [main] DEBUG s.d.s.DefaultModelDependencyProvider - [maybeFromMapValueType,227] - Recursively resolving dependencies for value type Ljava/lang/Object;
2025-03-05 13:09:37.039 [main] DEBUG s.d.s.DefaultModelDependencyProvider - [resolvedDependencies,103] - Marking base type Ljava/lang/Object; as seen
2025-03-05 13:09:37.039 [main] DEBUG s.d.s.DefaultModelDependencyProvider - [resolvedPropertiesAndFields,169] - Adding type Lorg/springframework/web/servlet/View; for parameter view
2025-03-05 13:09:37.039 [main] DEBUG s.d.s.DefaultModelDependencyProvider - [maybeFromRegularType,194] - Recursively resolving dependencies for type Lorg/springframework/web/servlet/View;
2025-03-05 13:09:37.039 [main] DEBUG s.d.s.TypeNameExtractor - [modelName,202] - Generated unique model named: View, with model id: 1_0_org.springframework.web.servlet.View
2025-03-05 13:09:37.039 [main] DEBUG s.d.s.p.OptimizedModelPropertiesProvider - [propertiesFor,175] - Reading property contentType
2025-03-05 13:09:37.039 [main] DEBUG s.d.s.p.b.BeanModelProperty - [paramOrReturnType,54] - Evaluating unwrapped getter for member getContentType
2025-03-05 13:09:37.039 [main] DEBUG s.d.s.p.ObjectMapperBeanPropertyNamingStrategy - [nameForSerialization,61] - Name 'contentType' renamed to 'contentType'
2025-03-05 13:09:37.039 [main] DEBUG s.d.s.p.OptimizedModelPropertiesProvider - [modelProperty,606] - Adding property contentType to model
2025-03-05 13:09:37.039 [main] DEBUG s.d.s.p.b.BeanModelProperty - [paramOrReturnType,54] - Evaluating unwrapped getter for member getContentType
2025-03-05 13:09:37.040 [main] DEBUG s.d.s.p.b.BeanModelProperty - [paramOrReturnType,54] - Evaluating unwrapped getter for member getContentType
2025-03-05 13:09:37.040 [main] DEBUG s.d.s.p.b.BeanModelProperty - [paramOrReturnType,54] - Evaluating unwrapped getter for member getContentType
2025-03-05 13:09:37.040 [main] DEBUG s.d.s.p.b.BeanModelProperty - [paramOrReturnType,54] - Evaluating unwrapped getter for member getContentType
2025-03-05 13:09:37.040 [main] DEBUG s.d.s.TypeNameExtractor - [modelName,202] - Generated unique model named: View, with model id: 1_0_org.springframework.web.servlet.View
2025-03-05 13:09:37.040 [main] DEBUG s.d.s.DefaultModelProvider - [reflectionBasedModel,113] - Inferred 1 properties. Properties found contentType
2025-03-05 13:09:37.040 [main] DEBUG s.d.s.TypeNameExtractor - [modelName,202] - Generated unique model named: View, with model id: 1_0_org.springframework.web.servlet.View
2025-03-05 13:09:37.043 [main] DEBUG s.d.s.w.r.o.OperationModelsProvider - [collectFromReturnType,78] - Adding return parameter of type Lorg/springframework/web/servlet/ModelAndView;
2025-03-05 13:09:37.044 [main] DEBUG s.d.s.w.r.o.OperationModelsProvider - [collectParameters,89] - Reading parameters models for handlerMethod |errorHtml|
2025-03-05 13:09:37.044 [main] DEBUG s.d.s.w.r.o.OperationModelsProvider - [collectParameters,109] - Finished reading parameters models for handlerMethod |errorHtml|
2025-03-05 13:09:37.044 [main] DEBUG s.d.s.r.o.SwaggerOperationModelsProvider - [collectApiResponses,84] - Reading parameters models for handlerMethod |errorHtml|
2025-03-05 13:09:37.044 [main] DEBUG s.d.s.TypeNameExtractor - [modelName,202] - Generated unique model named: ModelAndView, with model id: 1_0_org.springframework.web.servlet.ModelAndView
2025-03-05 13:09:37.045 [main] DEBUG s.d.s.p.OptimizedModelPropertiesProvider - [propertySpecificationsFor,211] - Reading property reference
2025-03-05 13:09:37.046 [main] DEBUG s.d.s.p.b.BeanModelProperty - [paramOrReturnType,54] - Evaluating unwrapped getter for member isReference
2025-03-05 13:09:37.046 [main] DEBUG s.d.s.p.ObjectMapperBeanPropertyNamingStrategy - [nameForSerialization,61] - Name 'reference' renamed to 'reference'
2025-03-05 13:09:37.047 [main] DEBUG s.d.s.p.OptimizedModelPropertiesProvider - [beanModelPropertySpecification,652] - Adding property reference to model
2025-03-05 13:09:37.047 [main] DEBUG s.d.s.p.b.BeanModelProperty - [paramOrReturnType,54] - Evaluating unwrapped getter for member isReference
2025-03-05 13:09:37.047 [main] DEBUG s.d.s.p.b.BeanModelProperty - [paramOrReturnType,54] - Evaluating unwrapped getter for member isReference
2025-03-05 13:09:37.048 [main] DEBUG s.d.s.p.OptimizedModelPropertiesProvider - [propertySpecificationsFor,211] - Reading property view
2025-03-05 13:09:37.048 [main] DEBUG s.d.s.p.b.BeanModelProperty - [paramOrReturnType,54] - Evaluating unwrapped getter for member getView
2025-03-05 13:09:37.048 [main] DEBUG s.d.s.p.ObjectMapperBeanPropertyNamingStrategy - [nameForSerialization,61] - Name 'view' renamed to 'view'
2025-03-05 13:09:37.048 [main] DEBUG s.d.s.p.OptimizedModelPropertiesProvider - [beanModelPropertySpecification,652] - Adding property view to model
2025-03-05 13:09:37.048 [main] DEBUG s.d.s.p.b.BeanModelProperty - [paramOrReturnType,54] - Evaluating unwrapped getter for member getView
2025-03-05 13:09:37.050 [main] DEBUG s.d.s.TypeNameExtractor - [modelName,202] - Generated unique model named: View, with model id: 1_0_org.springframework.web.servlet.View
2025-03-05 13:09:37.051 [main] DEBUG s.d.s.p.b.BeanModelProperty - [paramOrReturnType,54] - Evaluating unwrapped getter for member getView
2025-03-05 13:09:37.051 [main] DEBUG s.d.s.p.OptimizedModelPropertiesProvider - [propertySpecificationsFor,211] - Reading property viewName
2025-03-05 13:09:37.051 [main] DEBUG s.d.s.p.b.BeanModelProperty - [paramOrReturnType,54] - Evaluating unwrapped getter for member getViewName
2025-03-05 13:09:37.051 [main] DEBUG s.d.s.p.ObjectMapperBeanPropertyNamingStrategy - [nameForSerialization,61] - Name 'viewName' renamed to 'viewName'
2025-03-05 13:09:37.052 [main] DEBUG s.d.s.p.OptimizedModelPropertiesProvider - [beanModelPropertySpecification,652] - Adding property viewName to model
2025-03-05 13:09:37.052 [main] DEBUG s.d.s.p.b.BeanModelProperty - [paramOrReturnType,54] - Evaluating unwrapped getter for member getViewName
2025-03-05 13:09:37.052 [main] DEBUG s.d.s.p.b.BeanModelProperty - [paramOrReturnType,54] - Evaluating unwrapped getter for member getViewName
2025-03-05 13:09:37.052 [main] DEBUG s.d.s.p.OptimizedModelPropertiesProvider - [propertySpecificationsFor,211] - Reading property model
2025-03-05 13:09:37.052 [main] DEBUG s.d.s.p.b.BeanModelProperty - [paramOrReturnType,54] - Evaluating unwrapped getter for member getModel
2025-03-05 13:09:37.052 [main] DEBUG s.d.s.p.ObjectMapperBeanPropertyNamingStrategy - [nameForSerialization,61] - Name 'model' renamed to 'model'
2025-03-05 13:09:37.052 [main] DEBUG s.d.s.p.OptimizedModelPropertiesProvider - [beanModelPropertySpecification,652] - Adding property model to model
2025-03-05 13:09:37.052 [main] DEBUG s.d.s.p.b.BeanModelProperty - [paramOrReturnType,54] - Evaluating unwrapped getter for member getModel
2025-03-05 13:09:37.052 [main] DEBUG s.d.s.p.b.BeanModelProperty - [paramOrReturnType,54] - Evaluating unwrapped getter for member getModel
2025-03-05 13:09:37.052 [main] DEBUG s.d.s.p.OptimizedModelPropertiesProvider - [propertySpecificationsFor,211] - Reading property modelMap
2025-03-05 13:09:37.053 [main] DEBUG s.d.s.p.b.BeanModelProperty - [paramOrReturnType,54] - Evaluating unwrapped getter for member getModelMap
2025-03-05 13:09:37.053 [main] DEBUG s.d.s.p.ObjectMapperBeanPropertyNamingStrategy - [nameForSerialization,61] - Name 'modelMap' renamed to 'modelMap'
2025-03-05 13:09:37.053 [main] DEBUG s.d.s.p.OptimizedModelPropertiesProvider - [beanModelPropertySpecification,652] - Adding property modelMap to model
2025-03-05 13:09:37.053 [main] DEBUG s.d.s.p.b.BeanModelProperty - [paramOrReturnType,54] - Evaluating unwrapped getter for member getModelMap
2025-03-05 13:09:37.053 [main] DEBUG s.d.s.p.b.BeanModelProperty - [paramOrReturnType,54] - Evaluating unwrapped getter for member getModelMap
2025-03-05 13:09:37.053 [main] DEBUG s.d.s.p.OptimizedModelPropertiesProvider - [propertySpecificationsFor,211] - Reading property status
2025-03-05 13:09:37.053 [main] DEBUG s.d.s.p.b.BeanModelProperty - [paramOrReturnType,54] - Evaluating unwrapped getter for member getStatus
2025-03-05 13:09:37.053 [main] DEBUG s.d.s.p.ObjectMapperBeanPropertyNamingStrategy - [nameForSerialization,61] - Name 'status' renamed to 'status'
2025-03-05 13:09:37.054 [main] DEBUG s.d.s.p.OptimizedModelPropertiesProvider - [beanModelPropertySpecification,652] - Adding property status to model
2025-03-05 13:09:37.054 [main] DEBUG s.d.s.p.b.BeanModelProperty - [paramOrReturnType,54] - Evaluating unwrapped getter for member getStatus
2025-03-05 13:09:37.055 [main] DEBUG s.d.s.p.b.BeanModelProperty - [paramOrReturnType,54] - Evaluating unwrapped getter for member getStatus
2025-03-05 13:09:37.056 [main] DEBUG s.d.s.p.OptimizedModelPropertiesProvider - [propertySpecificationsFor,211] - Reading property empty
2025-03-05 13:09:37.056 [main] DEBUG s.d.s.p.b.BeanModelProperty - [paramOrReturnType,54] - Evaluating unwrapped getter for member isEmpty
2025-03-05 13:09:37.057 [main] DEBUG s.d.s.p.ObjectMapperBeanPropertyNamingStrategy - [nameForSerialization,61] - Name 'empty' renamed to 'empty'
2025-03-05 13:09:37.057 [main] DEBUG s.d.s.p.OptimizedModelPropertiesProvider - [beanModelPropertySpecification,652] - Adding property empty to model
2025-03-05 13:09:37.057 [main] DEBUG s.d.s.p.b.BeanModelProperty - [paramOrReturnType,54] - Evaluating unwrapped getter for member isEmpty
2025-03-05 13:09:37.057 [main] DEBUG s.d.s.p.b.BeanModelProperty - [paramOrReturnType,54] - Evaluating unwrapped getter for member isEmpty
2025-03-05 13:09:37.057 [main] DEBUG s.d.s.DefaultModelSpecificationProvider - [reflectionBasedModel,115] - Inferred 7 properties. Properties found reference, view, viewName, model, modelMap, empty, status
2025-03-05 13:09:37.057 [main] DEBUG s.d.s.TypeNameExtractor - [modelName,202] - Generated unique model named: ModelAndView, with model id: 1_0_org.springframework.web.servlet.ModelAndView
2025-03-05 13:09:37.059 [main] DEBUG s.d.s.TypeNameExtractor - [modelName,202] - Generated unique model named: View, with model id: 1_0_org.springframework.web.servlet.View
2025-03-05 13:09:37.059 [main] DEBUG s.d.s.p.OptimizedModelPropertiesProvider - [propertySpecificationsFor,211] - Reading property contentType
2025-03-05 13:09:37.060 [main] DEBUG s.d.s.p.b.BeanModelProperty - [paramOrReturnType,54] - Evaluating unwrapped getter for member getContentType
2025-03-05 13:09:37.060 [main] DEBUG s.d.s.p.ObjectMapperBeanPropertyNamingStrategy - [nameForSerialization,61] - Name 'contentType' renamed to 'contentType'
2025-03-05 13:09:37.060 [main] DEBUG s.d.s.p.OptimizedModelPropertiesProvider - [beanModelPropertySpecification,652] - Adding property contentType to model
2025-03-05 13:09:37.060 [main] DEBUG s.d.s.p.b.BeanModelProperty - [paramOrReturnType,54] - Evaluating unwrapped getter for member getContentType
2025-03-05 13:09:37.060 [main] DEBUG s.d.s.p.b.BeanModelProperty - [paramOrReturnType,54] - Evaluating unwrapped getter for member getContentType
2025-03-05 13:09:37.060 [main] DEBUG s.d.s.DefaultModelSpecificationProvider - [reflectionBasedModel,115] - Inferred 1 properties. Properties found contentType
2025-03-05 13:09:37.060 [main] DEBUG s.d.s.TypeNameExtractor - [modelName,202] - Generated unique model named: View, with model id: 1_0_org.springframework.web.servlet.View
2025-03-05 13:09:37.061 [main] DEBUG s.d.s.TypeNameExtractor - [modelName,202] - Generated unique model named: ModelAndView, with model id: 1_0_org.springframework.web.servlet.ModelAndView
2025-03-05 13:09:37.062 [main] DEBUG s.d.s.w.r.o.OperationParameterReader - [readParameters,107] - Reading parameters for method errorHtml at path /error
2025-03-05 13:09:37.062 [main] DEBUG s.d.s.w.r.o.OperationParameterReader - [readParameters,111] - Processing parameter request
2025-03-05 13:09:37.062 [main] DEBUG s.d.s.w.r.o.OperationParameterReader - [readParameters,111] - Processing parameter response
2025-03-05 13:09:37.062 [main] DEBUG s.d.s.TypeNameExtractor - [modelName,202] - Generated unique model named: ModelAndView, with model id: 1_0_org.springframework.web.servlet.ModelAndView
2025-03-05 13:09:37.062 [main] DEBUG s.d.s.w.r.o.OperationResponseClassReader - [apply,81] - Setting spring response class to: ModelAndView
2025-03-05 13:09:37.063 [main] DEBUG s.d.s.r.o.SwaggerOperationResponseClassReader - [apply,85] - Setting response class to:ModelAndView
2025-03-05 13:09:37.063 [main] DEBUG s.d.s.r.o.OperationAuthReader - [apply,68] - Authorization count 0 for method errorHtml
2025-03-05 13:09:37.063 [main] DEBUG s.d.s.r.o.OpenApiOperationAuthReader - [apply,68] - Authorization count 0 for method errorHtml
2025-03-05 13:09:37.063 [main] DEBUG s.d.s.TypeNameExtractor - [modelName,202] - Generated unique model named: ModelAndView, with model id: 1_0_org.springframework.web.servlet.ModelAndView
2025-03-05 13:09:37.064 [main] DEBUG s.d.s.w.r.o.OperationParameterReader - [readParameters,107] - Reading parameters for method errorHtml at path /error
2025-03-05 13:09:37.064 [main] DEBUG s.d.s.w.r.o.OperationParameterReader - [readParameters,111] - Processing parameter request
2025-03-05 13:09:37.064 [main] DEBUG s.d.s.w.r.o.OperationParameterReader - [readParameters,111] - Processing parameter response
2025-03-05 13:09:37.064 [main] DEBUG s.d.s.TypeNameExtractor - [modelName,202] - Generated unique model named: ModelAndView, with model id: 1_0_org.springframework.web.servlet.ModelAndView
2025-03-05 13:09:37.064 [main] DEBUG s.d.s.w.r.o.OperationResponseClassReader - [apply,81] - Setting spring response class to: ModelAndView
2025-03-05 13:09:37.064 [main] DEBUG s.d.s.r.o.SwaggerOperationResponseClassReader - [apply,85] - Setting response class to:ModelAndView
2025-03-05 13:09:37.064 [main] DEBUG s.d.s.r.o.OperationAuthReader - [apply,68] - Authorization count 0 for method errorHtml
2025-03-05 13:09:37.064 [main] DEBUG s.d.s.r.o.OpenApiOperationAuthReader - [apply,68] - Authorization count 0 for method errorHtml
2025-03-05 13:09:37.065 [main] DEBUG s.d.s.TypeNameExtractor - [modelName,202] - Generated unique model named: ModelAndView, with model id: 1_0_org.springframework.web.servlet.ModelAndView
2025-03-05 13:09:37.065 [main] DEBUG s.d.s.w.r.o.OperationParameterReader - [readParameters,107] - Reading parameters for method errorHtml at path /error
2025-03-05 13:09:37.065 [main] DEBUG s.d.s.w.r.o.OperationParameterReader - [readParameters,111] - Processing parameter request
2025-03-05 13:09:37.065 [main] DEBUG s.d.s.w.r.o.OperationParameterReader - [readParameters,111] - Processing parameter response
2025-03-05 13:09:37.065 [main] DEBUG s.d.s.TypeNameExtractor - [modelName,202] - Generated unique model named: ModelAndView, with model id: 1_0_org.springframework.web.servlet.ModelAndView
2025-03-05 13:09:37.066 [main] DEBUG s.d.s.w.r.o.OperationResponseClassReader - [apply,81] - Setting spring response class to: ModelAndView
2025-03-05 13:09:37.066 [main] DEBUG s.d.s.r.o.SwaggerOperationResponseClassReader - [apply,85] - Setting response class to:ModelAndView
2025-03-05 13:09:37.066 [main] DEBUG s.d.s.r.o.OperationAuthReader - [apply,68] - Authorization count 0 for method errorHtml
2025-03-05 13:09:37.066 [main] DEBUG s.d.s.r.o.OpenApiOperationAuthReader - [apply,68] - Authorization count 0 for method errorHtml
2025-03-05 13:09:37.066 [main] DEBUG s.d.s.TypeNameExtractor - [modelName,202] - Generated unique model named: ModelAndView, with model id: 1_0_org.springframework.web.servlet.ModelAndView
2025-03-05 13:09:37.067 [main] DEBUG s.d.s.w.r.o.OperationParameterReader - [readParameters,107] - Reading parameters for method errorHtml at path /error
2025-03-05 13:09:37.067 [main] DEBUG s.d.s.w.r.o.OperationParameterReader - [readParameters,111] - Processing parameter request
2025-03-05 13:09:37.067 [main] DEBUG s.d.s.w.r.o.OperationParameterReader - [readParameters,111] - Processing parameter response
2025-03-05 13:09:37.067 [main] DEBUG s.d.s.TypeNameExtractor - [modelName,202] - Generated unique model named: ModelAndView, with model id: 1_0_org.springframework.web.servlet.ModelAndView
2025-03-05 13:09:37.067 [main] DEBUG s.d.s.w.r.o.OperationResponseClassReader - [apply,81] - Setting spring response class to: ModelAndView
2025-03-05 13:09:37.067 [main] DEBUG s.d.s.r.o.SwaggerOperationResponseClassReader - [apply,85] - Setting response class to:ModelAndView
2025-03-05 13:09:37.067 [main] DEBUG s.d.s.r.o.OperationAuthReader - [apply,68] - Authorization count 0 for method errorHtml
2025-03-05 13:09:37.067 [main] DEBUG s.d.s.r.o.OpenApiOperationAuthReader - [apply,68] - Authorization count 0 for method errorHtml
2025-03-05 13:09:37.068 [main] DEBUG s.d.s.TypeNameExtractor - [modelName,202] - Generated unique model named: ModelAndView, with model id: 1_0_org.springframework.web.servlet.ModelAndView
2025-03-05 13:09:37.068 [main] DEBUG s.d.s.w.r.o.OperationParameterReader - [readParameters,107] - Reading parameters for method errorHtml at path /error
2025-03-05 13:09:37.068 [main] DEBUG s.d.s.w.r.o.OperationParameterReader - [readParameters,111] - Processing parameter request
2025-03-05 13:09:37.068 [main] DEBUG s.d.s.w.r.o.OperationParameterReader - [readParameters,111] - Processing parameter response
2025-03-05 13:09:37.069 [main] DEBUG s.d.s.TypeNameExtractor - [modelName,202] - Generated unique model named: ModelAndView, with model id: 1_0_org.springframework.web.servlet.ModelAndView
2025-03-05 13:09:37.069 [main] DEBUG s.d.s.w.r.o.OperationResponseClassReader - [apply,81] - Setting spring response class to: ModelAndView
2025-03-05 13:09:37.069 [main] DEBUG s.d.s.r.o.SwaggerOperationResponseClassReader - [apply,85] - Setting response class to:ModelAndView
2025-03-05 13:09:37.069 [main] DEBUG s.d.s.r.o.OperationAuthReader - [apply,68] - Authorization count 0 for method errorHtml
2025-03-05 13:09:37.069 [main] DEBUG s.d.s.r.o.OpenApiOperationAuthReader - [apply,68] - Authorization count 0 for method errorHtml
2025-03-05 13:09:37.070 [main] DEBUG s.d.s.TypeNameExtractor - [modelName,202] - Generated unique model named: ModelAndView, with model id: 1_0_org.springframework.web.servlet.ModelAndView
2025-03-05 13:09:37.070 [main] DEBUG s.d.s.w.r.o.OperationParameterReader - [readParameters,107] - Reading parameters for method errorHtml at path /error
2025-03-05 13:09:37.070 [main] DEBUG s.d.s.w.r.o.OperationParameterReader - [readParameters,111] - Processing parameter request
2025-03-05 13:09:37.070 [main] DEBUG s.d.s.w.r.o.OperationParameterReader - [readParameters,111] - Processing parameter response
2025-03-05 13:09:37.070 [main] DEBUG s.d.s.TypeNameExtractor - [modelName,202] - Generated unique model named: ModelAndView, with model id: 1_0_org.springframework.web.servlet.ModelAndView
2025-03-05 13:09:37.070 [main] DEBUG s.d.s.w.r.o.OperationResponseClassReader - [apply,81] - Setting spring response class to: ModelAndView
2025-03-05 13:09:37.071 [main] DEBUG s.d.s.r.o.SwaggerOperationResponseClassReader - [apply,85] - Setting response class to:ModelAndView
2025-03-05 13:09:37.071 [main] DEBUG s.d.s.r.o.OperationAuthReader - [apply,68] - Authorization count 0 for method errorHtml
2025-03-05 13:09:37.071 [main] DEBUG s.d.s.r.o.OpenApiOperationAuthReader - [apply,68] - Authorization count 0 for method errorHtml
2025-03-05 13:09:37.072 [main] DEBUG s.d.s.TypeNameExtractor - [modelName,202] - Generated unique model named: ModelAndView, with model id: 1_0_org.springframework.web.servlet.ModelAndView
2025-03-05 13:09:37.072 [main] DEBUG s.d.s.w.r.o.OperationParameterReader - [readParameters,107] - Reading parameters for method errorHtml at path /error
2025-03-05 13:09:37.072 [main] DEBUG s.d.s.w.r.o.OperationParameterReader - [readParameters,111] - Processing parameter request
2025-03-05 13:09:37.072 [main] DEBUG s.d.s.w.r.o.OperationParameterReader - [readParameters,111] - Processing parameter response
2025-03-05 13:09:37.073 [main] DEBUG s.d.s.TypeNameExtractor - [modelName,202] - Generated unique model named: ModelAndView, with model id: 1_0_org.springframework.web.servlet.ModelAndView
2025-03-05 13:09:37.073 [main] DEBUG s.d.s.w.r.o.OperationResponseClassReader - [apply,81] - Setting spring response class to: ModelAndView
2025-03-05 13:09:37.073 [main] DEBUG s.d.s.r.o.SwaggerOperationResponseClassReader - [apply,85] - Setting response class to:ModelAndView
2025-03-05 13:09:37.073 [main] DEBUG s.d.s.r.o.OperationAuthReader - [apply,68] - Authorization count 0 for method errorHtml
2025-03-05 13:09:37.073 [main] DEBUG s.d.s.r.o.OpenApiOperationAuthReader - [apply,68] - Authorization count 0 for method errorHtml
2025-03-05 13:09:37.073 [main] DEBUG s.d.s.TypeNameExtractor - [modelName,202] - Generated unique model named: ModelAndView, with model id: 1_0_org.springframework.web.servlet.ModelAndView
2025-03-05 13:09:37.074 [main] DEBUG s.d.s.w.r.o.OperationParameterReader - [readParameters,107] - Reading parameters for method errorHtml at path /error
2025-03-05 13:09:37.074 [main] DEBUG s.d.s.w.r.o.OperationParameterReader - [readParameters,111] - Processing parameter request
2025-03-05 13:09:37.074 [main] DEBUG s.d.s.w.r.o.OperationParameterReader - [readParameters,111] - Processing parameter response
2025-03-05 13:09:37.074 [main] DEBUG s.d.s.TypeNameExtractor - [modelName,202] - Generated unique model named: ModelAndView, with model id: 1_0_org.springframework.web.servlet.ModelAndView
2025-03-05 13:09:37.074 [main] DEBUG s.d.s.w.r.o.OperationResponseClassReader - [apply,81] - Setting spring response class to: ModelAndView
2025-03-05 13:09:37.074 [main] DEBUG s.d.s.r.o.SwaggerOperationResponseClassReader - [apply,85] - Setting response class to:ModelAndView
2025-03-05 13:09:37.074 [main] DEBUG s.d.s.r.o.OperationAuthReader - [apply,68] - Authorization count 0 for method errorHtml
2025-03-05 13:09:37.074 [main] DEBUG s.d.s.r.o.OpenApiOperationAuthReader - [apply,68] - Authorization count 0 for method errorHtml
2025-03-05 13:09:37.085 [main] DEBUG s.d.s.w.r.o.OperationModelsProvider - [collectFromReturnType,78] - Adding return parameter of type Ljava/lang/String;
2025-03-05 13:09:37.085 [main] DEBUG s.d.s.w.r.o.OperationModelsProvider - [collectParameters,89] - Reading parameters models for handlerMethod |getUserConfigTest|
2025-03-05 13:09:37.085 [main] DEBUG s.d.s.w.r.o.OperationModelsProvider - [collectParameters,109] - Finished reading parameters models for handlerMethod |getUserConfigTest|
2025-03-05 13:09:37.085 [main] DEBUG s.d.s.r.o.SwaggerOperationModelsProvider - [collectApiResponses,84] - Reading parameters models for handlerMethod |getUserConfigTest|
2025-03-05 13:09:37.086 [main] DEBUG s.d.s.DefaultModelProvider - [modelFor,87] - Skipping model of type Ljava/lang/String; as its either a container type, map, enum or base type, or its already been handled
2025-03-05 13:09:37.086 [main] DEBUG s.d.s.w.s.ApiModelReader - [read,122] - Did not find any parameter models for java.lang.String
2025-03-05 13:09:37.086 [main] DEBUG s.d.s.DefaultModelDependencyProvider - [resolvedDependencies,103] - Marking base type Ljava/lang/String; as seen
2025-03-05 13:09:37.086 [main] DEBUG s.d.s.w.r.o.OperationModelsProvider - [collectFromReturnType,78] - Adding return parameter of type Ljava/lang/String;
2025-03-05 13:09:37.086 [main] DEBUG s.d.s.w.r.o.OperationModelsProvider - [collectParameters,89] - Reading parameters models for handlerMethod |getUserConfigTest|
2025-03-05 13:09:37.086 [main] DEBUG s.d.s.w.r.o.OperationModelsProvider - [collectParameters,109] - Finished reading parameters models for handlerMethod |getUserConfigTest|
2025-03-05 13:09:37.086 [main] DEBUG s.d.s.r.o.SwaggerOperationModelsProvider - [collectApiResponses,84] - Reading parameters models for handlerMethod |getUserConfigTest|
2025-03-05 13:09:37.087 [main] DEBUG s.d.s.DefaultModelSpecificationProvider - [modelSpecificationsFor,89] - Skipping model of type Ljava/lang/String; as its either a container type, map, enum or base type, or its already been handled
2025-03-05 13:09:37.087 [main] DEBUG s.d.s.w.r.o.OperationParameterReader - [readParameters,107] - Reading parameters for method getUserConfigTest at path /project1/getUserConfigTest
2025-03-05 13:09:37.087 [main] DEBUG s.d.s.w.r.o.OperationResponseClassReader - [apply,81] - Setting spring response class to: string
2025-03-05 13:09:37.088 [main] DEBUG s.d.s.r.o.SwaggerOperationResponseClassReader - [apply,85] - Setting response class to:string
2025-03-05 13:09:37.088 [main] DEBUG s.d.s.r.o.OperationAuthReader - [apply,68] - Authorization count 0 for method getUserConfigTest
2025-03-05 13:09:37.088 [main] DEBUG s.d.s.r.o.OpenApiOperationAuthReader - [apply,68] - Authorization count 0 for method getUserConfigTest
2025-03-05 13:09:37.297 [nacos.publisher-com.alibaba.nacos.client.naming.event.InstancesChangeEvent] DEBUG c.a.n.c.n.NotifyCenter - [notifySubscriber,193] - [NotifyCenter] the com.alibaba.nacos.client.naming.event.InstancesChangeEvent@74ac1690 will received by com.alibaba.nacos.client.naming.event.InstancesChangeNotifier@3dc5eb8f
2025-03-05 13:09:37.298 [nacos.publisher-com.alibaba.nacos.client.naming.event.InstancesChangeEvent] DEBUG c.a.n.c.n.NotifyCenter - [notifySubscriber,193] - [NotifyCenter] the com.alibaba.nacos.client.naming.event.InstancesChangeEvent@74ac1690 will received by com.alibaba.nacos.client.naming.event.InstancesChangeNotifier@11ca8f71
2025-03-05 13:09:43.040 [NettyClientSelector_RMROLE_1_1] DEBUG i.s.c.r.n.AbstractNettyRemotingClient - [userEventTriggered,437] - will send ping msg,channel [id: 0x73609954, L:/172.22.71.182:54348 - R:/172.22.71.182:8091]
2025-03-05 13:09:43.041 [NettyClientSelector_RMROLE_1_1] DEBUG i.s.c.r.n.AbstractNettyRemoting - [sendAsync,220] - write message:services ping, channel:[id: 0x73609954, L:/172.22.71.182:54348 - R:/172.22.71.182:8091],active?true,writable?true,isopen?true
2025-03-05 13:09:43.042 [NettyClientSelector_RMROLE_1_1] DEBUG i.s.c.r.n.AbstractNettyRemoting - [processMessage,268] - io.seata.core.rpc.netty.RmNettyRemotingClient@a5faae msgId:2, body:services pong
2025-03-05 13:09:43.042 [NettyClientSelector_RMROLE_1_1] DEBUG i.s.c.r.p.c.ClientHeartbeatProcessor - [process,42] - received PONG from /172.22.71.182:8091
2025-03-05 13:09:53.054 [NettyClientSelector_RMROLE_1_1] DEBUG i.s.c.r.n.AbstractNettyRemotingClient - [userEventTriggered,437] - will send ping msg,channel [id: 0x73609954, L:/172.22.71.182:54348 - R:/172.22.71.182:8091]
2025-03-05 13:09:53.054 [NettyClientSelector_RMROLE_1_1] DEBUG i.s.c.r.n.AbstractNettyRemoting - [sendAsync,220] - write message:services ping, channel:[id: 0x73609954, L:/172.22.71.182:54348 - R:/172.22.71.182:8091],active?true,writable?true,isopen?true
2025-03-05 13:09:53.054 [NettyClientSelector_RMROLE_1_1] DEBUG i.s.c.r.n.AbstractNettyRemoting - [processMessage,268] - io.seata.core.rpc.netty.RmNettyRemotingClient@a5faae msgId:3, body:services pong
2025-03-05 13:09:53.055 [NettyClientSelector_RMROLE_1_1] DEBUG i.s.c.r.p.c.ClientHeartbeatProcessor - [process,42] - received PONG from /172.22.71.182:8091
2025-03-05 13:10:03.057 [NettyClientSelector_RMROLE_1_1] DEBUG i.s.c.r.n.AbstractNettyRemotingClient - [userEventTriggered,437] - will send ping msg,channel [id: 0x73609954, L:/172.22.71.182:54348 - R:/172.22.71.182:8091]
2025-03-05 13:10:03.057 [NettyClientSelector_RMROLE_1_1] DEBUG i.s.c.r.n.AbstractNettyRemoting - [sendAsync,220] - write message:services ping, channel:[id: 0x73609954, L:/172.22.71.182:54348 - R:/172.22.71.182:8091],active?true,writable?true,isopen?true
2025-03-05 13:10:03.058 [NettyClientSelector_RMROLE_1_1] DEBUG i.s.c.r.n.AbstractNettyRemoting - [processMessage,268] - io.seata.core.rpc.netty.RmNettyRemotingClient@a5faae msgId:4, body:services pong
2025-03-05 13:10:03.058 [NettyClientSelector_RMROLE_1_1] DEBUG i.s.c.r.p.c.ClientHeartbeatProcessor - [process,42] - received PONG from /172.22.71.182:8091
2025-03-05 13:10:13.059 [NettyClientSelector_RMROLE_1_1] DEBUG i.s.c.r.n.AbstractNettyRemotingClient - [userEventTriggered,437] - will send ping msg,channel [id: 0x73609954, L:/172.22.71.182:54348 - R:/172.22.71.182:8091]
2025-03-05 13:10:13.059 [NettyClientSelector_RMROLE_1_1] DEBUG i.s.c.r.n.AbstractNettyRemoting - [sendAsync,220] - write message:services ping, channel:[id: 0x73609954, L:/172.22.71.182:54348 - R:/172.22.71.182:8091],active?true,writable?true,isopen?true
2025-03-05 13:10:13.060 [NettyClientSelector_RMROLE_1_1] DEBUG i.s.c.r.n.AbstractNettyRemoting - [processMessage,268] - io.seata.core.rpc.netty.RmNettyRemotingClient@a5faae msgId:5, body:services pong
2025-03-05 13:10:13.060 [NettyClientSelector_RMROLE_1_1] DEBUG i.s.c.r.p.c.ClientHeartbeatProcessor - [process,42] - received PONG from /172.22.71.182:8091
2025-03-05 13:10:23.060 [NettyClientSelector_RMROLE_1_1] DEBUG i.s.c.r.n.AbstractNettyRemotingClient - [userEventTriggered,437] - will send ping msg,channel [id: 0x73609954, L:/172.22.71.182:54348 - R:/172.22.71.182:8091]
2025-03-05 13:10:23.060 [NettyClientSelector_RMROLE_1_1] DEBUG i.s.c.r.n.AbstractNettyRemoting - [sendAsync,220] - write message:services ping, channel:[id: 0x73609954, L:/172.22.71.182:54348 - R:/172.22.71.182:8091],active?true,writable?true,isopen?true
2025-03-05 13:10:23.061 [NettyClientSelector_RMROLE_1_1] DEBUG i.s.c.r.n.AbstractNettyRemoting - [processMessage,268] - io.seata.core.rpc.netty.RmNettyRemotingClient@a5faae msgId:6, body:services pong
2025-03-05 13:10:23.061 [NettyClientSelector_RMROLE_1_1] DEBUG i.s.c.r.p.c.ClientHeartbeatProcessor - [process,42] - received PONG from /172.22.71.182:8091
2025-03-05 13:10:29.602 [NettyClientSelector_TMROLE_1_1] DEBUG i.s.c.r.n.AbstractNettyRemoting - [processMessage,268] - io.seata.core.rpc.netty.TmNettyRemotingClient@7ea9a87e msgId:1, body:version=1.4.2,extraData=null,identified=true,resultCode=null,msg=null
2025-03-05 13:10:33.062 [NettyClientSelector_RMROLE_1_1] DEBUG i.s.c.r.n.AbstractNettyRemotingClient - [userEventTriggered,437] - will send ping msg,channel [id: 0x73609954, L:/172.22.71.182:54348 - R:/172.22.71.182:8091]
2025-03-05 13:10:33.062 [NettyClientSelector_RMROLE_1_1] DEBUG i.s.c.r.n.AbstractNettyRemoting - [sendAsync,220] - write message:services ping, channel:[id: 0x73609954, L:/172.22.71.182:54348 - R:/172.22.71.182:8091],active?true,writable?true,isopen?true
2025-03-05 13:10:33.064 [NettyClientSelector_RMROLE_1_1] DEBUG i.s.c.r.n.AbstractNettyRemoting - [processMessage,268] - io.seata.core.rpc.netty.RmNettyRemotingClient@a5faae msgId:7, body:services pong
2025-03-05 13:10:33.064 [NettyClientSelector_RMROLE_1_1] DEBUG i.s.c.r.p.c.ClientHeartbeatProcessor - [process,42] - received PONG from /172.22.71.182:8091
2025-03-05 13:10:39.602 [NettyClientSelector_TMROLE_1_1] DEBUG i.s.c.r.n.AbstractNettyRemotingClient - [userEventTriggered,437] - will send ping msg,channel [id: 0x14129252, L:/172.22.71.182:54462 - R:/172.22.71.182:8091]
2025-03-05 13:10:39.602 [NettyClientSelector_TMROLE_1_1] DEBUG i.s.c.r.n.AbstractNettyRemoting - [sendAsync,220] - write message:services ping, channel:[id: 0x14129252, L:/172.22.71.182:54462 - R:/172.22.71.182:8091],active?true,writable?true,isopen?true
2025-03-05 13:10:39.602 [NettyClientSelector_TMROLE_1_1] DEBUG i.s.c.r.n.AbstractNettyRemoting - [processMessage,268] - io.seata.core.rpc.netty.TmNettyRemotingClient@7ea9a87e msgId:2, body:services pong
2025-03-05 13:10:39.602 [NettyClientSelector_TMROLE_1_1] DEBUG i.s.c.r.p.c.ClientHeartbeatProcessor - [process,42] - received PONG from /172.22.71.182:8091
2025-03-05 13:10:43.077 [NettyClientSelector_RMROLE_1_1] DEBUG i.s.c.r.n.AbstractNettyRemotingClient - [userEventTriggered,437] - will send ping msg,channel [id: 0x73609954, L:/172.22.71.182:54348 - R:/172.22.71.182:8091]
2025-03-05 13:10:43.077 [NettyClientSelector_RMROLE_1_1] DEBUG i.s.c.r.n.AbstractNettyRemoting - [sendAsync,220] - write message:services ping, channel:[id: 0x73609954, L:/172.22.71.182:54348 - R:/172.22.71.182:8091],active?true,writable?true,isopen?true
2025-03-05 13:10:43.078 [NettyClientSelector_RMROLE_1_1] DEBUG i.s.c.r.n.AbstractNettyRemoting - [processMessage,268] - io.seata.core.rpc.netty.RmNettyRemotingClient@a5faae msgId:8, body:services pong
2025-03-05 13:10:43.078 [NettyClientSelector_RMROLE_1_1] DEBUG i.s.c.r.p.c.ClientHeartbeatProcessor - [process,42] - received PONG from /172.22.71.182:8091
2025-03-05 13:10:49.604 [NettyClientSelector_TMROLE_1_1] DEBUG i.s.c.r.n.AbstractNettyRemotingClient - [userEventTriggered,437] - will send ping msg,channel [id: 0x14129252, L:/172.22.71.182:54462 - R:/172.22.71.182:8091]
2025-03-05 13:10:49.604 [NettyClientSelector_TMROLE_1_1] DEBUG i.s.c.r.n.AbstractNettyRemoting - [sendAsync,220] - write message:services ping, channel:[id: 0x14129252, L:/172.22.71.182:54462 - R:/172.22.71.182:8091],active?true,writable?true,isopen?true
2025-03-05 13:10:49.605 [NettyClientSelector_TMROLE_1_1] DEBUG i.s.c.r.n.AbstractNettyRemoting - [processMessage,268] - io.seata.core.rpc.netty.TmNettyRemotingClient@7ea9a87e msgId:3, body:services pong
2025-03-05 13:10:49.605 [NettyClientSelector_TMROLE_1_1] DEBUG i.s.c.r.p.c.ClientHeartbeatProcessor - [process,42] - received PONG from /172.22.71.182:8091
2025-03-05 13:10:53.079 [NettyClientSelector_RMROLE_1_1] DEBUG i.s.c.r.n.AbstractNettyRemotingClient - [userEventTriggered,437] - will send ping msg,channel [id: 0x73609954, L:/172.22.71.182:54348 - R:/172.22.71.182:8091]
2025-03-05 13:10:53.079 [NettyClientSelector_RMROLE_1_1] DEBUG i.s.c.r.n.AbstractNettyRemoting - [sendAsync,220] - write message:services ping, channel:[id: 0x73609954, L:/172.22.71.182:54348 - R:/172.22.71.182:8091],active?true,writable?true,isopen?true
2025-03-05 13:10:53.080 [NettyClientSelector_RMROLE_1_1] DEBUG i.s.c.r.n.AbstractNettyRemoting - [processMessage,268] - io.seata.core.rpc.netty.RmNettyRemotingClient@a5faae msgId:9, body:services pong
2025-03-05 13:10:53.080 [NettyClientSelector_RMROLE_1_1] DEBUG i.s.c.r.p.c.ClientHeartbeatProcessor - [process,42] - received PONG from /172.22.71.182:8091
2025-03-05 13:10:59.613 [NettyClientSelector_TMROLE_1_1] DEBUG i.s.c.r.n.AbstractNettyRemotingClient - [userEventTriggered,437] - will send ping msg,channel [id: 0x14129252, L:/172.22.71.182:54462 - R:/172.22.71.182:8091]
2025-03-05 13:10:59.614 [NettyClientSelector_TMROLE_1_1] DEBUG i.s.c.r.n.AbstractNettyRemoting - [sendAsync,220] - write message:services ping, channel:[id: 0x14129252, L:/172.22.71.182:54462 - R:/172.22.71.182:8091],active?true,writable?true,isopen?true
2025-03-05 13:10:59.615 [NettyClientSelector_TMROLE_1_1] DEBUG i.s.c.r.n.AbstractNettyRemoting - [processMessage,268] - io.seata.core.rpc.netty.TmNettyRemotingClient@7ea9a87e msgId:4, body:services pong
2025-03-05 13:10:59.616 [NettyClientSelector_TMROLE_1_1] DEBUG i.s.c.r.p.c.ClientHeartbeatProcessor - [process,42] - received PONG from /172.22.71.182:8091
2025-03-05 13:11:03.091 [NettyClientSelector_RMROLE_1_1] DEBUG i.s.c.r.n.AbstractNettyRemotingClient - [userEventTriggered,437] - will send ping msg,channel [id: 0x73609954, L:/172.22.71.182:54348 - R:/172.22.71.182:8091]
2025-03-05 13:11:03.091 [NettyClientSelector_RMROLE_1_1] DEBUG i.s.c.r.n.AbstractNettyRemoting - [sendAsync,220] - write message:services ping, channel:[id: 0x73609954, L:/172.22.71.182:54348 - R:/172.22.71.182:8091],active?true,writable?true,isopen?true
2025-03-05 13:11:03.092 [NettyClientSelector_RMROLE_1_1] DEBUG i.s.c.r.n.AbstractNettyRemoting - [processMessage,268] - io.seata.core.rpc.netty.RmNettyRemotingClient@a5faae msgId:10, body:services pong
2025-03-05 13:11:03.092 [NettyClientSelector_RMROLE_1_1] DEBUG i.s.c.r.p.c.ClientHeartbeatProcessor - [process,42] - received PONG from /172.22.71.182:8091
2025-03-05 13:11:09.617 [NettyClientSelector_TMROLE_1_1] DEBUG i.s.c.r.n.AbstractNettyRemotingClient - [userEventTriggered,437] - will send ping msg,channel [id: 0x14129252, L:/172.22.71.182:54462 - R:/172.22.71.182:8091]
2025-03-05 13:11:09.617 [NettyClientSelector_TMROLE_1_1] DEBUG i.s.c.r.n.AbstractNettyRemoting - [sendAsync,220] - write message:services ping, channel:[id: 0x14129252, L:/172.22.71.182:54462 - R:/172.22.71.182:8091],active?true,writable?true,isopen?true
2025-03-05 13:11:09.618 [NettyClientSelector_TMROLE_1_1] DEBUG i.s.c.r.n.AbstractNettyRemoting - [processMessage,268] - io.seata.core.rpc.netty.TmNettyRemotingClient@7ea9a87e msgId:5, body:services pong
2025-03-05 13:11:09.618 [NettyClientSelector_TMROLE_1_1] DEBUG i.s.c.r.p.c.ClientHeartbeatProcessor - [process,42] - received PONG from /172.22.71.182:8091
2025-03-05 13:11:13.093 [NettyClientSelector_RMROLE_1_1] DEBUG i.s.c.r.n.AbstractNettyRemotingClient - [userEventTriggered,437] - will send ping msg,channel [id: 0x73609954, L:/172.22.71.182:54348 - R:/172.22.71.182:8091]
2025-03-05 13:11:13.093 [NettyClientSelector_RMROLE_1_1] DEBUG i.s.c.r.n.AbstractNettyRemoting - [sendAsync,220] - write message:services ping, channel:[id: 0x73609954, L:/172.22.71.182:54348 - R:/172.22.71.182:8091],active?true,writable?true,isopen?true
2025-03-05 13:11:13.094 [NettyClientSelector_RMROLE_1_1] DEBUG i.s.c.r.n.AbstractNettyRemoting - [processMessage,268] - io.seata.core.rpc.netty.RmNettyRemotingClient@a5faae msgId:11, body:services pong
2025-03-05 13:11:13.094 [NettyClientSelector_RMROLE_1_1] DEBUG i.s.c.r.p.c.ClientHeartbeatProcessor - [process,42] - received PONG from /172.22.71.182:8091
2025-03-05 13:11:19.619 [NettyClientSelector_TMROLE_1_1] DEBUG i.s.c.r.n.AbstractNettyRemotingClient - [userEventTriggered,437] - will send ping msg,channel [id: 0x14129252, L:/172.22.71.182:54462 - R:/172.22.71.182:8091]
2025-03-05 13:11:19.619 [NettyClientSelector_TMROLE_1_1] DEBUG i.s.c.r.n.AbstractNettyRemoting - [sendAsync,220] - write message:services ping, channel:[id: 0x14129252, L:/172.22.71.182:54462 - R:/172.22.71.182:8091],active?true,writable?true,isopen?true
2025-03-05 13:11:19.619 [NettyClientSelector_TMROLE_1_1] DEBUG i.s.c.r.n.AbstractNettyRemoting - [processMessage,268] - io.seata.core.rpc.netty.TmNettyRemotingClient@7ea9a87e msgId:6, body:services pong
2025-03-05 13:11:19.620 [NettyClientSelector_TMROLE_1_1] DEBUG i.s.c.r.p.c.ClientHeartbeatProcessor - [process,42] - received PONG from /172.22.71.182:8091
2025-03-05 13:11:23.109 [NettyClientSelector_RMROLE_1_1] DEBUG i.s.c.r.n.AbstractNettyRemotingClient - [userEventTriggered,437] - will send ping msg,channel [id: 0x73609954, L:/172.22.71.182:54348 - R:/172.22.71.182:8091]
2025-03-05 13:11:23.109 [NettyClientSelector_RMROLE_1_1] DEBUG i.s.c.r.n.AbstractNettyRemoting - [sendAsync,220] - write message:services ping, channel:[id: 0x73609954, L:/172.22.71.182:54348 - R:/172.22.71.182:8091],active?true,writable?true,isopen?true
2025-03-05 13:11:23.110 [NettyClientSelector_RMROLE_1_1] DEBUG i.s.c.r.n.AbstractNettyRemoting - [processMessage,268] - io.seata.core.rpc.netty.RmNettyRemotingClient@a5faae msgId:12, body:services pong
2025-03-05 13:11:23.110 [NettyClientSelector_RMROLE_1_1] DEBUG i.s.c.r.p.c.ClientHeartbeatProcessor - [process,42] - received PONG from /172.22.71.182:8091
2025-03-05 13:11:29.622 [NettyClientSelector_TMROLE_1_1] DEBUG i.s.c.r.n.AbstractNettyRemotingClient - [userEventTriggered,437] - will send ping msg,channel [id: 0x14129252, L:/172.22.71.182:54462 - R:/172.22.71.182:8091]
2025-03-05 13:11:29.622 [NettyClientSelector_TMROLE_1_1] DEBUG i.s.c.r.n.AbstractNettyRemoting - [sendAsync,220] - write message:services ping, channel:[id: 0x14129252, L:/172.22.71.182:54462 - R:/172.22.71.182:8091],active?true,writable?true,isopen?true
2025-03-05 13:11:29.623 [NettyClientSelector_TMROLE_1_1] DEBUG i.s.c.r.n.AbstractNettyRemoting - [processMessage,268] - io.seata.core.rpc.netty.TmNettyRemotingClient@7ea9a87e msgId:7, body:services pong
2025-03-05 13:11:29.623 [NettyClientSelector_TMROLE_1_1] DEBUG i.s.c.r.p.c.ClientHeartbeatProcessor - [process,42] - received PONG from /172.22.71.182:8091
2025-03-05 13:11:33.114 [NettyClientSelector_RMROLE_1_1] DEBUG i.s.c.r.n.AbstractNettyRemotingClient - [userEventTriggered,437] - will send ping msg,channel [id: 0x73609954, L:/172.22.71.182:54348 - R:/172.22.71.182:8091]
2025-03-05 13:11:33.114 [NettyClientSelector_RMROLE_1_1] DEBUG i.s.c.r.n.AbstractNettyRemoting - [sendAsync,220] - write message:services ping, channel:[id: 0x73609954, L:/172.22.71.182:54348 - R:/172.22.71.182:8091],active?true,writable?true,isopen?true
2025-03-05 13:11:33.115 [NettyClientSelector_RMROLE_1_1] DEBUG i.s.c.r.n.AbstractNettyRemoting - [processMessage,268] - io.seata.core.rpc.netty.RmNettyRemotingClient@a5faae msgId:13, body:services pong
2025-03-05 13:11:33.115 [NettyClientSelector_RMROLE_1_1] DEBUG i.s.c.r.p.c.ClientHeartbeatProcessor - [process,42] - received PONG from /172.22.71.182:8091
2025-03-05 13:11:39.624 [NettyClientSelector_TMROLE_1_1] DEBUG i.s.c.r.n.AbstractNettyRemotingClient - [userEventTriggered,437] - will send ping msg,channel [id: 0x14129252, L:/172.22.71.182:54462 - R:/172.22.71.182:8091]
2025-03-05 13:11:39.624 [NettyClientSelector_TMROLE_1_1] DEBUG i.s.c.r.n.AbstractNettyRemoting - [sendAsync,220] - write message:services ping, channel:[id: 0x14129252, L:/172.22.71.182:54462 - R:/172.22.71.182:8091],active?true,writable?true,isopen?true
2025-03-05 13:11:39.624 [NettyClientSelector_TMROLE_1_1] DEBUG i.s.c.r.n.AbstractNettyRemoting - [processMessage,268] - io.seata.core.rpc.netty.TmNettyRemotingClient@7ea9a87e msgId:8, body:services pong
2025-03-05 13:11:39.624 [NettyClientSelector_TMROLE_1_1] DEBUG i.s.c.r.p.c.ClientHeartbeatProcessor - [process,42] - received PONG from /172.22.71.182:8091
2025-03-05 13:11:43.115 [NettyClientSelector_RMROLE_1_1] DEBUG i.s.c.r.n.AbstractNettyRemotingClient - [userEventTriggered,437] - will send ping msg,channel [id: 0x73609954, L:/172.22.71.182:54348 - R:/172.22.71.182:8091]
2025-03-05 13:11:43.115 [NettyClientSelector_RMROLE_1_1] DEBUG i.s.c.r.n.AbstractNettyRemoting - [sendAsync,220] - write message:services ping, channel:[id: 0x73609954, L:/172.22.71.182:54348 - R:/172.22.71.182:8091],active?true,writable?true,isopen?true
2025-03-05 13:11:43.115 [NettyClientSelector_RMROLE_1_1] DEBUG i.s.c.r.n.AbstractNettyRemoting - [processMessage,268] - io.seata.core.rpc.netty.RmNettyRemotingClient@a5faae msgId:14, body:services pong
2025-03-05 13:11:43.116 [NettyClientSelector_RMROLE_1_1] DEBUG i.s.c.r.p.c.ClientHeartbeatProcessor - [process,42] - received PONG from /172.22.71.182:8091
2025-03-05 13:11:49.632 [NettyClientSelector_TMROLE_1_1] DEBUG i.s.c.r.n.AbstractNettyRemotingClient - [userEventTriggered,437] - will send ping msg,channel [id: 0x14129252, L:/172.22.71.182:54462 - R:/172.22.71.182:8091]
2025-03-05 13:11:49.632 [NettyClientSelector_TMROLE_1_1] DEBUG i.s.c.r.n.AbstractNettyRemoting - [sendAsync,220] - write message:services ping, channel:[id: 0x14129252, L:/172.22.71.182:54462 - R:/172.22.71.182:8091],active?true,writable?true,isopen?true
2025-03-05 13:11:49.633 [NettyClientSelector_TMROLE_1_1] DEBUG i.s.c.r.n.AbstractNettyRemoting - [processMessage,268] - io.seata.core.rpc.netty.TmNettyRemotingClient@7ea9a87e msgId:9, body:services pong
2025-03-05 13:11:49.633 [NettyClientSelector_TMROLE_1_1] DEBUG i.s.c.r.p.c.ClientHeartbeatProcessor - [process,42] - received PONG from /172.22.71.182:8091
2025-03-05 13:11:50.224 [nacos.publisher-com.alibaba.nacos.client.naming.event.InstancesChangeEvent] DEBUG c.a.n.c.n.NotifyCenter - [notifySubscriber,193] - [NotifyCenter] the com.alibaba.nacos.client.naming.event.InstancesChangeEvent@16de79b3 will received by com.alibaba.nacos.client.naming.event.InstancesChangeNotifier@3dc5eb8f
2025-03-05 13:11:50.225 [nacos.publisher-com.alibaba.nacos.client.naming.event.InstancesChangeEvent] DEBUG c.a.n.c.n.NotifyCenter - [notifySubscriber,193] - [NotifyCenter] the com.alibaba.nacos.client.naming.event.InstancesChangeEvent@16de79b3 will received by com.alibaba.nacos.client.naming.event.InstancesChangeNotifier@11ca8f71
