2025-03-05 13:09:32.843 [main] DEBUG c.a.c.n.c.NacosPropertySourceBuilder - [loadNacosData,93] - Loading nacos data, dataId: 'pcmis-security.yaml', group: 'pcmis', data: pcmis-security:
  test:
    admin: jdsbbmq-new-security
jwt:
  tokenHeader: Authorization
  secret: pcmisneu20217033liangzhaoyangjdsbbmq
  expiration: 604800
  prefix: Bearer
spring:
  mvc:
    pathmatch:
      matching-strategy: ant_path_matcher
  redis:
    database: 0
    port: 6379
    host: localhost
    password:
    jedis:
      pool:
        max-active: 8
        max-wait: -1
        max-idle: 8
        min-idle: 0
    timeout: 1200
    cache:
      redis:
        time-to-live: 1800s
      cache-names: menus_cache
      type: redis
  cloud:
    sentinel:
      log:
        dir: ./logs/pcmis-security-logs
        file: sentinel.log
        max-size: 10MB
        retention-days: 30
  datasource:
    driver-class-name: com.mysql.cj.jdbc.Driver
    url: jdbc:mysql://localhost:3306/pcmis?characterEncoding=utf8&serverTimezone=UTC
    username: root
    password: 2003
    type: com.alibaba.druid.pool.DruidDataSource

mybatis:
  config-location: classpath:mybatis.cfg.xml
  type-aliases-package: com.lzy.common.entity
  mapper-locations:
    - classpath:mapper/*.xml

mybatis-plus:
  mapper-locations: classpath:mapper/*.xml
  global-config:
    db-config:
      id-type: auto
      field-strategy: NOT_EMPTY
      db-type: MYSQL
  configuration:
    map-underscore-to-camel-case: true
    call-setters-on-nulls: true
    log-impl: org.apache.ibatis.logging.stdout.StdOutImpl

seata:
  tx-service-group: my_test_tx_group
  enabled: true
  registry:
    type: nacos
    nacos:
      application: pcmis-seata-server
      server-addr: localhost:8848
      group : pcmis
      namespace: pcmis

swagger:
  enable: true
  application-name: 系统安全接口
  application-version: 1.0
  application-description: 系统安全
2025-03-05 13:09:34.078 [main] DEBUG o.a.i.l.LogFactory - [setImplementation,105] - Logging initialized using 'class org.apache.ibatis.logging.slf4j.Slf4jImpl' adapter.
2025-03-05 13:09:34.897 [main] DEBUG i.n.u.i.l.InternalLoggerFactory - [useSlf4JLoggerFactory,63] - Using SLF4J as the default logging framework
2025-03-05 13:09:34.898 [main] DEBUG i.n.u.i.InternalThreadLocalMap - [<clinit>,86] - -Dio.netty.threadLocalMap.stringBuilder.initialSize: 1024
2025-03-05 13:09:34.899 [main] DEBUG i.n.u.i.InternalThreadLocalMap - [<clinit>,89] - -Dio.netty.threadLocalMap.stringBuilder.maxSize: 4096
2025-03-05 13:09:34.908 [main] DEBUG i.n.u.ResourceLeakDetector - [<clinit>,129] - -Dio.netty.leakDetection.level: simple
2025-03-05 13:09:34.908 [main] DEBUG i.n.u.ResourceLeakDetector - [<clinit>,130] - -Dio.netty.leakDetection.targetRecords: 4
2025-03-05 13:09:34.912 [main] DEBUG i.n.u.ResourceLeakDetectorFactory - [newResourceLeakDetector,196] - Loaded default ResourceLeakDetector: io.netty.util.ResourceLeakDetector@2094bf3d
2025-03-05 13:09:34.935 [main] DEBUG i.n.u.i.PlatformDependent0 - [explicitNoUnsafeCause0,460] - -Dio.netty.noUnsafe: false
2025-03-05 13:09:34.935 [main] DEBUG i.n.u.i.PlatformDependent0 - [javaVersion0,954] - Java version: 18
2025-03-05 13:09:34.937 [main] DEBUG i.n.u.i.PlatformDependent0 - [<clinit>,135] - sun.misc.Unsafe.theUnsafe: available
2025-03-05 13:09:34.937 [main] DEBUG i.n.u.i.PlatformDependent0 - [<clinit>,159] - sun.misc.Unsafe.copyMemory: available
2025-03-05 13:09:34.938 [main] DEBUG i.n.u.i.PlatformDependent0 - [<clinit>,202] - java.nio.Buffer.address: available
2025-03-05 13:09:34.939 [main] DEBUG i.n.u.i.PlatformDependent0 - [<clinit>,285] - direct buffer constructor: unavailable: Reflective setAccessible(true) disabled
2025-03-05 13:09:34.940 [main] DEBUG i.n.u.i.PlatformDependent0 - [<clinit>,350] - java.nio.Bits.unaligned: available, true
2025-03-05 13:09:34.941 [main] DEBUG i.n.u.i.PlatformDependent0 - [<clinit>,417] - jdk.internal.misc.Unsafe.allocateUninitializedArray(int): unavailable: class io.netty.util.internal.PlatformDependent0$6 cannot access class jdk.internal.misc.Unsafe (in module java.base) because module java.base does not export jdk.internal.misc to unnamed module @291caca8
2025-03-05 13:09:34.942 [main] DEBUG i.n.u.i.PlatformDependent0 - [<clinit>,446] - java.nio.DirectByteBuffer.<init>(long, int): unavailable
2025-03-05 13:09:34.942 [main] DEBUG i.n.u.i.PlatformDependent - [unsafeUnavailabilityCause0,1116] - sun.misc.Unsafe: available
2025-03-05 13:09:34.943 [main] DEBUG i.n.u.i.PlatformDependent - [maxDirectMemory0,1218] - maxDirectMemory: 4123000832 bytes (maybe)
2025-03-05 13:09:34.943 [main] DEBUG i.n.u.i.PlatformDependent - [tmpdir0,1237] - -Dio.netty.tmpdir: C:\Users\33698\AppData\Local\Temp (java.io.tmpdir)
2025-03-05 13:09:34.943 [main] DEBUG i.n.u.i.PlatformDependent - [bitMode0,1316] - -Dio.netty.bitMode: 64 (sun.arch.data.model)
2025-03-05 13:09:34.944 [main] DEBUG i.n.u.i.PlatformDependent - [isWindows0,1076] - Platform: Windows
2025-03-05 13:09:34.945 [main] DEBUG i.n.u.i.PlatformDependent - [<clinit>,178] - -Dio.netty.maxDirectMemory: -1 bytes
2025-03-05 13:09:34.945 [main] DEBUG i.n.u.i.PlatformDependent - [<clinit>,185] - -Dio.netty.uninitializedArrayAllocationThreshold: -1
2025-03-05 13:09:34.946 [main] DEBUG i.n.u.i.CleanerJava9 - [<clinit>,71] - java.nio.ByteBuffer.cleaner(): available
2025-03-05 13:09:34.946 [main] DEBUG i.n.u.i.PlatformDependent - [<clinit>,205] - -Dio.netty.noPreferDirect: false
2025-03-05 13:09:34.957 [main] DEBUG i.n.u.i.PlatformDependent - [<clinit>,967] - org.jctools-core.MpscChunkedArrayQueue: available
2025-03-05 13:09:35.223 [main] DEBUG i.n.c.MultithreadEventLoopGroup - [<clinit>,44] - -Dio.netty.eventLoopThreads: 32
2025-03-05 13:09:35.272 [main] DEBUG i.n.c.n.NioEventLoop - [<clinit>,109] - -Dio.netty.noKeySetOptimization: false
2025-03-05 13:09:35.273 [main] DEBUG i.n.c.n.NioEventLoop - [<clinit>,110] - -Dio.netty.selectorAutoRebuildThreshold: 512
2025-03-05 13:09:36.838 [main] DEBUG c.b.m.c.t.GlobalConfigUtils - [getGlobalConfig,106] - DeBug: MyBatis Plus Global configuration Initializing !
2025-03-05 13:09:36.847 [main] DEBUG c.b.m.c.MybatisConfiguration - [addMappedStatement,85] - addMappedStatement: com.baomidou.mybatisplus.core.mapper.SqlRunner.SelectList
2025-03-05 13:09:36.847 [main] DEBUG c.b.m.c.MybatisConfiguration - [addMappedStatement,85] - addMappedStatement: com.baomidou.mybatisplus.core.mapper.SqlRunner.SelectObjs
2025-03-05 13:09:36.848 [main] DEBUG c.b.m.c.MybatisConfiguration - [addMappedStatement,85] - addMappedStatement: com.baomidou.mybatisplus.core.mapper.SqlRunner.Insert
2025-03-05 13:09:36.848 [main] DEBUG c.b.m.c.MybatisConfiguration - [addMappedStatement,85] - addMappedStatement: com.baomidou.mybatisplus.core.mapper.SqlRunner.Update
2025-03-05 13:09:36.848 [main] DEBUG c.b.m.c.MybatisConfiguration - [addMappedStatement,85] - addMappedStatement: com.baomidou.mybatisplus.core.mapper.SqlRunner.Delete
2025-03-05 13:09:36.848 [main] DEBUG c.b.m.c.MybatisConfiguration - [addMappedStatement,85] - addMappedStatement: com.baomidou.mybatisplus.core.mapper.SqlRunner.Count
2025-03-05 13:09:37.650 [main] DEBUG i.n.c.DefaultChannelId - [<clinit>,79] - -Dio.netty.processId: 21536 (auto-detected)
2025-03-05 13:09:37.652 [main] DEBUG i.netty.util.NetUtil - [<clinit>,135] - -Djava.net.preferIPv4Stack: false
2025-03-05 13:09:37.652 [main] DEBUG i.netty.util.NetUtil - [<clinit>,136] - -Djava.net.preferIPv6Addresses: false
2025-03-05 13:09:37.677 [main] DEBUG i.n.u.NetUtilInitializations - [determineLoopback,129] - Loopback interface: lo (Software Loopback Interface 1, 127.0.0.1)
2025-03-05 13:09:37.678 [main] DEBUG i.netty.util.NetUtil - [run,187] - Failed to get SOMAXCONN from sysctl and file \proc\sys\net\core\somaxconn. Default: 200
2025-03-05 13:09:37.742 [main] DEBUG i.n.c.DefaultChannelId - [<clinit>,101] - -Dio.netty.machineId: 70:9c:d1:ff:fe:09:d3:50 (auto-detected)
2025-03-05 13:09:37.779 [main] DEBUG i.n.b.PooledByteBufAllocator - [<clinit>,155] - -Dio.netty.allocator.numHeapArenas: 32
2025-03-05 13:09:37.780 [main] DEBUG i.n.b.PooledByteBufAllocator - [<clinit>,156] - -Dio.netty.allocator.numDirectArenas: 32
2025-03-05 13:09:37.780 [main] DEBUG i.n.b.PooledByteBufAllocator - [<clinit>,158] - -Dio.netty.allocator.pageSize: 8192
2025-03-05 13:09:37.780 [main] DEBUG i.n.b.PooledByteBufAllocator - [<clinit>,163] - -Dio.netty.allocator.maxOrder: 11
2025-03-05 13:09:37.780 [main] DEBUG i.n.b.PooledByteBufAllocator - [<clinit>,167] - -Dio.netty.allocator.chunkSize: 16777216
2025-03-05 13:09:37.780 [main] DEBUG i.n.b.PooledByteBufAllocator - [<clinit>,168] - -Dio.netty.allocator.smallCacheSize: 256
2025-03-05 13:09:37.781 [main] DEBUG i.n.b.PooledByteBufAllocator - [<clinit>,169] - -Dio.netty.allocator.normalCacheSize: 64
2025-03-05 13:09:37.781 [main] DEBUG i.n.b.PooledByteBufAllocator - [<clinit>,170] - -Dio.netty.allocator.maxCachedBufferCapacity: 32768
2025-03-05 13:09:37.781 [main] DEBUG i.n.b.PooledByteBufAllocator - [<clinit>,171] - -Dio.netty.allocator.cacheTrimInterval: 8192
2025-03-05 13:09:37.781 [main] DEBUG i.n.b.PooledByteBufAllocator - [<clinit>,172] - -Dio.netty.allocator.cacheTrimIntervalMillis: 0
2025-03-05 13:09:37.781 [main] DEBUG i.n.b.PooledByteBufAllocator - [<clinit>,173] - -Dio.netty.allocator.useCacheForAllThreads: true
2025-03-05 13:09:37.781 [main] DEBUG i.n.b.PooledByteBufAllocator - [<clinit>,174] - -Dio.netty.allocator.maxCachedByteBuffersPerChunk: 1023
2025-03-05 13:09:37.795 [main] DEBUG i.n.b.ByteBufUtil - [<clinit>,87] - -Dio.netty.allocator.type: pooled
2025-03-05 13:09:37.796 [main] DEBUG i.n.b.ByteBufUtil - [<clinit>,96] - -Dio.netty.threadLocalDirectBufferSize: 0
2025-03-05 13:09:37.796 [main] DEBUG i.n.b.ByteBufUtil - [<clinit>,99] - -Dio.netty.maxThreadLocalCharBufferSize: 16384
2025-03-05 13:09:37.832 [main] DEBUG i.n.util.Recycler - [<clinit>,85] - -Dio.netty.recycler.maxCapacityPerThread: 4096
2025-03-05 13:09:37.832 [main] DEBUG i.n.util.Recycler - [<clinit>,86] - -Dio.netty.recycler.ratio: 8
2025-03-05 13:09:37.832 [main] DEBUG i.n.util.Recycler - [<clinit>,87] - -Dio.netty.recycler.chunkSize: 32
2025-03-05 13:09:37.832 [main] DEBUG i.n.util.Recycler - [<clinit>,88] - -Dio.netty.recycler.blocking: false
2025-03-05 13:09:37.846 [NettyClientSelector_RMROLE_1_1] DEBUG i.n.b.AbstractByteBuf - [<clinit>,63] - -Dio.netty.buffer.checkAccessible: true
2025-03-05 13:09:37.847 [NettyClientSelector_RMROLE_1_1] DEBUG i.n.b.AbstractByteBuf - [<clinit>,64] - -Dio.netty.buffer.checkBounds: true
2025-03-05 13:09:37.847 [NettyClientSelector_RMROLE_1_1] DEBUG i.n.u.ResourceLeakDetectorFactory - [newResourceLeakDetector,196] - Loaded default ResourceLeakDetector: io.netty.util.ResourceLeakDetector@31c7fa83
2025-03-05 13:09:37.896 [NettyClientSelector_RMROLE_1_1] DEBUG i.s.c.r.n.AbstractNettyRemoting - [processMessage,268] - io.seata.core.rpc.netty.RmNettyRemotingClient@52502984 msgId:1, body:version=1.4.2,extraData=null,identified=true,resultCode=null,msg=null
2025-03-05 13:09:37.991 [main] DEBUG c.b.m.c.MybatisConfiguration - [addMappedStatement,85] - addMappedStatement: com.lzy.security.dao.SmsCodeMapper.insert
2025-03-05 13:09:37.995 [main] DEBUG c.b.m.c.MybatisConfiguration - [addMappedStatement,85] - addMappedStatement: com.lzy.security.dao.SmsCodeMapper.delete
2025-03-05 13:09:37.999 [main] DEBUG c.b.m.c.MybatisConfiguration - [addMappedStatement,85] - addMappedStatement: com.lzy.security.dao.SmsCodeMapper.deleteByMap
2025-03-05 13:09:38.027 [main] DEBUG c.b.m.c.MybatisConfiguration - [addMappedStatement,85] - addMappedStatement: com.lzy.security.dao.SmsCodeMapper.deleteById
2025-03-05 13:09:38.029 [main] DEBUG c.b.m.c.MybatisConfiguration - [addMappedStatement,85] - addMappedStatement: com.lzy.security.dao.SmsCodeMapper.deleteBatchIds
2025-03-05 13:09:38.034 [main] DEBUG c.b.m.c.MybatisConfiguration - [addMappedStatement,85] - addMappedStatement: com.lzy.security.dao.SmsCodeMapper.update
2025-03-05 13:09:38.037 [main] DEBUG c.b.m.c.MybatisConfiguration - [addMappedStatement,85] - addMappedStatement: com.lzy.security.dao.SmsCodeMapper.updateById
2025-03-05 13:09:38.038 [main] DEBUG c.b.m.c.MybatisConfiguration - [addMappedStatement,85] - addMappedStatement: com.lzy.security.dao.SmsCodeMapper.selectById
2025-03-05 13:09:38.040 [main] DEBUG c.b.m.c.MybatisConfiguration - [addMappedStatement,85] - addMappedStatement: com.lzy.security.dao.SmsCodeMapper.selectBatchIds
2025-03-05 13:09:38.043 [main] DEBUG c.b.m.c.MybatisConfiguration - [addMappedStatement,85] - addMappedStatement: com.lzy.security.dao.SmsCodeMapper.selectByMap
2025-03-05 13:09:38.045 [main] DEBUG c.b.m.c.MybatisConfiguration - [addMappedStatement,85] - addMappedStatement: com.lzy.security.dao.SmsCodeMapper.selectOne
2025-03-05 13:09:38.047 [main] DEBUG c.b.m.c.MybatisConfiguration - [addMappedStatement,85] - addMappedStatement: com.lzy.security.dao.SmsCodeMapper.selectCount
2025-03-05 13:09:38.050 [main] DEBUG c.b.m.c.MybatisConfiguration - [addMappedStatement,85] - addMappedStatement: com.lzy.security.dao.SmsCodeMapper.selectMaps
2025-03-05 13:09:38.052 [main] DEBUG c.b.m.c.MybatisConfiguration - [addMappedStatement,85] - addMappedStatement: com.lzy.security.dao.SmsCodeMapper.selectMapsPage
2025-03-05 13:09:38.055 [main] DEBUG c.b.m.c.MybatisConfiguration - [addMappedStatement,85] - addMappedStatement: com.lzy.security.dao.SmsCodeMapper.selectObjs
2025-03-05 13:09:38.058 [main] DEBUG c.b.m.c.MybatisConfiguration - [addMappedStatement,85] - addMappedStatement: com.lzy.security.dao.SmsCodeMapper.selectList
2025-03-05 13:09:38.060 [main] DEBUG c.b.m.c.MybatisConfiguration - [addMappedStatement,85] - addMappedStatement: com.lzy.security.dao.SmsCodeMapper.selectPage
2025-03-05 13:09:38.435 [main] DEBUG _.s.w.s.H.Mappings - [detectHandlerMethods,295] - 
	c.l.s.c.HelloWorldController:
	{GET [/security1/getUserConfigTest]}: getUserConfigTest()
2025-03-05 13:09:38.437 [main] DEBUG _.s.w.s.H.Mappings - [detectHandlerMethods,295] - 
	s.d.o.w.OpenApiControllerWebMvc:
	{GET [/v3/api-docs], produces [application/json || application/hal+json]}: getDocumentation(String,HttpServletRequest)
2025-03-05 13:09:38.440 [main] DEBUG _.s.w.s.H.Mappings - [detectHandlerMethods,295] - 
	s.d.s.w.ApiResourceController:
	{GET [/swagger-resources/configuration/security], produces [application/json]}: securityConfiguration()
	{GET [/swagger-resources/configuration/ui], produces [application/json]}: uiConfiguration()
	{GET [/swagger-resources], produces [application/json]}: swaggerResources()
2025-03-05 13:09:38.441 [main] DEBUG _.s.w.s.H.Mappings - [detectHandlerMethods,295] - 
	s.d.s.w.Swagger2ControllerWebMvc:
	{GET [/v2/api-docs], produces [application/json || application/hal+json]}: getDocumentation(String,HttpServletRequest)
2025-03-05 13:09:38.445 [main] DEBUG _.s.w.s.H.Mappings - [detectHandlerMethods,295] - 
	o.s.b.a.w.s.e.BasicErrorController:
	{ [/error]}: error(HttpServletRequest)
	{ [/error], produces [text/html]}: errorHtml(HttpServletRequest,HttpServletResponse)
2025-03-05 13:09:38.516 [nacos.publisher-com.alibaba.nacos.client.naming.event.InstancesChangeEvent] DEBUG c.a.n.c.n.NotifyCenter - [notifySubscriber,193] - [NotifyCenter] the com.alibaba.nacos.client.naming.event.InstancesChangeEvent@466bbe62 will received by com.alibaba.nacos.client.naming.event.InstancesChangeNotifier@65a2e14e
2025-03-05 13:09:38.985 [main] DEBUG _.s.w.s.H.Mappings - [logMappings,177] - 'viewControllerHandlerMapping' {/swagger-ui/=ParameterizableViewController [view="forward:/swagger-ui/index.html"]}
2025-03-05 13:09:38.989 [main] DEBUG _.s.w.s.H.Mappings - [detectHandlers,86] - 'beanNameHandlerMapping' {}
2025-03-05 13:09:39.006 [main] DEBUG _.s.w.s.H.Mappings - [logMappings,177] - 'resourceHandlerMapping' {/webjars/**=ResourceHttpRequestHandler [classpath [META-INF/resources/webjars/]], /**=ResourceHttpRequestHandler [classpath [META-INF/resources/], classpath [resources/], classpath [static/], classpath [public/], ServletContext [/]], /swagger-ui/**=ResourceHttpRequestHandler [classpath [META-INF/resources/webjars/springfox-swagger-ui/]]}
2025-03-05 13:09:41.231 [main] DEBUG s.d.s.w.p.DocumentationPluginsBootstrapper - [start,99] - Documentation plugins bootstrapped
2025-03-05 13:09:41.231 [main] DEBUG s.d.s.w.p.DocumentationPluginsBootstrapper - [bootstrapDocumentationPlugins,78] - Found 1 custom documentation plugin(s)
2025-03-05 13:09:41.250 [main] DEBUG s.d.s.w.p.DefaultRequestHandlerCombiner - [combine,49] - Total number of request handlers 8
2025-03-05 13:09:41.251 [main] DEBUG s.d.s.w.p.DefaultRequestHandlerCombiner - [combine,52] - Adding key: /error, WebMvcRequestHandler{requestMapping={ [/error]}, handlerMethod=org.springframework.boot.autoconfigure.web.servlet.error.BasicErrorController#error(HttpServletRequest), key=RequestHandlerKey{pathMappings=[/error], supportedMethods=[], supportedMediaTypes=[], producibleMediaTypes=[]}}
2025-03-05 13:09:41.251 [main] DEBUG s.d.s.w.p.DefaultRequestHandlerCombiner - [combine,52] - Adding key: /error, WebMvcRequestHandler{requestMapping={ [/error], produces [text/html]}, handlerMethod=org.springframework.boot.autoconfigure.web.servlet.error.BasicErrorController#errorHtml(HttpServletRequest, HttpServletResponse), key=RequestHandlerKey{pathMappings=[/error], supportedMethods=[], supportedMediaTypes=[], producibleMediaTypes=[text/html]}}
2025-03-05 13:09:41.251 [main] DEBUG s.d.s.w.p.DefaultRequestHandlerCombiner - [combine,52] - Adding key: /security1/getUserConfigTest, WebMvcRequestHandler{requestMapping={GET [/security1/getUserConfigTest]}, handlerMethod=com.lzy.security.controller.HelloWorldController#getUserConfigTest(), key=RequestHandlerKey{pathMappings=[/security1/getUserConfigTest], supportedMethods=[GET], supportedMediaTypes=[], producibleMediaTypes=[]}}
2025-03-05 13:09:41.251 [main] DEBUG s.d.s.w.p.DefaultRequestHandlerCombiner - [combine,52] - Adding key: /swagger-resources, WebMvcRequestHandler{requestMapping={GET [/swagger-resources], produces [application/json]}, handlerMethod=springfox.documentation.swagger.web.ApiResourceController#swaggerResources(), key=RequestHandlerKey{pathMappings=[/swagger-resources], supportedMethods=[GET], supportedMediaTypes=[], producibleMediaTypes=[application/json]}}
2025-03-05 13:09:41.252 [main] DEBUG s.d.s.w.p.DefaultRequestHandlerCombiner - [combine,52] - Adding key: /swagger-resources/configuration/security, WebMvcRequestHandler{requestMapping={GET [/swagger-resources/configuration/security], produces [application/json]}, handlerMethod=springfox.documentation.swagger.web.ApiResourceController#securityConfiguration(), key=RequestHandlerKey{pathMappings=[/swagger-resources/configuration/security], supportedMethods=[GET], supportedMediaTypes=[], producibleMediaTypes=[application/json]}}
2025-03-05 13:09:41.252 [main] DEBUG s.d.s.w.p.DefaultRequestHandlerCombiner - [combine,52] - Adding key: /swagger-resources/configuration/ui, WebMvcRequestHandler{requestMapping={GET [/swagger-resources/configuration/ui], produces [application/json]}, handlerMethod=springfox.documentation.swagger.web.ApiResourceController#uiConfiguration(), key=RequestHandlerKey{pathMappings=[/swagger-resources/configuration/ui], supportedMethods=[GET], supportedMediaTypes=[], producibleMediaTypes=[application/json]}}
2025-03-05 13:09:41.252 [main] DEBUG s.d.s.w.p.DefaultRequestHandlerCombiner - [combine,52] - Adding key: /v2/api-docs, WebMvcRequestHandler{requestMapping={GET [/v2/api-docs], produces [application/json || application/hal+json]}, handlerMethod=springfox.documentation.swagger2.web.Swagger2ControllerWebMvc#getDocumentation(String, HttpServletRequest), key=RequestHandlerKey{pathMappings=[/v2/api-docs], supportedMethods=[GET], supportedMediaTypes=[], producibleMediaTypes=[application/json, application/hal+json]}}
2025-03-05 13:09:41.252 [main] DEBUG s.d.s.w.p.DefaultRequestHandlerCombiner - [combine,52] - Adding key: /v3/api-docs, WebMvcRequestHandler{requestMapping={GET [/v3/api-docs], produces [application/json || application/hal+json]}, handlerMethod=springfox.documentation.oas.web.OpenApiControllerWebMvc#getDocumentation(String, HttpServletRequest), key=RequestHandlerKey{pathMappings=[/v3/api-docs], supportedMethods=[GET], supportedMediaTypes=[], producibleMediaTypes=[application/json, application/hal+json]}}
2025-03-05 13:09:41.262 [main] DEBUG s.d.s.w.p.DefaultRequestHandlerCombiner - [combine,59] - Combined number of request handlers 8
2025-03-05 13:09:41.264 [main] DEBUG s.d.s.w.s.ApiListingReferenceScanner - [scan,44] - Scanning for api listing references
2025-03-05 13:09:41.274 [main] DEBUG s.d.s.w.r.o.OperationModelsProvider - [collectFromReturnType,78] - Adding return parameter of type Ljava/util/Map<Ljava/lang/String;Ljava/lang/Object;>;
2025-03-05 13:09:41.276 [main] DEBUG s.d.s.w.r.o.OperationModelsProvider - [collectParameters,89] - Reading parameters models for handlerMethod |error|
2025-03-05 13:09:41.276 [main] DEBUG s.d.s.w.r.o.OperationModelsProvider - [collectParameters,109] - Finished reading parameters models for handlerMethod |error|
2025-03-05 13:09:41.278 [main] DEBUG s.d.s.r.o.SwaggerOperationModelsProvider - [collectApiResponses,84] - Reading parameters models for handlerMethod |error|
2025-03-05 13:09:41.282 [main] DEBUG s.d.s.DefaultModelProvider - [modelFor,87] - Skipping model of type Ljava/lang/Object; as its either a container type, map, enum or base type, or its already been handled
2025-03-05 13:09:41.282 [main] DEBUG s.d.s.w.s.ApiModelReader - [read,122] - Did not find any parameter models for java.util.Map<java.lang.String,java.lang.Object>
2025-03-05 13:09:41.283 [main] DEBUG s.d.s.DefaultModelDependencyProvider - [resolvedDependencies,103] - Marking base type Ljava/lang/Object; as seen
2025-03-05 13:09:41.284 [main] DEBUG s.d.s.w.r.o.OperationModelsProvider - [collectFromReturnType,78] - Adding return parameter of type Ljava/util/Map<Ljava/lang/String;Ljava/lang/Object;>;
2025-03-05 13:09:41.284 [main] DEBUG s.d.s.w.r.o.OperationModelsProvider - [collectParameters,89] - Reading parameters models for handlerMethod |error|
2025-03-05 13:09:41.284 [main] DEBUG s.d.s.w.r.o.OperationModelsProvider - [collectParameters,109] - Finished reading parameters models for handlerMethod |error|
2025-03-05 13:09:41.285 [main] DEBUG s.d.s.r.o.SwaggerOperationModelsProvider - [collectApiResponses,84] - Reading parameters models for handlerMethod |error|
2025-03-05 13:09:41.285 [main] DEBUG s.d.s.DefaultModelSpecificationProvider - [modelSpecificationsFor,89] - Skipping model of type Ljava/lang/Object; as its either a container type, map, enum or base type, or its already been handled
2025-03-05 13:09:41.291 [main] DEBUG s.d.s.TypeNameExtractor - [modelName,202] - Generated unique model named: Map, with model id: 0_0_java.util.Map<java.lang.String,java.lang.Object>
2025-03-05 13:09:41.292 [main] DEBUG s.d.s.TypeNameExtractor - [modelName,202] - Generated unique model named: Map, with model id: 0_0_java.util.Map<java.lang.String,java.lang.Object>
2025-03-05 13:09:41.301 [main] DEBUG s.d.s.w.r.o.OperationParameterReader - [readParameters,107] - Reading parameters for method error at path /error
2025-03-05 13:09:41.301 [main] DEBUG s.d.s.w.r.o.OperationParameterReader - [readParameters,111] - Processing parameter request
2025-03-05 13:09:41.304 [main] DEBUG s.d.s.TypeNameExtractor - [modelName,202] - Generated unique model named: Map, with model id: 0_0_java.util.Map<java.lang.String,java.lang.Object>
2025-03-05 13:09:41.304 [main] DEBUG s.d.s.w.r.o.OperationResponseClassReader - [apply,81] - Setting spring response class to: Map«string,object»
2025-03-05 13:09:41.304 [main] DEBUG s.d.s.TypeNameExtractor - [modelName,202] - Generated unique model named: Map, with model id: 0_0_java.util.Map<java.lang.String,java.lang.Object>
2025-03-05 13:09:41.305 [main] DEBUG s.d.s.TypeNameExtractor - [modelName,202] - Generated unique model named: Map, with model id: 0_0_java.util.Map<java.lang.String,java.lang.Object>
2025-03-05 13:09:41.306 [main] DEBUG s.d.s.TypeNameExtractor - [modelName,202] - Generated unique model named: Map, with model id: 0_0_java.util.Map<java.lang.String,java.lang.Object>
2025-03-05 13:09:41.306 [main] DEBUG s.d.s.r.o.SwaggerOperationResponseClassReader - [apply,85] - Setting response class to:Map«string,object»
2025-03-05 13:09:41.306 [main] DEBUG s.d.s.TypeNameExtractor - [modelName,202] - Generated unique model named: Map, with model id: 0_0_java.util.Map<java.lang.String,java.lang.Object>
2025-03-05 13:09:41.306 [main] DEBUG s.d.s.TypeNameExtractor - [modelName,202] - Generated unique model named: Map, with model id: 0_0_java.util.Map<java.lang.String,java.lang.Object>
2025-03-05 13:09:41.308 [main] DEBUG s.d.s.r.o.OperationAuthReader - [apply,68] - Authorization count 0 for method error
2025-03-05 13:09:41.311 [main] DEBUG s.d.s.r.o.OpenApiOperationAuthReader - [apply,68] - Authorization count 0 for method error
2025-03-05 13:09:41.315 [main] DEBUG s.d.s.TypeNameExtractor - [modelName,202] - Generated unique model named: Map, with model id: 0_0_java.util.Map<java.lang.String,java.lang.Object>
2025-03-05 13:09:41.315 [main] DEBUG s.d.s.TypeNameExtractor - [modelName,202] - Generated unique model named: Map, with model id: 0_0_java.util.Map<java.lang.String,java.lang.Object>
2025-03-05 13:09:41.315 [main] DEBUG s.d.s.w.r.o.OperationParameterReader - [readParameters,107] - Reading parameters for method error at path /error
2025-03-05 13:09:41.316 [main] DEBUG s.d.s.w.r.o.OperationParameterReader - [readParameters,111] - Processing parameter request
2025-03-05 13:09:41.316 [main] DEBUG s.d.s.TypeNameExtractor - [modelName,202] - Generated unique model named: Map, with model id: 0_0_java.util.Map<java.lang.String,java.lang.Object>
2025-03-05 13:09:41.316 [main] DEBUG s.d.s.w.r.o.OperationResponseClassReader - [apply,81] - Setting spring response class to: Map«string,object»
2025-03-05 13:09:41.316 [main] DEBUG s.d.s.TypeNameExtractor - [modelName,202] - Generated unique model named: Map, with model id: 0_0_java.util.Map<java.lang.String,java.lang.Object>
2025-03-05 13:09:41.316 [main] DEBUG s.d.s.TypeNameExtractor - [modelName,202] - Generated unique model named: Map, with model id: 0_0_java.util.Map<java.lang.String,java.lang.Object>
2025-03-05 13:09:41.317 [main] DEBUG s.d.s.TypeNameExtractor - [modelName,202] - Generated unique model named: Map, with model id: 0_0_java.util.Map<java.lang.String,java.lang.Object>
2025-03-05 13:09:41.317 [main] DEBUG s.d.s.r.o.SwaggerOperationResponseClassReader - [apply,85] - Setting response class to:Map«string,object»
2025-03-05 13:09:41.317 [main] DEBUG s.d.s.TypeNameExtractor - [modelName,202] - Generated unique model named: Map, with model id: 0_0_java.util.Map<java.lang.String,java.lang.Object>
2025-03-05 13:09:41.317 [main] DEBUG s.d.s.TypeNameExtractor - [modelName,202] - Generated unique model named: Map, with model id: 0_0_java.util.Map<java.lang.String,java.lang.Object>
2025-03-05 13:09:41.317 [main] DEBUG s.d.s.r.o.OperationAuthReader - [apply,68] - Authorization count 0 for method error
2025-03-05 13:09:41.317 [main] DEBUG s.d.s.r.o.OpenApiOperationAuthReader - [apply,68] - Authorization count 0 for method error
2025-03-05 13:09:41.318 [main] DEBUG s.d.s.TypeNameExtractor - [modelName,202] - Generated unique model named: Map, with model id: 0_0_java.util.Map<java.lang.String,java.lang.Object>
2025-03-05 13:09:41.318 [main] DEBUG s.d.s.TypeNameExtractor - [modelName,202] - Generated unique model named: Map, with model id: 0_0_java.util.Map<java.lang.String,java.lang.Object>
2025-03-05 13:09:41.318 [main] DEBUG s.d.s.w.r.o.OperationParameterReader - [readParameters,107] - Reading parameters for method error at path /error
2025-03-05 13:09:41.318 [main] DEBUG s.d.s.w.r.o.OperationParameterReader - [readParameters,111] - Processing parameter request
2025-03-05 13:09:41.318 [main] DEBUG s.d.s.TypeNameExtractor - [modelName,202] - Generated unique model named: Map, with model id: 0_0_java.util.Map<java.lang.String,java.lang.Object>
2025-03-05 13:09:41.319 [main] DEBUG s.d.s.w.r.o.OperationResponseClassReader - [apply,81] - Setting spring response class to: Map«string,object»
2025-03-05 13:09:41.319 [main] DEBUG s.d.s.TypeNameExtractor - [modelName,202] - Generated unique model named: Map, with model id: 0_0_java.util.Map<java.lang.String,java.lang.Object>
2025-03-05 13:09:41.319 [main] DEBUG s.d.s.TypeNameExtractor - [modelName,202] - Generated unique model named: Map, with model id: 0_0_java.util.Map<java.lang.String,java.lang.Object>
2025-03-05 13:09:41.319 [main] DEBUG s.d.s.TypeNameExtractor - [modelName,202] - Generated unique model named: Map, with model id: 0_0_java.util.Map<java.lang.String,java.lang.Object>
2025-03-05 13:09:41.319 [main] DEBUG s.d.s.r.o.SwaggerOperationResponseClassReader - [apply,85] - Setting response class to:Map«string,object»
2025-03-05 13:09:41.319 [main] DEBUG s.d.s.TypeNameExtractor - [modelName,202] - Generated unique model named: Map, with model id: 0_0_java.util.Map<java.lang.String,java.lang.Object>
2025-03-05 13:09:41.319 [main] DEBUG s.d.s.TypeNameExtractor - [modelName,202] - Generated unique model named: Map, with model id: 0_0_java.util.Map<java.lang.String,java.lang.Object>
2025-03-05 13:09:41.319 [main] DEBUG s.d.s.r.o.OperationAuthReader - [apply,68] - Authorization count 0 for method error
2025-03-05 13:09:41.319 [main] DEBUG s.d.s.r.o.OpenApiOperationAuthReader - [apply,68] - Authorization count 0 for method error
2025-03-05 13:09:41.320 [main] DEBUG s.d.s.TypeNameExtractor - [modelName,202] - Generated unique model named: Map, with model id: 0_0_java.util.Map<java.lang.String,java.lang.Object>
2025-03-05 13:09:41.320 [main] DEBUG s.d.s.TypeNameExtractor - [modelName,202] - Generated unique model named: Map, with model id: 0_0_java.util.Map<java.lang.String,java.lang.Object>
2025-03-05 13:09:41.320 [main] DEBUG s.d.s.w.r.o.OperationParameterReader - [readParameters,107] - Reading parameters for method error at path /error
2025-03-05 13:09:41.320 [main] DEBUG s.d.s.w.r.o.OperationParameterReader - [readParameters,111] - Processing parameter request
2025-03-05 13:09:41.321 [main] DEBUG s.d.s.TypeNameExtractor - [modelName,202] - Generated unique model named: Map, with model id: 0_0_java.util.Map<java.lang.String,java.lang.Object>
2025-03-05 13:09:41.321 [main] DEBUG s.d.s.w.r.o.OperationResponseClassReader - [apply,81] - Setting spring response class to: Map«string,object»
2025-03-05 13:09:41.321 [main] DEBUG s.d.s.TypeNameExtractor - [modelName,202] - Generated unique model named: Map, with model id: 0_0_java.util.Map<java.lang.String,java.lang.Object>
2025-03-05 13:09:41.321 [main] DEBUG s.d.s.TypeNameExtractor - [modelName,202] - Generated unique model named: Map, with model id: 0_0_java.util.Map<java.lang.String,java.lang.Object>
2025-03-05 13:09:41.321 [main] DEBUG s.d.s.TypeNameExtractor - [modelName,202] - Generated unique model named: Map, with model id: 0_0_java.util.Map<java.lang.String,java.lang.Object>
2025-03-05 13:09:41.321 [main] DEBUG s.d.s.r.o.SwaggerOperationResponseClassReader - [apply,85] - Setting response class to:Map«string,object»
2025-03-05 13:09:41.321 [main] DEBUG s.d.s.TypeNameExtractor - [modelName,202] - Generated unique model named: Map, with model id: 0_0_java.util.Map<java.lang.String,java.lang.Object>
2025-03-05 13:09:41.321 [main] DEBUG s.d.s.TypeNameExtractor - [modelName,202] - Generated unique model named: Map, with model id: 0_0_java.util.Map<java.lang.String,java.lang.Object>
2025-03-05 13:09:41.322 [main] DEBUG s.d.s.r.o.OperationAuthReader - [apply,68] - Authorization count 0 for method error
2025-03-05 13:09:41.322 [main] DEBUG s.d.s.r.o.OpenApiOperationAuthReader - [apply,68] - Authorization count 0 for method error
2025-03-05 13:09:41.322 [main] DEBUG s.d.s.TypeNameExtractor - [modelName,202] - Generated unique model named: Map, with model id: 0_0_java.util.Map<java.lang.String,java.lang.Object>
2025-03-05 13:09:41.322 [main] DEBUG s.d.s.TypeNameExtractor - [modelName,202] - Generated unique model named: Map, with model id: 0_0_java.util.Map<java.lang.String,java.lang.Object>
2025-03-05 13:09:41.323 [main] DEBUG s.d.s.w.r.o.OperationParameterReader - [readParameters,107] - Reading parameters for method error at path /error
2025-03-05 13:09:41.323 [main] DEBUG s.d.s.w.r.o.OperationParameterReader - [readParameters,111] - Processing parameter request
2025-03-05 13:09:41.323 [main] DEBUG s.d.s.TypeNameExtractor - [modelName,202] - Generated unique model named: Map, with model id: 0_0_java.util.Map<java.lang.String,java.lang.Object>
2025-03-05 13:09:41.323 [main] DEBUG s.d.s.w.r.o.OperationResponseClassReader - [apply,81] - Setting spring response class to: Map«string,object»
2025-03-05 13:09:41.323 [main] DEBUG s.d.s.TypeNameExtractor - [modelName,202] - Generated unique model named: Map, with model id: 0_0_java.util.Map<java.lang.String,java.lang.Object>
2025-03-05 13:09:41.323 [main] DEBUG s.d.s.TypeNameExtractor - [modelName,202] - Generated unique model named: Map, with model id: 0_0_java.util.Map<java.lang.String,java.lang.Object>
2025-03-05 13:09:41.324 [main] DEBUG s.d.s.TypeNameExtractor - [modelName,202] - Generated unique model named: Map, with model id: 0_0_java.util.Map<java.lang.String,java.lang.Object>
2025-03-05 13:09:41.324 [main] DEBUG s.d.s.r.o.SwaggerOperationResponseClassReader - [apply,85] - Setting response class to:Map«string,object»
2025-03-05 13:09:41.324 [main] DEBUG s.d.s.TypeNameExtractor - [modelName,202] - Generated unique model named: Map, with model id: 0_0_java.util.Map<java.lang.String,java.lang.Object>
2025-03-05 13:09:41.324 [main] DEBUG s.d.s.TypeNameExtractor - [modelName,202] - Generated unique model named: Map, with model id: 0_0_java.util.Map<java.lang.String,java.lang.Object>
2025-03-05 13:09:41.324 [main] DEBUG s.d.s.r.o.OperationAuthReader - [apply,68] - Authorization count 0 for method error
2025-03-05 13:09:41.324 [main] DEBUG s.d.s.r.o.OpenApiOperationAuthReader - [apply,68] - Authorization count 0 for method error
2025-03-05 13:09:41.325 [main] DEBUG s.d.s.TypeNameExtractor - [modelName,202] - Generated unique model named: Map, with model id: 0_0_java.util.Map<java.lang.String,java.lang.Object>
2025-03-05 13:09:41.325 [main] DEBUG s.d.s.TypeNameExtractor - [modelName,202] - Generated unique model named: Map, with model id: 0_0_java.util.Map<java.lang.String,java.lang.Object>
2025-03-05 13:09:41.326 [main] DEBUG s.d.s.w.r.o.OperationParameterReader - [readParameters,107] - Reading parameters for method error at path /error
2025-03-05 13:09:41.326 [main] DEBUG s.d.s.w.r.o.OperationParameterReader - [readParameters,111] - Processing parameter request
2025-03-05 13:09:41.326 [main] DEBUG s.d.s.TypeNameExtractor - [modelName,202] - Generated unique model named: Map, with model id: 0_0_java.util.Map<java.lang.String,java.lang.Object>
2025-03-05 13:09:41.327 [main] DEBUG s.d.s.w.r.o.OperationResponseClassReader - [apply,81] - Setting spring response class to: Map«string,object»
2025-03-05 13:09:41.327 [main] DEBUG s.d.s.TypeNameExtractor - [modelName,202] - Generated unique model named: Map, with model id: 0_0_java.util.Map<java.lang.String,java.lang.Object>
2025-03-05 13:09:41.327 [main] DEBUG s.d.s.TypeNameExtractor - [modelName,202] - Generated unique model named: Map, with model id: 0_0_java.util.Map<java.lang.String,java.lang.Object>
2025-03-05 13:09:41.327 [main] DEBUG s.d.s.TypeNameExtractor - [modelName,202] - Generated unique model named: Map, with model id: 0_0_java.util.Map<java.lang.String,java.lang.Object>
2025-03-05 13:09:41.327 [main] DEBUG s.d.s.r.o.SwaggerOperationResponseClassReader - [apply,85] - Setting response class to:Map«string,object»
2025-03-05 13:09:41.327 [main] DEBUG s.d.s.TypeNameExtractor - [modelName,202] - Generated unique model named: Map, with model id: 0_0_java.util.Map<java.lang.String,java.lang.Object>
2025-03-05 13:09:41.327 [main] DEBUG s.d.s.TypeNameExtractor - [modelName,202] - Generated unique model named: Map, with model id: 0_0_java.util.Map<java.lang.String,java.lang.Object>
2025-03-05 13:09:41.328 [main] DEBUG s.d.s.r.o.OperationAuthReader - [apply,68] - Authorization count 0 for method error
2025-03-05 13:09:41.328 [main] DEBUG s.d.s.r.o.OpenApiOperationAuthReader - [apply,68] - Authorization count 0 for method error
2025-03-05 13:09:41.329 [main] DEBUG s.d.s.TypeNameExtractor - [modelName,202] - Generated unique model named: Map, with model id: 0_0_java.util.Map<java.lang.String,java.lang.Object>
2025-03-05 13:09:41.329 [main] DEBUG s.d.s.TypeNameExtractor - [modelName,202] - Generated unique model named: Map, with model id: 0_0_java.util.Map<java.lang.String,java.lang.Object>
2025-03-05 13:09:41.329 [main] DEBUG s.d.s.w.r.o.OperationParameterReader - [readParameters,107] - Reading parameters for method error at path /error
2025-03-05 13:09:41.329 [main] DEBUG s.d.s.w.r.o.OperationParameterReader - [readParameters,111] - Processing parameter request
2025-03-05 13:09:41.330 [main] DEBUG s.d.s.TypeNameExtractor - [modelName,202] - Generated unique model named: Map, with model id: 0_0_java.util.Map<java.lang.String,java.lang.Object>
2025-03-05 13:09:41.330 [main] DEBUG s.d.s.w.r.o.OperationResponseClassReader - [apply,81] - Setting spring response class to: Map«string,object»
2025-03-05 13:09:41.330 [main] DEBUG s.d.s.TypeNameExtractor - [modelName,202] - Generated unique model named: Map, with model id: 0_0_java.util.Map<java.lang.String,java.lang.Object>
2025-03-05 13:09:41.330 [main] DEBUG s.d.s.TypeNameExtractor - [modelName,202] - Generated unique model named: Map, with model id: 0_0_java.util.Map<java.lang.String,java.lang.Object>
2025-03-05 13:09:41.331 [main] DEBUG s.d.s.TypeNameExtractor - [modelName,202] - Generated unique model named: Map, with model id: 0_0_java.util.Map<java.lang.String,java.lang.Object>
2025-03-05 13:09:41.331 [main] DEBUG s.d.s.r.o.SwaggerOperationResponseClassReader - [apply,85] - Setting response class to:Map«string,object»
2025-03-05 13:09:41.331 [main] DEBUG s.d.s.TypeNameExtractor - [modelName,202] - Generated unique model named: Map, with model id: 0_0_java.util.Map<java.lang.String,java.lang.Object>
2025-03-05 13:09:41.331 [main] DEBUG s.d.s.TypeNameExtractor - [modelName,202] - Generated unique model named: Map, with model id: 0_0_java.util.Map<java.lang.String,java.lang.Object>
2025-03-05 13:09:41.331 [main] DEBUG s.d.s.r.o.OperationAuthReader - [apply,68] - Authorization count 0 for method error
2025-03-05 13:09:41.332 [main] DEBUG s.d.s.r.o.OpenApiOperationAuthReader - [apply,68] - Authorization count 0 for method error
2025-03-05 13:09:41.332 [main] DEBUG s.d.s.TypeNameExtractor - [modelName,202] - Generated unique model named: Map, with model id: 0_0_java.util.Map<java.lang.String,java.lang.Object>
2025-03-05 13:09:41.332 [main] DEBUG s.d.s.TypeNameExtractor - [modelName,202] - Generated unique model named: Map, with model id: 0_0_java.util.Map<java.lang.String,java.lang.Object>
2025-03-05 13:09:41.333 [main] DEBUG s.d.s.w.r.o.OperationParameterReader - [readParameters,107] - Reading parameters for method error at path /error
2025-03-05 13:09:41.333 [main] DEBUG s.d.s.w.r.o.OperationParameterReader - [readParameters,111] - Processing parameter request
2025-03-05 13:09:41.333 [main] DEBUG s.d.s.TypeNameExtractor - [modelName,202] - Generated unique model named: Map, with model id: 0_0_java.util.Map<java.lang.String,java.lang.Object>
2025-03-05 13:09:41.333 [main] DEBUG s.d.s.w.r.o.OperationResponseClassReader - [apply,81] - Setting spring response class to: Map«string,object»
2025-03-05 13:09:41.333 [main] DEBUG s.d.s.TypeNameExtractor - [modelName,202] - Generated unique model named: Map, with model id: 0_0_java.util.Map<java.lang.String,java.lang.Object>
2025-03-05 13:09:41.333 [main] DEBUG s.d.s.TypeNameExtractor - [modelName,202] - Generated unique model named: Map, with model id: 0_0_java.util.Map<java.lang.String,java.lang.Object>
2025-03-05 13:09:41.333 [main] DEBUG s.d.s.TypeNameExtractor - [modelName,202] - Generated unique model named: Map, with model id: 0_0_java.util.Map<java.lang.String,java.lang.Object>
2025-03-05 13:09:41.333 [main] DEBUG s.d.s.r.o.SwaggerOperationResponseClassReader - [apply,85] - Setting response class to:Map«string,object»
2025-03-05 13:09:41.334 [main] DEBUG s.d.s.TypeNameExtractor - [modelName,202] - Generated unique model named: Map, with model id: 0_0_java.util.Map<java.lang.String,java.lang.Object>
2025-03-05 13:09:41.334 [main] DEBUG s.d.s.TypeNameExtractor - [modelName,202] - Generated unique model named: Map, with model id: 0_0_java.util.Map<java.lang.String,java.lang.Object>
2025-03-05 13:09:41.334 [main] DEBUG s.d.s.r.o.OperationAuthReader - [apply,68] - Authorization count 0 for method error
2025-03-05 13:09:41.334 [main] DEBUG s.d.s.r.o.OpenApiOperationAuthReader - [apply,68] - Authorization count 0 for method error
2025-03-05 13:09:41.343 [main] DEBUG s.d.s.w.r.o.OperationModelsProvider - [collectFromReturnType,78] - Adding return parameter of type Lorg/springframework/web/servlet/ModelAndView;
2025-03-05 13:09:41.344 [main] DEBUG s.d.s.w.r.o.OperationModelsProvider - [collectParameters,89] - Reading parameters models for handlerMethod |errorHtml|
2025-03-05 13:09:41.344 [main] DEBUG s.d.s.w.r.o.OperationModelsProvider - [collectParameters,109] - Finished reading parameters models for handlerMethod |errorHtml|
2025-03-05 13:09:41.344 [main] DEBUG s.d.s.r.o.SwaggerOperationModelsProvider - [collectApiResponses,84] - Reading parameters models for handlerMethod |errorHtml|
2025-03-05 13:09:41.347 [main] DEBUG s.d.s.p.OptimizedModelPropertiesProvider - [propertiesFor,175] - Reading property reference
2025-03-05 13:09:41.350 [main] DEBUG s.d.s.p.b.BeanModelProperty - [paramOrReturnType,54] - Evaluating unwrapped getter for member isReference
2025-03-05 13:09:41.351 [main] DEBUG s.d.s.p.ObjectMapperBeanPropertyNamingStrategy - [nameForSerialization,61] - Name 'reference' renamed to 'reference'
2025-03-05 13:09:41.351 [main] DEBUG s.d.s.p.OptimizedModelPropertiesProvider - [modelProperty,606] - Adding property reference to model
2025-03-05 13:09:41.352 [main] DEBUG s.d.s.p.b.BeanModelProperty - [paramOrReturnType,54] - Evaluating unwrapped getter for member isReference
2025-03-05 13:09:41.352 [main] DEBUG s.d.s.p.b.BeanModelProperty - [paramOrReturnType,54] - Evaluating unwrapped getter for member isReference
2025-03-05 13:09:41.352 [main] DEBUG s.d.s.p.b.BeanModelProperty - [paramOrReturnType,54] - Evaluating unwrapped getter for member isReference
2025-03-05 13:09:41.352 [main] DEBUG s.d.s.p.b.BeanModelProperty - [paramOrReturnType,54] - Evaluating unwrapped getter for member isReference
2025-03-05 13:09:41.353 [main] DEBUG s.d.s.p.OptimizedModelPropertiesProvider - [propertiesFor,175] - Reading property view
2025-03-05 13:09:41.354 [main] DEBUG s.d.s.p.b.BeanModelProperty - [paramOrReturnType,54] - Evaluating unwrapped getter for member getView
2025-03-05 13:09:41.354 [main] DEBUG s.d.s.p.ObjectMapperBeanPropertyNamingStrategy - [nameForSerialization,61] - Name 'view' renamed to 'view'
2025-03-05 13:09:41.354 [main] DEBUG s.d.s.p.OptimizedModelPropertiesProvider - [modelProperty,606] - Adding property view to model
2025-03-05 13:09:41.354 [main] DEBUG s.d.s.p.b.BeanModelProperty - [paramOrReturnType,54] - Evaluating unwrapped getter for member getView
2025-03-05 13:09:41.354 [main] DEBUG s.d.s.p.b.BeanModelProperty - [paramOrReturnType,54] - Evaluating unwrapped getter for member getView
2025-03-05 13:09:41.354 [main] DEBUG s.d.s.p.b.BeanModelProperty - [paramOrReturnType,54] - Evaluating unwrapped getter for member getView
2025-03-05 13:09:41.354 [main] DEBUG s.d.s.p.b.BeanModelProperty - [paramOrReturnType,54] - Evaluating unwrapped getter for member getView
2025-03-05 13:09:41.355 [main] DEBUG s.d.s.TypeNameExtractor - [modelName,202] - Generated unique model named: View, with model id: 1_0_org.springframework.web.servlet.View
2025-03-05 13:09:41.355 [main] DEBUG s.d.s.p.OptimizedModelPropertiesProvider - [propertiesFor,175] - Reading property viewName
2025-03-05 13:09:41.355 [main] DEBUG s.d.s.p.b.BeanModelProperty - [paramOrReturnType,54] - Evaluating unwrapped getter for member getViewName
2025-03-05 13:09:41.355 [main] DEBUG s.d.s.p.ObjectMapperBeanPropertyNamingStrategy - [nameForSerialization,61] - Name 'viewName' renamed to 'viewName'
2025-03-05 13:09:41.355 [main] DEBUG s.d.s.p.OptimizedModelPropertiesProvider - [modelProperty,606] - Adding property viewName to model
2025-03-05 13:09:41.355 [main] DEBUG s.d.s.p.b.BeanModelProperty - [paramOrReturnType,54] - Evaluating unwrapped getter for member getViewName
2025-03-05 13:09:41.355 [main] DEBUG s.d.s.p.b.BeanModelProperty - [paramOrReturnType,54] - Evaluating unwrapped getter for member getViewName
2025-03-05 13:09:41.355 [main] DEBUG s.d.s.p.b.BeanModelProperty - [paramOrReturnType,54] - Evaluating unwrapped getter for member getViewName
2025-03-05 13:09:41.356 [main] DEBUG s.d.s.p.b.BeanModelProperty - [paramOrReturnType,54] - Evaluating unwrapped getter for member getViewName
2025-03-05 13:09:41.356 [main] DEBUG s.d.s.p.OptimizedModelPropertiesProvider - [propertiesFor,175] - Reading property model
2025-03-05 13:09:41.356 [main] DEBUG s.d.s.p.b.BeanModelProperty - [paramOrReturnType,54] - Evaluating unwrapped getter for member getModel
2025-03-05 13:09:41.356 [main] DEBUG s.d.s.p.ObjectMapperBeanPropertyNamingStrategy - [nameForSerialization,61] - Name 'model' renamed to 'model'
2025-03-05 13:09:41.356 [main] DEBUG s.d.s.p.OptimizedModelPropertiesProvider - [modelProperty,606] - Adding property model to model
2025-03-05 13:09:41.356 [main] DEBUG s.d.s.p.b.BeanModelProperty - [paramOrReturnType,54] - Evaluating unwrapped getter for member getModel
2025-03-05 13:09:41.356 [main] DEBUG s.d.s.p.b.BeanModelProperty - [paramOrReturnType,54] - Evaluating unwrapped getter for member getModel
2025-03-05 13:09:41.356 [main] DEBUG s.d.s.p.b.BeanModelProperty - [paramOrReturnType,54] - Evaluating unwrapped getter for member getModel
2025-03-05 13:09:41.357 [main] DEBUG s.d.s.p.b.BeanModelProperty - [paramOrReturnType,54] - Evaluating unwrapped getter for member getModel
2025-03-05 13:09:41.357 [main] DEBUG s.d.s.p.OptimizedModelPropertiesProvider - [propertiesFor,175] - Reading property modelMap
2025-03-05 13:09:41.357 [main] DEBUG s.d.s.p.b.BeanModelProperty - [paramOrReturnType,54] - Evaluating unwrapped getter for member getModelMap
2025-03-05 13:09:41.357 [main] DEBUG s.d.s.p.ObjectMapperBeanPropertyNamingStrategy - [nameForSerialization,61] - Name 'modelMap' renamed to 'modelMap'
2025-03-05 13:09:41.357 [main] DEBUG s.d.s.p.OptimizedModelPropertiesProvider - [modelProperty,606] - Adding property modelMap to model
2025-03-05 13:09:41.357 [main] DEBUG s.d.s.p.b.BeanModelProperty - [paramOrReturnType,54] - Evaluating unwrapped getter for member getModelMap
2025-03-05 13:09:41.357 [main] DEBUG s.d.s.p.b.BeanModelProperty - [paramOrReturnType,54] - Evaluating unwrapped getter for member getModelMap
2025-03-05 13:09:41.357 [main] DEBUG s.d.s.p.b.BeanModelProperty - [paramOrReturnType,54] - Evaluating unwrapped getter for member getModelMap
2025-03-05 13:09:41.357 [main] DEBUG s.d.s.p.b.BeanModelProperty - [paramOrReturnType,54] - Evaluating unwrapped getter for member getModelMap
2025-03-05 13:09:41.357 [main] DEBUG s.d.s.TypeNameExtractor - [modelName,202] - Generated unique model named: ModelMap, with model id: 1_0_org.springframework.ui.ModelMap
2025-03-05 13:09:41.357 [main] DEBUG s.d.s.TypeNameExtractor - [modelName,202] - Generated unique model named: ModelMap, with model id: 1_0_org.springframework.ui.ModelMap
2025-03-05 13:09:41.357 [main] DEBUG s.d.s.p.OptimizedModelPropertiesProvider - [propertiesFor,175] - Reading property status
2025-03-05 13:09:41.358 [main] DEBUG s.d.s.p.b.BeanModelProperty - [paramOrReturnType,54] - Evaluating unwrapped getter for member getStatus
2025-03-05 13:09:41.358 [main] DEBUG s.d.s.p.ObjectMapperBeanPropertyNamingStrategy - [nameForSerialization,61] - Name 'status' renamed to 'status'
2025-03-05 13:09:41.358 [main] DEBUG s.d.s.p.OptimizedModelPropertiesProvider - [modelProperty,606] - Adding property status to model
2025-03-05 13:09:41.358 [main] DEBUG s.d.s.p.b.BeanModelProperty - [paramOrReturnType,54] - Evaluating unwrapped getter for member getStatus
2025-03-05 13:09:41.358 [main] DEBUG s.d.s.p.b.BeanModelProperty - [paramOrReturnType,54] - Evaluating unwrapped getter for member getStatus
2025-03-05 13:09:41.358 [main] DEBUG s.d.s.p.b.BeanModelProperty - [paramOrReturnType,54] - Evaluating unwrapped getter for member getStatus
2025-03-05 13:09:41.358 [main] DEBUG s.d.s.p.b.BeanModelProperty - [paramOrReturnType,54] - Evaluating unwrapped getter for member getStatus
2025-03-05 13:09:41.360 [main] DEBUG s.d.s.p.OptimizedModelPropertiesProvider - [propertiesFor,175] - Reading property empty
2025-03-05 13:09:41.360 [main] DEBUG s.d.s.p.b.BeanModelProperty - [paramOrReturnType,54] - Evaluating unwrapped getter for member isEmpty
2025-03-05 13:09:41.360 [main] DEBUG s.d.s.p.ObjectMapperBeanPropertyNamingStrategy - [nameForSerialization,61] - Name 'empty' renamed to 'empty'
2025-03-05 13:09:41.360 [main] DEBUG s.d.s.p.OptimizedModelPropertiesProvider - [modelProperty,606] - Adding property empty to model
2025-03-05 13:09:41.360 [main] DEBUG s.d.s.p.b.BeanModelProperty - [paramOrReturnType,54] - Evaluating unwrapped getter for member isEmpty
2025-03-05 13:09:41.361 [main] DEBUG s.d.s.p.b.BeanModelProperty - [paramOrReturnType,54] - Evaluating unwrapped getter for member isEmpty
2025-03-05 13:09:41.361 [main] DEBUG s.d.s.p.b.BeanModelProperty - [paramOrReturnType,54] - Evaluating unwrapped getter for member isEmpty
2025-03-05 13:09:41.361 [main] DEBUG s.d.s.p.b.BeanModelProperty - [paramOrReturnType,54] - Evaluating unwrapped getter for member isEmpty
2025-03-05 13:09:41.361 [main] DEBUG s.d.s.DefaultModelProvider - [reflectionBasedModel,113] - Inferred 7 properties. Properties found reference, view, viewName, model, modelMap, empty, status
2025-03-05 13:09:41.361 [main] DEBUG s.d.s.TypeNameExtractor - [modelName,202] - Generated unique model named: ModelAndView, with model id: 1_0_org.springframework.web.servlet.ModelAndView
2025-03-05 13:09:41.362 [main] DEBUG s.d.s.w.s.ApiModelReader - [read,113] - Generated parameter model id: org.springframework.web.servlet.ModelAndView, name: ModelAndView
2025-03-05 13:09:41.363 [main] DEBUG s.d.s.TypeNameExtractor - [modelName,202] - Generated unique model named: ModelAndView, with model id: 1_0_org.springframework.web.servlet.ModelAndView
2025-03-05 13:09:41.363 [main] DEBUG s.d.s.TypeNameExtractor - [modelName,202] - Generated unique model named: ModelMap, with model id: 1_0_org.springframework.ui.ModelMap
2025-03-05 13:09:41.363 [main] DEBUG s.d.s.TypeNameExtractor - [modelName,202] - Generated unique model named: View, with model id: 1_0_org.springframework.web.servlet.View
2025-03-05 13:09:41.363 [main] DEBUG s.d.s.DefaultModelDependencyProvider - [resolvedPropertiesAndFields,169] - Adding type Lorg/springframework/ui/ModelMap; for parameter modelMap
2025-03-05 13:09:41.363 [main] DEBUG s.d.s.DefaultModelDependencyProvider - [maybeFromMapValueType,227] - Recursively resolving dependencies for value type Ljava/lang/Object;
2025-03-05 13:09:41.363 [main] DEBUG s.d.s.DefaultModelDependencyProvider - [resolvedDependencies,103] - Marking base type Ljava/lang/Object; as seen
2025-03-05 13:09:41.363 [main] DEBUG s.d.s.DefaultModelDependencyProvider - [resolvedPropertiesAndFields,169] - Adding type Lorg/springframework/web/servlet/View; for parameter view
2025-03-05 13:09:41.363 [main] DEBUG s.d.s.DefaultModelDependencyProvider - [maybeFromRegularType,194] - Recursively resolving dependencies for type Lorg/springframework/web/servlet/View;
2025-03-05 13:09:41.363 [main] DEBUG s.d.s.TypeNameExtractor - [modelName,202] - Generated unique model named: View, with model id: 1_0_org.springframework.web.servlet.View
2025-03-05 13:09:41.364 [main] DEBUG s.d.s.p.OptimizedModelPropertiesProvider - [propertiesFor,175] - Reading property contentType
2025-03-05 13:09:41.364 [main] DEBUG s.d.s.p.b.BeanModelProperty - [paramOrReturnType,54] - Evaluating unwrapped getter for member getContentType
2025-03-05 13:09:41.364 [main] DEBUG s.d.s.p.ObjectMapperBeanPropertyNamingStrategy - [nameForSerialization,61] - Name 'contentType' renamed to 'contentType'
2025-03-05 13:09:41.364 [main] DEBUG s.d.s.p.OptimizedModelPropertiesProvider - [modelProperty,606] - Adding property contentType to model
2025-03-05 13:09:41.364 [main] DEBUG s.d.s.p.b.BeanModelProperty - [paramOrReturnType,54] - Evaluating unwrapped getter for member getContentType
2025-03-05 13:09:41.364 [main] DEBUG s.d.s.p.b.BeanModelProperty - [paramOrReturnType,54] - Evaluating unwrapped getter for member getContentType
2025-03-05 13:09:41.364 [main] DEBUG s.d.s.p.b.BeanModelProperty - [paramOrReturnType,54] - Evaluating unwrapped getter for member getContentType
2025-03-05 13:09:41.364 [main] DEBUG s.d.s.p.b.BeanModelProperty - [paramOrReturnType,54] - Evaluating unwrapped getter for member getContentType
2025-03-05 13:09:41.364 [main] DEBUG s.d.s.TypeNameExtractor - [modelName,202] - Generated unique model named: View, with model id: 1_0_org.springframework.web.servlet.View
2025-03-05 13:09:41.365 [main] DEBUG s.d.s.DefaultModelProvider - [reflectionBasedModel,113] - Inferred 1 properties. Properties found contentType
2025-03-05 13:09:41.365 [main] DEBUG s.d.s.TypeNameExtractor - [modelName,202] - Generated unique model named: View, with model id: 1_0_org.springframework.web.servlet.View
2025-03-05 13:09:41.367 [main] DEBUG s.d.s.w.r.o.OperationModelsProvider - [collectFromReturnType,78] - Adding return parameter of type Lorg/springframework/web/servlet/ModelAndView;
2025-03-05 13:09:41.367 [main] DEBUG s.d.s.w.r.o.OperationModelsProvider - [collectParameters,89] - Reading parameters models for handlerMethod |errorHtml|
2025-03-05 13:09:41.367 [main] DEBUG s.d.s.w.r.o.OperationModelsProvider - [collectParameters,109] - Finished reading parameters models for handlerMethod |errorHtml|
2025-03-05 13:09:41.367 [main] DEBUG s.d.s.r.o.SwaggerOperationModelsProvider - [collectApiResponses,84] - Reading parameters models for handlerMethod |errorHtml|
2025-03-05 13:09:41.367 [main] DEBUG s.d.s.TypeNameExtractor - [modelName,202] - Generated unique model named: ModelAndView, with model id: 1_0_org.springframework.web.servlet.ModelAndView
2025-03-05 13:09:41.368 [main] DEBUG s.d.s.p.OptimizedModelPropertiesProvider - [propertySpecificationsFor,211] - Reading property reference
2025-03-05 13:09:41.369 [main] DEBUG s.d.s.p.b.BeanModelProperty - [paramOrReturnType,54] - Evaluating unwrapped getter for member isReference
2025-03-05 13:09:41.369 [main] DEBUG s.d.s.p.ObjectMapperBeanPropertyNamingStrategy - [nameForSerialization,61] - Name 'reference' renamed to 'reference'
2025-03-05 13:09:41.369 [main] DEBUG s.d.s.p.OptimizedModelPropertiesProvider - [beanModelPropertySpecification,652] - Adding property reference to model
2025-03-05 13:09:41.369 [main] DEBUG s.d.s.p.b.BeanModelProperty - [paramOrReturnType,54] - Evaluating unwrapped getter for member isReference
2025-03-05 13:09:41.370 [main] DEBUG s.d.s.p.b.BeanModelProperty - [paramOrReturnType,54] - Evaluating unwrapped getter for member isReference
2025-03-05 13:09:41.370 [main] DEBUG s.d.s.p.OptimizedModelPropertiesProvider - [propertySpecificationsFor,211] - Reading property view
2025-03-05 13:09:41.370 [main] DEBUG s.d.s.p.b.BeanModelProperty - [paramOrReturnType,54] - Evaluating unwrapped getter for member getView
2025-03-05 13:09:41.371 [main] DEBUG s.d.s.p.ObjectMapperBeanPropertyNamingStrategy - [nameForSerialization,61] - Name 'view' renamed to 'view'
2025-03-05 13:09:41.371 [main] DEBUG s.d.s.p.OptimizedModelPropertiesProvider - [beanModelPropertySpecification,652] - Adding property view to model
2025-03-05 13:09:41.371 [main] DEBUG s.d.s.p.b.BeanModelProperty - [paramOrReturnType,54] - Evaluating unwrapped getter for member getView
2025-03-05 13:09:41.372 [main] DEBUG s.d.s.TypeNameExtractor - [modelName,202] - Generated unique model named: View, with model id: 1_0_org.springframework.web.servlet.View
2025-03-05 13:09:41.373 [main] DEBUG s.d.s.p.b.BeanModelProperty - [paramOrReturnType,54] - Evaluating unwrapped getter for member getView
2025-03-05 13:09:41.373 [main] DEBUG s.d.s.p.OptimizedModelPropertiesProvider - [propertySpecificationsFor,211] - Reading property viewName
2025-03-05 13:09:41.373 [main] DEBUG s.d.s.p.b.BeanModelProperty - [paramOrReturnType,54] - Evaluating unwrapped getter for member getViewName
2025-03-05 13:09:41.373 [main] DEBUG s.d.s.p.ObjectMapperBeanPropertyNamingStrategy - [nameForSerialization,61] - Name 'viewName' renamed to 'viewName'
2025-03-05 13:09:41.373 [main] DEBUG s.d.s.p.OptimizedModelPropertiesProvider - [beanModelPropertySpecification,652] - Adding property viewName to model
2025-03-05 13:09:41.373 [main] DEBUG s.d.s.p.b.BeanModelProperty - [paramOrReturnType,54] - Evaluating unwrapped getter for member getViewName
2025-03-05 13:09:41.373 [main] DEBUG s.d.s.p.b.BeanModelProperty - [paramOrReturnType,54] - Evaluating unwrapped getter for member getViewName
2025-03-05 13:09:41.373 [main] DEBUG s.d.s.p.OptimizedModelPropertiesProvider - [propertySpecificationsFor,211] - Reading property model
2025-03-05 13:09:41.374 [main] DEBUG s.d.s.p.b.BeanModelProperty - [paramOrReturnType,54] - Evaluating unwrapped getter for member getModel
2025-03-05 13:09:41.374 [main] DEBUG s.d.s.p.ObjectMapperBeanPropertyNamingStrategy - [nameForSerialization,61] - Name 'model' renamed to 'model'
2025-03-05 13:09:41.374 [main] DEBUG s.d.s.p.OptimizedModelPropertiesProvider - [beanModelPropertySpecification,652] - Adding property model to model
2025-03-05 13:09:41.374 [main] DEBUG s.d.s.p.b.BeanModelProperty - [paramOrReturnType,54] - Evaluating unwrapped getter for member getModel
2025-03-05 13:09:41.374 [main] DEBUG s.d.s.p.b.BeanModelProperty - [paramOrReturnType,54] - Evaluating unwrapped getter for member getModel
2025-03-05 13:09:41.374 [main] DEBUG s.d.s.p.OptimizedModelPropertiesProvider - [propertySpecificationsFor,211] - Reading property modelMap
2025-03-05 13:09:41.374 [main] DEBUG s.d.s.p.b.BeanModelProperty - [paramOrReturnType,54] - Evaluating unwrapped getter for member getModelMap
2025-03-05 13:09:41.374 [main] DEBUG s.d.s.p.ObjectMapperBeanPropertyNamingStrategy - [nameForSerialization,61] - Name 'modelMap' renamed to 'modelMap'
2025-03-05 13:09:41.374 [main] DEBUG s.d.s.p.OptimizedModelPropertiesProvider - [beanModelPropertySpecification,652] - Adding property modelMap to model
2025-03-05 13:09:41.374 [main] DEBUG s.d.s.p.b.BeanModelProperty - [paramOrReturnType,54] - Evaluating unwrapped getter for member getModelMap
2025-03-05 13:09:41.374 [main] DEBUG s.d.s.p.b.BeanModelProperty - [paramOrReturnType,54] - Evaluating unwrapped getter for member getModelMap
2025-03-05 13:09:41.375 [main] DEBUG s.d.s.p.OptimizedModelPropertiesProvider - [propertySpecificationsFor,211] - Reading property status
2025-03-05 13:09:41.375 [main] DEBUG s.d.s.p.b.BeanModelProperty - [paramOrReturnType,54] - Evaluating unwrapped getter for member getStatus
2025-03-05 13:09:41.375 [main] DEBUG s.d.s.p.ObjectMapperBeanPropertyNamingStrategy - [nameForSerialization,61] - Name 'status' renamed to 'status'
2025-03-05 13:09:41.375 [main] DEBUG s.d.s.p.OptimizedModelPropertiesProvider - [beanModelPropertySpecification,652] - Adding property status to model
2025-03-05 13:09:41.375 [main] DEBUG s.d.s.p.b.BeanModelProperty - [paramOrReturnType,54] - Evaluating unwrapped getter for member getStatus
2025-03-05 13:09:41.376 [main] DEBUG s.d.s.p.b.BeanModelProperty - [paramOrReturnType,54] - Evaluating unwrapped getter for member getStatus
2025-03-05 13:09:41.377 [main] DEBUG s.d.s.p.OptimizedModelPropertiesProvider - [propertySpecificationsFor,211] - Reading property empty
2025-03-05 13:09:41.377 [main] DEBUG s.d.s.p.b.BeanModelProperty - [paramOrReturnType,54] - Evaluating unwrapped getter for member isEmpty
2025-03-05 13:09:41.377 [main] DEBUG s.d.s.p.ObjectMapperBeanPropertyNamingStrategy - [nameForSerialization,61] - Name 'empty' renamed to 'empty'
2025-03-05 13:09:41.377 [main] DEBUG s.d.s.p.OptimizedModelPropertiesProvider - [beanModelPropertySpecification,652] - Adding property empty to model
2025-03-05 13:09:41.377 [main] DEBUG s.d.s.p.b.BeanModelProperty - [paramOrReturnType,54] - Evaluating unwrapped getter for member isEmpty
2025-03-05 13:09:41.377 [main] DEBUG s.d.s.p.b.BeanModelProperty - [paramOrReturnType,54] - Evaluating unwrapped getter for member isEmpty
2025-03-05 13:09:41.377 [main] DEBUG s.d.s.DefaultModelSpecificationProvider - [reflectionBasedModel,115] - Inferred 7 properties. Properties found reference, view, viewName, model, modelMap, empty, status
2025-03-05 13:09:41.377 [main] DEBUG s.d.s.TypeNameExtractor - [modelName,202] - Generated unique model named: ModelAndView, with model id: 1_0_org.springframework.web.servlet.ModelAndView
2025-03-05 13:09:41.379 [main] DEBUG s.d.s.TypeNameExtractor - [modelName,202] - Generated unique model named: View, with model id: 1_0_org.springframework.web.servlet.View
2025-03-05 13:09:41.379 [main] DEBUG s.d.s.p.OptimizedModelPropertiesProvider - [propertySpecificationsFor,211] - Reading property contentType
2025-03-05 13:09:41.379 [main] DEBUG s.d.s.p.b.BeanModelProperty - [paramOrReturnType,54] - Evaluating unwrapped getter for member getContentType
2025-03-05 13:09:41.379 [main] DEBUG s.d.s.p.ObjectMapperBeanPropertyNamingStrategy - [nameForSerialization,61] - Name 'contentType' renamed to 'contentType'
2025-03-05 13:09:41.380 [main] DEBUG s.d.s.p.OptimizedModelPropertiesProvider - [beanModelPropertySpecification,652] - Adding property contentType to model
2025-03-05 13:09:41.380 [main] DEBUG s.d.s.p.b.BeanModelProperty - [paramOrReturnType,54] - Evaluating unwrapped getter for member getContentType
2025-03-05 13:09:41.380 [main] DEBUG s.d.s.p.b.BeanModelProperty - [paramOrReturnType,54] - Evaluating unwrapped getter for member getContentType
2025-03-05 13:09:41.380 [main] DEBUG s.d.s.DefaultModelSpecificationProvider - [reflectionBasedModel,115] - Inferred 1 properties. Properties found contentType
2025-03-05 13:09:41.380 [main] DEBUG s.d.s.TypeNameExtractor - [modelName,202] - Generated unique model named: View, with model id: 1_0_org.springframework.web.servlet.View
2025-03-05 13:09:41.381 [main] DEBUG s.d.s.TypeNameExtractor - [modelName,202] - Generated unique model named: ModelAndView, with model id: 1_0_org.springframework.web.servlet.ModelAndView
2025-03-05 13:09:41.381 [main] DEBUG s.d.s.w.r.o.OperationParameterReader - [readParameters,107] - Reading parameters for method errorHtml at path /error
2025-03-05 13:09:41.381 [main] DEBUG s.d.s.w.r.o.OperationParameterReader - [readParameters,111] - Processing parameter request
2025-03-05 13:09:41.381 [main] DEBUG s.d.s.w.r.o.OperationParameterReader - [readParameters,111] - Processing parameter response
2025-03-05 13:09:41.381 [main] DEBUG s.d.s.TypeNameExtractor - [modelName,202] - Generated unique model named: ModelAndView, with model id: 1_0_org.springframework.web.servlet.ModelAndView
2025-03-05 13:09:41.381 [main] DEBUG s.d.s.w.r.o.OperationResponseClassReader - [apply,81] - Setting spring response class to: ModelAndView
2025-03-05 13:09:41.382 [main] DEBUG s.d.s.r.o.SwaggerOperationResponseClassReader - [apply,85] - Setting response class to:ModelAndView
2025-03-05 13:09:41.382 [main] DEBUG s.d.s.r.o.OperationAuthReader - [apply,68] - Authorization count 0 for method errorHtml
2025-03-05 13:09:41.382 [main] DEBUG s.d.s.r.o.OpenApiOperationAuthReader - [apply,68] - Authorization count 0 for method errorHtml
2025-03-05 13:09:41.382 [main] DEBUG s.d.s.TypeNameExtractor - [modelName,202] - Generated unique model named: ModelAndView, with model id: 1_0_org.springframework.web.servlet.ModelAndView
2025-03-05 13:09:41.382 [main] DEBUG s.d.s.w.r.o.OperationParameterReader - [readParameters,107] - Reading parameters for method errorHtml at path /error
2025-03-05 13:09:41.383 [main] DEBUG s.d.s.w.r.o.OperationParameterReader - [readParameters,111] - Processing parameter request
2025-03-05 13:09:41.383 [main] DEBUG s.d.s.w.r.o.OperationParameterReader - [readParameters,111] - Processing parameter response
2025-03-05 13:09:41.383 [main] DEBUG s.d.s.TypeNameExtractor - [modelName,202] - Generated unique model named: ModelAndView, with model id: 1_0_org.springframework.web.servlet.ModelAndView
2025-03-05 13:09:41.383 [main] DEBUG s.d.s.w.r.o.OperationResponseClassReader - [apply,81] - Setting spring response class to: ModelAndView
2025-03-05 13:09:41.383 [main] DEBUG s.d.s.r.o.SwaggerOperationResponseClassReader - [apply,85] - Setting response class to:ModelAndView
2025-03-05 13:09:41.383 [main] DEBUG s.d.s.r.o.OperationAuthReader - [apply,68] - Authorization count 0 for method errorHtml
2025-03-05 13:09:41.383 [main] DEBUG s.d.s.r.o.OpenApiOperationAuthReader - [apply,68] - Authorization count 0 for method errorHtml
2025-03-05 13:09:41.384 [main] DEBUG s.d.s.TypeNameExtractor - [modelName,202] - Generated unique model named: ModelAndView, with model id: 1_0_org.springframework.web.servlet.ModelAndView
2025-03-05 13:09:41.384 [main] DEBUG s.d.s.w.r.o.OperationParameterReader - [readParameters,107] - Reading parameters for method errorHtml at path /error
2025-03-05 13:09:41.384 [main] DEBUG s.d.s.w.r.o.OperationParameterReader - [readParameters,111] - Processing parameter request
2025-03-05 13:09:41.384 [main] DEBUG s.d.s.w.r.o.OperationParameterReader - [readParameters,111] - Processing parameter response
2025-03-05 13:09:41.384 [main] DEBUG s.d.s.TypeNameExtractor - [modelName,202] - Generated unique model named: ModelAndView, with model id: 1_0_org.springframework.web.servlet.ModelAndView
2025-03-05 13:09:41.384 [main] DEBUG s.d.s.w.r.o.OperationResponseClassReader - [apply,81] - Setting spring response class to: ModelAndView
2025-03-05 13:09:41.384 [main] DEBUG s.d.s.r.o.SwaggerOperationResponseClassReader - [apply,85] - Setting response class to:ModelAndView
2025-03-05 13:09:41.384 [main] DEBUG s.d.s.r.o.OperationAuthReader - [apply,68] - Authorization count 0 for method errorHtml
2025-03-05 13:09:41.385 [main] DEBUG s.d.s.r.o.OpenApiOperationAuthReader - [apply,68] - Authorization count 0 for method errorHtml
2025-03-05 13:09:41.385 [main] DEBUG s.d.s.TypeNameExtractor - [modelName,202] - Generated unique model named: ModelAndView, with model id: 1_0_org.springframework.web.servlet.ModelAndView
2025-03-05 13:09:41.385 [main] DEBUG s.d.s.w.r.o.OperationParameterReader - [readParameters,107] - Reading parameters for method errorHtml at path /error
2025-03-05 13:09:41.385 [main] DEBUG s.d.s.w.r.o.OperationParameterReader - [readParameters,111] - Processing parameter request
2025-03-05 13:09:41.385 [main] DEBUG s.d.s.w.r.o.OperationParameterReader - [readParameters,111] - Processing parameter response
2025-03-05 13:09:41.385 [main] DEBUG s.d.s.TypeNameExtractor - [modelName,202] - Generated unique model named: ModelAndView, with model id: 1_0_org.springframework.web.servlet.ModelAndView
2025-03-05 13:09:41.385 [main] DEBUG s.d.s.w.r.o.OperationResponseClassReader - [apply,81] - Setting spring response class to: ModelAndView
2025-03-05 13:09:41.386 [main] DEBUG s.d.s.r.o.SwaggerOperationResponseClassReader - [apply,85] - Setting response class to:ModelAndView
2025-03-05 13:09:41.386 [main] DEBUG s.d.s.r.o.OperationAuthReader - [apply,68] - Authorization count 0 for method errorHtml
2025-03-05 13:09:41.386 [main] DEBUG s.d.s.r.o.OpenApiOperationAuthReader - [apply,68] - Authorization count 0 for method errorHtml
2025-03-05 13:09:41.386 [main] DEBUG s.d.s.TypeNameExtractor - [modelName,202] - Generated unique model named: ModelAndView, with model id: 1_0_org.springframework.web.servlet.ModelAndView
2025-03-05 13:09:41.386 [main] DEBUG s.d.s.w.r.o.OperationParameterReader - [readParameters,107] - Reading parameters for method errorHtml at path /error
2025-03-05 13:09:41.387 [main] DEBUG s.d.s.w.r.o.OperationParameterReader - [readParameters,111] - Processing parameter request
2025-03-05 13:09:41.387 [main] DEBUG s.d.s.w.r.o.OperationParameterReader - [readParameters,111] - Processing parameter response
2025-03-05 13:09:41.387 [main] DEBUG s.d.s.TypeNameExtractor - [modelName,202] - Generated unique model named: ModelAndView, with model id: 1_0_org.springframework.web.servlet.ModelAndView
2025-03-05 13:09:41.387 [main] DEBUG s.d.s.w.r.o.OperationResponseClassReader - [apply,81] - Setting spring response class to: ModelAndView
2025-03-05 13:09:41.387 [main] DEBUG s.d.s.r.o.SwaggerOperationResponseClassReader - [apply,85] - Setting response class to:ModelAndView
2025-03-05 13:09:41.387 [main] DEBUG s.d.s.r.o.OperationAuthReader - [apply,68] - Authorization count 0 for method errorHtml
2025-03-05 13:09:41.387 [main] DEBUG s.d.s.r.o.OpenApiOperationAuthReader - [apply,68] - Authorization count 0 for method errorHtml
2025-03-05 13:09:41.388 [main] DEBUG s.d.s.TypeNameExtractor - [modelName,202] - Generated unique model named: ModelAndView, with model id: 1_0_org.springframework.web.servlet.ModelAndView
2025-03-05 13:09:41.388 [main] DEBUG s.d.s.w.r.o.OperationParameterReader - [readParameters,107] - Reading parameters for method errorHtml at path /error
2025-03-05 13:09:41.388 [main] DEBUG s.d.s.w.r.o.OperationParameterReader - [readParameters,111] - Processing parameter request
2025-03-05 13:09:41.388 [main] DEBUG s.d.s.w.r.o.OperationParameterReader - [readParameters,111] - Processing parameter response
2025-03-05 13:09:41.388 [main] DEBUG s.d.s.TypeNameExtractor - [modelName,202] - Generated unique model named: ModelAndView, with model id: 1_0_org.springframework.web.servlet.ModelAndView
2025-03-05 13:09:41.388 [main] DEBUG s.d.s.w.r.o.OperationResponseClassReader - [apply,81] - Setting spring response class to: ModelAndView
2025-03-05 13:09:41.388 [main] DEBUG s.d.s.r.o.SwaggerOperationResponseClassReader - [apply,85] - Setting response class to:ModelAndView
2025-03-05 13:09:41.388 [main] DEBUG s.d.s.r.o.OperationAuthReader - [apply,68] - Authorization count 0 for method errorHtml
2025-03-05 13:09:41.388 [main] DEBUG s.d.s.r.o.OpenApiOperationAuthReader - [apply,68] - Authorization count 0 for method errorHtml
2025-03-05 13:09:41.389 [main] DEBUG s.d.s.TypeNameExtractor - [modelName,202] - Generated unique model named: ModelAndView, with model id: 1_0_org.springframework.web.servlet.ModelAndView
2025-03-05 13:09:41.389 [main] DEBUG s.d.s.w.r.o.OperationParameterReader - [readParameters,107] - Reading parameters for method errorHtml at path /error
2025-03-05 13:09:41.389 [main] DEBUG s.d.s.w.r.o.OperationParameterReader - [readParameters,111] - Processing parameter request
2025-03-05 13:09:41.389 [main] DEBUG s.d.s.w.r.o.OperationParameterReader - [readParameters,111] - Processing parameter response
2025-03-05 13:09:41.390 [main] DEBUG s.d.s.TypeNameExtractor - [modelName,202] - Generated unique model named: ModelAndView, with model id: 1_0_org.springframework.web.servlet.ModelAndView
2025-03-05 13:09:41.390 [main] DEBUG s.d.s.w.r.o.OperationResponseClassReader - [apply,81] - Setting spring response class to: ModelAndView
2025-03-05 13:09:41.390 [main] DEBUG s.d.s.r.o.SwaggerOperationResponseClassReader - [apply,85] - Setting response class to:ModelAndView
2025-03-05 13:09:41.390 [main] DEBUG s.d.s.r.o.OperationAuthReader - [apply,68] - Authorization count 0 for method errorHtml
2025-03-05 13:09:41.390 [main] DEBUG s.d.s.r.o.OpenApiOperationAuthReader - [apply,68] - Authorization count 0 for method errorHtml
2025-03-05 13:09:41.390 [main] DEBUG s.d.s.TypeNameExtractor - [modelName,202] - Generated unique model named: ModelAndView, with model id: 1_0_org.springframework.web.servlet.ModelAndView
2025-03-05 13:09:41.391 [main] DEBUG s.d.s.w.r.o.OperationParameterReader - [readParameters,107] - Reading parameters for method errorHtml at path /error
2025-03-05 13:09:41.391 [main] DEBUG s.d.s.w.r.o.OperationParameterReader - [readParameters,111] - Processing parameter request
2025-03-05 13:09:41.391 [main] DEBUG s.d.s.w.r.o.OperationParameterReader - [readParameters,111] - Processing parameter response
2025-03-05 13:09:41.391 [main] DEBUG s.d.s.TypeNameExtractor - [modelName,202] - Generated unique model named: ModelAndView, with model id: 1_0_org.springframework.web.servlet.ModelAndView
2025-03-05 13:09:41.391 [main] DEBUG s.d.s.w.r.o.OperationResponseClassReader - [apply,81] - Setting spring response class to: ModelAndView
2025-03-05 13:09:41.391 [main] DEBUG s.d.s.r.o.SwaggerOperationResponseClassReader - [apply,85] - Setting response class to:ModelAndView
2025-03-05 13:09:41.391 [main] DEBUG s.d.s.r.o.OperationAuthReader - [apply,68] - Authorization count 0 for method errorHtml
2025-03-05 13:09:41.391 [main] DEBUG s.d.s.r.o.OpenApiOperationAuthReader - [apply,68] - Authorization count 0 for method errorHtml
2025-03-05 13:09:41.400 [main] DEBUG s.d.s.w.r.o.OperationModelsProvider - [collectFromReturnType,78] - Adding return parameter of type Ljava/lang/String;
2025-03-05 13:09:41.400 [main] DEBUG s.d.s.w.r.o.OperationModelsProvider - [collectParameters,89] - Reading parameters models for handlerMethod |getUserConfigTest|
2025-03-05 13:09:41.400 [main] DEBUG s.d.s.w.r.o.OperationModelsProvider - [collectParameters,109] - Finished reading parameters models for handlerMethod |getUserConfigTest|
2025-03-05 13:09:41.400 [main] DEBUG s.d.s.r.o.SwaggerOperationModelsProvider - [collectApiResponses,84] - Reading parameters models for handlerMethod |getUserConfigTest|
2025-03-05 13:09:41.401 [main] DEBUG s.d.s.DefaultModelProvider - [modelFor,87] - Skipping model of type Ljava/lang/String; as its either a container type, map, enum or base type, or its already been handled
2025-03-05 13:09:41.401 [main] DEBUG s.d.s.w.s.ApiModelReader - [read,122] - Did not find any parameter models for java.lang.String
2025-03-05 13:09:41.401 [main] DEBUG s.d.s.DefaultModelDependencyProvider - [resolvedDependencies,103] - Marking base type Ljava/lang/String; as seen
2025-03-05 13:09:41.401 [main] DEBUG s.d.s.w.r.o.OperationModelsProvider - [collectFromReturnType,78] - Adding return parameter of type Ljava/lang/String;
2025-03-05 13:09:41.401 [main] DEBUG s.d.s.w.r.o.OperationModelsProvider - [collectParameters,89] - Reading parameters models for handlerMethod |getUserConfigTest|
2025-03-05 13:09:41.401 [main] DEBUG s.d.s.w.r.o.OperationModelsProvider - [collectParameters,109] - Finished reading parameters models for handlerMethod |getUserConfigTest|
2025-03-05 13:09:41.402 [main] DEBUG s.d.s.r.o.SwaggerOperationModelsProvider - [collectApiResponses,84] - Reading parameters models for handlerMethod |getUserConfigTest|
2025-03-05 13:09:41.402 [main] DEBUG s.d.s.DefaultModelSpecificationProvider - [modelSpecificationsFor,89] - Skipping model of type Ljava/lang/String; as its either a container type, map, enum or base type, or its already been handled
2025-03-05 13:09:41.402 [main] DEBUG s.d.s.w.r.o.OperationParameterReader - [readParameters,107] - Reading parameters for method getUserConfigTest at path /security1/getUserConfigTest
2025-03-05 13:09:41.402 [main] DEBUG s.d.s.w.r.o.OperationResponseClassReader - [apply,81] - Setting spring response class to: string
2025-03-05 13:09:41.403 [main] DEBUG s.d.s.r.o.SwaggerOperationResponseClassReader - [apply,85] - Setting response class to:string
2025-03-05 13:09:41.403 [main] DEBUG s.d.s.r.o.OperationAuthReader - [apply,68] - Authorization count 0 for method getUserConfigTest
2025-03-05 13:09:41.403 [main] DEBUG s.d.s.r.o.OpenApiOperationAuthReader - [apply,68] - Authorization count 0 for method getUserConfigTest
2025-03-05 13:09:41.698 [nacos.publisher-com.alibaba.nacos.client.naming.event.InstancesChangeEvent] DEBUG c.a.n.c.n.NotifyCenter - [notifySubscriber,193] - [NotifyCenter] the com.alibaba.nacos.client.naming.event.InstancesChangeEvent@6df0a0a4 will received by com.alibaba.nacos.client.naming.event.InstancesChangeNotifier@3f2bf80d
2025-03-05 13:09:41.700 [nacos.publisher-com.alibaba.nacos.client.naming.event.InstancesChangeEvent] DEBUG c.a.n.c.n.NotifyCenter - [notifySubscriber,193] - [NotifyCenter] the com.alibaba.nacos.client.naming.event.InstancesChangeEvent@6df0a0a4 will received by com.alibaba.nacos.client.naming.event.InstancesChangeNotifier@65a2e14e
2025-03-05 13:09:47.885 [NettyClientSelector_RMROLE_1_1] DEBUG i.s.c.r.n.AbstractNettyRemotingClient - [userEventTriggered,437] - will send ping msg,channel [id: 0x517228fb, L:/172.22.71.182:54371 - R:/172.22.71.182:8091]
2025-03-05 13:09:47.886 [NettyClientSelector_RMROLE_1_1] DEBUG i.s.c.r.n.AbstractNettyRemoting - [sendAsync,220] - write message:services ping, channel:[id: 0x517228fb, L:/172.22.71.182:54371 - R:/172.22.71.182:8091],active?true,writable?true,isopen?true
2025-03-05 13:09:47.887 [NettyClientSelector_RMROLE_1_1] DEBUG i.s.c.r.n.AbstractNettyRemoting - [processMessage,268] - io.seata.core.rpc.netty.RmNettyRemotingClient@52502984 msgId:2, body:services pong
2025-03-05 13:09:47.887 [NettyClientSelector_RMROLE_1_1] DEBUG i.s.c.r.p.c.ClientHeartbeatProcessor - [process,42] - received PONG from /172.22.71.182:8091
2025-03-05 13:09:57.887 [NettyClientSelector_RMROLE_1_1] DEBUG i.s.c.r.n.AbstractNettyRemotingClient - [userEventTriggered,437] - will send ping msg,channel [id: 0x517228fb, L:/172.22.71.182:54371 - R:/172.22.71.182:8091]
2025-03-05 13:09:57.887 [NettyClientSelector_RMROLE_1_1] DEBUG i.s.c.r.n.AbstractNettyRemoting - [sendAsync,220] - write message:services ping, channel:[id: 0x517228fb, L:/172.22.71.182:54371 - R:/172.22.71.182:8091],active?true,writable?true,isopen?true
2025-03-05 13:09:57.888 [NettyClientSelector_RMROLE_1_1] DEBUG i.s.c.r.n.AbstractNettyRemoting - [processMessage,268] - io.seata.core.rpc.netty.RmNettyRemotingClient@52502984 msgId:3, body:services pong
2025-03-05 13:09:57.888 [NettyClientSelector_RMROLE_1_1] DEBUG i.s.c.r.p.c.ClientHeartbeatProcessor - [process,42] - received PONG from /172.22.71.182:8091
2025-03-05 13:10:07.888 [NettyClientSelector_RMROLE_1_1] DEBUG i.s.c.r.n.AbstractNettyRemotingClient - [userEventTriggered,437] - will send ping msg,channel [id: 0x517228fb, L:/172.22.71.182:54371 - R:/172.22.71.182:8091]
2025-03-05 13:10:07.888 [NettyClientSelector_RMROLE_1_1] DEBUG i.s.c.r.n.AbstractNettyRemoting - [sendAsync,220] - write message:services ping, channel:[id: 0x517228fb, L:/172.22.71.182:54371 - R:/172.22.71.182:8091],active?true,writable?true,isopen?true
2025-03-05 13:10:07.889 [NettyClientSelector_RMROLE_1_1] DEBUG i.s.c.r.n.AbstractNettyRemoting - [processMessage,268] - io.seata.core.rpc.netty.RmNettyRemotingClient@52502984 msgId:4, body:services pong
2025-03-05 13:10:07.889 [NettyClientSelector_RMROLE_1_1] DEBUG i.s.c.r.p.c.ClientHeartbeatProcessor - [process,42] - received PONG from /172.22.71.182:8091
2025-03-05 13:10:17.891 [NettyClientSelector_RMROLE_1_1] DEBUG i.s.c.r.n.AbstractNettyRemotingClient - [userEventTriggered,437] - will send ping msg,channel [id: 0x517228fb, L:/172.22.71.182:54371 - R:/172.22.71.182:8091]
2025-03-05 13:10:17.891 [NettyClientSelector_RMROLE_1_1] DEBUG i.s.c.r.n.AbstractNettyRemoting - [sendAsync,220] - write message:services ping, channel:[id: 0x517228fb, L:/172.22.71.182:54371 - R:/172.22.71.182:8091],active?true,writable?true,isopen?true
2025-03-05 13:10:17.891 [NettyClientSelector_RMROLE_1_1] DEBUG i.s.c.r.n.AbstractNettyRemoting - [processMessage,268] - io.seata.core.rpc.netty.RmNettyRemotingClient@52502984 msgId:5, body:services pong
2025-03-05 13:10:17.892 [NettyClientSelector_RMROLE_1_1] DEBUG i.s.c.r.p.c.ClientHeartbeatProcessor - [process,42] - received PONG from /172.22.71.182:8091
2025-03-05 13:10:27.892 [NettyClientSelector_RMROLE_1_1] DEBUG i.s.c.r.n.AbstractNettyRemotingClient - [userEventTriggered,437] - will send ping msg,channel [id: 0x517228fb, L:/172.22.71.182:54371 - R:/172.22.71.182:8091]
2025-03-05 13:10:27.892 [NettyClientSelector_RMROLE_1_1] DEBUG i.s.c.r.n.AbstractNettyRemoting - [sendAsync,220] - write message:services ping, channel:[id: 0x517228fb, L:/172.22.71.182:54371 - R:/172.22.71.182:8091],active?true,writable?true,isopen?true
2025-03-05 13:10:27.892 [NettyClientSelector_RMROLE_1_1] DEBUG i.s.c.r.n.AbstractNettyRemoting - [processMessage,268] - io.seata.core.rpc.netty.RmNettyRemotingClient@52502984 msgId:6, body:services pong
2025-03-05 13:10:27.893 [NettyClientSelector_RMROLE_1_1] DEBUG i.s.c.r.p.c.ClientHeartbeatProcessor - [process,42] - received PONG from /172.22.71.182:8091
2025-03-05 13:10:35.359 [NettyClientSelector_TMROLE_1_1] DEBUG i.s.c.r.n.AbstractNettyRemoting - [processMessage,268] - io.seata.core.rpc.netty.TmNettyRemotingClient@57fa602b msgId:1, body:version=1.4.2,extraData=null,identified=true,resultCode=null,msg=null
2025-03-05 13:10:37.893 [NettyClientSelector_RMROLE_1_1] DEBUG i.s.c.r.n.AbstractNettyRemotingClient - [userEventTriggered,437] - will send ping msg,channel [id: 0x517228fb, L:/172.22.71.182:54371 - R:/172.22.71.182:8091]
2025-03-05 13:10:37.893 [NettyClientSelector_RMROLE_1_1] DEBUG i.s.c.r.n.AbstractNettyRemoting - [sendAsync,220] - write message:services ping, channel:[id: 0x517228fb, L:/172.22.71.182:54371 - R:/172.22.71.182:8091],active?true,writable?true,isopen?true
2025-03-05 13:10:37.894 [NettyClientSelector_RMROLE_1_1] DEBUG i.s.c.r.n.AbstractNettyRemoting - [processMessage,268] - io.seata.core.rpc.netty.RmNettyRemotingClient@52502984 msgId:7, body:services pong
2025-03-05 13:10:37.894 [NettyClientSelector_RMROLE_1_1] DEBUG i.s.c.r.p.c.ClientHeartbeatProcessor - [process,42] - received PONG from /172.22.71.182:8091
2025-03-05 13:10:45.359 [NettyClientSelector_TMROLE_1_1] DEBUG i.s.c.r.n.AbstractNettyRemotingClient - [userEventTriggered,437] - will send ping msg,channel [id: 0xfc7ef74c, L:/172.22.71.182:54467 - R:/172.22.71.182:8091]
2025-03-05 13:10:45.359 [NettyClientSelector_TMROLE_1_1] DEBUG i.s.c.r.n.AbstractNettyRemoting - [sendAsync,220] - write message:services ping, channel:[id: 0xfc7ef74c, L:/172.22.71.182:54467 - R:/172.22.71.182:8091],active?true,writable?true,isopen?true
2025-03-05 13:10:45.359 [NettyClientSelector_TMROLE_1_1] DEBUG i.s.c.r.n.AbstractNettyRemoting - [processMessage,268] - io.seata.core.rpc.netty.TmNettyRemotingClient@57fa602b msgId:2, body:services pong
2025-03-05 13:10:45.360 [NettyClientSelector_TMROLE_1_1] DEBUG i.s.c.r.p.c.ClientHeartbeatProcessor - [process,42] - received PONG from /172.22.71.182:8091
2025-03-05 13:10:47.898 [NettyClientSelector_RMROLE_1_1] DEBUG i.s.c.r.n.AbstractNettyRemotingClient - [userEventTriggered,437] - will send ping msg,channel [id: 0x517228fb, L:/172.22.71.182:54371 - R:/172.22.71.182:8091]
2025-03-05 13:10:47.898 [NettyClientSelector_RMROLE_1_1] DEBUG i.s.c.r.n.AbstractNettyRemoting - [sendAsync,220] - write message:services ping, channel:[id: 0x517228fb, L:/172.22.71.182:54371 - R:/172.22.71.182:8091],active?true,writable?true,isopen?true
2025-03-05 13:10:47.899 [NettyClientSelector_RMROLE_1_1] DEBUG i.s.c.r.n.AbstractNettyRemoting - [processMessage,268] - io.seata.core.rpc.netty.RmNettyRemotingClient@52502984 msgId:8, body:services pong
2025-03-05 13:10:47.899 [NettyClientSelector_RMROLE_1_1] DEBUG i.s.c.r.p.c.ClientHeartbeatProcessor - [process,42] - received PONG from /172.22.71.182:8091
2025-03-05 13:10:55.361 [NettyClientSelector_TMROLE_1_1] DEBUG i.s.c.r.n.AbstractNettyRemotingClient - [userEventTriggered,437] - will send ping msg,channel [id: 0xfc7ef74c, L:/172.22.71.182:54467 - R:/172.22.71.182:8091]
2025-03-05 13:10:55.361 [NettyClientSelector_TMROLE_1_1] DEBUG i.s.c.r.n.AbstractNettyRemoting - [sendAsync,220] - write message:services ping, channel:[id: 0xfc7ef74c, L:/172.22.71.182:54467 - R:/172.22.71.182:8091],active?true,writable?true,isopen?true
2025-03-05 13:10:55.362 [NettyClientSelector_TMROLE_1_1] DEBUG i.s.c.r.n.AbstractNettyRemoting - [processMessage,268] - io.seata.core.rpc.netty.TmNettyRemotingClient@57fa602b msgId:3, body:services pong
2025-03-05 13:10:55.362 [NettyClientSelector_TMROLE_1_1] DEBUG i.s.c.r.p.c.ClientHeartbeatProcessor - [process,42] - received PONG from /172.22.71.182:8091
2025-03-05 13:10:57.905 [NettyClientSelector_RMROLE_1_1] DEBUG i.s.c.r.n.AbstractNettyRemotingClient - [userEventTriggered,437] - will send ping msg,channel [id: 0x517228fb, L:/172.22.71.182:54371 - R:/172.22.71.182:8091]
2025-03-05 13:10:57.905 [NettyClientSelector_RMROLE_1_1] DEBUG i.s.c.r.n.AbstractNettyRemoting - [sendAsync,220] - write message:services ping, channel:[id: 0x517228fb, L:/172.22.71.182:54371 - R:/172.22.71.182:8091],active?true,writable?true,isopen?true
2025-03-05 13:10:57.906 [NettyClientSelector_RMROLE_1_1] DEBUG i.s.c.r.n.AbstractNettyRemoting - [processMessage,268] - io.seata.core.rpc.netty.RmNettyRemotingClient@52502984 msgId:9, body:services pong
2025-03-05 13:10:57.906 [NettyClientSelector_RMROLE_1_1] DEBUG i.s.c.r.p.c.ClientHeartbeatProcessor - [process,42] - received PONG from /172.22.71.182:8091
2025-03-05 13:11:05.374 [NettyClientSelector_TMROLE_1_1] DEBUG i.s.c.r.n.AbstractNettyRemotingClient - [userEventTriggered,437] - will send ping msg,channel [id: 0xfc7ef74c, L:/172.22.71.182:54467 - R:/172.22.71.182:8091]
2025-03-05 13:11:05.374 [NettyClientSelector_TMROLE_1_1] DEBUG i.s.c.r.n.AbstractNettyRemoting - [sendAsync,220] - write message:services ping, channel:[id: 0xfc7ef74c, L:/172.22.71.182:54467 - R:/172.22.71.182:8091],active?true,writable?true,isopen?true
2025-03-05 13:11:05.374 [NettyClientSelector_TMROLE_1_1] DEBUG i.s.c.r.n.AbstractNettyRemoting - [processMessage,268] - io.seata.core.rpc.netty.TmNettyRemotingClient@57fa602b msgId:4, body:services pong
2025-03-05 13:11:05.374 [NettyClientSelector_TMROLE_1_1] DEBUG i.s.c.r.p.c.ClientHeartbeatProcessor - [process,42] - received PONG from /172.22.71.182:8091
2025-03-05 13:11:07.908 [NettyClientSelector_RMROLE_1_1] DEBUG i.s.c.r.n.AbstractNettyRemotingClient - [userEventTriggered,437] - will send ping msg,channel [id: 0x517228fb, L:/172.22.71.182:54371 - R:/172.22.71.182:8091]
2025-03-05 13:11:07.908 [NettyClientSelector_RMROLE_1_1] DEBUG i.s.c.r.n.AbstractNettyRemoting - [sendAsync,220] - write message:services ping, channel:[id: 0x517228fb, L:/172.22.71.182:54371 - R:/172.22.71.182:8091],active?true,writable?true,isopen?true
2025-03-05 13:11:07.909 [NettyClientSelector_RMROLE_1_1] DEBUG i.s.c.r.n.AbstractNettyRemoting - [processMessage,268] - io.seata.core.rpc.netty.RmNettyRemotingClient@52502984 msgId:10, body:services pong
2025-03-05 13:11:07.909 [NettyClientSelector_RMROLE_1_1] DEBUG i.s.c.r.p.c.ClientHeartbeatProcessor - [process,42] - received PONG from /172.22.71.182:8091
2025-03-05 13:11:15.375 [NettyClientSelector_TMROLE_1_1] DEBUG i.s.c.r.n.AbstractNettyRemotingClient - [userEventTriggered,437] - will send ping msg,channel [id: 0xfc7ef74c, L:/172.22.71.182:54467 - R:/172.22.71.182:8091]
2025-03-05 13:11:15.375 [NettyClientSelector_TMROLE_1_1] DEBUG i.s.c.r.n.AbstractNettyRemoting - [sendAsync,220] - write message:services ping, channel:[id: 0xfc7ef74c, L:/172.22.71.182:54467 - R:/172.22.71.182:8091],active?true,writable?true,isopen?true
2025-03-05 13:11:15.375 [NettyClientSelector_TMROLE_1_1] DEBUG i.s.c.r.n.AbstractNettyRemoting - [processMessage,268] - io.seata.core.rpc.netty.TmNettyRemotingClient@57fa602b msgId:5, body:services pong
2025-03-05 13:11:15.376 [NettyClientSelector_TMROLE_1_1] DEBUG i.s.c.r.p.c.ClientHeartbeatProcessor - [process,42] - received PONG from /172.22.71.182:8091
2025-03-05 13:11:17.910 [NettyClientSelector_RMROLE_1_1] DEBUG i.s.c.r.n.AbstractNettyRemotingClient - [userEventTriggered,437] - will send ping msg,channel [id: 0x517228fb, L:/172.22.71.182:54371 - R:/172.22.71.182:8091]
2025-03-05 13:11:17.910 [NettyClientSelector_RMROLE_1_1] DEBUG i.s.c.r.n.AbstractNettyRemoting - [sendAsync,220] - write message:services ping, channel:[id: 0x517228fb, L:/172.22.71.182:54371 - R:/172.22.71.182:8091],active?true,writable?true,isopen?true
2025-03-05 13:11:17.910 [NettyClientSelector_RMROLE_1_1] DEBUG i.s.c.r.n.AbstractNettyRemoting - [processMessage,268] - io.seata.core.rpc.netty.RmNettyRemotingClient@52502984 msgId:11, body:services pong
2025-03-05 13:11:17.911 [NettyClientSelector_RMROLE_1_1] DEBUG i.s.c.r.p.c.ClientHeartbeatProcessor - [process,42] - received PONG from /172.22.71.182:8091
2025-03-05 13:11:25.378 [NettyClientSelector_TMROLE_1_1] DEBUG i.s.c.r.n.AbstractNettyRemotingClient - [userEventTriggered,437] - will send ping msg,channel [id: 0xfc7ef74c, L:/172.22.71.182:54467 - R:/172.22.71.182:8091]
2025-03-05 13:11:25.378 [NettyClientSelector_TMROLE_1_1] DEBUG i.s.c.r.n.AbstractNettyRemoting - [sendAsync,220] - write message:services ping, channel:[id: 0xfc7ef74c, L:/172.22.71.182:54467 - R:/172.22.71.182:8091],active?true,writable?true,isopen?true
2025-03-05 13:11:25.379 [NettyClientSelector_TMROLE_1_1] DEBUG i.s.c.r.n.AbstractNettyRemoting - [processMessage,268] - io.seata.core.rpc.netty.TmNettyRemotingClient@57fa602b msgId:6, body:services pong
2025-03-05 13:11:25.379 [NettyClientSelector_TMROLE_1_1] DEBUG i.s.c.r.p.c.ClientHeartbeatProcessor - [process,42] - received PONG from /172.22.71.182:8091
2025-03-05 13:11:27.912 [NettyClientSelector_RMROLE_1_1] DEBUG i.s.c.r.n.AbstractNettyRemotingClient - [userEventTriggered,437] - will send ping msg,channel [id: 0x517228fb, L:/172.22.71.182:54371 - R:/172.22.71.182:8091]
2025-03-05 13:11:27.912 [NettyClientSelector_RMROLE_1_1] DEBUG i.s.c.r.n.AbstractNettyRemoting - [sendAsync,220] - write message:services ping, channel:[id: 0x517228fb, L:/172.22.71.182:54371 - R:/172.22.71.182:8091],active?true,writable?true,isopen?true
2025-03-05 13:11:27.912 [NettyClientSelector_RMROLE_1_1] DEBUG i.s.c.r.n.AbstractNettyRemoting - [processMessage,268] - io.seata.core.rpc.netty.RmNettyRemotingClient@52502984 msgId:12, body:services pong
2025-03-05 13:11:27.913 [NettyClientSelector_RMROLE_1_1] DEBUG i.s.c.r.p.c.ClientHeartbeatProcessor - [process,42] - received PONG from /172.22.71.182:8091
2025-03-05 13:11:35.379 [NettyClientSelector_TMROLE_1_1] DEBUG i.s.c.r.n.AbstractNettyRemotingClient - [userEventTriggered,437] - will send ping msg,channel [id: 0xfc7ef74c, L:/172.22.71.182:54467 - R:/172.22.71.182:8091]
2025-03-05 13:11:35.379 [NettyClientSelector_TMROLE_1_1] DEBUG i.s.c.r.n.AbstractNettyRemoting - [sendAsync,220] - write message:services ping, channel:[id: 0xfc7ef74c, L:/172.22.71.182:54467 - R:/172.22.71.182:8091],active?true,writable?true,isopen?true
2025-03-05 13:11:35.379 [NettyClientSelector_TMROLE_1_1] DEBUG i.s.c.r.n.AbstractNettyRemoting - [processMessage,268] - io.seata.core.rpc.netty.TmNettyRemotingClient@57fa602b msgId:7, body:services pong
2025-03-05 13:11:35.379 [NettyClientSelector_TMROLE_1_1] DEBUG i.s.c.r.p.c.ClientHeartbeatProcessor - [process,42] - received PONG from /172.22.71.182:8091
2025-03-05 13:11:37.915 [NettyClientSelector_RMROLE_1_1] DEBUG i.s.c.r.n.AbstractNettyRemotingClient - [userEventTriggered,437] - will send ping msg,channel [id: 0x517228fb, L:/172.22.71.182:54371 - R:/172.22.71.182:8091]
2025-03-05 13:11:37.915 [NettyClientSelector_RMROLE_1_1] DEBUG i.s.c.r.n.AbstractNettyRemoting - [sendAsync,220] - write message:services ping, channel:[id: 0x517228fb, L:/172.22.71.182:54371 - R:/172.22.71.182:8091],active?true,writable?true,isopen?true
2025-03-05 13:11:37.915 [NettyClientSelector_RMROLE_1_1] DEBUG i.s.c.r.n.AbstractNettyRemoting - [processMessage,268] - io.seata.core.rpc.netty.RmNettyRemotingClient@52502984 msgId:13, body:services pong
2025-03-05 13:11:37.916 [NettyClientSelector_RMROLE_1_1] DEBUG i.s.c.r.p.c.ClientHeartbeatProcessor - [process,42] - received PONG from /172.22.71.182:8091
2025-03-05 13:11:45.380 [NettyClientSelector_TMROLE_1_1] DEBUG i.s.c.r.n.AbstractNettyRemotingClient - [userEventTriggered,437] - will send ping msg,channel [id: 0xfc7ef74c, L:/172.22.71.182:54467 - R:/172.22.71.182:8091]
2025-03-05 13:11:45.380 [NettyClientSelector_TMROLE_1_1] DEBUG i.s.c.r.n.AbstractNettyRemoting - [sendAsync,220] - write message:services ping, channel:[id: 0xfc7ef74c, L:/172.22.71.182:54467 - R:/172.22.71.182:8091],active?true,writable?true,isopen?true
2025-03-05 13:11:45.380 [NettyClientSelector_TMROLE_1_1] DEBUG i.s.c.r.n.AbstractNettyRemoting - [processMessage,268] - io.seata.core.rpc.netty.TmNettyRemotingClient@57fa602b msgId:8, body:services pong
2025-03-05 13:11:45.380 [NettyClientSelector_TMROLE_1_1] DEBUG i.s.c.r.p.c.ClientHeartbeatProcessor - [process,42] - received PONG from /172.22.71.182:8091
2025-03-05 13:11:47.917 [NettyClientSelector_RMROLE_1_1] DEBUG i.s.c.r.n.AbstractNettyRemotingClient - [userEventTriggered,437] - will send ping msg,channel [id: 0x517228fb, L:/172.22.71.182:54371 - R:/172.22.71.182:8091]
2025-03-05 13:11:47.917 [NettyClientSelector_RMROLE_1_1] DEBUG i.s.c.r.n.AbstractNettyRemoting - [sendAsync,220] - write message:services ping, channel:[id: 0x517228fb, L:/172.22.71.182:54371 - R:/172.22.71.182:8091],active?true,writable?true,isopen?true
2025-03-05 13:11:47.917 [NettyClientSelector_RMROLE_1_1] DEBUG i.s.c.r.n.AbstractNettyRemoting - [processMessage,268] - io.seata.core.rpc.netty.RmNettyRemotingClient@52502984 msgId:14, body:services pong
2025-03-05 13:11:47.918 [NettyClientSelector_RMROLE_1_1] DEBUG i.s.c.r.p.c.ClientHeartbeatProcessor - [process,42] - received PONG from /172.22.71.182:8091
2025-03-05 13:11:50.209 [nacos.publisher-com.alibaba.nacos.client.naming.event.InstancesChangeEvent] DEBUG c.a.n.c.n.NotifyCenter - [notifySubscriber,193] - [NotifyCenter] the com.alibaba.nacos.client.naming.event.InstancesChangeEvent@58338797 will received by com.alibaba.nacos.client.naming.event.InstancesChangeNotifier@3f2bf80d
2025-03-05 13:11:50.209 [nacos.publisher-com.alibaba.nacos.client.naming.event.InstancesChangeEvent] DEBUG c.a.n.c.n.NotifyCenter - [notifySubscriber,193] - [NotifyCenter] the com.alibaba.nacos.client.naming.event.InstancesChangeEvent@58338797 will received by com.alibaba.nacos.client.naming.event.InstancesChangeNotifier@65a2e14e
