2025-03-02 13:28:26.248 [main] DEBUG c.a.c.n.c.NacosPropertySourceBuilder - [loadNacosData,93] - Loading nacos data, dataId: 'pcmis-security.yaml', group: 'pcmis', data: pcmis-security:
  test:
    admin: jdsbbmq-new-security
spring:
  cloud:
    sentinel:
      log:
        dir: ./logs/pcmis-security-logs
        file: sentinel.log
        max-size: 10MB
        retention-days: 30
  datasource:
    driver-class-name: com.mysql.cj.jdbc.Driver
    url: jdbc:mysql://localhost:3306/pcmis?characterEncoding=utf8&serverTimezone=UTC
    username: root
    password: 2003
    type: com.alibaba.druid.pool.DruidDataSource

mybatis:
  config-location: classpath:mybatis.cfg.xml
  type-aliases-package: com.lzy.common.entity
  mapper-locations:
    - classpath:mapper/*.xml

mybatis-plus:
  mapper-locations: classpath:mapper/*.xml
  global-config:
    db-config:
      id-type: auto
      field-strategy: NOT_EMPTY
      db-type: MYSQL
  configuration:
    map-underscore-to-camel-case: true
    call-setters-on-nulls: true
    log-impl: org.apache.ibatis.logging.stdout.StdOutImpl
2025-03-02 13:28:26.779 [main] DEBUG o.a.i.l.LogFactory - [setImplementation,105] - Logging initialized using 'class org.apache.ibatis.logging.slf4j.Slf4jImpl' adapter.
2025-03-02 13:28:28.463 [main] DEBUG c.b.m.c.t.GlobalConfigUtils - [getGlobalConfig,106] - DeBug: MyBatis Plus Global configuration Initializing !
2025-03-02 13:28:28.474 [main] DEBUG c.b.m.c.MybatisConfiguration - [addMappedStatement,85] - addMappedStatement: com.baomidou.mybatisplus.core.mapper.SqlRunner.SelectList
2025-03-02 13:28:28.475 [main] DEBUG c.b.m.c.MybatisConfiguration - [addMappedStatement,85] - addMappedStatement: com.baomidou.mybatisplus.core.mapper.SqlRunner.SelectObjs
2025-03-02 13:28:28.475 [main] DEBUG c.b.m.c.MybatisConfiguration - [addMappedStatement,85] - addMappedStatement: com.baomidou.mybatisplus.core.mapper.SqlRunner.Insert
2025-03-02 13:28:28.476 [main] DEBUG c.b.m.c.MybatisConfiguration - [addMappedStatement,85] - addMappedStatement: com.baomidou.mybatisplus.core.mapper.SqlRunner.Update
2025-03-02 13:28:28.476 [main] DEBUG c.b.m.c.MybatisConfiguration - [addMappedStatement,85] - addMappedStatement: com.baomidou.mybatisplus.core.mapper.SqlRunner.Delete
2025-03-02 13:28:28.476 [main] DEBUG c.b.m.c.MybatisConfiguration - [addMappedStatement,85] - addMappedStatement: com.baomidou.mybatisplus.core.mapper.SqlRunner.Count
2025-03-02 13:28:28.725 [main] DEBUG c.b.m.c.MybatisConfiguration - [addMappedStatement,85] - addMappedStatement: com.lzy.security.dao.SmsCodeMapper.insert
2025-03-02 13:28:28.732 [main] DEBUG c.b.m.c.MybatisConfiguration - [addMappedStatement,85] - addMappedStatement: com.lzy.security.dao.SmsCodeMapper.delete
2025-03-02 13:28:28.740 [main] DEBUG c.b.m.c.MybatisConfiguration - [addMappedStatement,85] - addMappedStatement: com.lzy.security.dao.SmsCodeMapper.deleteByMap
2025-03-02 13:28:28.780 [main] DEBUG c.b.m.c.MybatisConfiguration - [addMappedStatement,85] - addMappedStatement: com.lzy.security.dao.SmsCodeMapper.deleteById
2025-03-02 13:28:28.783 [main] DEBUG c.b.m.c.MybatisConfiguration - [addMappedStatement,85] - addMappedStatement: com.lzy.security.dao.SmsCodeMapper.deleteBatchIds
2025-03-02 13:28:28.787 [main] DEBUG c.b.m.c.MybatisConfiguration - [addMappedStatement,85] - addMappedStatement: com.lzy.security.dao.SmsCodeMapper.update
2025-03-02 13:28:28.790 [main] DEBUG c.b.m.c.MybatisConfiguration - [addMappedStatement,85] - addMappedStatement: com.lzy.security.dao.SmsCodeMapper.updateById
2025-03-02 13:28:28.792 [main] DEBUG c.b.m.c.MybatisConfiguration - [addMappedStatement,85] - addMappedStatement: com.lzy.security.dao.SmsCodeMapper.selectById
2025-03-02 13:28:28.795 [main] DEBUG c.b.m.c.MybatisConfiguration - [addMappedStatement,85] - addMappedStatement: com.lzy.security.dao.SmsCodeMapper.selectBatchIds
2025-03-02 13:28:28.799 [main] DEBUG c.b.m.c.MybatisConfiguration - [addMappedStatement,85] - addMappedStatement: com.lzy.security.dao.SmsCodeMapper.selectByMap
2025-03-02 13:28:28.803 [main] DEBUG c.b.m.c.MybatisConfiguration - [addMappedStatement,85] - addMappedStatement: com.lzy.security.dao.SmsCodeMapper.selectOne
2025-03-02 13:28:28.808 [main] DEBUG c.b.m.c.MybatisConfiguration - [addMappedStatement,85] - addMappedStatement: com.lzy.security.dao.SmsCodeMapper.selectCount
2025-03-02 13:28:28.812 [main] DEBUG c.b.m.c.MybatisConfiguration - [addMappedStatement,85] - addMappedStatement: com.lzy.security.dao.SmsCodeMapper.selectMaps
2025-03-02 13:28:28.816 [main] DEBUG c.b.m.c.MybatisConfiguration - [addMappedStatement,85] - addMappedStatement: com.lzy.security.dao.SmsCodeMapper.selectMapsPage
2025-03-02 13:28:28.820 [main] DEBUG c.b.m.c.MybatisConfiguration - [addMappedStatement,85] - addMappedStatement: com.lzy.security.dao.SmsCodeMapper.selectObjs
2025-03-02 13:28:28.824 [main] DEBUG c.b.m.c.MybatisConfiguration - [addMappedStatement,85] - addMappedStatement: com.lzy.security.dao.SmsCodeMapper.selectList
2025-03-02 13:28:28.828 [main] DEBUG c.b.m.c.MybatisConfiguration - [addMappedStatement,85] - addMappedStatement: com.lzy.security.dao.SmsCodeMapper.selectPage
2025-03-02 13:28:29.248 [main] DEBUG _.s.w.s.H.Mappings - [detectHandlerMethods,295] - 
	c.l.s.c.HelloWorldController:
	{GET [/security1/getUserConfigTest]}: getUserConfigTest()
2025-03-02 13:28:29.252 [main] DEBUG _.s.w.s.H.Mappings - [detectHandlerMethods,295] - 
	o.s.b.a.w.s.e.BasicErrorController:
	{ [/error]}: error(HttpServletRequest)
	{ [/error], produces [text/html]}: errorHtml(HttpServletRequest,HttpServletResponse)
2025-03-02 13:28:29.279 [main] DEBUG _.s.w.s.H.Mappings - [detectHandlers,86] - 'beanNameHandlerMapping' {}
2025-03-02 13:28:29.304 [main] DEBUG _.s.w.s.H.Mappings - [logMappings,177] - 'resourceHandlerMapping' {/webjars/**=ResourceHttpRequestHandler [classpath [META-INF/resources/webjars/]], /**=ResourceHttpRequestHandler [classpath [META-INF/resources/], classpath [resources/], classpath [static/], classpath [public/], ServletContext [/]]}
2025-03-02 13:28:30.002 [main] DEBUG i.n.u.i.l.InternalLoggerFactory - [useSlf4JLoggerFactory,63] - Using SLF4J as the default logging framework
2025-03-02 13:28:30.003 [main] DEBUG i.n.u.ResourceLeakDetector - [<clinit>,129] - -Dio.netty.leakDetection.level: simple
2025-03-02 13:28:30.003 [main] DEBUG i.n.u.ResourceLeakDetector - [<clinit>,130] - -Dio.netty.leakDetection.targetRecords: 4
2025-03-02 13:28:31.867 [nacos.publisher-com.alibaba.nacos.client.naming.event.InstancesChangeEvent] DEBUG c.a.n.c.n.NotifyCenter - [notifySubscriber,193] - [NotifyCenter] the com.alibaba.nacos.client.naming.event.InstancesChangeEvent@6e7ce053 will received by com.alibaba.nacos.client.naming.event.InstancesChangeNotifier@3b2c8bda
2025-03-02 14:13:14.524 [nacos.publisher-com.alibaba.nacos.client.naming.event.InstancesChangeEvent] DEBUG c.a.n.c.n.NotifyCenter - [notifySubscriber,193] - [NotifyCenter] the com.alibaba.nacos.client.naming.event.InstancesChangeEvent@1541cf54 will received by com.alibaba.nacos.client.naming.event.InstancesChangeNotifier@3b2c8bda
