2025-03-02 13:28:26.264 [main] INFO  o.s.c.b.c.PropertySourceBootstrapConfiguration - [initialize,109] - Located property source: [BootstrapPropertySource {name='bootstrapProperties-pcmis-security.yml,pcmis'}, BootstrapPropertySource {name='bootstrapProperties-pcmis-security,pcmis'}, BootstrapPropertySource {name='bootstrapProperties-pcmis-security.yaml,pcmis'}]
2025-03-02 13:28:26.270 [main] INFO  c.l.s.SecurityApplication - [logStartupProfileInfo,640] - No active profile set, falling back to 1 default profile: "default"
2025-03-02 13:28:27.200 [main] INFO  o.s.c.c.s.GenericScope - [setSerializationId,283] - BeanFactory id=10349220-91c3-3d25-8fde-0f01928ded7c
2025-03-02 13:28:27.619 [main] INFO  o.s.c.s.PostProcessorRegistrationDelegate$BeanPostProcessorChecker - [postProcessAfterInitialization,376] - Bean 'org.springframework.cloud.commons.config.CommonsConfigAutoConfiguration' of type [org.springframework.cloud.commons.config.CommonsConfigAutoConfiguration] is not eligible for getting processed by all BeanPostProcessors (for example: not eligible for auto-proxying)
2025-03-02 13:28:27.623 [main] INFO  o.s.c.s.PostProcessorRegistrationDelegate$BeanPostProcessorChecker - [postProcessAfterInitialization,376] - Bean 'org.springframework.cloud.client.loadbalancer.LoadBalancerDefaultMappingsProviderAutoConfiguration' of type [org.springframework.cloud.client.loadbalancer.LoadBalancerDefaultMappingsProviderAutoConfiguration] is not eligible for getting processed by all BeanPostProcessors (for example: not eligible for auto-proxying)
2025-03-02 13:28:27.624 [main] INFO  o.s.c.s.PostProcessorRegistrationDelegate$BeanPostProcessorChecker - [postProcessAfterInitialization,376] - Bean 'loadBalancerClientsDefaultsMappingsProvider' of type [org.springframework.cloud.client.loadbalancer.LoadBalancerDefaultMappingsProviderAutoConfiguration$$Lambda$552/0x0000000801037dc0] is not eligible for getting processed by all BeanPostProcessors (for example: not eligible for auto-proxying)
2025-03-02 13:28:27.627 [main] INFO  o.s.c.s.PostProcessorRegistrationDelegate$BeanPostProcessorChecker - [postProcessAfterInitialization,376] - Bean 'defaultsBindHandlerAdvisor' of type [org.springframework.cloud.commons.config.DefaultsBindHandlerAdvisor] is not eligible for getting processed by all BeanPostProcessors (for example: not eligible for auto-proxying)
2025-03-02 13:28:27.631 [main] INFO  o.s.c.s.PostProcessorRegistrationDelegate$BeanPostProcessorChecker - [postProcessAfterInitialization,376] - Bean 'spring.cloud.sentinel-com.alibaba.cloud.sentinel.SentinelProperties' of type [com.alibaba.cloud.sentinel.SentinelProperties] is not eligible for getting processed by all BeanPostProcessors (for example: not eligible for auto-proxying)
2025-03-02 13:28:27.634 [main] INFO  o.s.c.s.PostProcessorRegistrationDelegate$BeanPostProcessorChecker - [postProcessAfterInitialization,376] - Bean 'com.alibaba.cloud.sentinel.custom.SentinelAutoConfiguration' of type [com.alibaba.cloud.sentinel.custom.SentinelAutoConfiguration] is not eligible for getting processed by all BeanPostProcessors (for example: not eligible for auto-proxying)
2025-03-02 13:28:27.982 [main] INFO  o.s.b.w.e.t.TomcatWebServer - [initialize,108] - Tomcat initialized with port(s): 9050 (http)
2025-03-02 13:28:27.998 [main] INFO  o.a.c.h.Http11NioProtocol - [log,173] - Initializing ProtocolHandler ["http-nio-9050"]
2025-03-02 13:28:27.999 [main] INFO  o.a.c.c.StandardService - [log,173] - Starting service [Tomcat]
2025-03-02 13:28:28.000 [main] INFO  o.a.c.c.StandardEngine - [log,173] - Starting Servlet engine: [Apache Tomcat/9.0.58]
2025-03-02 13:28:28.229 [main] INFO  o.a.c.c.C.[.[.[/] - [log,173] - Initializing Spring embedded WebApplicationContext
2025-03-02 13:28:28.230 [main] INFO  o.s.b.w.s.c.ServletWebServerApplicationContext - [prepareWebApplicationContext,290] - Root WebApplicationContext: initialization completed in 1938 ms
2025-03-02 13:28:29.210 [main] INFO  c.a.c.s.SentinelWebMvcConfigurer - [addInterceptors,52] - [Sentinel Starter] register SentinelWebInterceptor with urlPatterns: [/**].
2025-03-02 13:28:30.852 [main] INFO  o.a.c.h.Http11NioProtocol - [log,173] - Starting ProtocolHandler ["http-nio-9050"]
2025-03-02 13:28:30.888 [main] INFO  o.s.b.w.e.t.TomcatWebServer - [start,220] - Tomcat started on port(s): 9050 (http) with context path ''
2025-03-02 13:28:30.901 [main] INFO  c.a.c.n.r.NacosServiceRegistry - [register,75] - nacos registry, pcmis pcmis-security 172.22.71.182:9050 register finished
2025-03-02 13:28:31.420 [main] INFO  c.l.s.SecurityApplication - [logStarted,61] - Started SecurityApplication in 7.493 seconds (JVM running for 8.435)
2025-03-02 13:28:31.425 [main] INFO  c.a.c.n.r.NacosContextRefresher - [registerNacosListenersForApplications,105] - listening config: dataId=pcmis-security.yaml, group=pcmis
2025-03-02 13:28:31.426 [main] INFO  c.a.c.n.r.NacosContextRefresher - [registerNacosListenersForApplications,105] - listening config: dataId=pcmis-security.yml, group=pcmis
2025-03-02 13:28:31.427 [main] INFO  c.a.c.n.r.NacosContextRefresher - [registerNacosListenersForApplications,105] - listening config: dataId=pcmis-security, group=pcmis
