2025-03-02 13:27:35.116 [main] DEBUG c.a.c.n.c.NacosPropertySourceBuilder - [loadNacosData,93] - Loading nacos data, dataId: 'pcmis-file.yaml', group: 'pcmis', data: pcmis-file:
  test:
    admin: jdsbbmq-new-file
spring:
  cloud:
    sentinel:
      log:
        dir: ./logs/pcmis-file-logs
        file: sentinel.log
        max-size: 10MB
        retention-days: 30
  datasource:
    driver-class-name: com.mysql.cj.jdbc.Driver
    url: jdbc:mysql://localhost:3306/pcmis?characterEncoding=utf8&serverTimezone=UTC
    username: root
    password: 2003
    type: com.alibaba.druid.pool.DruidDataSource

mybatis:
  config-location: classpath:mybatis.cfg.xml
  type-aliases-package: com.lzy.common.entity
  mapper-locations:
    - classpath:mapper/*.xml

mybatis-plus:
  mapper-locations: classpath:mapper/*.xml
  global-config:
    db-config:
      id-type: auto
      field-strategy: NOT_EMPTY
      db-type: MYSQL
  configuration:
    map-underscore-to-camel-case: true
    call-setters-on-nulls: true
    log-impl: org.apache.ibatis.logging.stdout.StdOutImpl
2025-03-02 13:27:35.559 [main] DEBUG o.a.i.l.LogFactory - [setImplementation,105] - Logging initialized using 'class org.apache.ibatis.logging.slf4j.Slf4jImpl' adapter.
2025-03-02 13:27:37.067 [main] DEBUG c.b.m.c.t.GlobalConfigUtils - [getGlobalConfig,106] - DeBug: MyBatis Plus Global configuration Initializing !
2025-03-02 13:27:37.075 [main] DEBUG c.b.m.c.MybatisConfiguration - [addMappedStatement,85] - addMappedStatement: com.baomidou.mybatisplus.core.mapper.SqlRunner.SelectList
2025-03-02 13:27:37.075 [main] DEBUG c.b.m.c.MybatisConfiguration - [addMappedStatement,85] - addMappedStatement: com.baomidou.mybatisplus.core.mapper.SqlRunner.SelectObjs
2025-03-02 13:27:37.076 [main] DEBUG c.b.m.c.MybatisConfiguration - [addMappedStatement,85] - addMappedStatement: com.baomidou.mybatisplus.core.mapper.SqlRunner.Insert
2025-03-02 13:27:37.077 [main] DEBUG c.b.m.c.MybatisConfiguration - [addMappedStatement,85] - addMappedStatement: com.baomidou.mybatisplus.core.mapper.SqlRunner.Update
2025-03-02 13:27:37.077 [main] DEBUG c.b.m.c.MybatisConfiguration - [addMappedStatement,85] - addMappedStatement: com.baomidou.mybatisplus.core.mapper.SqlRunner.Delete
2025-03-02 13:27:37.077 [main] DEBUG c.b.m.c.MybatisConfiguration - [addMappedStatement,85] - addMappedStatement: com.baomidou.mybatisplus.core.mapper.SqlRunner.Count
2025-03-02 13:27:37.257 [main] DEBUG c.b.m.c.MybatisConfiguration - [addMappedStatement,85] - addMappedStatement: com.lzy.file.dao.AttachmentMapper.insert
2025-03-02 13:27:37.261 [main] DEBUG c.b.m.c.MybatisConfiguration - [addMappedStatement,85] - addMappedStatement: com.lzy.file.dao.AttachmentMapper.delete
2025-03-02 13:27:37.266 [main] DEBUG c.b.m.c.MybatisConfiguration - [addMappedStatement,85] - addMappedStatement: com.lzy.file.dao.AttachmentMapper.deleteByMap
2025-03-02 13:27:37.298 [main] DEBUG c.b.m.c.MybatisConfiguration - [addMappedStatement,85] - addMappedStatement: com.lzy.file.dao.AttachmentMapper.deleteById
2025-03-02 13:27:37.300 [main] DEBUG c.b.m.c.MybatisConfiguration - [addMappedStatement,85] - addMappedStatement: com.lzy.file.dao.AttachmentMapper.deleteBatchIds
2025-03-02 13:27:37.305 [main] DEBUG c.b.m.c.MybatisConfiguration - [addMappedStatement,85] - addMappedStatement: com.lzy.file.dao.AttachmentMapper.update
2025-03-02 13:27:37.308 [main] DEBUG c.b.m.c.MybatisConfiguration - [addMappedStatement,85] - addMappedStatement: com.lzy.file.dao.AttachmentMapper.updateById
2025-03-02 13:27:37.309 [main] DEBUG c.b.m.c.MybatisConfiguration - [addMappedStatement,85] - addMappedStatement: com.lzy.file.dao.AttachmentMapper.selectById
2025-03-02 13:27:37.312 [main] DEBUG c.b.m.c.MybatisConfiguration - [addMappedStatement,85] - addMappedStatement: com.lzy.file.dao.AttachmentMapper.selectBatchIds
2025-03-02 13:27:37.314 [main] DEBUG c.b.m.c.MybatisConfiguration - [addMappedStatement,85] - addMappedStatement: com.lzy.file.dao.AttachmentMapper.selectByMap
2025-03-02 13:27:37.317 [main] DEBUG c.b.m.c.MybatisConfiguration - [addMappedStatement,85] - addMappedStatement: com.lzy.file.dao.AttachmentMapper.selectOne
2025-03-02 13:27:37.320 [main] DEBUG c.b.m.c.MybatisConfiguration - [addMappedStatement,85] - addMappedStatement: com.lzy.file.dao.AttachmentMapper.selectCount
2025-03-02 13:27:37.322 [main] DEBUG c.b.m.c.MybatisConfiguration - [addMappedStatement,85] - addMappedStatement: com.lzy.file.dao.AttachmentMapper.selectMaps
2025-03-02 13:27:37.326 [main] DEBUG c.b.m.c.MybatisConfiguration - [addMappedStatement,85] - addMappedStatement: com.lzy.file.dao.AttachmentMapper.selectMapsPage
2025-03-02 13:27:37.328 [main] DEBUG c.b.m.c.MybatisConfiguration - [addMappedStatement,85] - addMappedStatement: com.lzy.file.dao.AttachmentMapper.selectObjs
2025-03-02 13:27:37.330 [main] DEBUG c.b.m.c.MybatisConfiguration - [addMappedStatement,85] - addMappedStatement: com.lzy.file.dao.AttachmentMapper.selectList
2025-03-02 13:27:37.331 [main] DEBUG c.b.m.c.MybatisConfiguration - [addMappedStatement,85] - addMappedStatement: com.lzy.file.dao.AttachmentMapper.selectPage
2025-03-02 13:27:37.601 [main] DEBUG _.s.w.s.H.Mappings - [detectHandlerMethods,295] - 
	c.l.f.c.HelloWorldController:
	{GET [/file1/getUserConfigTest]}: getUserConfigTest()
2025-03-02 13:27:37.605 [main] DEBUG _.s.w.s.H.Mappings - [detectHandlerMethods,295] - 
	o.s.b.a.w.s.e.BasicErrorController:
	{ [/error]}: error(HttpServletRequest)
	{ [/error], produces [text/html]}: errorHtml(HttpServletRequest,HttpServletResponse)
2025-03-02 13:27:37.630 [main] DEBUG _.s.w.s.H.Mappings - [detectHandlers,86] - 'beanNameHandlerMapping' {}
2025-03-02 13:27:37.645 [main] DEBUG _.s.w.s.H.Mappings - [logMappings,177] - 'resourceHandlerMapping' {/webjars/**=ResourceHttpRequestHandler [classpath [META-INF/resources/webjars/]], /**=ResourceHttpRequestHandler [classpath [META-INF/resources/], classpath [resources/], classpath [static/], classpath [public/], ServletContext [/]]}
2025-03-02 13:27:38.357 [main] DEBUG i.n.u.i.l.InternalLoggerFactory - [useSlf4JLoggerFactory,63] - Using SLF4J as the default logging framework
2025-03-02 13:27:38.358 [main] DEBUG i.n.u.ResourceLeakDetector - [<clinit>,129] - -Dio.netty.leakDetection.level: simple
2025-03-02 13:27:38.358 [main] DEBUG i.n.u.ResourceLeakDetector - [<clinit>,130] - -Dio.netty.leakDetection.targetRecords: 4
2025-03-02 13:27:40.210 [nacos.publisher-com.alibaba.nacos.client.naming.event.InstancesChangeEvent] DEBUG c.a.n.c.n.NotifyCenter - [notifySubscriber,193] - [NotifyCenter] the com.alibaba.nacos.client.naming.event.InstancesChangeEvent@534eb145 will received by com.alibaba.nacos.client.naming.event.InstancesChangeNotifier@733fa95c
2025-03-02 14:13:15.265 [nacos.publisher-com.alibaba.nacos.client.naming.event.InstancesChangeEvent] DEBUG c.a.n.c.n.NotifyCenter - [notifySubscriber,193] - [NotifyCenter] the com.alibaba.nacos.client.naming.event.InstancesChangeEvent@7a564786 will received by com.alibaba.nacos.client.naming.event.InstancesChangeNotifier@733fa95c
