2025-03-05 13:09:29.773 [main] DEBUG c.a.c.n.c.NacosPropertySourceBuilder - [loadNacosData,93] - Loading nacos data, dataId: 'pcmis-risk.yaml', group: 'pcmis', data: pcmis-risk:
  test:
    admin: jdsbbmq-new-risk
jwt:
  tokenHeader: Authorization
  secret: pcmisneu20217033liangzhaoyangjdsbbmq
  expiration: 604800
  prefix: Bearer
spring:
  mvc:
    pathmatch:
      matching-strategy: ant_path_matcher
  redis:
    database: 0
    port: 6379
    host: localhost
    password:
    jedis:
      pool:
        max-active: 8
        max-wait: -1
        max-idle: 8
        min-idle: 0
    timeout: 1200
    cache:
      redis:
        time-to-live: 1800s
      cache-names: menus_cache
      type: redis
  cloud:
    sentinel:
      log:
        dir: ./logs/pcmis-risk-logs
        file: sentinel.log
        max-size: 10MB
        retention-days: 30
  datasource:
    driver-class-name: com.mysql.cj.jdbc.Driver
    url: jdbc:mysql://localhost:3306/pcmis?characterEncoding=utf8&serverTimezone=UTC
    username: root
    password: 2003
    type: com.alibaba.druid.pool.DruidDataSource

mybatis:
  config-location: classpath:mybatis.cfg.xml
  type-aliases-package: com.lzy.common.entity
  mapper-locations:
    - classpath:mapper/*.xml

mybatis-plus:
  mapper-locations: classpath:mapper/*.xml
  global-config:
    db-config:
      id-type: auto
      field-strategy: NOT_EMPTY
      db-type: MYSQL
  configuration:
    map-underscore-to-camel-case: true
    call-setters-on-nulls: true
    log-impl: org.apache.ibatis.logging.stdout.StdOutImpl

seata:
  tx-service-group: my_test_tx_group
  enabled: true
  registry:
    type: nacos
    nacos:
      application: pcmis-seata-server
      server-addr: localhost:8848
      group : pcmis
      namespace: pcmis

swagger:
  enable: true
  application-name: 风险评估接口
  application-version: 1.0
  application-description: 风险评估
2025-03-05 13:09:31.265 [main] DEBUG o.a.i.l.LogFactory - [setImplementation,105] - Logging initialized using 'class org.apache.ibatis.logging.slf4j.Slf4jImpl' adapter.
2025-03-05 13:09:32.338 [main] DEBUG i.n.u.i.l.InternalLoggerFactory - [useSlf4JLoggerFactory,63] - Using SLF4J as the default logging framework
2025-03-05 13:09:32.340 [main] DEBUG i.n.u.i.InternalThreadLocalMap - [<clinit>,86] - -Dio.netty.threadLocalMap.stringBuilder.initialSize: 1024
2025-03-05 13:09:32.340 [main] DEBUG i.n.u.i.InternalThreadLocalMap - [<clinit>,89] - -Dio.netty.threadLocalMap.stringBuilder.maxSize: 4096
2025-03-05 13:09:32.350 [main] DEBUG i.n.u.ResourceLeakDetector - [<clinit>,129] - -Dio.netty.leakDetection.level: simple
2025-03-05 13:09:32.351 [main] DEBUG i.n.u.ResourceLeakDetector - [<clinit>,130] - -Dio.netty.leakDetection.targetRecords: 4
2025-03-05 13:09:32.356 [main] DEBUG i.n.u.ResourceLeakDetectorFactory - [newResourceLeakDetector,196] - Loaded default ResourceLeakDetector: io.netty.util.ResourceLeakDetector@2094bf3d
2025-03-05 13:09:32.388 [main] DEBUG i.n.u.i.PlatformDependent0 - [explicitNoUnsafeCause0,460] - -Dio.netty.noUnsafe: false
2025-03-05 13:09:32.388 [main] DEBUG i.n.u.i.PlatformDependent0 - [javaVersion0,954] - Java version: 18
2025-03-05 13:09:32.390 [main] DEBUG i.n.u.i.PlatformDependent0 - [<clinit>,135] - sun.misc.Unsafe.theUnsafe: available
2025-03-05 13:09:32.391 [main] DEBUG i.n.u.i.PlatformDependent0 - [<clinit>,159] - sun.misc.Unsafe.copyMemory: available
2025-03-05 13:09:32.392 [main] DEBUG i.n.u.i.PlatformDependent0 - [<clinit>,202] - java.nio.Buffer.address: available
2025-03-05 13:09:32.393 [main] DEBUG i.n.u.i.PlatformDependent0 - [<clinit>,285] - direct buffer constructor: unavailable: Reflective setAccessible(true) disabled
2025-03-05 13:09:32.393 [main] DEBUG i.n.u.i.PlatformDependent0 - [<clinit>,350] - java.nio.Bits.unaligned: available, true
2025-03-05 13:09:32.395 [main] DEBUG i.n.u.i.PlatformDependent0 - [<clinit>,417] - jdk.internal.misc.Unsafe.allocateUninitializedArray(int): unavailable: class io.netty.util.internal.PlatformDependent0$6 cannot access class jdk.internal.misc.Unsafe (in module java.base) because module java.base does not export jdk.internal.misc to unnamed module @291caca8
2025-03-05 13:09:32.397 [main] DEBUG i.n.u.i.PlatformDependent0 - [<clinit>,446] - java.nio.DirectByteBuffer.<init>(long, int): unavailable
2025-03-05 13:09:32.397 [main] DEBUG i.n.u.i.PlatformDependent - [unsafeUnavailabilityCause0,1116] - sun.misc.Unsafe: available
2025-03-05 13:09:32.398 [main] DEBUG i.n.u.i.PlatformDependent - [maxDirectMemory0,1218] - maxDirectMemory: 4123000832 bytes (maybe)
2025-03-05 13:09:32.399 [main] DEBUG i.n.u.i.PlatformDependent - [tmpdir0,1237] - -Dio.netty.tmpdir: C:\Users\33698\AppData\Local\Temp (java.io.tmpdir)
2025-03-05 13:09:32.400 [main] DEBUG i.n.u.i.PlatformDependent - [bitMode0,1316] - -Dio.netty.bitMode: 64 (sun.arch.data.model)
2025-03-05 13:09:32.400 [main] DEBUG i.n.u.i.PlatformDependent - [isWindows0,1076] - Platform: Windows
2025-03-05 13:09:32.401 [main] DEBUG i.n.u.i.PlatformDependent - [<clinit>,178] - -Dio.netty.maxDirectMemory: -1 bytes
2025-03-05 13:09:32.402 [main] DEBUG i.n.u.i.PlatformDependent - [<clinit>,185] - -Dio.netty.uninitializedArrayAllocationThreshold: -1
2025-03-05 13:09:32.403 [main] DEBUG i.n.u.i.CleanerJava9 - [<clinit>,71] - java.nio.ByteBuffer.cleaner(): available
2025-03-05 13:09:32.404 [main] DEBUG i.n.u.i.PlatformDependent - [<clinit>,205] - -Dio.netty.noPreferDirect: false
2025-03-05 13:09:32.418 [main] DEBUG i.n.u.i.PlatformDependent - [<clinit>,967] - org.jctools-core.MpscChunkedArrayQueue: available
2025-03-05 13:09:32.879 [main] DEBUG i.n.c.MultithreadEventLoopGroup - [<clinit>,44] - -Dio.netty.eventLoopThreads: 32
2025-03-05 13:09:32.919 [main] DEBUG i.n.c.n.NioEventLoop - [<clinit>,109] - -Dio.netty.noKeySetOptimization: false
2025-03-05 13:09:32.920 [main] DEBUG i.n.c.n.NioEventLoop - [<clinit>,110] - -Dio.netty.selectorAutoRebuildThreshold: 512
2025-03-05 13:09:34.611 [main] DEBUG c.b.m.c.t.GlobalConfigUtils - [getGlobalConfig,106] - DeBug: MyBatis Plus Global configuration Initializing !
2025-03-05 13:09:34.620 [main] DEBUG c.b.m.c.MybatisConfiguration - [addMappedStatement,85] - addMappedStatement: com.baomidou.mybatisplus.core.mapper.SqlRunner.SelectList
2025-03-05 13:09:34.621 [main] DEBUG c.b.m.c.MybatisConfiguration - [addMappedStatement,85] - addMappedStatement: com.baomidou.mybatisplus.core.mapper.SqlRunner.SelectObjs
2025-03-05 13:09:34.621 [main] DEBUG c.b.m.c.MybatisConfiguration - [addMappedStatement,85] - addMappedStatement: com.baomidou.mybatisplus.core.mapper.SqlRunner.Insert
2025-03-05 13:09:34.621 [main] DEBUG c.b.m.c.MybatisConfiguration - [addMappedStatement,85] - addMappedStatement: com.baomidou.mybatisplus.core.mapper.SqlRunner.Update
2025-03-05 13:09:34.622 [main] DEBUG c.b.m.c.MybatisConfiguration - [addMappedStatement,85] - addMappedStatement: com.baomidou.mybatisplus.core.mapper.SqlRunner.Delete
2025-03-05 13:09:34.622 [main] DEBUG c.b.m.c.MybatisConfiguration - [addMappedStatement,85] - addMappedStatement: com.baomidou.mybatisplus.core.mapper.SqlRunner.Count
2025-03-05 13:09:35.454 [main] DEBUG i.n.c.DefaultChannelId - [<clinit>,79] - -Dio.netty.processId: 39716 (auto-detected)
2025-03-05 13:09:35.457 [main] DEBUG i.netty.util.NetUtil - [<clinit>,135] - -Djava.net.preferIPv4Stack: false
2025-03-05 13:09:35.457 [main] DEBUG i.netty.util.NetUtil - [<clinit>,136] - -Djava.net.preferIPv6Addresses: false
2025-03-05 13:09:35.484 [main] DEBUG i.n.u.NetUtilInitializations - [determineLoopback,129] - Loopback interface: lo (Software Loopback Interface 1, 127.0.0.1)
2025-03-05 13:09:35.486 [main] DEBUG i.netty.util.NetUtil - [run,187] - Failed to get SOMAXCONN from sysctl and file \proc\sys\net\core\somaxconn. Default: 200
2025-03-05 13:09:35.556 [main] DEBUG i.n.c.DefaultChannelId - [<clinit>,101] - -Dio.netty.machineId: 70:9c:d1:ff:fe:09:d3:50 (auto-detected)
2025-03-05 13:09:35.598 [main] DEBUG i.n.b.PooledByteBufAllocator - [<clinit>,155] - -Dio.netty.allocator.numHeapArenas: 32
2025-03-05 13:09:35.598 [main] DEBUG i.n.b.PooledByteBufAllocator - [<clinit>,156] - -Dio.netty.allocator.numDirectArenas: 32
2025-03-05 13:09:35.598 [main] DEBUG i.n.b.PooledByteBufAllocator - [<clinit>,158] - -Dio.netty.allocator.pageSize: 8192
2025-03-05 13:09:35.598 [main] DEBUG i.n.b.PooledByteBufAllocator - [<clinit>,163] - -Dio.netty.allocator.maxOrder: 11
2025-03-05 13:09:35.598 [main] DEBUG i.n.b.PooledByteBufAllocator - [<clinit>,167] - -Dio.netty.allocator.chunkSize: 16777216
2025-03-05 13:09:35.598 [main] DEBUG i.n.b.PooledByteBufAllocator - [<clinit>,168] - -Dio.netty.allocator.smallCacheSize: 256
2025-03-05 13:09:35.599 [main] DEBUG i.n.b.PooledByteBufAllocator - [<clinit>,169] - -Dio.netty.allocator.normalCacheSize: 64
2025-03-05 13:09:35.599 [main] DEBUG i.n.b.PooledByteBufAllocator - [<clinit>,170] - -Dio.netty.allocator.maxCachedBufferCapacity: 32768
2025-03-05 13:09:35.599 [main] DEBUG i.n.b.PooledByteBufAllocator - [<clinit>,171] - -Dio.netty.allocator.cacheTrimInterval: 8192
2025-03-05 13:09:35.599 [main] DEBUG i.n.b.PooledByteBufAllocator - [<clinit>,172] - -Dio.netty.allocator.cacheTrimIntervalMillis: 0
2025-03-05 13:09:35.599 [main] DEBUG i.n.b.PooledByteBufAllocator - [<clinit>,173] - -Dio.netty.allocator.useCacheForAllThreads: true
2025-03-05 13:09:35.599 [main] DEBUG i.n.b.PooledByteBufAllocator - [<clinit>,174] - -Dio.netty.allocator.maxCachedByteBuffersPerChunk: 1023
2025-03-05 13:09:35.614 [main] DEBUG i.n.b.ByteBufUtil - [<clinit>,87] - -Dio.netty.allocator.type: pooled
2025-03-05 13:09:35.614 [main] DEBUG i.n.b.ByteBufUtil - [<clinit>,96] - -Dio.netty.threadLocalDirectBufferSize: 0
2025-03-05 13:09:35.615 [main] DEBUG i.n.b.ByteBufUtil - [<clinit>,99] - -Dio.netty.maxThreadLocalCharBufferSize: 16384
2025-03-05 13:09:35.654 [main] DEBUG i.n.util.Recycler - [<clinit>,85] - -Dio.netty.recycler.maxCapacityPerThread: 4096
2025-03-05 13:09:35.654 [main] DEBUG i.n.util.Recycler - [<clinit>,86] - -Dio.netty.recycler.ratio: 8
2025-03-05 13:09:35.654 [main] DEBUG i.n.util.Recycler - [<clinit>,87] - -Dio.netty.recycler.chunkSize: 32
2025-03-05 13:09:35.654 [main] DEBUG i.n.util.Recycler - [<clinit>,88] - -Dio.netty.recycler.blocking: false
2025-03-05 13:09:35.666 [NettyClientSelector_RMROLE_1_1] DEBUG i.n.b.AbstractByteBuf - [<clinit>,63] - -Dio.netty.buffer.checkAccessible: true
2025-03-05 13:09:35.667 [NettyClientSelector_RMROLE_1_1] DEBUG i.n.b.AbstractByteBuf - [<clinit>,64] - -Dio.netty.buffer.checkBounds: true
2025-03-05 13:09:35.667 [NettyClientSelector_RMROLE_1_1] DEBUG i.n.u.ResourceLeakDetectorFactory - [newResourceLeakDetector,196] - Loaded default ResourceLeakDetector: io.netty.util.ResourceLeakDetector@726dc993
2025-03-05 13:09:35.715 [NettyClientSelector_RMROLE_1_1] DEBUG i.s.c.r.n.AbstractNettyRemoting - [processMessage,268] - io.seata.core.rpc.netty.RmNettyRemotingClient@41f4d81c msgId:1, body:version=1.4.2,extraData=null,identified=true,resultCode=null,msg=null
2025-03-05 13:09:35.825 [main] DEBUG c.b.m.c.MybatisConfiguration - [addMappedStatement,85] - addMappedStatement: com.lzy.risk.dao.RiskAssessmentMapper.insert
2025-03-05 13:09:35.830 [main] DEBUG c.b.m.c.MybatisConfiguration - [addMappedStatement,85] - addMappedStatement: com.lzy.risk.dao.RiskAssessmentMapper.delete
2025-03-05 13:09:35.835 [main] DEBUG c.b.m.c.MybatisConfiguration - [addMappedStatement,85] - addMappedStatement: com.lzy.risk.dao.RiskAssessmentMapper.deleteByMap
2025-03-05 13:09:35.868 [main] DEBUG c.b.m.c.MybatisConfiguration - [addMappedStatement,85] - addMappedStatement: com.lzy.risk.dao.RiskAssessmentMapper.deleteById
2025-03-05 13:09:35.871 [main] DEBUG c.b.m.c.MybatisConfiguration - [addMappedStatement,85] - addMappedStatement: com.lzy.risk.dao.RiskAssessmentMapper.deleteBatchIds
2025-03-05 13:09:35.876 [main] DEBUG c.b.m.c.MybatisConfiguration - [addMappedStatement,85] - addMappedStatement: com.lzy.risk.dao.RiskAssessmentMapper.update
2025-03-05 13:09:35.880 [main] DEBUG c.b.m.c.MybatisConfiguration - [addMappedStatement,85] - addMappedStatement: com.lzy.risk.dao.RiskAssessmentMapper.updateById
2025-03-05 13:09:35.882 [main] DEBUG c.b.m.c.MybatisConfiguration - [addMappedStatement,85] - addMappedStatement: com.lzy.risk.dao.RiskAssessmentMapper.selectById
2025-03-05 13:09:35.886 [main] DEBUG c.b.m.c.MybatisConfiguration - [addMappedStatement,85] - addMappedStatement: com.lzy.risk.dao.RiskAssessmentMapper.selectBatchIds
2025-03-05 13:09:35.888 [main] DEBUG c.b.m.c.MybatisConfiguration - [addMappedStatement,85] - addMappedStatement: com.lzy.risk.dao.RiskAssessmentMapper.selectByMap
2025-03-05 13:09:35.891 [main] DEBUG c.b.m.c.MybatisConfiguration - [addMappedStatement,85] - addMappedStatement: com.lzy.risk.dao.RiskAssessmentMapper.selectOne
2025-03-05 13:09:35.895 [main] DEBUG c.b.m.c.MybatisConfiguration - [addMappedStatement,85] - addMappedStatement: com.lzy.risk.dao.RiskAssessmentMapper.selectCount
2025-03-05 13:09:35.898 [main] DEBUG c.b.m.c.MybatisConfiguration - [addMappedStatement,85] - addMappedStatement: com.lzy.risk.dao.RiskAssessmentMapper.selectMaps
2025-03-05 13:09:35.901 [main] DEBUG c.b.m.c.MybatisConfiguration - [addMappedStatement,85] - addMappedStatement: com.lzy.risk.dao.RiskAssessmentMapper.selectMapsPage
2025-03-05 13:09:35.912 [main] DEBUG c.b.m.c.MybatisConfiguration - [addMappedStatement,85] - addMappedStatement: com.lzy.risk.dao.RiskAssessmentMapper.selectObjs
2025-03-05 13:09:35.914 [main] DEBUG c.b.m.c.MybatisConfiguration - [addMappedStatement,85] - addMappedStatement: com.lzy.risk.dao.RiskAssessmentMapper.selectList
2025-03-05 13:09:35.917 [main] DEBUG c.b.m.c.MybatisConfiguration - [addMappedStatement,85] - addMappedStatement: com.lzy.risk.dao.RiskAssessmentMapper.selectPage
2025-03-05 13:09:36.293 [nacos.publisher-com.alibaba.nacos.client.naming.event.InstancesChangeEvent] DEBUG c.a.n.c.n.NotifyCenter - [notifySubscriber,193] - [NotifyCenter] the com.alibaba.nacos.client.naming.event.InstancesChangeEvent@a9ca98c will received by com.alibaba.nacos.client.naming.event.InstancesChangeNotifier@35840ecc
2025-03-05 13:09:36.353 [main] DEBUG _.s.w.s.H.Mappings - [detectHandlerMethods,295] - 
	c.l.r.c.HelloWorldController:
	{GET [/risk1/getUserConfigTest]}: getUserConfigTest()
2025-03-05 13:09:36.355 [main] DEBUG _.s.w.s.H.Mappings - [detectHandlerMethods,295] - 
	s.d.o.w.OpenApiControllerWebMvc:
	{GET [/v3/api-docs], produces [application/json || application/hal+json]}: getDocumentation(String,HttpServletRequest)
2025-03-05 13:09:36.358 [main] DEBUG _.s.w.s.H.Mappings - [detectHandlerMethods,295] - 
	s.d.s.w.ApiResourceController:
	{GET [/swagger-resources/configuration/security], produces [application/json]}: securityConfiguration()
	{GET [/swagger-resources/configuration/ui], produces [application/json]}: uiConfiguration()
	{GET [/swagger-resources], produces [application/json]}: swaggerResources()
2025-03-05 13:09:36.359 [main] DEBUG _.s.w.s.H.Mappings - [detectHandlerMethods,295] - 
	s.d.s.w.Swagger2ControllerWebMvc:
	{GET [/v2/api-docs], produces [application/json || application/hal+json]}: getDocumentation(String,HttpServletRequest)
2025-03-05 13:09:36.363 [main] DEBUG _.s.w.s.H.Mappings - [detectHandlerMethods,295] - 
	o.s.b.a.w.s.e.BasicErrorController:
	{ [/error]}: error(HttpServletRequest)
	{ [/error], produces [text/html]}: errorHtml(HttpServletRequest,HttpServletResponse)
2025-03-05 13:09:36.918 [main] DEBUG _.s.w.s.H.Mappings - [logMappings,177] - 'viewControllerHandlerMapping' {/swagger-ui/=ParameterizableViewController [view="forward:/swagger-ui/index.html"]}
2025-03-05 13:09:36.923 [main] DEBUG _.s.w.s.H.Mappings - [detectHandlers,86] - 'beanNameHandlerMapping' {}
2025-03-05 13:09:36.941 [main] DEBUG _.s.w.s.H.Mappings - [logMappings,177] - 'resourceHandlerMapping' {/webjars/**=ResourceHttpRequestHandler [classpath [META-INF/resources/webjars/]], /**=ResourceHttpRequestHandler [classpath [META-INF/resources/], classpath [resources/], classpath [static/], classpath [public/], ServletContext [/]], /swagger-ui/**=ResourceHttpRequestHandler [classpath [META-INF/resources/webjars/springfox-swagger-ui/]]}
2025-03-05 13:09:39.219 [main] DEBUG s.d.s.w.p.DocumentationPluginsBootstrapper - [start,99] - Documentation plugins bootstrapped
2025-03-05 13:09:39.219 [main] DEBUG s.d.s.w.p.DocumentationPluginsBootstrapper - [bootstrapDocumentationPlugins,78] - Found 1 custom documentation plugin(s)
2025-03-05 13:09:39.236 [main] DEBUG s.d.s.w.p.DefaultRequestHandlerCombiner - [combine,49] - Total number of request handlers 8
2025-03-05 13:09:39.236 [main] DEBUG s.d.s.w.p.DefaultRequestHandlerCombiner - [combine,52] - Adding key: /error, WebMvcRequestHandler{requestMapping={ [/error]}, handlerMethod=org.springframework.boot.autoconfigure.web.servlet.error.BasicErrorController#error(HttpServletRequest), key=RequestHandlerKey{pathMappings=[/error], supportedMethods=[], supportedMediaTypes=[], producibleMediaTypes=[]}}
2025-03-05 13:09:39.237 [main] DEBUG s.d.s.w.p.DefaultRequestHandlerCombiner - [combine,52] - Adding key: /error, WebMvcRequestHandler{requestMapping={ [/error], produces [text/html]}, handlerMethod=org.springframework.boot.autoconfigure.web.servlet.error.BasicErrorController#errorHtml(HttpServletRequest, HttpServletResponse), key=RequestHandlerKey{pathMappings=[/error], supportedMethods=[], supportedMediaTypes=[], producibleMediaTypes=[text/html]}}
2025-03-05 13:09:39.237 [main] DEBUG s.d.s.w.p.DefaultRequestHandlerCombiner - [combine,52] - Adding key: /risk1/getUserConfigTest, WebMvcRequestHandler{requestMapping={GET [/risk1/getUserConfigTest]}, handlerMethod=com.lzy.risk.controller.HelloWorldController#getUserConfigTest(), key=RequestHandlerKey{pathMappings=[/risk1/getUserConfigTest], supportedMethods=[GET], supportedMediaTypes=[], producibleMediaTypes=[]}}
2025-03-05 13:09:39.237 [main] DEBUG s.d.s.w.p.DefaultRequestHandlerCombiner - [combine,52] - Adding key: /swagger-resources, WebMvcRequestHandler{requestMapping={GET [/swagger-resources], produces [application/json]}, handlerMethod=springfox.documentation.swagger.web.ApiResourceController#swaggerResources(), key=RequestHandlerKey{pathMappings=[/swagger-resources], supportedMethods=[GET], supportedMediaTypes=[], producibleMediaTypes=[application/json]}}
2025-03-05 13:09:39.237 [main] DEBUG s.d.s.w.p.DefaultRequestHandlerCombiner - [combine,52] - Adding key: /swagger-resources/configuration/security, WebMvcRequestHandler{requestMapping={GET [/swagger-resources/configuration/security], produces [application/json]}, handlerMethod=springfox.documentation.swagger.web.ApiResourceController#securityConfiguration(), key=RequestHandlerKey{pathMappings=[/swagger-resources/configuration/security], supportedMethods=[GET], supportedMediaTypes=[], producibleMediaTypes=[application/json]}}
2025-03-05 13:09:39.237 [main] DEBUG s.d.s.w.p.DefaultRequestHandlerCombiner - [combine,52] - Adding key: /swagger-resources/configuration/ui, WebMvcRequestHandler{requestMapping={GET [/swagger-resources/configuration/ui], produces [application/json]}, handlerMethod=springfox.documentation.swagger.web.ApiResourceController#uiConfiguration(), key=RequestHandlerKey{pathMappings=[/swagger-resources/configuration/ui], supportedMethods=[GET], supportedMediaTypes=[], producibleMediaTypes=[application/json]}}
2025-03-05 13:09:39.237 [main] DEBUG s.d.s.w.p.DefaultRequestHandlerCombiner - [combine,52] - Adding key: /v2/api-docs, WebMvcRequestHandler{requestMapping={GET [/v2/api-docs], produces [application/json || application/hal+json]}, handlerMethod=springfox.documentation.swagger2.web.Swagger2ControllerWebMvc#getDocumentation(String, HttpServletRequest), key=RequestHandlerKey{pathMappings=[/v2/api-docs], supportedMethods=[GET], supportedMediaTypes=[], producibleMediaTypes=[application/json, application/hal+json]}}
2025-03-05 13:09:39.237 [main] DEBUG s.d.s.w.p.DefaultRequestHandlerCombiner - [combine,52] - Adding key: /v3/api-docs, WebMvcRequestHandler{requestMapping={GET [/v3/api-docs], produces [application/json || application/hal+json]}, handlerMethod=springfox.documentation.oas.web.OpenApiControllerWebMvc#getDocumentation(String, HttpServletRequest), key=RequestHandlerKey{pathMappings=[/v3/api-docs], supportedMethods=[GET], supportedMediaTypes=[], producibleMediaTypes=[application/json, application/hal+json]}}
2025-03-05 13:09:39.246 [main] DEBUG s.d.s.w.p.DefaultRequestHandlerCombiner - [combine,59] - Combined number of request handlers 8
2025-03-05 13:09:39.249 [main] DEBUG s.d.s.w.s.ApiListingReferenceScanner - [scan,44] - Scanning for api listing references
2025-03-05 13:09:39.259 [main] DEBUG s.d.s.w.r.o.OperationModelsProvider - [collectFromReturnType,78] - Adding return parameter of type Ljava/util/Map<Ljava/lang/String;Ljava/lang/Object;>;
2025-03-05 13:09:39.261 [main] DEBUG s.d.s.w.r.o.OperationModelsProvider - [collectParameters,89] - Reading parameters models for handlerMethod |error|
2025-03-05 13:09:39.261 [main] DEBUG s.d.s.w.r.o.OperationModelsProvider - [collectParameters,109] - Finished reading parameters models for handlerMethod |error|
2025-03-05 13:09:39.263 [main] DEBUG s.d.s.r.o.SwaggerOperationModelsProvider - [collectApiResponses,84] - Reading parameters models for handlerMethod |error|
2025-03-05 13:09:39.268 [main] DEBUG s.d.s.DefaultModelProvider - [modelFor,87] - Skipping model of type Ljava/lang/Object; as its either a container type, map, enum or base type, or its already been handled
2025-03-05 13:09:39.268 [main] DEBUG s.d.s.w.s.ApiModelReader - [read,122] - Did not find any parameter models for java.util.Map<java.lang.String,java.lang.Object>
2025-03-05 13:09:39.268 [main] DEBUG s.d.s.DefaultModelDependencyProvider - [resolvedDependencies,103] - Marking base type Ljava/lang/Object; as seen
2025-03-05 13:09:39.270 [main] DEBUG s.d.s.w.r.o.OperationModelsProvider - [collectFromReturnType,78] - Adding return parameter of type Ljava/util/Map<Ljava/lang/String;Ljava/lang/Object;>;
2025-03-05 13:09:39.270 [main] DEBUG s.d.s.w.r.o.OperationModelsProvider - [collectParameters,89] - Reading parameters models for handlerMethod |error|
2025-03-05 13:09:39.270 [main] DEBUG s.d.s.w.r.o.OperationModelsProvider - [collectParameters,109] - Finished reading parameters models for handlerMethod |error|
2025-03-05 13:09:39.271 [main] DEBUG s.d.s.r.o.SwaggerOperationModelsProvider - [collectApiResponses,84] - Reading parameters models for handlerMethod |error|
2025-03-05 13:09:39.272 [main] DEBUG s.d.s.DefaultModelSpecificationProvider - [modelSpecificationsFor,89] - Skipping model of type Ljava/lang/Object; as its either a container type, map, enum or base type, or its already been handled
2025-03-05 13:09:39.278 [main] DEBUG s.d.s.TypeNameExtractor - [modelName,202] - Generated unique model named: Map, with model id: 0_0_java.util.Map<java.lang.String,java.lang.Object>
2025-03-05 13:09:39.279 [main] DEBUG s.d.s.TypeNameExtractor - [modelName,202] - Generated unique model named: Map, with model id: 0_0_java.util.Map<java.lang.String,java.lang.Object>
2025-03-05 13:09:39.288 [main] DEBUG s.d.s.w.r.o.OperationParameterReader - [readParameters,107] - Reading parameters for method error at path /error
2025-03-05 13:09:39.288 [main] DEBUG s.d.s.w.r.o.OperationParameterReader - [readParameters,111] - Processing parameter request
2025-03-05 13:09:39.291 [main] DEBUG s.d.s.TypeNameExtractor - [modelName,202] - Generated unique model named: Map, with model id: 0_0_java.util.Map<java.lang.String,java.lang.Object>
2025-03-05 13:09:39.292 [main] DEBUG s.d.s.w.r.o.OperationResponseClassReader - [apply,81] - Setting spring response class to: Map«string,object»
2025-03-05 13:09:39.292 [main] DEBUG s.d.s.TypeNameExtractor - [modelName,202] - Generated unique model named: Map, with model id: 0_0_java.util.Map<java.lang.String,java.lang.Object>
2025-03-05 13:09:39.292 [main] DEBUG s.d.s.TypeNameExtractor - [modelName,202] - Generated unique model named: Map, with model id: 0_0_java.util.Map<java.lang.String,java.lang.Object>
2025-03-05 13:09:39.293 [main] DEBUG s.d.s.TypeNameExtractor - [modelName,202] - Generated unique model named: Map, with model id: 0_0_java.util.Map<java.lang.String,java.lang.Object>
2025-03-05 13:09:39.293 [main] DEBUG s.d.s.r.o.SwaggerOperationResponseClassReader - [apply,85] - Setting response class to:Map«string,object»
2025-03-05 13:09:39.293 [main] DEBUG s.d.s.TypeNameExtractor - [modelName,202] - Generated unique model named: Map, with model id: 0_0_java.util.Map<java.lang.String,java.lang.Object>
2025-03-05 13:09:39.293 [main] DEBUG s.d.s.TypeNameExtractor - [modelName,202] - Generated unique model named: Map, with model id: 0_0_java.util.Map<java.lang.String,java.lang.Object>
2025-03-05 13:09:39.296 [main] DEBUG s.d.s.r.o.OperationAuthReader - [apply,68] - Authorization count 0 for method error
2025-03-05 13:09:39.298 [main] DEBUG s.d.s.r.o.OpenApiOperationAuthReader - [apply,68] - Authorization count 0 for method error
2025-03-05 13:09:39.302 [main] DEBUG s.d.s.TypeNameExtractor - [modelName,202] - Generated unique model named: Map, with model id: 0_0_java.util.Map<java.lang.String,java.lang.Object>
2025-03-05 13:09:39.302 [main] DEBUG s.d.s.TypeNameExtractor - [modelName,202] - Generated unique model named: Map, with model id: 0_0_java.util.Map<java.lang.String,java.lang.Object>
2025-03-05 13:09:39.303 [main] DEBUG s.d.s.w.r.o.OperationParameterReader - [readParameters,107] - Reading parameters for method error at path /error
2025-03-05 13:09:39.303 [main] DEBUG s.d.s.w.r.o.OperationParameterReader - [readParameters,111] - Processing parameter request
2025-03-05 13:09:39.303 [main] DEBUG s.d.s.TypeNameExtractor - [modelName,202] - Generated unique model named: Map, with model id: 0_0_java.util.Map<java.lang.String,java.lang.Object>
2025-03-05 13:09:39.303 [main] DEBUG s.d.s.w.r.o.OperationResponseClassReader - [apply,81] - Setting spring response class to: Map«string,object»
2025-03-05 13:09:39.303 [main] DEBUG s.d.s.TypeNameExtractor - [modelName,202] - Generated unique model named: Map, with model id: 0_0_java.util.Map<java.lang.String,java.lang.Object>
2025-03-05 13:09:39.304 [main] DEBUG s.d.s.TypeNameExtractor - [modelName,202] - Generated unique model named: Map, with model id: 0_0_java.util.Map<java.lang.String,java.lang.Object>
2025-03-05 13:09:39.304 [main] DEBUG s.d.s.TypeNameExtractor - [modelName,202] - Generated unique model named: Map, with model id: 0_0_java.util.Map<java.lang.String,java.lang.Object>
2025-03-05 13:09:39.304 [main] DEBUG s.d.s.r.o.SwaggerOperationResponseClassReader - [apply,85] - Setting response class to:Map«string,object»
2025-03-05 13:09:39.304 [main] DEBUG s.d.s.TypeNameExtractor - [modelName,202] - Generated unique model named: Map, with model id: 0_0_java.util.Map<java.lang.String,java.lang.Object>
2025-03-05 13:09:39.304 [main] DEBUG s.d.s.TypeNameExtractor - [modelName,202] - Generated unique model named: Map, with model id: 0_0_java.util.Map<java.lang.String,java.lang.Object>
2025-03-05 13:09:39.304 [main] DEBUG s.d.s.r.o.OperationAuthReader - [apply,68] - Authorization count 0 for method error
2025-03-05 13:09:39.305 [main] DEBUG s.d.s.r.o.OpenApiOperationAuthReader - [apply,68] - Authorization count 0 for method error
2025-03-05 13:09:39.305 [main] DEBUG s.d.s.TypeNameExtractor - [modelName,202] - Generated unique model named: Map, with model id: 0_0_java.util.Map<java.lang.String,java.lang.Object>
2025-03-05 13:09:39.305 [main] DEBUG s.d.s.TypeNameExtractor - [modelName,202] - Generated unique model named: Map, with model id: 0_0_java.util.Map<java.lang.String,java.lang.Object>
2025-03-05 13:09:39.305 [main] DEBUG s.d.s.w.r.o.OperationParameterReader - [readParameters,107] - Reading parameters for method error at path /error
2025-03-05 13:09:39.305 [main] DEBUG s.d.s.w.r.o.OperationParameterReader - [readParameters,111] - Processing parameter request
2025-03-05 13:09:39.306 [main] DEBUG s.d.s.TypeNameExtractor - [modelName,202] - Generated unique model named: Map, with model id: 0_0_java.util.Map<java.lang.String,java.lang.Object>
2025-03-05 13:09:39.306 [main] DEBUG s.d.s.w.r.o.OperationResponseClassReader - [apply,81] - Setting spring response class to: Map«string,object»
2025-03-05 13:09:39.306 [main] DEBUG s.d.s.TypeNameExtractor - [modelName,202] - Generated unique model named: Map, with model id: 0_0_java.util.Map<java.lang.String,java.lang.Object>
2025-03-05 13:09:39.306 [main] DEBUG s.d.s.TypeNameExtractor - [modelName,202] - Generated unique model named: Map, with model id: 0_0_java.util.Map<java.lang.String,java.lang.Object>
2025-03-05 13:09:39.306 [main] DEBUG s.d.s.TypeNameExtractor - [modelName,202] - Generated unique model named: Map, with model id: 0_0_java.util.Map<java.lang.String,java.lang.Object>
2025-03-05 13:09:39.306 [main] DEBUG s.d.s.r.o.SwaggerOperationResponseClassReader - [apply,85] - Setting response class to:Map«string,object»
2025-03-05 13:09:39.306 [main] DEBUG s.d.s.TypeNameExtractor - [modelName,202] - Generated unique model named: Map, with model id: 0_0_java.util.Map<java.lang.String,java.lang.Object>
2025-03-05 13:09:39.306 [main] DEBUG s.d.s.TypeNameExtractor - [modelName,202] - Generated unique model named: Map, with model id: 0_0_java.util.Map<java.lang.String,java.lang.Object>
2025-03-05 13:09:39.307 [main] DEBUG s.d.s.r.o.OperationAuthReader - [apply,68] - Authorization count 0 for method error
2025-03-05 13:09:39.307 [main] DEBUG s.d.s.r.o.OpenApiOperationAuthReader - [apply,68] - Authorization count 0 for method error
2025-03-05 13:09:39.307 [main] DEBUG s.d.s.TypeNameExtractor - [modelName,202] - Generated unique model named: Map, with model id: 0_0_java.util.Map<java.lang.String,java.lang.Object>
2025-03-05 13:09:39.307 [main] DEBUG s.d.s.TypeNameExtractor - [modelName,202] - Generated unique model named: Map, with model id: 0_0_java.util.Map<java.lang.String,java.lang.Object>
2025-03-05 13:09:39.308 [main] DEBUG s.d.s.w.r.o.OperationParameterReader - [readParameters,107] - Reading parameters for method error at path /error
2025-03-05 13:09:39.308 [main] DEBUG s.d.s.w.r.o.OperationParameterReader - [readParameters,111] - Processing parameter request
2025-03-05 13:09:39.308 [main] DEBUG s.d.s.TypeNameExtractor - [modelName,202] - Generated unique model named: Map, with model id: 0_0_java.util.Map<java.lang.String,java.lang.Object>
2025-03-05 13:09:39.308 [main] DEBUG s.d.s.w.r.o.OperationResponseClassReader - [apply,81] - Setting spring response class to: Map«string,object»
2025-03-05 13:09:39.308 [main] DEBUG s.d.s.TypeNameExtractor - [modelName,202] - Generated unique model named: Map, with model id: 0_0_java.util.Map<java.lang.String,java.lang.Object>
2025-03-05 13:09:39.308 [main] DEBUG s.d.s.TypeNameExtractor - [modelName,202] - Generated unique model named: Map, with model id: 0_0_java.util.Map<java.lang.String,java.lang.Object>
2025-03-05 13:09:39.308 [main] DEBUG s.d.s.TypeNameExtractor - [modelName,202] - Generated unique model named: Map, with model id: 0_0_java.util.Map<java.lang.String,java.lang.Object>
2025-03-05 13:09:39.309 [main] DEBUG s.d.s.r.o.SwaggerOperationResponseClassReader - [apply,85] - Setting response class to:Map«string,object»
2025-03-05 13:09:39.309 [main] DEBUG s.d.s.TypeNameExtractor - [modelName,202] - Generated unique model named: Map, with model id: 0_0_java.util.Map<java.lang.String,java.lang.Object>
2025-03-05 13:09:39.309 [main] DEBUG s.d.s.TypeNameExtractor - [modelName,202] - Generated unique model named: Map, with model id: 0_0_java.util.Map<java.lang.String,java.lang.Object>
2025-03-05 13:09:39.309 [main] DEBUG s.d.s.r.o.OperationAuthReader - [apply,68] - Authorization count 0 for method error
2025-03-05 13:09:39.309 [main] DEBUG s.d.s.r.o.OpenApiOperationAuthReader - [apply,68] - Authorization count 0 for method error
2025-03-05 13:09:39.310 [main] DEBUG s.d.s.TypeNameExtractor - [modelName,202] - Generated unique model named: Map, with model id: 0_0_java.util.Map<java.lang.String,java.lang.Object>
2025-03-05 13:09:39.310 [main] DEBUG s.d.s.TypeNameExtractor - [modelName,202] - Generated unique model named: Map, with model id: 0_0_java.util.Map<java.lang.String,java.lang.Object>
2025-03-05 13:09:39.310 [main] DEBUG s.d.s.w.r.o.OperationParameterReader - [readParameters,107] - Reading parameters for method error at path /error
2025-03-05 13:09:39.310 [main] DEBUG s.d.s.w.r.o.OperationParameterReader - [readParameters,111] - Processing parameter request
2025-03-05 13:09:39.310 [main] DEBUG s.d.s.TypeNameExtractor - [modelName,202] - Generated unique model named: Map, with model id: 0_0_java.util.Map<java.lang.String,java.lang.Object>
2025-03-05 13:09:39.311 [main] DEBUG s.d.s.w.r.o.OperationResponseClassReader - [apply,81] - Setting spring response class to: Map«string,object»
2025-03-05 13:09:39.311 [main] DEBUG s.d.s.TypeNameExtractor - [modelName,202] - Generated unique model named: Map, with model id: 0_0_java.util.Map<java.lang.String,java.lang.Object>
2025-03-05 13:09:39.311 [main] DEBUG s.d.s.TypeNameExtractor - [modelName,202] - Generated unique model named: Map, with model id: 0_0_java.util.Map<java.lang.String,java.lang.Object>
2025-03-05 13:09:39.311 [main] DEBUG s.d.s.TypeNameExtractor - [modelName,202] - Generated unique model named: Map, with model id: 0_0_java.util.Map<java.lang.String,java.lang.Object>
2025-03-05 13:09:39.311 [main] DEBUG s.d.s.r.o.SwaggerOperationResponseClassReader - [apply,85] - Setting response class to:Map«string,object»
2025-03-05 13:09:39.311 [main] DEBUG s.d.s.TypeNameExtractor - [modelName,202] - Generated unique model named: Map, with model id: 0_0_java.util.Map<java.lang.String,java.lang.Object>
2025-03-05 13:09:39.312 [main] DEBUG s.d.s.TypeNameExtractor - [modelName,202] - Generated unique model named: Map, with model id: 0_0_java.util.Map<java.lang.String,java.lang.Object>
2025-03-05 13:09:39.312 [main] DEBUG s.d.s.r.o.OperationAuthReader - [apply,68] - Authorization count 0 for method error
2025-03-05 13:09:39.312 [main] DEBUG s.d.s.r.o.OpenApiOperationAuthReader - [apply,68] - Authorization count 0 for method error
2025-03-05 13:09:39.312 [main] DEBUG s.d.s.TypeNameExtractor - [modelName,202] - Generated unique model named: Map, with model id: 0_0_java.util.Map<java.lang.String,java.lang.Object>
2025-03-05 13:09:39.313 [main] DEBUG s.d.s.TypeNameExtractor - [modelName,202] - Generated unique model named: Map, with model id: 0_0_java.util.Map<java.lang.String,java.lang.Object>
2025-03-05 13:09:39.313 [main] DEBUG s.d.s.w.r.o.OperationParameterReader - [readParameters,107] - Reading parameters for method error at path /error
2025-03-05 13:09:39.313 [main] DEBUG s.d.s.w.r.o.OperationParameterReader - [readParameters,111] - Processing parameter request
2025-03-05 13:09:39.313 [main] DEBUG s.d.s.TypeNameExtractor - [modelName,202] - Generated unique model named: Map, with model id: 0_0_java.util.Map<java.lang.String,java.lang.Object>
2025-03-05 13:09:39.313 [main] DEBUG s.d.s.w.r.o.OperationResponseClassReader - [apply,81] - Setting spring response class to: Map«string,object»
2025-03-05 13:09:39.313 [main] DEBUG s.d.s.TypeNameExtractor - [modelName,202] - Generated unique model named: Map, with model id: 0_0_java.util.Map<java.lang.String,java.lang.Object>
2025-03-05 13:09:39.314 [main] DEBUG s.d.s.TypeNameExtractor - [modelName,202] - Generated unique model named: Map, with model id: 0_0_java.util.Map<java.lang.String,java.lang.Object>
2025-03-05 13:09:39.314 [main] DEBUG s.d.s.TypeNameExtractor - [modelName,202] - Generated unique model named: Map, with model id: 0_0_java.util.Map<java.lang.String,java.lang.Object>
2025-03-05 13:09:39.314 [main] DEBUG s.d.s.r.o.SwaggerOperationResponseClassReader - [apply,85] - Setting response class to:Map«string,object»
2025-03-05 13:09:39.314 [main] DEBUG s.d.s.TypeNameExtractor - [modelName,202] - Generated unique model named: Map, with model id: 0_0_java.util.Map<java.lang.String,java.lang.Object>
2025-03-05 13:09:39.314 [main] DEBUG s.d.s.TypeNameExtractor - [modelName,202] - Generated unique model named: Map, with model id: 0_0_java.util.Map<java.lang.String,java.lang.Object>
2025-03-05 13:09:39.315 [main] DEBUG s.d.s.r.o.OperationAuthReader - [apply,68] - Authorization count 0 for method error
2025-03-05 13:09:39.315 [main] DEBUG s.d.s.r.o.OpenApiOperationAuthReader - [apply,68] - Authorization count 0 for method error
2025-03-05 13:09:39.315 [main] DEBUG s.d.s.TypeNameExtractor - [modelName,202] - Generated unique model named: Map, with model id: 0_0_java.util.Map<java.lang.String,java.lang.Object>
2025-03-05 13:09:39.315 [main] DEBUG s.d.s.TypeNameExtractor - [modelName,202] - Generated unique model named: Map, with model id: 0_0_java.util.Map<java.lang.String,java.lang.Object>
2025-03-05 13:09:39.316 [main] DEBUG s.d.s.w.r.o.OperationParameterReader - [readParameters,107] - Reading parameters for method error at path /error
2025-03-05 13:09:39.316 [main] DEBUG s.d.s.w.r.o.OperationParameterReader - [readParameters,111] - Processing parameter request
2025-03-05 13:09:39.316 [main] DEBUG s.d.s.TypeNameExtractor - [modelName,202] - Generated unique model named: Map, with model id: 0_0_java.util.Map<java.lang.String,java.lang.Object>
2025-03-05 13:09:39.316 [main] DEBUG s.d.s.w.r.o.OperationResponseClassReader - [apply,81] - Setting spring response class to: Map«string,object»
2025-03-05 13:09:39.316 [main] DEBUG s.d.s.TypeNameExtractor - [modelName,202] - Generated unique model named: Map, with model id: 0_0_java.util.Map<java.lang.String,java.lang.Object>
2025-03-05 13:09:39.316 [main] DEBUG s.d.s.TypeNameExtractor - [modelName,202] - Generated unique model named: Map, with model id: 0_0_java.util.Map<java.lang.String,java.lang.Object>
2025-03-05 13:09:39.316 [main] DEBUG s.d.s.TypeNameExtractor - [modelName,202] - Generated unique model named: Map, with model id: 0_0_java.util.Map<java.lang.String,java.lang.Object>
2025-03-05 13:09:39.316 [main] DEBUG s.d.s.r.o.SwaggerOperationResponseClassReader - [apply,85] - Setting response class to:Map«string,object»
2025-03-05 13:09:39.317 [main] DEBUG s.d.s.TypeNameExtractor - [modelName,202] - Generated unique model named: Map, with model id: 0_0_java.util.Map<java.lang.String,java.lang.Object>
2025-03-05 13:09:39.317 [main] DEBUG s.d.s.TypeNameExtractor - [modelName,202] - Generated unique model named: Map, with model id: 0_0_java.util.Map<java.lang.String,java.lang.Object>
2025-03-05 13:09:39.317 [main] DEBUG s.d.s.r.o.OperationAuthReader - [apply,68] - Authorization count 0 for method error
2025-03-05 13:09:39.317 [main] DEBUG s.d.s.r.o.OpenApiOperationAuthReader - [apply,68] - Authorization count 0 for method error
2025-03-05 13:09:39.317 [main] DEBUG s.d.s.TypeNameExtractor - [modelName,202] - Generated unique model named: Map, with model id: 0_0_java.util.Map<java.lang.String,java.lang.Object>
2025-03-05 13:09:39.317 [main] DEBUG s.d.s.TypeNameExtractor - [modelName,202] - Generated unique model named: Map, with model id: 0_0_java.util.Map<java.lang.String,java.lang.Object>
2025-03-05 13:09:39.318 [main] DEBUG s.d.s.w.r.o.OperationParameterReader - [readParameters,107] - Reading parameters for method error at path /error
2025-03-05 13:09:39.318 [main] DEBUG s.d.s.w.r.o.OperationParameterReader - [readParameters,111] - Processing parameter request
2025-03-05 13:09:39.318 [main] DEBUG s.d.s.TypeNameExtractor - [modelName,202] - Generated unique model named: Map, with model id: 0_0_java.util.Map<java.lang.String,java.lang.Object>
2025-03-05 13:09:39.318 [main] DEBUG s.d.s.w.r.o.OperationResponseClassReader - [apply,81] - Setting spring response class to: Map«string,object»
2025-03-05 13:09:39.318 [main] DEBUG s.d.s.TypeNameExtractor - [modelName,202] - Generated unique model named: Map, with model id: 0_0_java.util.Map<java.lang.String,java.lang.Object>
2025-03-05 13:09:39.318 [main] DEBUG s.d.s.TypeNameExtractor - [modelName,202] - Generated unique model named: Map, with model id: 0_0_java.util.Map<java.lang.String,java.lang.Object>
2025-03-05 13:09:39.319 [main] DEBUG s.d.s.TypeNameExtractor - [modelName,202] - Generated unique model named: Map, with model id: 0_0_java.util.Map<java.lang.String,java.lang.Object>
2025-03-05 13:09:39.319 [main] DEBUG s.d.s.r.o.SwaggerOperationResponseClassReader - [apply,85] - Setting response class to:Map«string,object»
2025-03-05 13:09:39.319 [main] DEBUG s.d.s.TypeNameExtractor - [modelName,202] - Generated unique model named: Map, with model id: 0_0_java.util.Map<java.lang.String,java.lang.Object>
2025-03-05 13:09:39.319 [main] DEBUG s.d.s.TypeNameExtractor - [modelName,202] - Generated unique model named: Map, with model id: 0_0_java.util.Map<java.lang.String,java.lang.Object>
2025-03-05 13:09:39.319 [main] DEBUG s.d.s.r.o.OperationAuthReader - [apply,68] - Authorization count 0 for method error
2025-03-05 13:09:39.319 [main] DEBUG s.d.s.r.o.OpenApiOperationAuthReader - [apply,68] - Authorization count 0 for method error
2025-03-05 13:09:39.330 [main] DEBUG s.d.s.w.r.o.OperationModelsProvider - [collectFromReturnType,78] - Adding return parameter of type Lorg/springframework/web/servlet/ModelAndView;
2025-03-05 13:09:39.330 [main] DEBUG s.d.s.w.r.o.OperationModelsProvider - [collectParameters,89] - Reading parameters models for handlerMethod |errorHtml|
2025-03-05 13:09:39.330 [main] DEBUG s.d.s.w.r.o.OperationModelsProvider - [collectParameters,109] - Finished reading parameters models for handlerMethod |errorHtml|
2025-03-05 13:09:39.330 [main] DEBUG s.d.s.r.o.SwaggerOperationModelsProvider - [collectApiResponses,84] - Reading parameters models for handlerMethod |errorHtml|
2025-03-05 13:09:39.333 [main] DEBUG s.d.s.p.OptimizedModelPropertiesProvider - [propertiesFor,175] - Reading property reference
2025-03-05 13:09:39.336 [main] DEBUG s.d.s.p.b.BeanModelProperty - [paramOrReturnType,54] - Evaluating unwrapped getter for member isReference
2025-03-05 13:09:39.337 [main] DEBUG s.d.s.p.ObjectMapperBeanPropertyNamingStrategy - [nameForSerialization,61] - Name 'reference' renamed to 'reference'
2025-03-05 13:09:39.337 [main] DEBUG s.d.s.p.OptimizedModelPropertiesProvider - [modelProperty,606] - Adding property reference to model
2025-03-05 13:09:39.338 [main] DEBUG s.d.s.p.b.BeanModelProperty - [paramOrReturnType,54] - Evaluating unwrapped getter for member isReference
2025-03-05 13:09:39.338 [main] DEBUG s.d.s.p.b.BeanModelProperty - [paramOrReturnType,54] - Evaluating unwrapped getter for member isReference
2025-03-05 13:09:39.338 [main] DEBUG s.d.s.p.b.BeanModelProperty - [paramOrReturnType,54] - Evaluating unwrapped getter for member isReference
2025-03-05 13:09:39.339 [main] DEBUG s.d.s.p.b.BeanModelProperty - [paramOrReturnType,54] - Evaluating unwrapped getter for member isReference
2025-03-05 13:09:39.340 [main] DEBUG s.d.s.p.OptimizedModelPropertiesProvider - [propertiesFor,175] - Reading property view
2025-03-05 13:09:39.341 [main] DEBUG s.d.s.p.b.BeanModelProperty - [paramOrReturnType,54] - Evaluating unwrapped getter for member getView
2025-03-05 13:09:39.341 [main] DEBUG s.d.s.p.ObjectMapperBeanPropertyNamingStrategy - [nameForSerialization,61] - Name 'view' renamed to 'view'
2025-03-05 13:09:39.341 [main] DEBUG s.d.s.p.OptimizedModelPropertiesProvider - [modelProperty,606] - Adding property view to model
2025-03-05 13:09:39.341 [main] DEBUG s.d.s.p.b.BeanModelProperty - [paramOrReturnType,54] - Evaluating unwrapped getter for member getView
2025-03-05 13:09:39.341 [main] DEBUG s.d.s.p.b.BeanModelProperty - [paramOrReturnType,54] - Evaluating unwrapped getter for member getView
2025-03-05 13:09:39.341 [main] DEBUG s.d.s.p.b.BeanModelProperty - [paramOrReturnType,54] - Evaluating unwrapped getter for member getView
2025-03-05 13:09:39.341 [main] DEBUG s.d.s.p.b.BeanModelProperty - [paramOrReturnType,54] - Evaluating unwrapped getter for member getView
2025-03-05 13:09:39.341 [main] DEBUG s.d.s.TypeNameExtractor - [modelName,202] - Generated unique model named: View, with model id: 1_0_org.springframework.web.servlet.View
2025-03-05 13:09:39.341 [main] DEBUG s.d.s.p.OptimizedModelPropertiesProvider - [propertiesFor,175] - Reading property viewName
2025-03-05 13:09:39.342 [main] DEBUG s.d.s.p.b.BeanModelProperty - [paramOrReturnType,54] - Evaluating unwrapped getter for member getViewName
2025-03-05 13:09:39.342 [main] DEBUG s.d.s.p.ObjectMapperBeanPropertyNamingStrategy - [nameForSerialization,61] - Name 'viewName' renamed to 'viewName'
2025-03-05 13:09:39.342 [main] DEBUG s.d.s.p.OptimizedModelPropertiesProvider - [modelProperty,606] - Adding property viewName to model
2025-03-05 13:09:39.342 [main] DEBUG s.d.s.p.b.BeanModelProperty - [paramOrReturnType,54] - Evaluating unwrapped getter for member getViewName
2025-03-05 13:09:39.342 [main] DEBUG s.d.s.p.b.BeanModelProperty - [paramOrReturnType,54] - Evaluating unwrapped getter for member getViewName
2025-03-05 13:09:39.342 [main] DEBUG s.d.s.p.b.BeanModelProperty - [paramOrReturnType,54] - Evaluating unwrapped getter for member getViewName
2025-03-05 13:09:39.342 [main] DEBUG s.d.s.p.b.BeanModelProperty - [paramOrReturnType,54] - Evaluating unwrapped getter for member getViewName
2025-03-05 13:09:39.342 [main] DEBUG s.d.s.p.OptimizedModelPropertiesProvider - [propertiesFor,175] - Reading property model
2025-03-05 13:09:39.342 [main] DEBUG s.d.s.p.b.BeanModelProperty - [paramOrReturnType,54] - Evaluating unwrapped getter for member getModel
2025-03-05 13:09:39.342 [main] DEBUG s.d.s.p.ObjectMapperBeanPropertyNamingStrategy - [nameForSerialization,61] - Name 'model' renamed to 'model'
2025-03-05 13:09:39.343 [main] DEBUG s.d.s.p.OptimizedModelPropertiesProvider - [modelProperty,606] - Adding property model to model
2025-03-05 13:09:39.343 [main] DEBUG s.d.s.p.b.BeanModelProperty - [paramOrReturnType,54] - Evaluating unwrapped getter for member getModel
2025-03-05 13:09:39.343 [main] DEBUG s.d.s.p.b.BeanModelProperty - [paramOrReturnType,54] - Evaluating unwrapped getter for member getModel
2025-03-05 13:09:39.343 [main] DEBUG s.d.s.p.b.BeanModelProperty - [paramOrReturnType,54] - Evaluating unwrapped getter for member getModel
2025-03-05 13:09:39.343 [main] DEBUG s.d.s.p.b.BeanModelProperty - [paramOrReturnType,54] - Evaluating unwrapped getter for member getModel
2025-03-05 13:09:39.343 [main] DEBUG s.d.s.p.OptimizedModelPropertiesProvider - [propertiesFor,175] - Reading property modelMap
2025-03-05 13:09:39.343 [main] DEBUG s.d.s.p.b.BeanModelProperty - [paramOrReturnType,54] - Evaluating unwrapped getter for member getModelMap
2025-03-05 13:09:39.343 [main] DEBUG s.d.s.p.ObjectMapperBeanPropertyNamingStrategy - [nameForSerialization,61] - Name 'modelMap' renamed to 'modelMap'
2025-03-05 13:09:39.344 [main] DEBUG s.d.s.p.OptimizedModelPropertiesProvider - [modelProperty,606] - Adding property modelMap to model
2025-03-05 13:09:39.344 [main] DEBUG s.d.s.p.b.BeanModelProperty - [paramOrReturnType,54] - Evaluating unwrapped getter for member getModelMap
2025-03-05 13:09:39.344 [main] DEBUG s.d.s.p.b.BeanModelProperty - [paramOrReturnType,54] - Evaluating unwrapped getter for member getModelMap
2025-03-05 13:09:39.344 [main] DEBUG s.d.s.p.b.BeanModelProperty - [paramOrReturnType,54] - Evaluating unwrapped getter for member getModelMap
2025-03-05 13:09:39.344 [main] DEBUG s.d.s.p.b.BeanModelProperty - [paramOrReturnType,54] - Evaluating unwrapped getter for member getModelMap
2025-03-05 13:09:39.344 [main] DEBUG s.d.s.TypeNameExtractor - [modelName,202] - Generated unique model named: ModelMap, with model id: 1_0_org.springframework.ui.ModelMap
2025-03-05 13:09:39.344 [main] DEBUG s.d.s.TypeNameExtractor - [modelName,202] - Generated unique model named: ModelMap, with model id: 1_0_org.springframework.ui.ModelMap
2025-03-05 13:09:39.344 [main] DEBUG s.d.s.p.OptimizedModelPropertiesProvider - [propertiesFor,175] - Reading property status
2025-03-05 13:09:39.344 [main] DEBUG s.d.s.p.b.BeanModelProperty - [paramOrReturnType,54] - Evaluating unwrapped getter for member getStatus
2025-03-05 13:09:39.344 [main] DEBUG s.d.s.p.ObjectMapperBeanPropertyNamingStrategy - [nameForSerialization,61] - Name 'status' renamed to 'status'
2025-03-05 13:09:39.344 [main] DEBUG s.d.s.p.OptimizedModelPropertiesProvider - [modelProperty,606] - Adding property status to model
2025-03-05 13:09:39.345 [main] DEBUG s.d.s.p.b.BeanModelProperty - [paramOrReturnType,54] - Evaluating unwrapped getter for member getStatus
2025-03-05 13:09:39.345 [main] DEBUG s.d.s.p.b.BeanModelProperty - [paramOrReturnType,54] - Evaluating unwrapped getter for member getStatus
2025-03-05 13:09:39.345 [main] DEBUG s.d.s.p.b.BeanModelProperty - [paramOrReturnType,54] - Evaluating unwrapped getter for member getStatus
2025-03-05 13:09:39.345 [main] DEBUG s.d.s.p.b.BeanModelProperty - [paramOrReturnType,54] - Evaluating unwrapped getter for member getStatus
2025-03-05 13:09:39.348 [main] DEBUG s.d.s.p.OptimizedModelPropertiesProvider - [propertiesFor,175] - Reading property empty
2025-03-05 13:09:39.349 [main] DEBUG s.d.s.p.b.BeanModelProperty - [paramOrReturnType,54] - Evaluating unwrapped getter for member isEmpty
2025-03-05 13:09:39.349 [main] DEBUG s.d.s.p.ObjectMapperBeanPropertyNamingStrategy - [nameForSerialization,61] - Name 'empty' renamed to 'empty'
2025-03-05 13:09:39.349 [main] DEBUG s.d.s.p.OptimizedModelPropertiesProvider - [modelProperty,606] - Adding property empty to model
2025-03-05 13:09:39.349 [main] DEBUG s.d.s.p.b.BeanModelProperty - [paramOrReturnType,54] - Evaluating unwrapped getter for member isEmpty
2025-03-05 13:09:39.349 [main] DEBUG s.d.s.p.b.BeanModelProperty - [paramOrReturnType,54] - Evaluating unwrapped getter for member isEmpty
2025-03-05 13:09:39.349 [main] DEBUG s.d.s.p.b.BeanModelProperty - [paramOrReturnType,54] - Evaluating unwrapped getter for member isEmpty
2025-03-05 13:09:39.349 [main] DEBUG s.d.s.p.b.BeanModelProperty - [paramOrReturnType,54] - Evaluating unwrapped getter for member isEmpty
2025-03-05 13:09:39.349 [main] DEBUG s.d.s.DefaultModelProvider - [reflectionBasedModel,113] - Inferred 7 properties. Properties found reference, view, viewName, model, modelMap, empty, status
2025-03-05 13:09:39.350 [main] DEBUG s.d.s.TypeNameExtractor - [modelName,202] - Generated unique model named: ModelAndView, with model id: 1_0_org.springframework.web.servlet.ModelAndView
2025-03-05 13:09:39.351 [main] DEBUG s.d.s.w.s.ApiModelReader - [read,113] - Generated parameter model id: org.springframework.web.servlet.ModelAndView, name: ModelAndView
2025-03-05 13:09:39.351 [main] DEBUG s.d.s.TypeNameExtractor - [modelName,202] - Generated unique model named: ModelAndView, with model id: 1_0_org.springframework.web.servlet.ModelAndView
2025-03-05 13:09:39.351 [main] DEBUG s.d.s.TypeNameExtractor - [modelName,202] - Generated unique model named: ModelMap, with model id: 1_0_org.springframework.ui.ModelMap
2025-03-05 13:09:39.352 [main] DEBUG s.d.s.TypeNameExtractor - [modelName,202] - Generated unique model named: View, with model id: 1_0_org.springframework.web.servlet.View
2025-03-05 13:09:39.352 [main] DEBUG s.d.s.DefaultModelDependencyProvider - [resolvedPropertiesAndFields,169] - Adding type Lorg/springframework/ui/ModelMap; for parameter modelMap
2025-03-05 13:09:39.352 [main] DEBUG s.d.s.DefaultModelDependencyProvider - [maybeFromMapValueType,227] - Recursively resolving dependencies for value type Ljava/lang/Object;
2025-03-05 13:09:39.352 [main] DEBUG s.d.s.DefaultModelDependencyProvider - [resolvedDependencies,103] - Marking base type Ljava/lang/Object; as seen
2025-03-05 13:09:39.352 [main] DEBUG s.d.s.DefaultModelDependencyProvider - [resolvedPropertiesAndFields,169] - Adding type Lorg/springframework/web/servlet/View; for parameter view
2025-03-05 13:09:39.352 [main] DEBUG s.d.s.DefaultModelDependencyProvider - [maybeFromRegularType,194] - Recursively resolving dependencies for type Lorg/springframework/web/servlet/View;
2025-03-05 13:09:39.352 [main] DEBUG s.d.s.TypeNameExtractor - [modelName,202] - Generated unique model named: View, with model id: 1_0_org.springframework.web.servlet.View
2025-03-05 13:09:39.352 [main] DEBUG s.d.s.p.OptimizedModelPropertiesProvider - [propertiesFor,175] - Reading property contentType
2025-03-05 13:09:39.352 [main] DEBUG s.d.s.p.b.BeanModelProperty - [paramOrReturnType,54] - Evaluating unwrapped getter for member getContentType
2025-03-05 13:09:39.353 [main] DEBUG s.d.s.p.ObjectMapperBeanPropertyNamingStrategy - [nameForSerialization,61] - Name 'contentType' renamed to 'contentType'
2025-03-05 13:09:39.353 [main] DEBUG s.d.s.p.OptimizedModelPropertiesProvider - [modelProperty,606] - Adding property contentType to model
2025-03-05 13:09:39.353 [main] DEBUG s.d.s.p.b.BeanModelProperty - [paramOrReturnType,54] - Evaluating unwrapped getter for member getContentType
2025-03-05 13:09:39.353 [main] DEBUG s.d.s.p.b.BeanModelProperty - [paramOrReturnType,54] - Evaluating unwrapped getter for member getContentType
2025-03-05 13:09:39.353 [main] DEBUG s.d.s.p.b.BeanModelProperty - [paramOrReturnType,54] - Evaluating unwrapped getter for member getContentType
2025-03-05 13:09:39.353 [main] DEBUG s.d.s.p.b.BeanModelProperty - [paramOrReturnType,54] - Evaluating unwrapped getter for member getContentType
2025-03-05 13:09:39.353 [main] DEBUG s.d.s.TypeNameExtractor - [modelName,202] - Generated unique model named: View, with model id: 1_0_org.springframework.web.servlet.View
2025-03-05 13:09:39.353 [main] DEBUG s.d.s.DefaultModelProvider - [reflectionBasedModel,113] - Inferred 1 properties. Properties found contentType
2025-03-05 13:09:39.353 [main] DEBUG s.d.s.TypeNameExtractor - [modelName,202] - Generated unique model named: View, with model id: 1_0_org.springframework.web.servlet.View
2025-03-05 13:09:39.356 [main] DEBUG s.d.s.w.r.o.OperationModelsProvider - [collectFromReturnType,78] - Adding return parameter of type Lorg/springframework/web/servlet/ModelAndView;
2025-03-05 13:09:39.356 [main] DEBUG s.d.s.w.r.o.OperationModelsProvider - [collectParameters,89] - Reading parameters models for handlerMethod |errorHtml|
2025-03-05 13:09:39.356 [main] DEBUG s.d.s.w.r.o.OperationModelsProvider - [collectParameters,109] - Finished reading parameters models for handlerMethod |errorHtml|
2025-03-05 13:09:39.357 [main] DEBUG s.d.s.r.o.SwaggerOperationModelsProvider - [collectApiResponses,84] - Reading parameters models for handlerMethod |errorHtml|
2025-03-05 13:09:39.357 [main] DEBUG s.d.s.TypeNameExtractor - [modelName,202] - Generated unique model named: ModelAndView, with model id: 1_0_org.springframework.web.servlet.ModelAndView
2025-03-05 13:09:39.358 [main] DEBUG s.d.s.p.OptimizedModelPropertiesProvider - [propertySpecificationsFor,211] - Reading property reference
2025-03-05 13:09:39.359 [main] DEBUG s.d.s.p.b.BeanModelProperty - [paramOrReturnType,54] - Evaluating unwrapped getter for member isReference
2025-03-05 13:09:39.359 [main] DEBUG s.d.s.p.ObjectMapperBeanPropertyNamingStrategy - [nameForSerialization,61] - Name 'reference' renamed to 'reference'
2025-03-05 13:09:39.359 [main] DEBUG s.d.s.p.OptimizedModelPropertiesProvider - [beanModelPropertySpecification,652] - Adding property reference to model
2025-03-05 13:09:39.359 [main] DEBUG s.d.s.p.b.BeanModelProperty - [paramOrReturnType,54] - Evaluating unwrapped getter for member isReference
2025-03-05 13:09:39.359 [main] DEBUG s.d.s.p.b.BeanModelProperty - [paramOrReturnType,54] - Evaluating unwrapped getter for member isReference
2025-03-05 13:09:39.360 [main] DEBUG s.d.s.p.OptimizedModelPropertiesProvider - [propertySpecificationsFor,211] - Reading property view
2025-03-05 13:09:39.360 [main] DEBUG s.d.s.p.b.BeanModelProperty - [paramOrReturnType,54] - Evaluating unwrapped getter for member getView
2025-03-05 13:09:39.360 [main] DEBUG s.d.s.p.ObjectMapperBeanPropertyNamingStrategy - [nameForSerialization,61] - Name 'view' renamed to 'view'
2025-03-05 13:09:39.360 [main] DEBUG s.d.s.p.OptimizedModelPropertiesProvider - [beanModelPropertySpecification,652] - Adding property view to model
2025-03-05 13:09:39.360 [main] DEBUG s.d.s.p.b.BeanModelProperty - [paramOrReturnType,54] - Evaluating unwrapped getter for member getView
2025-03-05 13:09:39.361 [main] DEBUG s.d.s.TypeNameExtractor - [modelName,202] - Generated unique model named: View, with model id: 1_0_org.springframework.web.servlet.View
2025-03-05 13:09:39.362 [main] DEBUG s.d.s.p.b.BeanModelProperty - [paramOrReturnType,54] - Evaluating unwrapped getter for member getView
2025-03-05 13:09:39.362 [main] DEBUG s.d.s.p.OptimizedModelPropertiesProvider - [propertySpecificationsFor,211] - Reading property viewName
2025-03-05 13:09:39.363 [main] DEBUG s.d.s.p.b.BeanModelProperty - [paramOrReturnType,54] - Evaluating unwrapped getter for member getViewName
2025-03-05 13:09:39.363 [main] DEBUG s.d.s.p.ObjectMapperBeanPropertyNamingStrategy - [nameForSerialization,61] - Name 'viewName' renamed to 'viewName'
2025-03-05 13:09:39.363 [main] DEBUG s.d.s.p.OptimizedModelPropertiesProvider - [beanModelPropertySpecification,652] - Adding property viewName to model
2025-03-05 13:09:39.363 [main] DEBUG s.d.s.p.b.BeanModelProperty - [paramOrReturnType,54] - Evaluating unwrapped getter for member getViewName
2025-03-05 13:09:39.363 [main] DEBUG s.d.s.p.b.BeanModelProperty - [paramOrReturnType,54] - Evaluating unwrapped getter for member getViewName
2025-03-05 13:09:39.363 [main] DEBUG s.d.s.p.OptimizedModelPropertiesProvider - [propertySpecificationsFor,211] - Reading property model
2025-03-05 13:09:39.363 [main] DEBUG s.d.s.p.b.BeanModelProperty - [paramOrReturnType,54] - Evaluating unwrapped getter for member getModel
2025-03-05 13:09:39.363 [main] DEBUG s.d.s.p.ObjectMapperBeanPropertyNamingStrategy - [nameForSerialization,61] - Name 'model' renamed to 'model'
2025-03-05 13:09:39.363 [main] DEBUG s.d.s.p.OptimizedModelPropertiesProvider - [beanModelPropertySpecification,652] - Adding property model to model
2025-03-05 13:09:39.363 [main] DEBUG s.d.s.p.b.BeanModelProperty - [paramOrReturnType,54] - Evaluating unwrapped getter for member getModel
2025-03-05 13:09:39.363 [main] DEBUG s.d.s.p.b.BeanModelProperty - [paramOrReturnType,54] - Evaluating unwrapped getter for member getModel
2025-03-05 13:09:39.363 [main] DEBUG s.d.s.p.OptimizedModelPropertiesProvider - [propertySpecificationsFor,211] - Reading property modelMap
2025-03-05 13:09:39.364 [main] DEBUG s.d.s.p.b.BeanModelProperty - [paramOrReturnType,54] - Evaluating unwrapped getter for member getModelMap
2025-03-05 13:09:39.364 [main] DEBUG s.d.s.p.ObjectMapperBeanPropertyNamingStrategy - [nameForSerialization,61] - Name 'modelMap' renamed to 'modelMap'
2025-03-05 13:09:39.364 [main] DEBUG s.d.s.p.OptimizedModelPropertiesProvider - [beanModelPropertySpecification,652] - Adding property modelMap to model
2025-03-05 13:09:39.364 [main] DEBUG s.d.s.p.b.BeanModelProperty - [paramOrReturnType,54] - Evaluating unwrapped getter for member getModelMap
2025-03-05 13:09:39.364 [main] DEBUG s.d.s.p.b.BeanModelProperty - [paramOrReturnType,54] - Evaluating unwrapped getter for member getModelMap
2025-03-05 13:09:39.364 [main] DEBUG s.d.s.p.OptimizedModelPropertiesProvider - [propertySpecificationsFor,211] - Reading property status
2025-03-05 13:09:39.364 [main] DEBUG s.d.s.p.b.BeanModelProperty - [paramOrReturnType,54] - Evaluating unwrapped getter for member getStatus
2025-03-05 13:09:39.364 [main] DEBUG s.d.s.p.ObjectMapperBeanPropertyNamingStrategy - [nameForSerialization,61] - Name 'status' renamed to 'status'
2025-03-05 13:09:39.365 [main] DEBUG s.d.s.p.OptimizedModelPropertiesProvider - [beanModelPropertySpecification,652] - Adding property status to model
2025-03-05 13:09:39.365 [main] DEBUG s.d.s.p.b.BeanModelProperty - [paramOrReturnType,54] - Evaluating unwrapped getter for member getStatus
2025-03-05 13:09:39.366 [main] DEBUG s.d.s.p.b.BeanModelProperty - [paramOrReturnType,54] - Evaluating unwrapped getter for member getStatus
2025-03-05 13:09:39.366 [main] DEBUG s.d.s.p.OptimizedModelPropertiesProvider - [propertySpecificationsFor,211] - Reading property empty
2025-03-05 13:09:39.367 [main] DEBUG s.d.s.p.b.BeanModelProperty - [paramOrReturnType,54] - Evaluating unwrapped getter for member isEmpty
2025-03-05 13:09:39.367 [main] DEBUG s.d.s.p.ObjectMapperBeanPropertyNamingStrategy - [nameForSerialization,61] - Name 'empty' renamed to 'empty'
2025-03-05 13:09:39.367 [main] DEBUG s.d.s.p.OptimizedModelPropertiesProvider - [beanModelPropertySpecification,652] - Adding property empty to model
2025-03-05 13:09:39.367 [main] DEBUG s.d.s.p.b.BeanModelProperty - [paramOrReturnType,54] - Evaluating unwrapped getter for member isEmpty
2025-03-05 13:09:39.367 [main] DEBUG s.d.s.p.b.BeanModelProperty - [paramOrReturnType,54] - Evaluating unwrapped getter for member isEmpty
2025-03-05 13:09:39.368 [main] DEBUG s.d.s.DefaultModelSpecificationProvider - [reflectionBasedModel,115] - Inferred 7 properties. Properties found reference, view, viewName, model, modelMap, empty, status
2025-03-05 13:09:39.368 [main] DEBUG s.d.s.TypeNameExtractor - [modelName,202] - Generated unique model named: ModelAndView, with model id: 1_0_org.springframework.web.servlet.ModelAndView
2025-03-05 13:09:39.369 [main] DEBUG s.d.s.TypeNameExtractor - [modelName,202] - Generated unique model named: View, with model id: 1_0_org.springframework.web.servlet.View
2025-03-05 13:09:39.370 [main] DEBUG s.d.s.p.OptimizedModelPropertiesProvider - [propertySpecificationsFor,211] - Reading property contentType
2025-03-05 13:09:39.370 [main] DEBUG s.d.s.p.b.BeanModelProperty - [paramOrReturnType,54] - Evaluating unwrapped getter for member getContentType
2025-03-05 13:09:39.370 [main] DEBUG s.d.s.p.ObjectMapperBeanPropertyNamingStrategy - [nameForSerialization,61] - Name 'contentType' renamed to 'contentType'
2025-03-05 13:09:39.370 [main] DEBUG s.d.s.p.OptimizedModelPropertiesProvider - [beanModelPropertySpecification,652] - Adding property contentType to model
2025-03-05 13:09:39.370 [main] DEBUG s.d.s.p.b.BeanModelProperty - [paramOrReturnType,54] - Evaluating unwrapped getter for member getContentType
2025-03-05 13:09:39.370 [main] DEBUG s.d.s.p.b.BeanModelProperty - [paramOrReturnType,54] - Evaluating unwrapped getter for member getContentType
2025-03-05 13:09:39.370 [main] DEBUG s.d.s.DefaultModelSpecificationProvider - [reflectionBasedModel,115] - Inferred 1 properties. Properties found contentType
2025-03-05 13:09:39.370 [main] DEBUG s.d.s.TypeNameExtractor - [modelName,202] - Generated unique model named: View, with model id: 1_0_org.springframework.web.servlet.View
2025-03-05 13:09:39.372 [main] DEBUG s.d.s.TypeNameExtractor - [modelName,202] - Generated unique model named: ModelAndView, with model id: 1_0_org.springframework.web.servlet.ModelAndView
2025-03-05 13:09:39.372 [main] DEBUG s.d.s.w.r.o.OperationParameterReader - [readParameters,107] - Reading parameters for method errorHtml at path /error
2025-03-05 13:09:39.372 [main] DEBUG s.d.s.w.r.o.OperationParameterReader - [readParameters,111] - Processing parameter request
2025-03-05 13:09:39.372 [main] DEBUG s.d.s.w.r.o.OperationParameterReader - [readParameters,111] - Processing parameter response
2025-03-05 13:09:39.373 [main] DEBUG s.d.s.TypeNameExtractor - [modelName,202] - Generated unique model named: ModelAndView, with model id: 1_0_org.springframework.web.servlet.ModelAndView
2025-03-05 13:09:39.373 [main] DEBUG s.d.s.w.r.o.OperationResponseClassReader - [apply,81] - Setting spring response class to: ModelAndView
2025-03-05 13:09:39.373 [main] DEBUG s.d.s.r.o.SwaggerOperationResponseClassReader - [apply,85] - Setting response class to:ModelAndView
2025-03-05 13:09:39.374 [main] DEBUG s.d.s.r.o.OperationAuthReader - [apply,68] - Authorization count 0 for method errorHtml
2025-03-05 13:09:39.374 [main] DEBUG s.d.s.r.o.OpenApiOperationAuthReader - [apply,68] - Authorization count 0 for method errorHtml
2025-03-05 13:09:39.374 [main] DEBUG s.d.s.TypeNameExtractor - [modelName,202] - Generated unique model named: ModelAndView, with model id: 1_0_org.springframework.web.servlet.ModelAndView
2025-03-05 13:09:39.375 [main] DEBUG s.d.s.w.r.o.OperationParameterReader - [readParameters,107] - Reading parameters for method errorHtml at path /error
2025-03-05 13:09:39.375 [main] DEBUG s.d.s.w.r.o.OperationParameterReader - [readParameters,111] - Processing parameter request
2025-03-05 13:09:39.375 [main] DEBUG s.d.s.w.r.o.OperationParameterReader - [readParameters,111] - Processing parameter response
2025-03-05 13:09:39.375 [main] DEBUG s.d.s.TypeNameExtractor - [modelName,202] - Generated unique model named: ModelAndView, with model id: 1_0_org.springframework.web.servlet.ModelAndView
2025-03-05 13:09:39.375 [main] DEBUG s.d.s.w.r.o.OperationResponseClassReader - [apply,81] - Setting spring response class to: ModelAndView
2025-03-05 13:09:39.375 [main] DEBUG s.d.s.r.o.SwaggerOperationResponseClassReader - [apply,85] - Setting response class to:ModelAndView
2025-03-05 13:09:39.376 [main] DEBUG s.d.s.r.o.OperationAuthReader - [apply,68] - Authorization count 0 for method errorHtml
2025-03-05 13:09:39.376 [main] DEBUG s.d.s.r.o.OpenApiOperationAuthReader - [apply,68] - Authorization count 0 for method errorHtml
2025-03-05 13:09:39.376 [main] DEBUG s.d.s.TypeNameExtractor - [modelName,202] - Generated unique model named: ModelAndView, with model id: 1_0_org.springframework.web.servlet.ModelAndView
2025-03-05 13:09:39.376 [main] DEBUG s.d.s.w.r.o.OperationParameterReader - [readParameters,107] - Reading parameters for method errorHtml at path /error
2025-03-05 13:09:39.376 [main] DEBUG s.d.s.w.r.o.OperationParameterReader - [readParameters,111] - Processing parameter request
2025-03-05 13:09:39.376 [main] DEBUG s.d.s.w.r.o.OperationParameterReader - [readParameters,111] - Processing parameter response
2025-03-05 13:09:39.377 [main] DEBUG s.d.s.TypeNameExtractor - [modelName,202] - Generated unique model named: ModelAndView, with model id: 1_0_org.springframework.web.servlet.ModelAndView
2025-03-05 13:09:39.377 [main] DEBUG s.d.s.w.r.o.OperationResponseClassReader - [apply,81] - Setting spring response class to: ModelAndView
2025-03-05 13:09:39.377 [main] DEBUG s.d.s.r.o.SwaggerOperationResponseClassReader - [apply,85] - Setting response class to:ModelAndView
2025-03-05 13:09:39.377 [main] DEBUG s.d.s.r.o.OperationAuthReader - [apply,68] - Authorization count 0 for method errorHtml
2025-03-05 13:09:39.377 [main] DEBUG s.d.s.r.o.OpenApiOperationAuthReader - [apply,68] - Authorization count 0 for method errorHtml
2025-03-05 13:09:39.377 [main] DEBUG s.d.s.TypeNameExtractor - [modelName,202] - Generated unique model named: ModelAndView, with model id: 1_0_org.springframework.web.servlet.ModelAndView
2025-03-05 13:09:39.378 [main] DEBUG s.d.s.w.r.o.OperationParameterReader - [readParameters,107] - Reading parameters for method errorHtml at path /error
2025-03-05 13:09:39.378 [main] DEBUG s.d.s.w.r.o.OperationParameterReader - [readParameters,111] - Processing parameter request
2025-03-05 13:09:39.378 [main] DEBUG s.d.s.w.r.o.OperationParameterReader - [readParameters,111] - Processing parameter response
2025-03-05 13:09:39.378 [main] DEBUG s.d.s.TypeNameExtractor - [modelName,202] - Generated unique model named: ModelAndView, with model id: 1_0_org.springframework.web.servlet.ModelAndView
2025-03-05 13:09:39.378 [main] DEBUG s.d.s.w.r.o.OperationResponseClassReader - [apply,81] - Setting spring response class to: ModelAndView
2025-03-05 13:09:39.379 [main] DEBUG s.d.s.r.o.SwaggerOperationResponseClassReader - [apply,85] - Setting response class to:ModelAndView
2025-03-05 13:09:39.379 [main] DEBUG s.d.s.r.o.OperationAuthReader - [apply,68] - Authorization count 0 for method errorHtml
2025-03-05 13:09:39.379 [main] DEBUG s.d.s.r.o.OpenApiOperationAuthReader - [apply,68] - Authorization count 0 for method errorHtml
2025-03-05 13:09:39.379 [main] DEBUG s.d.s.TypeNameExtractor - [modelName,202] - Generated unique model named: ModelAndView, with model id: 1_0_org.springframework.web.servlet.ModelAndView
2025-03-05 13:09:39.379 [main] DEBUG s.d.s.w.r.o.OperationParameterReader - [readParameters,107] - Reading parameters for method errorHtml at path /error
2025-03-05 13:09:39.379 [main] DEBUG s.d.s.w.r.o.OperationParameterReader - [readParameters,111] - Processing parameter request
2025-03-05 13:09:39.380 [main] DEBUG s.d.s.w.r.o.OperationParameterReader - [readParameters,111] - Processing parameter response
2025-03-05 13:09:39.380 [main] DEBUG s.d.s.TypeNameExtractor - [modelName,202] - Generated unique model named: ModelAndView, with model id: 1_0_org.springframework.web.servlet.ModelAndView
2025-03-05 13:09:39.380 [main] DEBUG s.d.s.w.r.o.OperationResponseClassReader - [apply,81] - Setting spring response class to: ModelAndView
2025-03-05 13:09:39.380 [main] DEBUG s.d.s.r.o.SwaggerOperationResponseClassReader - [apply,85] - Setting response class to:ModelAndView
2025-03-05 13:09:39.380 [main] DEBUG s.d.s.r.o.OperationAuthReader - [apply,68] - Authorization count 0 for method errorHtml
2025-03-05 13:09:39.380 [main] DEBUG s.d.s.r.o.OpenApiOperationAuthReader - [apply,68] - Authorization count 0 for method errorHtml
2025-03-05 13:09:39.381 [main] DEBUG s.d.s.TypeNameExtractor - [modelName,202] - Generated unique model named: ModelAndView, with model id: 1_0_org.springframework.web.servlet.ModelAndView
2025-03-05 13:09:39.381 [main] DEBUG s.d.s.w.r.o.OperationParameterReader - [readParameters,107] - Reading parameters for method errorHtml at path /error
2025-03-05 13:09:39.381 [main] DEBUG s.d.s.w.r.o.OperationParameterReader - [readParameters,111] - Processing parameter request
2025-03-05 13:09:39.381 [main] DEBUG s.d.s.w.r.o.OperationParameterReader - [readParameters,111] - Processing parameter response
2025-03-05 13:09:39.381 [main] DEBUG s.d.s.TypeNameExtractor - [modelName,202] - Generated unique model named: ModelAndView, with model id: 1_0_org.springframework.web.servlet.ModelAndView
2025-03-05 13:09:39.381 [main] DEBUG s.d.s.w.r.o.OperationResponseClassReader - [apply,81] - Setting spring response class to: ModelAndView
2025-03-05 13:09:39.382 [main] DEBUG s.d.s.r.o.SwaggerOperationResponseClassReader - [apply,85] - Setting response class to:ModelAndView
2025-03-05 13:09:39.382 [main] DEBUG s.d.s.r.o.OperationAuthReader - [apply,68] - Authorization count 0 for method errorHtml
2025-03-05 13:09:39.382 [main] DEBUG s.d.s.r.o.OpenApiOperationAuthReader - [apply,68] - Authorization count 0 for method errorHtml
2025-03-05 13:09:39.382 [main] DEBUG s.d.s.TypeNameExtractor - [modelName,202] - Generated unique model named: ModelAndView, with model id: 1_0_org.springframework.web.servlet.ModelAndView
2025-03-05 13:09:39.382 [main] DEBUG s.d.s.w.r.o.OperationParameterReader - [readParameters,107] - Reading parameters for method errorHtml at path /error
2025-03-05 13:09:39.383 [main] DEBUG s.d.s.w.r.o.OperationParameterReader - [readParameters,111] - Processing parameter request
2025-03-05 13:09:39.383 [main] DEBUG s.d.s.w.r.o.OperationParameterReader - [readParameters,111] - Processing parameter response
2025-03-05 13:09:39.383 [main] DEBUG s.d.s.TypeNameExtractor - [modelName,202] - Generated unique model named: ModelAndView, with model id: 1_0_org.springframework.web.servlet.ModelAndView
2025-03-05 13:09:39.383 [main] DEBUG s.d.s.w.r.o.OperationResponseClassReader - [apply,81] - Setting spring response class to: ModelAndView
2025-03-05 13:09:39.383 [main] DEBUG s.d.s.r.o.SwaggerOperationResponseClassReader - [apply,85] - Setting response class to:ModelAndView
2025-03-05 13:09:39.384 [main] DEBUG s.d.s.r.o.OperationAuthReader - [apply,68] - Authorization count 0 for method errorHtml
2025-03-05 13:09:39.384 [main] DEBUG s.d.s.r.o.OpenApiOperationAuthReader - [apply,68] - Authorization count 0 for method errorHtml
2025-03-05 13:09:39.384 [main] DEBUG s.d.s.TypeNameExtractor - [modelName,202] - Generated unique model named: ModelAndView, with model id: 1_0_org.springframework.web.servlet.ModelAndView
2025-03-05 13:09:39.384 [main] DEBUG s.d.s.w.r.o.OperationParameterReader - [readParameters,107] - Reading parameters for method errorHtml at path /error
2025-03-05 13:09:39.384 [main] DEBUG s.d.s.w.r.o.OperationParameterReader - [readParameters,111] - Processing parameter request
2025-03-05 13:09:39.384 [main] DEBUG s.d.s.w.r.o.OperationParameterReader - [readParameters,111] - Processing parameter response
2025-03-05 13:09:39.385 [main] DEBUG s.d.s.TypeNameExtractor - [modelName,202] - Generated unique model named: ModelAndView, with model id: 1_0_org.springframework.web.servlet.ModelAndView
2025-03-05 13:09:39.385 [main] DEBUG s.d.s.w.r.o.OperationResponseClassReader - [apply,81] - Setting spring response class to: ModelAndView
2025-03-05 13:09:39.385 [main] DEBUG s.d.s.r.o.SwaggerOperationResponseClassReader - [apply,85] - Setting response class to:ModelAndView
2025-03-05 13:09:39.385 [main] DEBUG s.d.s.r.o.OperationAuthReader - [apply,68] - Authorization count 0 for method errorHtml
2025-03-05 13:09:39.385 [main] DEBUG s.d.s.r.o.OpenApiOperationAuthReader - [apply,68] - Authorization count 0 for method errorHtml
2025-03-05 13:09:39.398 [main] DEBUG s.d.s.w.r.o.OperationModelsProvider - [collectFromReturnType,78] - Adding return parameter of type Ljava/lang/String;
2025-03-05 13:09:39.398 [main] DEBUG s.d.s.w.r.o.OperationModelsProvider - [collectParameters,89] - Reading parameters models for handlerMethod |getUserConfigTest|
2025-03-05 13:09:39.398 [main] DEBUG s.d.s.w.r.o.OperationModelsProvider - [collectParameters,109] - Finished reading parameters models for handlerMethod |getUserConfigTest|
2025-03-05 13:09:39.398 [main] DEBUG s.d.s.r.o.SwaggerOperationModelsProvider - [collectApiResponses,84] - Reading parameters models for handlerMethod |getUserConfigTest|
2025-03-05 13:09:39.399 [main] DEBUG s.d.s.DefaultModelProvider - [modelFor,87] - Skipping model of type Ljava/lang/String; as its either a container type, map, enum or base type, or its already been handled
2025-03-05 13:09:39.399 [main] DEBUG s.d.s.w.s.ApiModelReader - [read,122] - Did not find any parameter models for java.lang.String
2025-03-05 13:09:39.399 [main] DEBUG s.d.s.DefaultModelDependencyProvider - [resolvedDependencies,103] - Marking base type Ljava/lang/String; as seen
2025-03-05 13:09:39.399 [main] DEBUG s.d.s.w.r.o.OperationModelsProvider - [collectFromReturnType,78] - Adding return parameter of type Ljava/lang/String;
2025-03-05 13:09:39.399 [main] DEBUG s.d.s.w.r.o.OperationModelsProvider - [collectParameters,89] - Reading parameters models for handlerMethod |getUserConfigTest|
2025-03-05 13:09:39.399 [main] DEBUG s.d.s.w.r.o.OperationModelsProvider - [collectParameters,109] - Finished reading parameters models for handlerMethod |getUserConfigTest|
2025-03-05 13:09:39.399 [main] DEBUG s.d.s.r.o.SwaggerOperationModelsProvider - [collectApiResponses,84] - Reading parameters models for handlerMethod |getUserConfigTest|
2025-03-05 13:09:39.400 [main] DEBUG s.d.s.DefaultModelSpecificationProvider - [modelSpecificationsFor,89] - Skipping model of type Ljava/lang/String; as its either a container type, map, enum or base type, or its already been handled
2025-03-05 13:09:39.400 [main] DEBUG s.d.s.w.r.o.OperationParameterReader - [readParameters,107] - Reading parameters for method getUserConfigTest at path /risk1/getUserConfigTest
2025-03-05 13:09:39.401 [main] DEBUG s.d.s.w.r.o.OperationResponseClassReader - [apply,81] - Setting spring response class to: string
2025-03-05 13:09:39.401 [main] DEBUG s.d.s.r.o.SwaggerOperationResponseClassReader - [apply,85] - Setting response class to:string
2025-03-05 13:09:39.401 [main] DEBUG s.d.s.r.o.OperationAuthReader - [apply,68] - Authorization count 0 for method getUserConfigTest
2025-03-05 13:09:39.401 [main] DEBUG s.d.s.r.o.OpenApiOperationAuthReader - [apply,68] - Authorization count 0 for method getUserConfigTest
2025-03-05 13:09:39.636 [nacos.publisher-com.alibaba.nacos.client.naming.event.InstancesChangeEvent] DEBUG c.a.n.c.n.NotifyCenter - [notifySubscriber,193] - [NotifyCenter] the com.alibaba.nacos.client.naming.event.InstancesChangeEvent@21076a3b will received by com.alibaba.nacos.client.naming.event.InstancesChangeNotifier@35840ecc
2025-03-05 13:09:39.636 [nacos.publisher-com.alibaba.nacos.client.naming.event.InstancesChangeEvent] DEBUG c.a.n.c.n.NotifyCenter - [notifySubscriber,193] - [NotifyCenter] the com.alibaba.nacos.client.naming.event.InstancesChangeEvent@21076a3b will received by com.alibaba.nacos.client.naming.event.InstancesChangeNotifier@17a89cb1
2025-03-05 13:09:45.707 [NettyClientSelector_RMROLE_1_1] DEBUG i.s.c.r.n.AbstractNettyRemotingClient - [userEventTriggered,437] - will send ping msg,channel [id: 0xc93d409e, L:/172.22.71.182:54364 - R:/172.22.71.182:8091]
2025-03-05 13:09:45.708 [NettyClientSelector_RMROLE_1_1] DEBUG i.s.c.r.n.AbstractNettyRemoting - [sendAsync,220] - write message:services ping, channel:[id: 0xc93d409e, L:/172.22.71.182:54364 - R:/172.22.71.182:8091],active?true,writable?true,isopen?true
2025-03-05 13:09:45.709 [NettyClientSelector_RMROLE_1_1] DEBUG i.s.c.r.n.AbstractNettyRemoting - [processMessage,268] - io.seata.core.rpc.netty.RmNettyRemotingClient@41f4d81c msgId:2, body:services pong
2025-03-05 13:09:45.709 [NettyClientSelector_RMROLE_1_1] DEBUG i.s.c.r.p.c.ClientHeartbeatProcessor - [process,42] - received PONG from /172.22.71.182:8091
2025-03-05 13:09:55.709 [NettyClientSelector_RMROLE_1_1] DEBUG i.s.c.r.n.AbstractNettyRemotingClient - [userEventTriggered,437] - will send ping msg,channel [id: 0xc93d409e, L:/172.22.71.182:54364 - R:/172.22.71.182:8091]
2025-03-05 13:09:55.709 [NettyClientSelector_RMROLE_1_1] DEBUG i.s.c.r.n.AbstractNettyRemoting - [sendAsync,220] - write message:services ping, channel:[id: 0xc93d409e, L:/172.22.71.182:54364 - R:/172.22.71.182:8091],active?true,writable?true,isopen?true
2025-03-05 13:09:55.710 [NettyClientSelector_RMROLE_1_1] DEBUG i.s.c.r.n.AbstractNettyRemoting - [processMessage,268] - io.seata.core.rpc.netty.RmNettyRemotingClient@41f4d81c msgId:3, body:services pong
2025-03-05 13:09:55.710 [NettyClientSelector_RMROLE_1_1] DEBUG i.s.c.r.p.c.ClientHeartbeatProcessor - [process,42] - received PONG from /172.22.71.182:8091
2025-03-05 13:10:05.712 [NettyClientSelector_RMROLE_1_1] DEBUG i.s.c.r.n.AbstractNettyRemotingClient - [userEventTriggered,437] - will send ping msg,channel [id: 0xc93d409e, L:/172.22.71.182:54364 - R:/172.22.71.182:8091]
2025-03-05 13:10:05.712 [NettyClientSelector_RMROLE_1_1] DEBUG i.s.c.r.n.AbstractNettyRemoting - [sendAsync,220] - write message:services ping, channel:[id: 0xc93d409e, L:/172.22.71.182:54364 - R:/172.22.71.182:8091],active?true,writable?true,isopen?true
2025-03-05 13:10:05.713 [NettyClientSelector_RMROLE_1_1] DEBUG i.s.c.r.n.AbstractNettyRemoting - [processMessage,268] - io.seata.core.rpc.netty.RmNettyRemotingClient@41f4d81c msgId:4, body:services pong
2025-03-05 13:10:05.713 [NettyClientSelector_RMROLE_1_1] DEBUG i.s.c.r.p.c.ClientHeartbeatProcessor - [process,42] - received PONG from /172.22.71.182:8091
2025-03-05 13:10:15.715 [NettyClientSelector_RMROLE_1_1] DEBUG i.s.c.r.n.AbstractNettyRemotingClient - [userEventTriggered,437] - will send ping msg,channel [id: 0xc93d409e, L:/172.22.71.182:54364 - R:/172.22.71.182:8091]
2025-03-05 13:10:15.715 [NettyClientSelector_RMROLE_1_1] DEBUG i.s.c.r.n.AbstractNettyRemoting - [sendAsync,220] - write message:services ping, channel:[id: 0xc93d409e, L:/172.22.71.182:54364 - R:/172.22.71.182:8091],active?true,writable?true,isopen?true
2025-03-05 13:10:15.725 [NettyClientSelector_RMROLE_1_1] DEBUG i.s.c.r.n.AbstractNettyRemoting - [processMessage,268] - io.seata.core.rpc.netty.RmNettyRemotingClient@41f4d81c msgId:5, body:services pong
2025-03-05 13:10:15.725 [NettyClientSelector_RMROLE_1_1] DEBUG i.s.c.r.p.c.ClientHeartbeatProcessor - [process,42] - received PONG from /172.22.71.182:8091
2025-03-05 13:10:25.718 [NettyClientSelector_RMROLE_1_1] DEBUG i.s.c.r.n.AbstractNettyRemotingClient - [userEventTriggered,437] - will send ping msg,channel [id: 0xc93d409e, L:/172.22.71.182:54364 - R:/172.22.71.182:8091]
2025-03-05 13:10:25.718 [NettyClientSelector_RMROLE_1_1] DEBUG i.s.c.r.n.AbstractNettyRemoting - [sendAsync,220] - write message:services ping, channel:[id: 0xc93d409e, L:/172.22.71.182:54364 - R:/172.22.71.182:8091],active?true,writable?true,isopen?true
2025-03-05 13:10:25.719 [NettyClientSelector_RMROLE_1_1] DEBUG i.s.c.r.n.AbstractNettyRemoting - [processMessage,268] - io.seata.core.rpc.netty.RmNettyRemotingClient@41f4d81c msgId:6, body:services pong
2025-03-05 13:10:25.719 [NettyClientSelector_RMROLE_1_1] DEBUG i.s.c.r.p.c.ClientHeartbeatProcessor - [process,42] - received PONG from /172.22.71.182:8091
2025-03-05 13:10:32.981 [NettyClientSelector_TMROLE_1_1] DEBUG i.s.c.r.n.AbstractNettyRemoting - [processMessage,268] - io.seata.core.rpc.netty.TmNettyRemotingClient@5fc7824a msgId:1, body:version=1.4.2,extraData=null,identified=true,resultCode=null,msg=null
2025-03-05 13:10:35.719 [NettyClientSelector_RMROLE_1_1] DEBUG i.s.c.r.n.AbstractNettyRemotingClient - [userEventTriggered,437] - will send ping msg,channel [id: 0xc93d409e, L:/172.22.71.182:54364 - R:/172.22.71.182:8091]
2025-03-05 13:10:35.719 [NettyClientSelector_RMROLE_1_1] DEBUG i.s.c.r.n.AbstractNettyRemoting - [sendAsync,220] - write message:services ping, channel:[id: 0xc93d409e, L:/172.22.71.182:54364 - R:/172.22.71.182:8091],active?true,writable?true,isopen?true
2025-03-05 13:10:35.720 [NettyClientSelector_RMROLE_1_1] DEBUG i.s.c.r.n.AbstractNettyRemoting - [processMessage,268] - io.seata.core.rpc.netty.RmNettyRemotingClient@41f4d81c msgId:7, body:services pong
2025-03-05 13:10:35.720 [NettyClientSelector_RMROLE_1_1] DEBUG i.s.c.r.p.c.ClientHeartbeatProcessor - [process,42] - received PONG from /172.22.71.182:8091
2025-03-05 13:10:42.985 [NettyClientSelector_TMROLE_1_1] DEBUG i.s.c.r.n.AbstractNettyRemotingClient - [userEventTriggered,437] - will send ping msg,channel [id: 0xda6aa257, L:/172.22.71.182:54464 - R:/172.22.71.182:8091]
2025-03-05 13:10:42.985 [NettyClientSelector_TMROLE_1_1] DEBUG i.s.c.r.n.AbstractNettyRemoting - [sendAsync,220] - write message:services ping, channel:[id: 0xda6aa257, L:/172.22.71.182:54464 - R:/172.22.71.182:8091],active?true,writable?true,isopen?true
2025-03-05 13:10:42.986 [NettyClientSelector_TMROLE_1_1] DEBUG i.s.c.r.n.AbstractNettyRemoting - [processMessage,268] - io.seata.core.rpc.netty.TmNettyRemotingClient@5fc7824a msgId:2, body:services pong
2025-03-05 13:10:42.986 [NettyClientSelector_TMROLE_1_1] DEBUG i.s.c.r.p.c.ClientHeartbeatProcessor - [process,42] - received PONG from /172.22.71.182:8091
2025-03-05 13:10:45.721 [NettyClientSelector_RMROLE_1_1] DEBUG i.s.c.r.n.AbstractNettyRemotingClient - [userEventTriggered,437] - will send ping msg,channel [id: 0xc93d409e, L:/172.22.71.182:54364 - R:/172.22.71.182:8091]
2025-03-05 13:10:45.721 [NettyClientSelector_RMROLE_1_1] DEBUG i.s.c.r.n.AbstractNettyRemoting - [sendAsync,220] - write message:services ping, channel:[id: 0xc93d409e, L:/172.22.71.182:54364 - R:/172.22.71.182:8091],active?true,writable?true,isopen?true
2025-03-05 13:10:45.721 [NettyClientSelector_RMROLE_1_1] DEBUG i.s.c.r.n.AbstractNettyRemoting - [processMessage,268] - io.seata.core.rpc.netty.RmNettyRemotingClient@41f4d81c msgId:8, body:services pong
2025-03-05 13:10:45.722 [NettyClientSelector_RMROLE_1_1] DEBUG i.s.c.r.p.c.ClientHeartbeatProcessor - [process,42] - received PONG from /172.22.71.182:8091
2025-03-05 13:10:52.988 [NettyClientSelector_TMROLE_1_1] DEBUG i.s.c.r.n.AbstractNettyRemotingClient - [userEventTriggered,437] - will send ping msg,channel [id: 0xda6aa257, L:/172.22.71.182:54464 - R:/172.22.71.182:8091]
2025-03-05 13:10:52.988 [NettyClientSelector_TMROLE_1_1] DEBUG i.s.c.r.n.AbstractNettyRemoting - [sendAsync,220] - write message:services ping, channel:[id: 0xda6aa257, L:/172.22.71.182:54464 - R:/172.22.71.182:8091],active?true,writable?true,isopen?true
2025-03-05 13:10:52.989 [NettyClientSelector_TMROLE_1_1] DEBUG i.s.c.r.n.AbstractNettyRemoting - [processMessage,268] - io.seata.core.rpc.netty.TmNettyRemotingClient@5fc7824a msgId:3, body:services pong
2025-03-05 13:10:52.989 [NettyClientSelector_TMROLE_1_1] DEBUG i.s.c.r.p.c.ClientHeartbeatProcessor - [process,42] - received PONG from /172.22.71.182:8091
2025-03-05 13:10:55.723 [NettyClientSelector_RMROLE_1_1] DEBUG i.s.c.r.n.AbstractNettyRemotingClient - [userEventTriggered,437] - will send ping msg,channel [id: 0xc93d409e, L:/172.22.71.182:54364 - R:/172.22.71.182:8091]
2025-03-05 13:10:55.723 [NettyClientSelector_RMROLE_1_1] DEBUG i.s.c.r.n.AbstractNettyRemoting - [sendAsync,220] - write message:services ping, channel:[id: 0xc93d409e, L:/172.22.71.182:54364 - R:/172.22.71.182:8091],active?true,writable?true,isopen?true
2025-03-05 13:10:55.724 [NettyClientSelector_RMROLE_1_1] DEBUG i.s.c.r.n.AbstractNettyRemoting - [processMessage,268] - io.seata.core.rpc.netty.RmNettyRemotingClient@41f4d81c msgId:9, body:services pong
2025-03-05 13:10:55.724 [NettyClientSelector_RMROLE_1_1] DEBUG i.s.c.r.p.c.ClientHeartbeatProcessor - [process,42] - received PONG from /172.22.71.182:8091
2025-03-05 13:11:02.992 [NettyClientSelector_TMROLE_1_1] DEBUG i.s.c.r.n.AbstractNettyRemotingClient - [userEventTriggered,437] - will send ping msg,channel [id: 0xda6aa257, L:/172.22.71.182:54464 - R:/172.22.71.182:8091]
2025-03-05 13:11:02.992 [NettyClientSelector_TMROLE_1_1] DEBUG i.s.c.r.n.AbstractNettyRemoting - [sendAsync,220] - write message:services ping, channel:[id: 0xda6aa257, L:/172.22.71.182:54464 - R:/172.22.71.182:8091],active?true,writable?true,isopen?true
2025-03-05 13:11:02.992 [NettyClientSelector_TMROLE_1_1] DEBUG i.s.c.r.n.AbstractNettyRemoting - [processMessage,268] - io.seata.core.rpc.netty.TmNettyRemotingClient@5fc7824a msgId:4, body:services pong
2025-03-05 13:11:02.993 [NettyClientSelector_TMROLE_1_1] DEBUG i.s.c.r.p.c.ClientHeartbeatProcessor - [process,42] - received PONG from /172.22.71.182:8091
2025-03-05 13:11:05.724 [NettyClientSelector_RMROLE_1_1] DEBUG i.s.c.r.n.AbstractNettyRemotingClient - [userEventTriggered,437] - will send ping msg,channel [id: 0xc93d409e, L:/172.22.71.182:54364 - R:/172.22.71.182:8091]
2025-03-05 13:11:05.724 [NettyClientSelector_RMROLE_1_1] DEBUG i.s.c.r.n.AbstractNettyRemoting - [sendAsync,220] - write message:services ping, channel:[id: 0xc93d409e, L:/172.22.71.182:54364 - R:/172.22.71.182:8091],active?true,writable?true,isopen?true
2025-03-05 13:11:05.725 [NettyClientSelector_RMROLE_1_1] DEBUG i.s.c.r.n.AbstractNettyRemoting - [processMessage,268] - io.seata.core.rpc.netty.RmNettyRemotingClient@41f4d81c msgId:10, body:services pong
2025-03-05 13:11:05.725 [NettyClientSelector_RMROLE_1_1] DEBUG i.s.c.r.p.c.ClientHeartbeatProcessor - [process,42] - received PONG from /172.22.71.182:8091
2025-03-05 13:11:12.996 [NettyClientSelector_TMROLE_1_1] DEBUG i.s.c.r.n.AbstractNettyRemotingClient - [userEventTriggered,437] - will send ping msg,channel [id: 0xda6aa257, L:/172.22.71.182:54464 - R:/172.22.71.182:8091]
2025-03-05 13:11:12.996 [NettyClientSelector_TMROLE_1_1] DEBUG i.s.c.r.n.AbstractNettyRemoting - [sendAsync,220] - write message:services ping, channel:[id: 0xda6aa257, L:/172.22.71.182:54464 - R:/172.22.71.182:8091],active?true,writable?true,isopen?true
2025-03-05 13:11:12.996 [NettyClientSelector_TMROLE_1_1] DEBUG i.s.c.r.n.AbstractNettyRemoting - [processMessage,268] - io.seata.core.rpc.netty.TmNettyRemotingClient@5fc7824a msgId:5, body:services pong
2025-03-05 13:11:12.996 [NettyClientSelector_TMROLE_1_1] DEBUG i.s.c.r.p.c.ClientHeartbeatProcessor - [process,42] - received PONG from /172.22.71.182:8091
2025-03-05 13:11:15.739 [NettyClientSelector_RMROLE_1_1] DEBUG i.s.c.r.n.AbstractNettyRemotingClient - [userEventTriggered,437] - will send ping msg,channel [id: 0xc93d409e, L:/172.22.71.182:54364 - R:/172.22.71.182:8091]
2025-03-05 13:11:15.739 [NettyClientSelector_RMROLE_1_1] DEBUG i.s.c.r.n.AbstractNettyRemoting - [sendAsync,220] - write message:services ping, channel:[id: 0xc93d409e, L:/172.22.71.182:54364 - R:/172.22.71.182:8091],active?true,writable?true,isopen?true
2025-03-05 13:11:15.740 [NettyClientSelector_RMROLE_1_1] DEBUG i.s.c.r.n.AbstractNettyRemoting - [processMessage,268] - io.seata.core.rpc.netty.RmNettyRemotingClient@41f4d81c msgId:11, body:services pong
2025-03-05 13:11:15.740 [NettyClientSelector_RMROLE_1_1] DEBUG i.s.c.r.p.c.ClientHeartbeatProcessor - [process,42] - received PONG from /172.22.71.182:8091
2025-03-05 13:11:23.004 [NettyClientSelector_TMROLE_1_1] DEBUG i.s.c.r.n.AbstractNettyRemotingClient - [userEventTriggered,437] - will send ping msg,channel [id: 0xda6aa257, L:/172.22.71.182:54464 - R:/172.22.71.182:8091]
2025-03-05 13:11:23.004 [NettyClientSelector_TMROLE_1_1] DEBUG i.s.c.r.n.AbstractNettyRemoting - [sendAsync,220] - write message:services ping, channel:[id: 0xda6aa257, L:/172.22.71.182:54464 - R:/172.22.71.182:8091],active?true,writable?true,isopen?true
2025-03-05 13:11:23.005 [NettyClientSelector_TMROLE_1_1] DEBUG i.s.c.r.n.AbstractNettyRemoting - [processMessage,268] - io.seata.core.rpc.netty.TmNettyRemotingClient@5fc7824a msgId:6, body:services pong
2025-03-05 13:11:23.005 [NettyClientSelector_TMROLE_1_1] DEBUG i.s.c.r.p.c.ClientHeartbeatProcessor - [process,42] - received PONG from /172.22.71.182:8091
2025-03-05 13:11:25.741 [NettyClientSelector_RMROLE_1_1] DEBUG i.s.c.r.n.AbstractNettyRemotingClient - [userEventTriggered,437] - will send ping msg,channel [id: 0xc93d409e, L:/172.22.71.182:54364 - R:/172.22.71.182:8091]
2025-03-05 13:11:25.741 [NettyClientSelector_RMROLE_1_1] DEBUG i.s.c.r.n.AbstractNettyRemoting - [sendAsync,220] - write message:services ping, channel:[id: 0xc93d409e, L:/172.22.71.182:54364 - R:/172.22.71.182:8091],active?true,writable?true,isopen?true
2025-03-05 13:11:25.741 [NettyClientSelector_RMROLE_1_1] DEBUG i.s.c.r.n.AbstractNettyRemoting - [processMessage,268] - io.seata.core.rpc.netty.RmNettyRemotingClient@41f4d81c msgId:12, body:services pong
2025-03-05 13:11:25.741 [NettyClientSelector_RMROLE_1_1] DEBUG i.s.c.r.p.c.ClientHeartbeatProcessor - [process,42] - received PONG from /172.22.71.182:8091
2025-03-05 13:11:33.005 [NettyClientSelector_TMROLE_1_1] DEBUG i.s.c.r.n.AbstractNettyRemotingClient - [userEventTriggered,437] - will send ping msg,channel [id: 0xda6aa257, L:/172.22.71.182:54464 - R:/172.22.71.182:8091]
2025-03-05 13:11:33.005 [NettyClientSelector_TMROLE_1_1] DEBUG i.s.c.r.n.AbstractNettyRemoting - [sendAsync,220] - write message:services ping, channel:[id: 0xda6aa257, L:/172.22.71.182:54464 - R:/172.22.71.182:8091],active?true,writable?true,isopen?true
2025-03-05 13:11:33.005 [NettyClientSelector_TMROLE_1_1] DEBUG i.s.c.r.n.AbstractNettyRemoting - [processMessage,268] - io.seata.core.rpc.netty.TmNettyRemotingClient@5fc7824a msgId:7, body:services pong
2025-03-05 13:11:33.005 [NettyClientSelector_TMROLE_1_1] DEBUG i.s.c.r.p.c.ClientHeartbeatProcessor - [process,42] - received PONG from /172.22.71.182:8091
2025-03-05 13:11:35.753 [NettyClientSelector_RMROLE_1_1] DEBUG i.s.c.r.n.AbstractNettyRemotingClient - [userEventTriggered,437] - will send ping msg,channel [id: 0xc93d409e, L:/172.22.71.182:54364 - R:/172.22.71.182:8091]
2025-03-05 13:11:35.753 [NettyClientSelector_RMROLE_1_1] DEBUG i.s.c.r.n.AbstractNettyRemoting - [sendAsync,220] - write message:services ping, channel:[id: 0xc93d409e, L:/172.22.71.182:54364 - R:/172.22.71.182:8091],active?true,writable?true,isopen?true
2025-03-05 13:11:35.754 [NettyClientSelector_RMROLE_1_1] DEBUG i.s.c.r.n.AbstractNettyRemoting - [processMessage,268] - io.seata.core.rpc.netty.RmNettyRemotingClient@41f4d81c msgId:13, body:services pong
2025-03-05 13:11:35.754 [NettyClientSelector_RMROLE_1_1] DEBUG i.s.c.r.p.c.ClientHeartbeatProcessor - [process,42] - received PONG from /172.22.71.182:8091
2025-03-05 13:11:43.006 [NettyClientSelector_TMROLE_1_1] DEBUG i.s.c.r.n.AbstractNettyRemotingClient - [userEventTriggered,437] - will send ping msg,channel [id: 0xda6aa257, L:/172.22.71.182:54464 - R:/172.22.71.182:8091]
2025-03-05 13:11:43.006 [NettyClientSelector_TMROLE_1_1] DEBUG i.s.c.r.n.AbstractNettyRemoting - [sendAsync,220] - write message:services ping, channel:[id: 0xda6aa257, L:/172.22.71.182:54464 - R:/172.22.71.182:8091],active?true,writable?true,isopen?true
2025-03-05 13:11:43.007 [NettyClientSelector_TMROLE_1_1] DEBUG i.s.c.r.n.AbstractNettyRemoting - [processMessage,268] - io.seata.core.rpc.netty.TmNettyRemotingClient@5fc7824a msgId:8, body:services pong
2025-03-05 13:11:43.007 [NettyClientSelector_TMROLE_1_1] DEBUG i.s.c.r.p.c.ClientHeartbeatProcessor - [process,42] - received PONG from /172.22.71.182:8091
2025-03-05 13:11:45.763 [NettyClientSelector_RMROLE_1_1] DEBUG i.s.c.r.n.AbstractNettyRemotingClient - [userEventTriggered,437] - will send ping msg,channel [id: 0xc93d409e, L:/172.22.71.182:54364 - R:/172.22.71.182:8091]
2025-03-05 13:11:45.763 [NettyClientSelector_RMROLE_1_1] DEBUG i.s.c.r.n.AbstractNettyRemoting - [sendAsync,220] - write message:services ping, channel:[id: 0xc93d409e, L:/172.22.71.182:54364 - R:/172.22.71.182:8091],active?true,writable?true,isopen?true
2025-03-05 13:11:45.764 [NettyClientSelector_RMROLE_1_1] DEBUG i.s.c.r.n.AbstractNettyRemoting - [processMessage,268] - io.seata.core.rpc.netty.RmNettyRemotingClient@41f4d81c msgId:14, body:services pong
2025-03-05 13:11:45.764 [NettyClientSelector_RMROLE_1_1] DEBUG i.s.c.r.p.c.ClientHeartbeatProcessor - [process,42] - received PONG from /172.22.71.182:8091
2025-03-05 13:11:49.690 [nacos.publisher-com.alibaba.nacos.client.naming.event.InstancesChangeEvent] DEBUG c.a.n.c.n.NotifyCenter - [notifySubscriber,193] - [NotifyCenter] the com.alibaba.nacos.client.naming.event.InstancesChangeEvent@16409119 will received by com.alibaba.nacos.client.naming.event.InstancesChangeNotifier@35840ecc
2025-03-05 13:11:49.690 [nacos.publisher-com.alibaba.nacos.client.naming.event.InstancesChangeEvent] DEBUG c.a.n.c.n.NotifyCenter - [notifySubscriber,193] - [NotifyCenter] the com.alibaba.nacos.client.naming.event.InstancesChangeEvent@16409119 will received by com.alibaba.nacos.client.naming.event.InstancesChangeNotifier@17a89cb1
